[0.186s] DEBUG:colcon:Command line arguments: ['/usr/bin/colcon', 'build']
[0.186s] DEBUG:colcon:Parsed command line arguments: Namespace(allow_overriding=[], ament_cmake_args=None, base_paths=['.'], build_base='build', catkin_cmake_args=None, catkin_skip_building_tests=False, cmake_args=None, cmake_clean_cache=False, cmake_clean_first=False, cmake_force_configure=False, cmake_target=None, cmake_target_skip_unavailable=False, continue_on_error=False, event_handlers=None, executor='parallel', ignore_user_meta=False, install_base='install', log_base=None, log_level=None, main=<bound method BuildVerb.main of <colcon_core.verb.build.BuildVerb object at 0x7ff76364e760>>, merge_install=False, metas=['./colcon.meta'], packages_above=None, packages_above_and_dependencies=None, packages_above_depth=None, packages_end=None, packages_ignore=None, packages_ignore_regex=None, packages_select=None, packages_select_build_failed=False, packages_select_by_dep=None, packages_select_regex=None, packages_select_test_failures=False, packages_skip=None, packages_skip_build_finished=False, packages_skip_by_dep=None, packages_skip_regex=None, packages_skip_test_passed=False, packages_skip_up_to=None, packages_start=None, packages_up_to=None, packages_up_to_regex=None, parallel_workers=8, paths=None, symlink_install=False, test_result_base=None, verb_extension=<colcon_core.verb.build.BuildVerb object at 0x7ff76364e760>, verb_name='build', verb_parser=<colcon_defaults.argument_parser.defaults.DefaultArgumentsDecorator object at 0x7ff76364eca0>)
[0.219s] Level 1:colcon.colcon_core.package_discovery:discover_packages(colcon_meta) check parameters
[0.220s] Level 1:colcon.colcon_core.package_discovery:discover_packages(recursive) check parameters
[0.220s] Level 1:colcon.colcon_core.package_discovery:discover_packages(ignore) check parameters
[0.220s] Level 1:colcon.colcon_core.package_discovery:discover_packages(path) check parameters
[0.220s] Level 1:colcon.colcon_core.package_discovery:discover_packages(colcon_meta) discover
[0.220s] Level 1:colcon.colcon_core.package_discovery:discover_packages(recursive) discover
[0.220s] INFO:colcon.colcon_core.package_discovery:Crawling recursively for packages in '/home/cimi/Documents/Workspace/belajar_ros2/ProjectRos2XYolo'
[0.220s] Level 1:colcon.colcon_core.package_identification:_identify(.) by extensions ['ignore', 'ignore_ament_install']
[0.221s] Level 1:colcon.colcon_core.package_identification:_identify(.) by extension 'ignore'
[0.221s] Level 1:colcon.colcon_core.package_identification:_identify(.) by extension 'ignore_ament_install'
[0.221s] Level 1:colcon.colcon_core.package_identification:_identify(.) by extensions ['colcon_pkg']
[0.221s] Level 1:colcon.colcon_core.package_identification:_identify(.) by extension 'colcon_pkg'
[0.221s] Level 1:colcon.colcon_core.package_identification:_identify(.) by extensions ['colcon_meta']
[0.221s] Level 1:colcon.colcon_core.package_identification:_identify(.) by extension 'colcon_meta'
[0.221s] Level 1:colcon.colcon_core.package_identification:_identify(.) by extensions ['ros']
[0.221s] Level 1:colcon.colcon_core.package_identification:_identify(.) by extension 'ros'
[0.238s] Level 1:colcon.colcon_core.package_identification:_identify(.) by extensions ['cmake', 'python']
[0.238s] Level 1:colcon.colcon_core.package_identification:_identify(.) by extension 'cmake'
[0.239s] Level 1:colcon.colcon_core.package_identification:_identify(.) by extension 'python'
[0.239s] Level 1:colcon.colcon_core.package_identification:_identify(.) by extensions ['python_setup_py']
[0.239s] Level 1:colcon.colcon_core.package_identification:_identify(.) by extension 'python_setup_py'
[0.239s] Level 1:colcon.colcon_core.package_identification:_identify(build) by extensions ['ignore', 'ignore_ament_install']
[0.240s] Level 1:colcon.colcon_core.package_identification:_identify(build) by extension 'ignore'
[0.240s] Level 1:colcon.colcon_core.package_identification:_identify(build) ignored
[0.240s] Level 1:colcon.colcon_core.package_identification:_identify(install) by extensions ['ignore', 'ignore_ament_install']
[0.240s] Level 1:colcon.colcon_core.package_identification:_identify(install) by extension 'ignore'
[0.240s] Level 1:colcon.colcon_core.package_identification:_identify(install) ignored
[0.240s] Level 1:colcon.colcon_core.package_identification:_identify(log) by extensions ['ignore', 'ignore_ament_install']
[0.241s] Level 1:colcon.colcon_core.package_identification:_identify(log) by extension 'ignore'
[0.241s] Level 1:colcon.colcon_core.package_identification:_identify(log) ignored
[0.241s] Level 1:colcon.colcon_core.package_identification:_identify(src) by extensions ['ignore', 'ignore_ament_install']
[0.241s] Level 1:colcon.colcon_core.package_identification:_identify(src) by extension 'ignore'
[0.241s] Level 1:colcon.colcon_core.package_identification:_identify(src) by extension 'ignore_ament_install'
[0.241s] Level 1:colcon.colcon_core.package_identification:_identify(src) by extensions ['colcon_pkg']
[0.241s] Level 1:colcon.colcon_core.package_identification:_identify(src) by extension 'colcon_pkg'
[0.241s] Level 1:colcon.colcon_core.package_identification:_identify(src) by extensions ['colcon_meta']
[0.241s] Level 1:colcon.colcon_core.package_identification:_identify(src) by extension 'colcon_meta'
[0.242s] Level 1:colcon.colcon_core.package_identification:_identify(src) by extensions ['ros']
[0.242s] Level 1:colcon.colcon_core.package_identification:_identify(src) by extension 'ros'
[0.242s] Level 1:colcon.colcon_core.package_identification:_identify(src) by extensions ['cmake', 'python']
[0.242s] Level 1:colcon.colcon_core.package_identification:_identify(src) by extension 'cmake'
[0.242s] Level 1:colcon.colcon_core.package_identification:_identify(src) by extension 'python'
[0.242s] Level 1:colcon.colcon_core.package_identification:_identify(src) by extensions ['python_setup_py']
[0.242s] Level 1:colcon.colcon_core.package_identification:_identify(src) by extension 'python_setup_py'
[0.242s] Level 1:colcon.colcon_core.package_identification:_identify(src/custom_message) by extensions ['ignore', 'ignore_ament_install']
[0.242s] Level 1:colcon.colcon_core.package_identification:_identify(src/custom_message) by extension 'ignore'
[0.242s] Level 1:colcon.colcon_core.package_identification:_identify(src/custom_message) by extension 'ignore_ament_install'
[0.243s] Level 1:colcon.colcon_core.package_identification:_identify(src/custom_message) by extensions ['colcon_pkg']
[0.243s] Level 1:colcon.colcon_core.package_identification:_identify(src/custom_message) by extension 'colcon_pkg'
[0.243s] Level 1:colcon.colcon_core.package_identification:_identify(src/custom_message) by extensions ['colcon_meta']
[0.243s] Level 1:colcon.colcon_core.package_identification:_identify(src/custom_message) by extension 'colcon_meta'
[0.243s] Level 1:colcon.colcon_core.package_identification:_identify(src/custom_message) by extensions ['ros']
[0.243s] Level 1:colcon.colcon_core.package_identification:_identify(src/custom_message) by extension 'ros'
[0.246s] DEBUG:colcon.colcon_core.package_identification:Package 'src/custom_message' with type 'ros.ament_cmake' and name 'custom_message'
[0.246s] Level 1:colcon.colcon_core.package_identification:_identify(src/cv_package) by extensions ['ignore', 'ignore_ament_install']
[0.246s] Level 1:colcon.colcon_core.package_identification:_identify(src/cv_package) by extension 'ignore'
[0.246s] Level 1:colcon.colcon_core.package_identification:_identify(src/cv_package) by extension 'ignore_ament_install'
[0.246s] Level 1:colcon.colcon_core.package_identification:_identify(src/cv_package) by extensions ['colcon_pkg']
[0.246s] Level 1:colcon.colcon_core.package_identification:_identify(src/cv_package) by extension 'colcon_pkg'
[0.246s] Level 1:colcon.colcon_core.package_identification:_identify(src/cv_package) by extensions ['colcon_meta']
[0.246s] Level 1:colcon.colcon_core.package_identification:_identify(src/cv_package) by extension 'colcon_meta'
[0.247s] Level 1:colcon.colcon_core.package_identification:_identify(src/cv_package) by extensions ['ros']
[0.247s] Level 1:colcon.colcon_core.package_identification:_identify(src/cv_package) by extension 'ros'
[0.248s] DEBUG:colcon.colcon_core.package_identification:Package 'src/cv_package' with type 'ros.ament_python' and name 'cv_package'
[0.248s] Level 1:colcon.colcon_core.package_discovery:discover_packages(recursive) using defaults
[0.248s] Level 1:colcon.colcon_core.package_discovery:discover_packages(ignore) discover
[0.248s] Level 1:colcon.colcon_core.package_discovery:discover_packages(ignore) using defaults
[0.248s] Level 1:colcon.colcon_core.package_discovery:discover_packages(path) discover
[0.248s] Level 1:colcon.colcon_core.package_discovery:discover_packages(path) using defaults
[0.282s] Level 1:colcon.colcon_core.package_discovery:discover_packages(prefix_path) check parameters
[0.282s] Level 1:colcon.colcon_core.package_discovery:discover_packages(prefix_path) discover
[0.285s] DEBUG:colcon.colcon_installed_package_information.package_discovery:Found 4 installed packages in /home/cimi/Documents/Workspace/belajar_ros2/ProjectRos2XYolo/install
[0.287s] DEBUG:colcon.colcon_installed_package_information.package_discovery:Found 256 installed packages in /opt/ros/foxy
[0.290s] Level 1:colcon.colcon_core.package_discovery:discover_packages(prefix_path) using defaults
[0.372s] Level 5:colcon.colcon_core.verb:set package 'custom_message' build argument 'cmake_args' from command line to 'None'
[0.372s] Level 5:colcon.colcon_core.verb:set package 'custom_message' build argument 'cmake_target' from command line to 'None'
[0.372s] Level 5:colcon.colcon_core.verb:set package 'custom_message' build argument 'cmake_target_skip_unavailable' from command line to 'False'
[0.372s] Level 5:colcon.colcon_core.verb:set package 'custom_message' build argument 'cmake_clean_cache' from command line to 'False'
[0.372s] Level 5:colcon.colcon_core.verb:set package 'custom_message' build argument 'cmake_clean_first' from command line to 'False'
[0.372s] Level 5:colcon.colcon_core.verb:set package 'custom_message' build argument 'cmake_force_configure' from command line to 'False'
[0.372s] Level 5:colcon.colcon_core.verb:set package 'custom_message' build argument 'ament_cmake_args' from command line to 'None'
[0.373s] Level 5:colcon.colcon_core.verb:set package 'custom_message' build argument 'catkin_cmake_args' from command line to 'None'
[0.373s] Level 5:colcon.colcon_core.verb:set package 'custom_message' build argument 'catkin_skip_building_tests' from command line to 'False'
[0.373s] DEBUG:colcon.colcon_core.verb:Building package 'custom_message' with the following arguments: {'ament_cmake_args': None, 'build_base': '/home/cimi/Documents/Workspace/belajar_ros2/ProjectRos2XYolo/build/custom_message', 'catkin_cmake_args': None, 'catkin_skip_building_tests': False, 'cmake_args': None, 'cmake_clean_cache': False, 'cmake_clean_first': False, 'cmake_force_configure': False, 'cmake_target': None, 'cmake_target_skip_unavailable': False, 'install_base': '/home/cimi/Documents/Workspace/belajar_ros2/ProjectRos2XYolo/install/custom_message', 'merge_install': False, 'path': '/home/cimi/Documents/Workspace/belajar_ros2/ProjectRos2XYolo/src/custom_message', 'symlink_install': False, 'test_result_base': None}
[0.376s] Level 5:colcon.colcon_core.verb:set package 'cv_package' build argument 'cmake_args' from command line to 'None'
[0.376s] Level 5:colcon.colcon_core.verb:set package 'cv_package' build argument 'cmake_target' from command line to 'None'
[0.376s] Level 5:colcon.colcon_core.verb:set package 'cv_package' build argument 'cmake_target_skip_unavailable' from command line to 'False'
[0.376s] Level 5:colcon.colcon_core.verb:set package 'cv_package' build argument 'cmake_clean_cache' from command line to 'False'
[0.376s] Level 5:colcon.colcon_core.verb:set package 'cv_package' build argument 'cmake_clean_first' from command line to 'False'
[0.376s] Level 5:colcon.colcon_core.verb:set package 'cv_package' build argument 'cmake_force_configure' from command line to 'False'
[0.376s] Level 5:colcon.colcon_core.verb:set package 'cv_package' build argument 'ament_cmake_args' from command line to 'None'
[0.376s] Level 5:colcon.colcon_core.verb:set package 'cv_package' build argument 'catkin_cmake_args' from command line to 'None'
[0.376s] Level 5:colcon.colcon_core.verb:set package 'cv_package' build argument 'catkin_skip_building_tests' from command line to 'False'
[0.376s] DEBUG:colcon.colcon_core.verb:Building package 'cv_package' with the following arguments: {'ament_cmake_args': None, 'build_base': '/home/cimi/Documents/Workspace/belajar_ros2/ProjectRos2XYolo/build/cv_package', 'catkin_cmake_args': None, 'catkin_skip_building_tests': False, 'cmake_args': None, 'cmake_clean_cache': False, 'cmake_clean_first': False, 'cmake_force_configure': False, 'cmake_target': None, 'cmake_target_skip_unavailable': False, 'install_base': '/home/cimi/Documents/Workspace/belajar_ros2/ProjectRos2XYolo/install/cv_package', 'merge_install': False, 'path': '/home/cimi/Documents/Workspace/belajar_ros2/ProjectRos2XYolo/src/cv_package', 'symlink_install': False, 'test_result_base': None}
[0.377s] INFO:colcon.colcon_core.executor:Executing jobs using 'parallel' executor
[0.382s] DEBUG:colcon.colcon_parallel_executor.executor.parallel:run_until_complete
[0.382s] INFO:colcon.colcon_ros.task.ament_cmake.build:Building ROS package in '/home/cimi/Documents/Workspace/belajar_ros2/ProjectRos2XYolo/src/custom_message' with build type 'ament_cmake'
[0.382s] INFO:colcon.colcon_cmake.task.cmake.build:Building CMake package in '/home/cimi/Documents/Workspace/belajar_ros2/ProjectRos2XYolo/src/custom_message'
[0.389s] INFO:colcon.colcon_core.plugin_system:Skipping extension 'colcon_core.shell.bat': Not used on non-Windows systems
[0.389s] INFO:colcon.colcon_core.shell:Skip shell extension 'powershell' for command environment: Not usable outside of PowerShell
[0.389s] DEBUG:colcon.colcon_core.shell:Skip shell extension 'dsv' for command environment
[0.396s] INFO:colcon.colcon_ros.task.ament_python.build:Building ROS package in '/home/cimi/Documents/Workspace/belajar_ros2/ProjectRos2XYolo/src/cv_package' with build type 'ament_python'
[0.397s] Level 1:colcon.colcon_core.shell:create_environment_hook('cv_package', 'ament_prefix_path')
[0.399s] INFO:colcon.colcon_core.shell:Creating environment hook '/home/cimi/Documents/Workspace/belajar_ros2/ProjectRos2XYolo/install/cv_package/share/cv_package/hook/ament_prefix_path.ps1'
[0.401s] INFO:colcon.colcon_core.shell:Creating environment descriptor '/home/cimi/Documents/Workspace/belajar_ros2/ProjectRos2XYolo/install/cv_package/share/cv_package/hook/ament_prefix_path.dsv'
[0.401s] INFO:colcon.colcon_core.shell:Creating environment hook '/home/cimi/Documents/Workspace/belajar_ros2/ProjectRos2XYolo/install/cv_package/share/cv_package/hook/ament_prefix_path.sh'
[0.403s] INFO:colcon.colcon_core.shell:Skip shell extension 'powershell' for command environment: Not usable outside of PowerShell
[0.403s] DEBUG:colcon.colcon_core.shell:Skip shell extension 'dsv' for command environment
[0.418s] DEBUG:colcon.colcon_core.event_handler.log_command:Invoking command in '/home/cimi/Documents/Workspace/belajar_ros2/ProjectRos2XYolo/build/custom_message': CMAKE_PREFIX_PATH=/home/cimi/Documents/Workspace/belajar_ros2/ProjectRos2XYolo/install/movement_package:/home/cimi/Documents/Workspace/belajar_ros2/ProjectRos2XYolo/install/master_package:/home/cimi/Documents/Workspace/belajar_ros2/ProjectRos2XYolo/install/cv_package:/opt/ros/foxy /usr/bin/cmake /home/cimi/Documents/Workspace/belajar_ros2/ProjectRos2XYolo/src/custom_message -DCMAKE_INSTALL_PREFIX=/home/cimi/Documents/Workspace/belajar_ros2/ProjectRos2XYolo/install/custom_message
[0.752s] INFO:colcon.colcon_core.task.python.build:Building Python package in '/home/cimi/Documents/Workspace/belajar_ros2/ProjectRos2XYolo/src/cv_package'
[0.755s] INFO:colcon.colcon_core.shell:Skip shell extension 'powershell' for command environment: Not usable outside of PowerShell
[0.755s] DEBUG:colcon.colcon_core.shell:Skip shell extension 'dsv' for command environment
[1.284s] DEBUG:colcon.colcon_core.event_handler.log_command:Invoking command in '/home/cimi/Documents/Workspace/belajar_ros2/ProjectRos2XYolo/src/cv_package': PYTHONPATH=/home/cimi/Documents/Workspace/belajar_ros2/ProjectRos2XYolo/install/cv_package/lib/python3.8/site-packages:${PYTHONPATH} /usr/bin/python3 setup.py egg_info --egg-base ../../build/cv_package build --build-base /home/cimi/Documents/Workspace/belajar_ros2/ProjectRos2XYolo/build/cv_package/build install --prefix /home/cimi/Documents/Workspace/belajar_ros2/ProjectRos2XYolo/install/cv_package --record /home/cimi/Documents/Workspace/belajar_ros2/ProjectRos2XYolo/build/cv_package/install.log --single-version-externally-managed
[1.657s] DEBUG:colcon.colcon_core.event_handler.log_command:Invoked command in '/home/cimi/Documents/Workspace/belajar_ros2/ProjectRos2XYolo/src/cv_package' returned '0': PYTHONPATH=/home/cimi/Documents/Workspace/belajar_ros2/ProjectRos2XYolo/install/cv_package/lib/python3.8/site-packages:${PYTHONPATH} /usr/bin/python3 setup.py egg_info --egg-base ../../build/cv_package build --build-base /home/cimi/Documents/Workspace/belajar_ros2/ProjectRos2XYolo/build/cv_package/build install --prefix /home/cimi/Documents/Workspace/belajar_ros2/ProjectRos2XYolo/install/cv_package --record /home/cimi/Documents/Workspace/belajar_ros2/ProjectRos2XYolo/build/cv_package/install.log --single-version-externally-managed
[1.663s] Level 1:colcon.colcon_core.environment:checking '/home/cimi/Documents/Workspace/belajar_ros2/ProjectRos2XYolo/install/cv_package' for CMake module files
[1.663s] Level 1:colcon.colcon_core.environment:checking '/home/cimi/Documents/Workspace/belajar_ros2/ProjectRos2XYolo/install/cv_package' for CMake config files
[1.664s] Level 1:colcon.colcon_core.environment:checking '/home/cimi/Documents/Workspace/belajar_ros2/ProjectRos2XYolo/install/cv_package/lib'
[1.664s] Level 1:colcon.colcon_core.environment:checking '/home/cimi/Documents/Workspace/belajar_ros2/ProjectRos2XYolo/install/cv_package/bin'
[1.664s] Level 1:colcon.colcon_core.environment:checking '/home/cimi/Documents/Workspace/belajar_ros2/ProjectRos2XYolo/install/cv_package/lib/pkgconfig/cv_package.pc'
[1.664s] Level 1:colcon.colcon_core.environment:checking '/home/cimi/Documents/Workspace/belajar_ros2/ProjectRos2XYolo/install/cv_package/lib/python3.8/site-packages'
[1.665s] Level 1:colcon.colcon_core.shell:create_environment_hook('cv_package', 'pythonpath')
[1.666s] INFO:colcon.colcon_core.shell:Creating environment hook '/home/cimi/Documents/Workspace/belajar_ros2/ProjectRos2XYolo/install/cv_package/share/cv_package/hook/pythonpath.ps1'
[1.666s] INFO:colcon.colcon_core.shell:Creating environment descriptor '/home/cimi/Documents/Workspace/belajar_ros2/ProjectRos2XYolo/install/cv_package/share/cv_package/hook/pythonpath.dsv'
[1.667s] INFO:colcon.colcon_core.shell:Creating environment hook '/home/cimi/Documents/Workspace/belajar_ros2/ProjectRos2XYolo/install/cv_package/share/cv_package/hook/pythonpath.sh'
[1.668s] Level 1:colcon.colcon_core.environment:checking '/home/cimi/Documents/Workspace/belajar_ros2/ProjectRos2XYolo/install/cv_package/bin'
[1.668s] Level 1:colcon.colcon_core.environment:create_environment_scripts_only(cv_package)
[1.669s] INFO:colcon.colcon_core.shell:Creating package script '/home/cimi/Documents/Workspace/belajar_ros2/ProjectRos2XYolo/install/cv_package/share/cv_package/package.ps1'
[1.670s] INFO:colcon.colcon_core.shell:Creating package descriptor '/home/cimi/Documents/Workspace/belajar_ros2/ProjectRos2XYolo/install/cv_package/share/cv_package/package.dsv'
[1.671s] INFO:colcon.colcon_core.shell:Creating package script '/home/cimi/Documents/Workspace/belajar_ros2/ProjectRos2XYolo/install/cv_package/share/cv_package/package.sh'
[1.672s] INFO:colcon.colcon_core.shell:Creating package script '/home/cimi/Documents/Workspace/belajar_ros2/ProjectRos2XYolo/install/cv_package/share/cv_package/package.bash'
[1.673s] INFO:colcon.colcon_core.shell:Creating package script '/home/cimi/Documents/Workspace/belajar_ros2/ProjectRos2XYolo/install/cv_package/share/cv_package/package.zsh'
[1.674s] Level 1:colcon.colcon_core.environment:create_file_with_runtime_dependencies(/home/cimi/Documents/Workspace/belajar_ros2/ProjectRos2XYolo/install/cv_package/share/colcon-core/packages/cv_package)
[3.201s] DEBUG:colcon.colcon_core.event_handler.log_command:Invoked command in '/home/cimi/Documents/Workspace/belajar_ros2/ProjectRos2XYolo/build/custom_message' returned '0': CMAKE_PREFIX_PATH=/home/cimi/Documents/Workspace/belajar_ros2/ProjectRos2XYolo/install/movement_package:/home/cimi/Documents/Workspace/belajar_ros2/ProjectRos2XYolo/install/master_package:/home/cimi/Documents/Workspace/belajar_ros2/ProjectRos2XYolo/install/cv_package:/opt/ros/foxy /usr/bin/cmake /home/cimi/Documents/Workspace/belajar_ros2/ProjectRos2XYolo/src/custom_message -DCMAKE_INSTALL_PREFIX=/home/cimi/Documents/Workspace/belajar_ros2/ProjectRos2XYolo/install/custom_message
[3.205s] DEBUG:colcon.colcon_core.event_handler.log_command:Invoking command in '/home/cimi/Documents/Workspace/belajar_ros2/ProjectRos2XYolo/build/custom_message': CMAKE_PREFIX_PATH=/home/cimi/Documents/Workspace/belajar_ros2/ProjectRos2XYolo/install/movement_package:/home/cimi/Documents/Workspace/belajar_ros2/ProjectRos2XYolo/install/master_package:/home/cimi/Documents/Workspace/belajar_ros2/ProjectRos2XYolo/install/cv_package:/opt/ros/foxy /usr/bin/cmake --build /home/cimi/Documents/Workspace/belajar_ros2/ProjectRos2XYolo/build/custom_message -- -j8 -l8
[10.386s] DEBUG:colcon.colcon_core.event_handler.log_command:Invoked command in '/home/cimi/Documents/Workspace/belajar_ros2/ProjectRos2XYolo/build/custom_message' returned '0': CMAKE_PREFIX_PATH=/home/cimi/Documents/Workspace/belajar_ros2/ProjectRos2XYolo/install/movement_package:/home/cimi/Documents/Workspace/belajar_ros2/ProjectRos2XYolo/install/master_package:/home/cimi/Documents/Workspace/belajar_ros2/ProjectRos2XYolo/install/cv_package:/opt/ros/foxy /usr/bin/cmake --build /home/cimi/Documents/Workspace/belajar_ros2/ProjectRos2XYolo/build/custom_message -- -j8 -l8
[10.468s] DEBUG:colcon.colcon_core.event_handler.log_command:Invoking command in '/home/cimi/Documents/Workspace/belajar_ros2/ProjectRos2XYolo/build/custom_message': CMAKE_PREFIX_PATH=/home/cimi/Documents/Workspace/belajar_ros2/ProjectRos2XYolo/install/movement_package:/home/cimi/Documents/Workspace/belajar_ros2/ProjectRos2XYolo/install/master_package:/home/cimi/Documents/Workspace/belajar_ros2/ProjectRos2XYolo/install/cv_package:/opt/ros/foxy /usr/bin/cmake --install /home/cimi/Documents/Workspace/belajar_ros2/ProjectRos2XYolo/build/custom_message
[10.584s] Level 1:colcon.colcon_core.environment:create_environment_scripts_only(custom_message)
[10.587s] Level 1:colcon.colcon_core.environment:checking '/home/cimi/Documents/Workspace/belajar_ros2/ProjectRos2XYolo/install/custom_message' for CMake module files
[10.588s] DEBUG:colcon.colcon_core.event_handler.log_command:Invoked command in '/home/cimi/Documents/Workspace/belajar_ros2/ProjectRos2XYolo/build/custom_message' returned '0': CMAKE_PREFIX_PATH=/home/cimi/Documents/Workspace/belajar_ros2/ProjectRos2XYolo/install/movement_package:/home/cimi/Documents/Workspace/belajar_ros2/ProjectRos2XYolo/install/master_package:/home/cimi/Documents/Workspace/belajar_ros2/ProjectRos2XYolo/install/cv_package:/opt/ros/foxy /usr/bin/cmake --install /home/cimi/Documents/Workspace/belajar_ros2/ProjectRos2XYolo/build/custom_message
[10.589s] Level 1:colcon.colcon_core.environment:checking '/home/cimi/Documents/Workspace/belajar_ros2/ProjectRos2XYolo/install/custom_message' for CMake config files
[10.589s] Level 1:colcon.colcon_core.shell:create_environment_hook('custom_message', 'cmake_prefix_path')
[10.592s] INFO:colcon.colcon_core.shell:Creating environment hook '/home/cimi/Documents/Workspace/belajar_ros2/ProjectRos2XYolo/install/custom_message/share/custom_message/hook/cmake_prefix_path.ps1'
[10.592s] INFO:colcon.colcon_core.shell:Creating environment descriptor '/home/cimi/Documents/Workspace/belajar_ros2/ProjectRos2XYolo/install/custom_message/share/custom_message/hook/cmake_prefix_path.dsv'
[10.593s] INFO:colcon.colcon_core.shell:Creating environment hook '/home/cimi/Documents/Workspace/belajar_ros2/ProjectRos2XYolo/install/custom_message/share/custom_message/hook/cmake_prefix_path.sh'
[10.594s] Level 1:colcon.colcon_core.environment:checking '/home/cimi/Documents/Workspace/belajar_ros2/ProjectRos2XYolo/install/custom_message/lib'
[10.594s] Level 1:colcon.colcon_core.shell:create_environment_hook('custom_message', 'ld_library_path_lib')
[10.597s] INFO:colcon.colcon_core.shell:Creating environment hook '/home/cimi/Documents/Workspace/belajar_ros2/ProjectRos2XYolo/install/custom_message/share/custom_message/hook/ld_library_path_lib.ps1'
[10.597s] INFO:colcon.colcon_core.shell:Creating environment descriptor '/home/cimi/Documents/Workspace/belajar_ros2/ProjectRos2XYolo/install/custom_message/share/custom_message/hook/ld_library_path_lib.dsv'
[10.598s] INFO:colcon.colcon_core.shell:Creating environment hook '/home/cimi/Documents/Workspace/belajar_ros2/ProjectRos2XYolo/install/custom_message/share/custom_message/hook/ld_library_path_lib.sh'
[10.598s] Level 1:colcon.colcon_core.environment:checking '/home/cimi/Documents/Workspace/belajar_ros2/ProjectRos2XYolo/install/custom_message/bin'
[10.598s] Level 1:colcon.colcon_core.environment:checking '/home/cimi/Documents/Workspace/belajar_ros2/ProjectRos2XYolo/install/custom_message/lib/pkgconfig/custom_message.pc'
[10.599s] Level 1:colcon.colcon_core.environment:checking '/home/cimi/Documents/Workspace/belajar_ros2/ProjectRos2XYolo/install/custom_message/lib/python3.8/site-packages'
[10.599s] Level 1:colcon.colcon_core.shell:create_environment_hook('custom_message', 'pythonpath')
[10.601s] INFO:colcon.colcon_core.shell:Creating environment hook '/home/cimi/Documents/Workspace/belajar_ros2/ProjectRos2XYolo/install/custom_message/share/custom_message/hook/pythonpath.ps1'
[10.601s] INFO:colcon.colcon_core.shell:Creating environment descriptor '/home/cimi/Documents/Workspace/belajar_ros2/ProjectRos2XYolo/install/custom_message/share/custom_message/hook/pythonpath.dsv'
[10.602s] INFO:colcon.colcon_core.shell:Creating environment hook '/home/cimi/Documents/Workspace/belajar_ros2/ProjectRos2XYolo/install/custom_message/share/custom_message/hook/pythonpath.sh'
[10.602s] Level 1:colcon.colcon_core.environment:checking '/home/cimi/Documents/Workspace/belajar_ros2/ProjectRos2XYolo/install/custom_message/bin'
[10.604s] INFO:colcon.colcon_core.shell:Creating package script '/home/cimi/Documents/Workspace/belajar_ros2/ProjectRos2XYolo/install/custom_message/share/custom_message/package.ps1'
[10.605s] INFO:colcon.colcon_core.shell:Creating package descriptor '/home/cimi/Documents/Workspace/belajar_ros2/ProjectRos2XYolo/install/custom_message/share/custom_message/package.dsv'
[10.606s] INFO:colcon.colcon_core.shell:Creating package script '/home/cimi/Documents/Workspace/belajar_ros2/ProjectRos2XYolo/install/custom_message/share/custom_message/package.sh'
[10.606s] INFO:colcon.colcon_core.shell:Creating package script '/home/cimi/Documents/Workspace/belajar_ros2/ProjectRos2XYolo/install/custom_message/share/custom_message/package.bash'
[10.607s] INFO:colcon.colcon_core.shell:Creating package script '/home/cimi/Documents/Workspace/belajar_ros2/ProjectRos2XYolo/install/custom_message/share/custom_message/package.zsh'
[10.607s] Level 1:colcon.colcon_core.environment:create_file_with_runtime_dependencies(/home/cimi/Documents/Workspace/belajar_ros2/ProjectRos2XYolo/install/custom_message/share/colcon-core/packages/custom_message)
[10.669s] Level 1:colcon.colcon_core.environment:create_environment_scripts_only(custom_message)
[10.672s] Level 1:colcon.colcon_core.environment:checking '/home/cimi/Documents/Workspace/belajar_ros2/ProjectRos2XYolo/install/custom_message' for CMake module files
[10.673s] Level 1:colcon.colcon_core.environment:checking '/home/cimi/Documents/Workspace/belajar_ros2/ProjectRos2XYolo/install/custom_message' for CMake config files
[10.673s] Level 1:colcon.colcon_core.shell:create_environment_hook('custom_message', 'cmake_prefix_path')
[10.675s] INFO:colcon.colcon_core.shell:Creating environment hook '/home/cimi/Documents/Workspace/belajar_ros2/ProjectRos2XYolo/install/custom_message/share/custom_message/hook/cmake_prefix_path.ps1'
[10.676s] INFO:colcon.colcon_core.shell:Creating environment descriptor '/home/cimi/Documents/Workspace/belajar_ros2/ProjectRos2XYolo/install/custom_message/share/custom_message/hook/cmake_prefix_path.dsv'
[10.676s] INFO:colcon.colcon_core.shell:Creating environment hook '/home/cimi/Documents/Workspace/belajar_ros2/ProjectRos2XYolo/install/custom_message/share/custom_message/hook/cmake_prefix_path.sh'
[10.677s] Level 1:colcon.colcon_core.environment:checking '/home/cimi/Documents/Workspace/belajar_ros2/ProjectRos2XYolo/install/custom_message/lib'
[10.677s] Level 1:colcon.colcon_core.shell:create_environment_hook('custom_message', 'ld_library_path_lib')
[10.679s] INFO:colcon.colcon_core.shell:Creating environment hook '/home/cimi/Documents/Workspace/belajar_ros2/ProjectRos2XYolo/install/custom_message/share/custom_message/hook/ld_library_path_lib.ps1'
[10.679s] INFO:colcon.colcon_core.shell:Creating environment descriptor '/home/cimi/Documents/Workspace/belajar_ros2/ProjectRos2XYolo/install/custom_message/share/custom_message/hook/ld_library_path_lib.dsv'
[10.679s] INFO:colcon.colcon_core.shell:Creating environment hook '/home/cimi/Documents/Workspace/belajar_ros2/ProjectRos2XYolo/install/custom_message/share/custom_message/hook/ld_library_path_lib.sh'
[10.680s] Level 1:colcon.colcon_core.environment:checking '/home/cimi/Documents/Workspace/belajar_ros2/ProjectRos2XYolo/install/custom_message/bin'
[10.680s] Level 1:colcon.colcon_core.environment:checking '/home/cimi/Documents/Workspace/belajar_ros2/ProjectRos2XYolo/install/custom_message/lib/pkgconfig/custom_message.pc'
[10.681s] Level 1:colcon.colcon_core.environment:checking '/home/cimi/Documents/Workspace/belajar_ros2/ProjectRos2XYolo/install/custom_message/lib/python3.8/site-packages'
[10.681s] Level 1:colcon.colcon_core.shell:create_environment_hook('custom_message', 'pythonpath')
[10.682s] INFO:colcon.colcon_core.shell:Creating environment hook '/home/cimi/Documents/Workspace/belajar_ros2/ProjectRos2XYolo/install/custom_message/share/custom_message/hook/pythonpath.ps1'
[10.683s] INFO:colcon.colcon_core.shell:Creating environment descriptor '/home/cimi/Documents/Workspace/belajar_ros2/ProjectRos2XYolo/install/custom_message/share/custom_message/hook/pythonpath.dsv'
[10.683s] INFO:colcon.colcon_core.shell:Creating environment hook '/home/cimi/Documents/Workspace/belajar_ros2/ProjectRos2XYolo/install/custom_message/share/custom_message/hook/pythonpath.sh'
[10.684s] Level 1:colcon.colcon_core.environment:checking '/home/cimi/Documents/Workspace/belajar_ros2/ProjectRos2XYolo/install/custom_message/bin'
[10.685s] INFO:colcon.colcon_core.shell:Creating package script '/home/cimi/Documents/Workspace/belajar_ros2/ProjectRos2XYolo/install/custom_message/share/custom_message/package.ps1'
[10.686s] INFO:colcon.colcon_core.shell:Creating package descriptor '/home/cimi/Documents/Workspace/belajar_ros2/ProjectRos2XYolo/install/custom_message/share/custom_message/package.dsv'
[10.687s] INFO:colcon.colcon_core.shell:Creating package script '/home/cimi/Documents/Workspace/belajar_ros2/ProjectRos2XYolo/install/custom_message/share/custom_message/package.sh'
[10.687s] INFO:colcon.colcon_core.shell:Creating package script '/home/cimi/Documents/Workspace/belajar_ros2/ProjectRos2XYolo/install/custom_message/share/custom_message/package.bash'
[10.688s] INFO:colcon.colcon_core.shell:Creating package script '/home/cimi/Documents/Workspace/belajar_ros2/ProjectRos2XYolo/install/custom_message/share/custom_message/package.zsh'
[10.688s] Level 1:colcon.colcon_core.environment:create_file_with_runtime_dependencies(/home/cimi/Documents/Workspace/belajar_ros2/ProjectRos2XYolo/install/custom_message/share/colcon-core/packages/custom_message)
[10.689s] DEBUG:colcon.colcon_parallel_executor.executor.parallel:closing loop
[10.690s] DEBUG:colcon.colcon_parallel_executor.executor.parallel:loop closed
[10.691s] DEBUG:colcon.colcon_parallel_executor.executor.parallel:run_until_complete finished with '0'
[10.691s] DEBUG:colcon.colcon_core.event_reactor:joining thread
[10.700s] INFO:colcon.colcon_core.plugin_system:Skipping extension 'colcon_notification.desktop_notification.terminal_notifier': Not used on non-Darwin systems
[10.700s] INFO:colcon.colcon_core.plugin_system:Skipping extension 'colcon_notification.desktop_notification.win32': Not used on non-Windows systems
[10.700s] INFO:colcon.colcon_notification.desktop_notification:Sending desktop notification using 'notify2'
[10.720s] DEBUG:colcon.colcon_core.event_reactor:joined thread
[10.722s] INFO:colcon.colcon_core.shell:Creating prefix script '/home/cimi/Documents/Workspace/belajar_ros2/ProjectRos2XYolo/install/local_setup.ps1'
[10.723s] INFO:colcon.colcon_core.shell:Creating prefix util module '/home/cimi/Documents/Workspace/belajar_ros2/ProjectRos2XYolo/install/_local_setup_util_ps1.py'
[10.724s] INFO:colcon.colcon_core.shell:Creating prefix chain script '/home/cimi/Documents/Workspace/belajar_ros2/ProjectRos2XYolo/install/setup.ps1'
[10.726s] INFO:colcon.colcon_core.shell:Creating prefix script '/home/cimi/Documents/Workspace/belajar_ros2/ProjectRos2XYolo/install/local_setup.sh'
[10.728s] INFO:colcon.colcon_core.shell:Creating prefix util module '/home/cimi/Documents/Workspace/belajar_ros2/ProjectRos2XYolo/install/_local_setup_util_sh.py'
[10.728s] INFO:colcon.colcon_core.shell:Creating prefix chain script '/home/cimi/Documents/Workspace/belajar_ros2/ProjectRos2XYolo/install/setup.sh'
[10.731s] INFO:colcon.colcon_core.shell:Creating prefix script '/home/cimi/Documents/Workspace/belajar_ros2/ProjectRos2XYolo/install/local_setup.bash'
[10.732s] INFO:colcon.colcon_core.shell:Creating prefix chain script '/home/cimi/Documents/Workspace/belajar_ros2/ProjectRos2XYolo/install/setup.bash'
[10.733s] INFO:colcon.colcon_core.shell:Creating prefix script '/home/cimi/Documents/Workspace/belajar_ros2/ProjectRos2XYolo/install/local_setup.zsh'
[10.734s] INFO:colcon.colcon_core.shell:Creating prefix chain script '/home/cimi/Documents/Workspace/belajar_ros2/ProjectRos2XYolo/install/setup.zsh'
