[0.032s] Invoking command in '/home/cimi/Documents/Workspace/ProjectRos2XYolo/build/pesan': CMAKE_PREFIX_PATH=${CMAKE_PREFIX_PATH}:/home/cimi/Documents/Workspace/ProjectRos2XYolo/install/test_custom_msg:/home/cimi/Documents/Workspace/ProjectRos2XYolo/install/movement_package:/home/cimi/Documents/Workspace/ProjectRos2XYolo/install/cv_package:/opt/ros/foxy /usr/bin/cmake --build /home/cimi/Documents/Workspace/ProjectRos2XYolo/build/pesan -- -j8 -l8
[0.217s] [ 10%] Built target pesan__rosidl_generator_c
[0.220s] [ 12%] Built target pesan__cpp
[0.267s] [ 23%] Built target pesan__rosidl_typesupport_c
[0.281s] [ 33%] Built target pesan__rosidl_typesupport_introspection_c
[0.285s] [ 43%] Built target pesan__rosidl_typesupport_cpp
[0.285s] [ 53%] Built target pesan__rosidl_typesupport_introspection_cpp
[0.292s] [ 64%] Built target pesan__rosidl_typesupport_fastrtps_cpp
[0.324s] [ 74%] Built target pesan__rosidl_typesupport_fastrtps_c
[0.347s] [ 74%] Built target pesan
[0.372s] [ 76%] Built target pesan__py
[0.403s] [ 84%] Built target pesan__python
[0.457s] [ 89%] Built target pesan__rosidl_typesupport_introspection_c__pyext
[0.460s] [ 94%] Built target pesan__rosidl_typesupport_fastrtps_c__pyext
[0.461s] [100%] Built target pesan__rosidl_typesupport_c__pyext
[0.569s] Invoked command in '/home/cimi/Documents/Workspace/ProjectRos2XYolo/build/pesan' returned '0': CMAKE_PREFIX_PATH=${CMAKE_PREFIX_PATH}:/home/cimi/Documents/Workspace/ProjectRos2XYolo/install/test_custom_msg:/home/cimi/Documents/Workspace/ProjectRos2XYolo/install/movement_package:/home/cimi/Documents/Workspace/ProjectRos2XYolo/install/cv_package:/opt/ros/foxy /usr/bin/cmake --build /home/cimi/Documents/Workspace/ProjectRos2XYolo/build/pesan -- -j8 -l8
[0.659s] Invoking command in '/home/cimi/Documents/Workspace/ProjectRos2XYolo/build/pesan': CMAKE_PREFIX_PATH=${CMAKE_PREFIX_PATH}:/home/cimi/Documents/Workspace/ProjectRos2XYolo/install/test_custom_msg:/home/cimi/Documents/Workspace/ProjectRos2XYolo/install/movement_package:/home/cimi/Documents/Workspace/ProjectRos2XYolo/install/cv_package:/opt/ros/foxy /usr/bin/cmake --install /home/cimi/Documents/Workspace/ProjectRos2XYolo/build/pesan
[0.669s] -- Install configuration: ""
[0.670s] -- Up-to-date: /home/cimi/Documents/Workspace/ProjectRos2XYolo/install/pesan/share/ament_index/resource_index/rosidl_interfaces/pesan
[0.670s] -- Up-to-date: /home/cimi/Documents/Workspace/ProjectRos2XYolo/install/pesan/include/pesan
[0.670s] -- Up-to-date: /home/cimi/Documents/Workspace/ProjectRos2XYolo/install/pesan/include/pesan/msg
[0.671s] -- Up-to-date: /home/cimi/Documents/Workspace/ProjectRos2XYolo/install/pesan/include/pesan/msg/rosidl_generator_c__visibility_control.h
[0.671s] -- Up-to-date: /home/cimi/Documents/Workspace/ProjectRos2XYolo/install/pesan/include/pesan/msg/movement.h
[0.671s] -- Up-to-date: /home/cimi/Documents/Workspace/ProjectRos2XYolo/install/pesan/include/pesan/msg/detail
[0.671s] -- Up-to-date: /home/cimi/Documents/Workspace/ProjectRos2XYolo/install/pesan/include/pesan/msg/detail/movement__struct.h
[0.671s] -- Up-to-date: /home/cimi/Documents/Workspace/ProjectRos2XYolo/install/pesan/include/pesan/msg/detail/movement__type_support.h
[0.672s] -- Up-to-date: /home/cimi/Documents/Workspace/ProjectRos2XYolo/install/pesan/include/pesan/msg/detail/mission__functions.h
[0.672s] -- Up-to-date: /home/cimi/Documents/Workspace/ProjectRos2XYolo/install/pesan/include/pesan/msg/detail/mission__functions.c
[0.672s] -- Up-to-date: /home/cimi/Documents/Workspace/ProjectRos2XYolo/install/pesan/include/pesan/msg/detail/mission__type_support.h
[0.673s] -- Up-to-date: /home/cimi/Documents/Workspace/ProjectRos2XYolo/install/pesan/include/pesan/msg/detail/mission__struct.h
[0.673s] -- Up-to-date: /home/cimi/Documents/Workspace/ProjectRos2XYolo/install/pesan/include/pesan/msg/detail/movement__functions.h
[0.673s] -- Up-to-date: /home/cimi/Documents/Workspace/ProjectRos2XYolo/install/pesan/include/pesan/msg/detail/movement__functions.c
[0.673s] -- Up-to-date: /home/cimi/Documents/Workspace/ProjectRos2XYolo/install/pesan/include/pesan/msg/mission.h
[0.673s] -- Up-to-date: /home/cimi/Documents/Workspace/ProjectRos2XYolo/install/pesan/share/pesan/environment/library_path.sh
[0.674s] -- Up-to-date: /home/cimi/Documents/Workspace/ProjectRos2XYolo/install/pesan/share/pesan/environment/library_path.dsv
[0.674s] -- Up-to-date: /home/cimi/Documents/Workspace/ProjectRos2XYolo/install/pesan/lib/libpesan__rosidl_generator_c.so
[0.674s] -- Up-to-date: /home/cimi/Documents/Workspace/ProjectRos2XYolo/install/pesan/include/pesan
[0.674s] -- Up-to-date: /home/cimi/Documents/Workspace/ProjectRos2XYolo/install/pesan/include/pesan/msg
[0.675s] -- Up-to-date: /home/cimi/Documents/Workspace/ProjectRos2XYolo/install/pesan/include/pesan/msg/rosidl_typesupport_fastrtps_c__visibility_control.h
[0.675s] -- Up-to-date: /home/cimi/Documents/Workspace/ProjectRos2XYolo/install/pesan/include/pesan/msg/detail
[0.675s] -- Up-to-date: /home/cimi/Documents/Workspace/ProjectRos2XYolo/install/pesan/include/pesan/msg/detail/movement__rosidl_typesupport_fastrtps_c.h
[0.675s] -- Up-to-date: /home/cimi/Documents/Workspace/ProjectRos2XYolo/install/pesan/include/pesan/msg/detail/mission__rosidl_typesupport_fastrtps_c.h
[0.676s] -- Up-to-date: /home/cimi/Documents/Workspace/ProjectRos2XYolo/install/pesan/lib/libpesan__rosidl_typesupport_fastrtps_c.so
[0.676s] -- Up-to-date: /home/cimi/Documents/Workspace/ProjectRos2XYolo/install/pesan/include/pesan
[0.676s] -- Up-to-date: /home/cimi/Documents/Workspace/ProjectRos2XYolo/install/pesan/include/pesan/msg
[0.676s] -- Up-to-date: /home/cimi/Documents/Workspace/ProjectRos2XYolo/install/pesan/include/pesan/msg/detail
[0.677s] -- Up-to-date: /home/cimi/Documents/Workspace/ProjectRos2XYolo/install/pesan/include/pesan/msg/detail/movement__rosidl_typesupport_fastrtps_cpp.hpp
[0.677s] -- Up-to-date: /home/cimi/Documents/Workspace/ProjectRos2XYolo/install/pesan/include/pesan/msg/detail/dds_fastrtps
[0.677s] -- Up-to-date: /home/cimi/Documents/Workspace/ProjectRos2XYolo/install/pesan/include/pesan/msg/detail/mission__rosidl_typesupport_fastrtps_cpp.hpp
[0.677s] -- Up-to-date: /home/cimi/Documents/Workspace/ProjectRos2XYolo/install/pesan/include/pesan/msg/rosidl_typesupport_fastrtps_cpp__visibility_control.h
[0.678s] -- Up-to-date: /home/cimi/Documents/Workspace/ProjectRos2XYolo/install/pesan/lib/libpesan__rosidl_typesupport_fastrtps_cpp.so
[0.678s] -- Up-to-date: /home/cimi/Documents/Workspace/ProjectRos2XYolo/install/pesan/include/pesan
[0.678s] -- Up-to-date: /home/cimi/Documents/Workspace/ProjectRos2XYolo/install/pesan/include/pesan/msg
[0.678s] -- Up-to-date: /home/cimi/Documents/Workspace/ProjectRos2XYolo/install/pesan/include/pesan/msg/detail
[0.678s] -- Up-to-date: /home/cimi/Documents/Workspace/ProjectRos2XYolo/install/pesan/include/pesan/msg/detail/mission__type_support.c
[0.679s] -- Up-to-date: /home/cimi/Documents/Workspace/ProjectRos2XYolo/install/pesan/include/pesan/msg/detail/movement__rosidl_typesupport_introspection_c.h
[0.679s] -- Up-to-date: /home/cimi/Documents/Workspace/ProjectRos2XYolo/install/pesan/include/pesan/msg/detail/movement__type_support.c
[0.679s] -- Up-to-date: /home/cimi/Documents/Workspace/ProjectRos2XYolo/install/pesan/include/pesan/msg/detail/mission__rosidl_typesupport_introspection_c.h
[0.679s] -- Up-to-date: /home/cimi/Documents/Workspace/ProjectRos2XYolo/install/pesan/include/pesan/msg/rosidl_typesupport_introspection_c__visibility_control.h
[0.679s] -- Up-to-date: /home/cimi/Documents/Workspace/ProjectRos2XYolo/install/pesan/lib/libpesan__rosidl_typesupport_introspection_c.so
[0.680s] -- Up-to-date: /home/cimi/Documents/Workspace/ProjectRos2XYolo/install/pesan/lib/libpesan__rosidl_typesupport_c.so
[0.680s] -- Up-to-date: /home/cimi/Documents/Workspace/ProjectRos2XYolo/install/pesan/include/pesan
[0.680s] -- Up-to-date: /home/cimi/Documents/Workspace/ProjectRos2XYolo/install/pesan/include/pesan/msg
[0.680s] -- Up-to-date: /home/cimi/Documents/Workspace/ProjectRos2XYolo/install/pesan/include/pesan/msg/movement.hpp
[0.680s] -- Up-to-date: /home/cimi/Documents/Workspace/ProjectRos2XYolo/install/pesan/include/pesan/msg/detail
[0.681s] -- Up-to-date: /home/cimi/Documents/Workspace/ProjectRos2XYolo/install/pesan/include/pesan/msg/detail/movement__traits.hpp
[0.681s] -- Up-to-date: /home/cimi/Documents/Workspace/ProjectRos2XYolo/install/pesan/include/pesan/msg/detail/movement__struct.hpp
[0.681s] -- Up-to-date: /home/cimi/Documents/Workspace/ProjectRos2XYolo/install/pesan/include/pesan/msg/detail/mission__builder.hpp
[0.681s] -- Up-to-date: /home/cimi/Documents/Workspace/ProjectRos2XYolo/install/pesan/include/pesan/msg/detail/mission__struct.hpp
[0.681s] -- Up-to-date: /home/cimi/Documents/Workspace/ProjectRos2XYolo/install/pesan/include/pesan/msg/detail/mission__traits.hpp
[0.682s] -- Up-to-date: /home/cimi/Documents/Workspace/ProjectRos2XYolo/install/pesan/include/pesan/msg/detail/movement__builder.hpp
[0.682s] -- Up-to-date: /home/cimi/Documents/Workspace/ProjectRos2XYolo/install/pesan/include/pesan/msg/mission.hpp
[0.682s] -- Up-to-date: /home/cimi/Documents/Workspace/ProjectRos2XYolo/install/pesan/include/pesan
[0.682s] -- Up-to-date: /home/cimi/Documents/Workspace/ProjectRos2XYolo/install/pesan/include/pesan/msg
[0.682s] -- Up-to-date: /home/cimi/Documents/Workspace/ProjectRos2XYolo/install/pesan/include/pesan/msg/detail
[0.683s] -- Up-to-date: /home/cimi/Documents/Workspace/ProjectRos2XYolo/install/pesan/include/pesan/msg/detail/movement__rosidl_typesupport_introspection_cpp.hpp
[0.683s] -- Up-to-date: /home/cimi/Documents/Workspace/ProjectRos2XYolo/install/pesan/include/pesan/msg/detail/movement__type_support.cpp
[0.683s] -- Up-to-date: /home/cimi/Documents/Workspace/ProjectRos2XYolo/install/pesan/include/pesan/msg/detail/mission__type_support.cpp
[0.683s] -- Up-to-date: /home/cimi/Documents/Workspace/ProjectRos2XYolo/install/pesan/include/pesan/msg/detail/mission__rosidl_typesupport_introspection_cpp.hpp
[0.683s] -- Up-to-date: /home/cimi/Documents/Workspace/ProjectRos2XYolo/install/pesan/lib/libpesan__rosidl_typesupport_introspection_cpp.so
[0.684s] -- Up-to-date: /home/cimi/Documents/Workspace/ProjectRos2XYolo/install/pesan/lib/libpesan__rosidl_typesupport_cpp.so
[0.684s] -- Up-to-date: /home/cimi/Documents/Workspace/ProjectRos2XYolo/install/pesan/share/pesan/environment/pythonpath.sh
[0.684s] -- Up-to-date: /home/cimi/Documents/Workspace/ProjectRos2XYolo/install/pesan/share/pesan/environment/pythonpath.dsv
[0.684s] -- Up-to-date: /home/cimi/Documents/Workspace/ProjectRos2XYolo/install/pesan/lib/python3.8/site-packages/pesan/__init__.py
[0.744s] -- Up-to-date: /home/cimi/Documents/Workspace/ProjectRos2XYolo/install/pesan/lib/python3.8/site-packages/pesan/msg
[0.744s] -- Up-to-date: /home/cimi/Documents/Workspace/ProjectRos2XYolo/install/pesan/lib/python3.8/site-packages/pesan/msg/_mission_s.c
[0.745s] -- Up-to-date: /home/cimi/Documents/Workspace/ProjectRos2XYolo/install/pesan/lib/python3.8/site-packages/pesan/msg/__init__.py
[0.745s] -- Up-to-date: /home/cimi/Documents/Workspace/ProjectRos2XYolo/install/pesan/lib/python3.8/site-packages/pesan/msg/_mission.py
[0.745s] -- Up-to-date: /home/cimi/Documents/Workspace/ProjectRos2XYolo/install/pesan/lib/python3.8/site-packages/pesan/msg/_movement_s.c
[0.745s] -- Up-to-date: /home/cimi/Documents/Workspace/ProjectRos2XYolo/install/pesan/lib/python3.8/site-packages/pesan/msg/_movement.py
[0.745s] -- Up-to-date: /home/cimi/Documents/Workspace/ProjectRos2XYolo/install/pesan/lib/python3.8/site-packages/pesan/pesan_s__rosidl_typesupport_fastrtps_c.cpython-38-x86_64-linux-gnu.so
[0.746s] -- Up-to-date: /home/cimi/Documents/Workspace/ProjectRos2XYolo/install/pesan/lib/python3.8/site-packages/pesan/pesan_s__rosidl_typesupport_introspection_c.cpython-38-x86_64-linux-gnu.so
[0.747s] -- Up-to-date: /home/cimi/Documents/Workspace/ProjectRos2XYolo/install/pesan/lib/python3.8/site-packages/pesan/pesan_s__rosidl_typesupport_c.cpython-38-x86_64-linux-gnu.so
[0.748s] -- Up-to-date: /home/cimi/Documents/Workspace/ProjectRos2XYolo/install/pesan/lib/libpesan__python.so
[0.748s] -- Up-to-date: /home/cimi/Documents/Workspace/ProjectRos2XYolo/install/pesan/share/pesan/msg/Movement.idl
[0.748s] -- Up-to-date: /home/cimi/Documents/Workspace/ProjectRos2XYolo/install/pesan/share/pesan/msg/Mission.idl
[0.749s] -- Up-to-date: /home/cimi/Documents/Workspace/ProjectRos2XYolo/install/pesan/share/pesan/msg/Movement.msg
[0.749s] -- Up-to-date: /home/cimi/Documents/Workspace/ProjectRos2XYolo/install/pesan/share/pesan/msg/Mission.msg
[0.749s] -- Up-to-date: /home/cimi/Documents/Workspace/ProjectRos2XYolo/install/pesan/share/ament_index/resource_index/package_run_dependencies/pesan
[0.749s] -- Up-to-date: /home/cimi/Documents/Workspace/ProjectRos2XYolo/install/pesan/share/ament_index/resource_index/parent_prefix_path/pesan
[0.749s] -- Up-to-date: /home/cimi/Documents/Workspace/ProjectRos2XYolo/install/pesan/share/pesan/environment/ament_prefix_path.sh
[0.750s] -- Up-to-date: /home/cimi/Documents/Workspace/ProjectRos2XYolo/install/pesan/share/pesan/environment/ament_prefix_path.dsv
[0.750s] -- Up-to-date: /home/cimi/Documents/Workspace/ProjectRos2XYolo/install/pesan/share/pesan/environment/path.sh
[0.750s] -- Up-to-date: /home/cimi/Documents/Workspace/ProjectRos2XYolo/install/pesan/share/pesan/environment/path.dsv
[0.750s] -- Up-to-date: /home/cimi/Documents/Workspace/ProjectRos2XYolo/install/pesan/share/pesan/local_setup.bash
[0.750s] -- Up-to-date: /home/cimi/Documents/Workspace/ProjectRos2XYolo/install/pesan/share/pesan/local_setup.sh
[0.751s] -- Up-to-date: /home/cimi/Documents/Workspace/ProjectRos2XYolo/install/pesan/share/pesan/local_setup.zsh
[0.751s] -- Up-to-date: /home/cimi/Documents/Workspace/ProjectRos2XYolo/install/pesan/share/pesan/local_setup.dsv
[0.751s] -- Installing: /home/cimi/Documents/Workspace/ProjectRos2XYolo/install/pesan/share/pesan/package.dsv
[0.751s] -- Up-to-date: /home/cimi/Documents/Workspace/ProjectRos2XYolo/install/pesan/share/ament_index/resource_index/packages/pesan
[0.751s] -- Up-to-date: /home/cimi/Documents/Workspace/ProjectRos2XYolo/install/pesan/share/pesan/cmake/pesan__rosidl_generator_cExport.cmake
[0.752s] -- Up-to-date: /home/cimi/Documents/Workspace/ProjectRos2XYolo/install/pesan/share/pesan/cmake/pesan__rosidl_generator_cExport-noconfig.cmake
[0.752s] -- Up-to-date: /home/cimi/Documents/Workspace/ProjectRos2XYolo/install/pesan/share/pesan/cmake/pesan__rosidl_typesupport_introspection_cExport.cmake
[0.752s] -- Up-to-date: /home/cimi/Documents/Workspace/ProjectRos2XYolo/install/pesan/share/pesan/cmake/pesan__rosidl_typesupport_introspection_cExport-noconfig.cmake
[0.752s] -- Up-to-date: /home/cimi/Documents/Workspace/ProjectRos2XYolo/install/pesan/share/pesan/cmake/pesan__rosidl_typesupport_cExport.cmake
[0.752s] -- Up-to-date: /home/cimi/Documents/Workspace/ProjectRos2XYolo/install/pesan/share/pesan/cmake/pesan__rosidl_typesupport_cExport-noconfig.cmake
[0.753s] -- Up-to-date: /home/cimi/Documents/Workspace/ProjectRos2XYolo/install/pesan/share/pesan/cmake/pesan__rosidl_generator_cppExport.cmake
[0.753s] -- Up-to-date: /home/cimi/Documents/Workspace/ProjectRos2XYolo/install/pesan/share/pesan/cmake/pesan__rosidl_typesupport_introspection_cppExport.cmake
[0.753s] -- Up-to-date: /home/cimi/Documents/Workspace/ProjectRos2XYolo/install/pesan/share/pesan/cmake/pesan__rosidl_typesupport_introspection_cppExport-noconfig.cmake
[0.753s] -- Up-to-date: /home/cimi/Documents/Workspace/ProjectRos2XYolo/install/pesan/share/pesan/cmake/pesan__rosidl_typesupport_cppExport.cmake
[0.753s] -- Up-to-date: /home/cimi/Documents/Workspace/ProjectRos2XYolo/install/pesan/share/pesan/cmake/pesan__rosidl_typesupport_cppExport-noconfig.cmake
[0.754s] -- Up-to-date: /home/cimi/Documents/Workspace/ProjectRos2XYolo/install/pesan/share/pesan/cmake/rosidl_cmake-extras.cmake
[0.754s] -- Up-to-date: /home/cimi/Documents/Workspace/ProjectRos2XYolo/install/pesan/share/pesan/cmake/ament_cmake_export_dependencies-extras.cmake
[0.754s] -- Up-to-date: /home/cimi/Documents/Workspace/ProjectRos2XYolo/install/pesan/share/pesan/cmake/ament_cmake_export_libraries-extras.cmake
[0.754s] -- Up-to-date: /home/cimi/Documents/Workspace/ProjectRos2XYolo/install/pesan/share/pesan/cmake/ament_cmake_export_targets-extras.cmake
[0.754s] -- Up-to-date: /home/cimi/Documents/Workspace/ProjectRos2XYolo/install/pesan/share/pesan/cmake/ament_cmake_export_include_directories-extras.cmake
[0.754s] -- Up-to-date: /home/cimi/Documents/Workspace/ProjectRos2XYolo/install/pesan/share/pesan/cmake/rosidl_cmake_export_typesupport_libraries-extras.cmake
[0.755s] -- Up-to-date: /home/cimi/Documents/Workspace/ProjectRos2XYolo/install/pesan/share/pesan/cmake/rosidl_cmake_export_typesupport_targets-extras.cmake
[0.755s] -- Up-to-date: /home/cimi/Documents/Workspace/ProjectRos2XYolo/install/pesan/share/pesan/cmake/pesanConfig.cmake
[0.755s] -- Up-to-date: /home/cimi/Documents/Workspace/ProjectRos2XYolo/install/pesan/share/pesan/cmake/pesanConfig-version.cmake
[0.755s] -- Up-to-date: /home/cimi/Documents/Workspace/ProjectRos2XYolo/install/pesan/share/pesan/package.xml
[0.758s] Invoked command in '/home/cimi/Documents/Workspace/ProjectRos2XYolo/build/pesan' returned '0': CMAKE_PREFIX_PATH=${CMAKE_PREFIX_PATH}:/home/cimi/Documents/Workspace/ProjectRos2XYolo/install/test_custom_msg:/home/cimi/Documents/Workspace/ProjectRos2XYolo/install/movement_package:/home/cimi/Documents/Workspace/ProjectRos2XYolo/install/cv_package:/opt/ros/foxy /usr/bin/cmake --install /home/cimi/Documents/Workspace/ProjectRos2XYolo/build/pesan
