[1.204s] Invoking command in '/home/cimi/Documents/Workspace/ProjectRos2XYolo/src/master_node': AMENT_PREFIX_PATH=/home/cimi/Documents/Workspace/ProjectRos2XYolo/install/pesan:${AMENT_PREFIX_PATH} CMAKE_PREFIX_PATH=/home/cimi/Documents/Workspace/ProjectRos2XYolo/install/pesan LD_LIBRARY_PATH=/home/cimi/Documents/Workspace/ProjectRos2XYolo/install/pesan/lib:${LD_LIBRARY_PATH} PYTHONPATH=/home/cimi/Documents/Workspace/ProjectRos2XYolo/install/master_node/lib/python3.8/site-packages:/home/cimi/Documents/Workspace/ProjectRos2XYolo/install/pesan/lib/python3.8/site-packages:${PYTHONPATH} /usr/bin/python3 setup.py egg_info --egg-base ../../build/master_node build --build-base /home/cimi/Documents/Workspace/ProjectRos2XYolo/build/master_node/build install --prefix /home/cimi/Documents/Workspace/ProjectRos2XYolo/install/master_node --record /home/cimi/Documents/Workspace/ProjectRos2XYolo/build/master_node/install.log --single-version-externally-managed
[1.505s] running egg_info
[1.506s] writing ../../build/master_node/master_node.egg-info/PKG-INFO
[1.506s] writing dependency_links to ../../build/master_node/master_node.egg-info/dependency_links.txt
[1.507s] writing entry points to ../../build/master_node/master_node.egg-info/entry_points.txt
[1.507s] writing requirements to ../../build/master_node/master_node.egg-info/requires.txt
[1.507s] writing top-level names to ../../build/master_node/master_node.egg-info/top_level.txt
[1.558s] reading manifest file '../../build/master_node/master_node.egg-info/SOURCES.txt'
[1.603s] writing manifest file '../../build/master_node/master_node.egg-info/SOURCES.txt'
[1.603s] running build
[1.603s] running build_py
[1.604s] running install
[1.605s] running install_lib
[1.607s] running install_data
[1.608s] running install_egg_info
[1.610s] removing '/home/cimi/Documents/Workspace/ProjectRos2XYolo/install/master_node/lib/python3.8/site-packages/master_node-0.0.0-py3.8.egg-info' (and everything under it)
[1.611s] Copying ../../build/master_node/master_node.egg-info to /home/cimi/Documents/Workspace/ProjectRos2XYolo/install/master_node/lib/python3.8/site-packages/master_node-0.0.0-py3.8.egg-info
[1.612s] running install_scripts
[1.634s] Installing master script to /home/cimi/Documents/Workspace/ProjectRos2XYolo/install/master_node/lib/master_node
[1.634s] writing list of installed files to '/home/cimi/Documents/Workspace/ProjectRos2XYolo/build/master_node/install.log'
[1.667s] Invoked command in '/home/cimi/Documents/Workspace/ProjectRos2XYolo/src/master_node' returned '0': AMENT_PREFIX_PATH=/home/cimi/Documents/Workspace/ProjectRos2XYolo/install/pesan:${AMENT_PREFIX_PATH} CMAKE_PREFIX_PATH=/home/cimi/Documents/Workspace/ProjectRos2XYolo/install/pesan LD_LIBRARY_PATH=/home/cimi/Documents/Workspace/ProjectRos2XYolo/install/pesan/lib:${LD_LIBRARY_PATH} PYTHONPATH=/home/cimi/Documents/Workspace/ProjectRos2XYolo/install/master_node/lib/python3.8/site-packages:/home/cimi/Documents/Workspace/ProjectRos2XYolo/install/pesan/lib/python3.8/site-packages:${PYTHONPATH} /usr/bin/python3 setup.py egg_info --egg-base ../../build/master_node build --build-base /home/cimi/Documents/Workspace/ProjectRos2XYolo/build/master_node/build install --prefix /home/cimi/Documents/Workspace/ProjectRos2XYolo/install/master_node --record /home/cimi/Documents/Workspace/ProjectRos2XYolo/build/master_node/install.log --single-version-externally-managed
