running egg_info
creating ../../build/master_node/master_node.egg-info
writing ../../build/master_node/master_node.egg-info/PKG-INFO
writing dependency_links to ../../build/master_node/master_node.egg-info/dependency_links.txt
writing entry points to ../../build/master_node/master_node.egg-info/entry_points.txt
writing requirements to ../../build/master_node/master_node.egg-info/requires.txt
writing top-level names to ../../build/master_node/master_node.egg-info/top_level.txt
writing manifest file '../../build/master_node/master_node.egg-info/SOURCES.txt'
reading manifest file '../../build/master_node/master_node.egg-info/SOURCES.txt'
writing manifest file '../../build/master_node/master_node.egg-info/SOURCES.txt'
running build
running build_py
creating /home/cimi/Documents/Workspace/ProjectRos2XYolo/build/master_node/build
creating /home/cimi/Documents/Workspace/ProjectRos2XYolo/build/master_node/build/lib
creating /home/cimi/Documents/Workspace/ProjectRos2XYolo/build/master_node/build/lib/master_node
copying master_node/__init__.py -> /home/cimi/Documents/Workspace/ProjectRos2XYolo/build/master_node/build/lib/master_node
copying master_node/master_node.py -> /home/cimi/Documents/Workspace/ProjectRos2XYolo/build/master_node/build/lib/master_node
running install
running install_lib
creating /home/cimi/Documents/Workspace/ProjectRos2XYolo/install/master_node/lib/python3.8/site-packages/master_node
copying /home/cimi/Documents/Workspace/ProjectRos2XYolo/build/master_node/build/lib/master_node/__init__.py -> /home/cimi/Documents/Workspace/ProjectRos2XYolo/install/master_node/lib/python3.8/site-packages/master_node
copying /home/cimi/Documents/Workspace/ProjectRos2XYolo/build/master_node/build/lib/master_node/master_node.py -> /home/cimi/Documents/Workspace/ProjectRos2XYolo/install/master_node/lib/python3.8/site-packages/master_node
byte-compiling /home/cimi/Documents/Workspace/ProjectRos2XYolo/install/master_node/lib/python3.8/site-packages/master_node/__init__.py to __init__.cpython-38.pyc
byte-compiling /home/cimi/Documents/Workspace/ProjectRos2XYolo/install/master_node/lib/python3.8/site-packages/master_node/master_node.py to master_node.cpython-38.pyc
running install_data
creating /home/cimi/Documents/Workspace/ProjectRos2XYolo/install/master_node/share/ament_index
creating /home/cimi/Documents/Workspace/ProjectRos2XYolo/install/master_node/share/ament_index/resource_index
creating /home/cimi/Documents/Workspace/ProjectRos2XYolo/install/master_node/share/ament_index/resource_index/packages
copying resource/master_node -> /home/cimi/Documents/Workspace/ProjectRos2XYolo/install/master_node/share/ament_index/resource_index/packages
copying package.xml -> /home/cimi/Documents/Workspace/ProjectRos2XYolo/install/master_node/share/master_node
running install_egg_info
Copying ../../build/master_node/master_node.egg-info to /home/cimi/Documents/Workspace/ProjectRos2XYolo/install/master_node/lib/python3.8/site-packages/master_node-0.0.0-py3.8.egg-info
running install_scripts
Installing master script to /home/cimi/Documents/Workspace/ProjectRos2XYolo/install/master_node/lib/master_node
writing list of installed files to '/home/cimi/Documents/Workspace/ProjectRos2XYolo/build/master_node/install.log'
