[1.326s] Invoking command in '/home/cimi/Documents/Workspace/ProjectRos2XYolo/src/master_node': AMENT_PREFIX_PATH=/home/cimi/Documents/Workspace/ProjectRos2XYolo/install/pesan:${AMENT_PREFIX_PATH} CMAKE_PREFIX_PATH=/home/cimi/Documents/Workspace/ProjectRos2XYolo/install/pesan:${CMAKE_PREFIX_PATH} LD_LIBRARY_PATH=/home/cimi/Documents/Workspace/ProjectRos2XYolo/install/pesan/lib:${LD_LIBRARY_PATH} PYTHONPATH=/home/cimi/Documents/Workspace/ProjectRos2XYolo/install/master_node/lib/python3.8/site-packages:/home/cimi/Documents/Workspace/ProjectRos2XYolo/install/pesan/lib/python3.8/site-packages:${PYTHONPATH} /usr/bin/python3 setup.py egg_info --egg-base ../../build/master_node build --build-base /home/cimi/Documents/Workspace/ProjectRos2XYolo/build/master_node/build install --prefix /home/cimi/Documents/Workspace/ProjectRos2XYolo/install/master_node --record /home/cimi/Documents/Workspace/ProjectRos2XYolo/build/master_node/install.log --single-version-externally-managed
[1.631s] running egg_info
[1.632s] creating ../../build/master_node/master_node.egg-info
[1.632s] writing ../../build/master_node/master_node.egg-info/PKG-INFO
[1.633s] writing dependency_links to ../../build/master_node/master_node.egg-info/dependency_links.txt
[1.633s] writing entry points to ../../build/master_node/master_node.egg-info/entry_points.txt
[1.633s] writing requirements to ../../build/master_node/master_node.egg-info/requires.txt
[1.633s] writing top-level names to ../../build/master_node/master_node.egg-info/top_level.txt
[1.635s] writing manifest file '../../build/master_node/master_node.egg-info/SOURCES.txt'
[1.680s] reading manifest file '../../build/master_node/master_node.egg-info/SOURCES.txt'
[1.681s] writing manifest file '../../build/master_node/master_node.egg-info/SOURCES.txt'
[1.681s] running build
[1.681s] running build_py
[1.682s] creating /home/cimi/Documents/Workspace/ProjectRos2XYolo/build/master_node/build
[1.682s] creating /home/cimi/Documents/Workspace/ProjectRos2XYolo/build/master_node/build/lib
[1.682s] creating /home/cimi/Documents/Workspace/ProjectRos2XYolo/build/master_node/build/lib/master_node
[1.682s] copying master_node/__init__.py -> /home/cimi/Documents/Workspace/ProjectRos2XYolo/build/master_node/build/lib/master_node
[1.682s] copying master_node/master_node.py -> /home/cimi/Documents/Workspace/ProjectRos2XYolo/build/master_node/build/lib/master_node
[1.682s] running install
[1.683s] running install_lib
[1.685s] creating /home/cimi/Documents/Workspace/ProjectRos2XYolo/install/master_node/lib/python3.8/site-packages/master_node
[1.685s] copying /home/cimi/Documents/Workspace/ProjectRos2XYolo/build/master_node/build/lib/master_node/__init__.py -> /home/cimi/Documents/Workspace/ProjectRos2XYolo/install/master_node/lib/python3.8/site-packages/master_node
[1.686s] copying /home/cimi/Documents/Workspace/ProjectRos2XYolo/build/master_node/build/lib/master_node/master_node.py -> /home/cimi/Documents/Workspace/ProjectRos2XYolo/install/master_node/lib/python3.8/site-packages/master_node
[1.686s] byte-compiling /home/cimi/Documents/Workspace/ProjectRos2XYolo/install/master_node/lib/python3.8/site-packages/master_node/__init__.py to __init__.cpython-38.pyc
[1.688s] byte-compiling /home/cimi/Documents/Workspace/ProjectRos2XYolo/install/master_node/lib/python3.8/site-packages/master_node/master_node.py to master_node.cpython-38.pyc
[1.689s] running install_data
[1.690s] creating /home/cimi/Documents/Workspace/ProjectRos2XYolo/install/master_node/share/ament_index
[1.690s] creating /home/cimi/Documents/Workspace/ProjectRos2XYolo/install/master_node/share/ament_index/resource_index
[1.690s] creating /home/cimi/Documents/Workspace/ProjectRos2XYolo/install/master_node/share/ament_index/resource_index/packages
[1.691s] copying resource/master_node -> /home/cimi/Documents/Workspace/ProjectRos2XYolo/install/master_node/share/ament_index/resource_index/packages
[1.691s] copying package.xml -> /home/cimi/Documents/Workspace/ProjectRos2XYolo/install/master_node/share/master_node
[1.691s] running install_egg_info
[1.693s] Copying ../../build/master_node/master_node.egg-info to /home/cimi/Documents/Workspace/ProjectRos2XYolo/install/master_node/lib/python3.8/site-packages/master_node-0.0.0-py3.8.egg-info
[1.695s] running install_scripts
[1.718s] Installing master script to /home/cimi/Documents/Workspace/ProjectRos2XYolo/install/master_node/lib/master_node
[1.718s] writing list of installed files to '/home/cimi/Documents/Workspace/ProjectRos2XYolo/build/master_node/install.log'
[1.753s] Invoked command in '/home/cimi/Documents/Workspace/ProjectRos2XYolo/src/master_node' returned '0': AMENT_PREFIX_PATH=/home/cimi/Documents/Workspace/ProjectRos2XYolo/install/pesan:${AMENT_PREFIX_PATH} CMAKE_PREFIX_PATH=/home/cimi/Documents/Workspace/ProjectRos2XYolo/install/pesan:${CMAKE_PREFIX_PATH} LD_LIBRARY_PATH=/home/cimi/Documents/Workspace/ProjectRos2XYolo/install/pesan/lib:${LD_LIBRARY_PATH} PYTHONPATH=/home/cimi/Documents/Workspace/ProjectRos2XYolo/install/master_node/lib/python3.8/site-packages:/home/cimi/Documents/Workspace/ProjectRos2XYolo/install/pesan/lib/python3.8/site-packages:${PYTHONPATH} /usr/bin/python3 setup.py egg_info --egg-base ../../build/master_node build --build-base /home/cimi/Documents/Workspace/ProjectRos2XYolo/build/master_node/build install --prefix /home/cimi/Documents/Workspace/ProjectRos2XYolo/install/master_node --record /home/cimi/Documents/Workspace/ProjectRos2XYolo/build/master_node/install.log --single-version-externally-managed
