[5.856s] Invoking command in '/home/cimi/Documents/Workspace/ProjectRos2XYolo/src/master_node': PYTHONPATH=/home/cimi/Documents/Workspace/ProjectRos2XYolo/install/master_node/lib/python3.8/site-packages:/home/cimi/Documents/Workspace/ProjectRos2XYolo/install/pesan/lib/python3.8/site-packages:/home/cimi/Documents/Workspace/ProjectRos2XYolo/install/test_custom_msg/lib/python3.8/site-packages:/home/cimi/Documents/Workspace/ProjectRos2XYolo/install/movement_node/lib/python3.8/site-packages:/home/cimi/Documents/Workspace/ProjectRos2XYolo/install/master_node/lib/python3.8/site-packages:/home/cimi/Documents/Workspace/ProjectRos2XYolo/install/movement_package/lib/python3.8/site-packages:/home/cimi/Documents/Workspace/ProjectRos2XYolo/install/cv_package/lib/python3.8/site-packages:/home/cimi/Documents/Workspace/ProjectRos2XYolo/install/custom_message/lib/python3.8/site-packages:/opt/ros/foxy/lib/python3.8/site-packages /usr/bin/python3 setup.py egg_info --egg-base ../../build/master_node build --build-base /home/cimi/Documents/Workspace/ProjectRos2XYolo/build/master_node/build install --prefix /home/cimi/Documents/Workspace/ProjectRos2XYolo/install/master_node --record /home/cimi/Documents/Workspace/ProjectRos2XYolo/build/master_node/install.log --single-version-externally-managed
[6.187s] running egg_info
[6.188s] writing ../../build/master_node/master_node.egg-info/PKG-INFO
[6.188s] writing dependency_links to ../../build/master_node/master_node.egg-info/dependency_links.txt
[6.189s] writing entry points to ../../build/master_node/master_node.egg-info/entry_points.txt
[6.189s] writing requirements to ../../build/master_node/master_node.egg-info/requires.txt
[6.189s] writing top-level names to ../../build/master_node/master_node.egg-info/top_level.txt
[6.236s] reading manifest file '../../build/master_node/master_node.egg-info/SOURCES.txt'
[6.237s] writing manifest file '../../build/master_node/master_node.egg-info/SOURCES.txt'
[6.237s] running build
[6.237s] running build_py
[6.238s] copying master_node/master_node.py -> /home/cimi/Documents/Workspace/ProjectRos2XYolo/build/master_node/build/lib/master_node
[6.238s] running install
[6.240s] running install_lib
[6.241s] copying /home/cimi/Documents/Workspace/ProjectRos2XYolo/build/master_node/build/lib/master_node/master_node.py -> /home/cimi/Documents/Workspace/ProjectRos2XYolo/install/master_node/lib/python3.8/site-packages/master_node
[6.242s] byte-compiling /home/cimi/Documents/Workspace/ProjectRos2XYolo/install/master_node/lib/python3.8/site-packages/master_node/master_node.py to master_node.cpython-38.pyc
[6.245s] running install_data
[6.245s] Sorry: TabError: inconsistent use of tabs and spaces in indentation (master_node.py, line 33)
[6.246s] running install_egg_info
[6.248s] removing '/home/cimi/Documents/Workspace/ProjectRos2XYolo/install/master_node/lib/python3.8/site-packages/master_node-0.0.0-py3.8.egg-info' (and everything under it)
[6.249s] Copying ../../build/master_node/master_node.egg-info to /home/cimi/Documents/Workspace/ProjectRos2XYolo/install/master_node/lib/python3.8/site-packages/master_node-0.0.0-py3.8.egg-info
[6.251s] running install_scripts
[6.273s] Installing master script to /home/cimi/Documents/Workspace/ProjectRos2XYolo/install/master_node/lib/master_node
[6.274s] writing list of installed files to '/home/cimi/Documents/Workspace/ProjectRos2XYolo/build/master_node/install.log'
[6.308s] Invoked command in '/home/cimi/Documents/Workspace/ProjectRos2XYolo/src/master_node' returned '0': PYTHONPATH=/home/cimi/Documents/Workspace/ProjectRos2XYolo/install/master_node/lib/python3.8/site-packages:/home/cimi/Documents/Workspace/ProjectRos2XYolo/install/pesan/lib/python3.8/site-packages:/home/cimi/Documents/Workspace/ProjectRos2XYolo/install/test_custom_msg/lib/python3.8/site-packages:/home/cimi/Documents/Workspace/ProjectRos2XYolo/install/movement_node/lib/python3.8/site-packages:/home/cimi/Documents/Workspace/ProjectRos2XYolo/install/master_node/lib/python3.8/site-packages:/home/cimi/Documents/Workspace/ProjectRos2XYolo/install/movement_package/lib/python3.8/site-packages:/home/cimi/Documents/Workspace/ProjectRos2XYolo/install/cv_package/lib/python3.8/site-packages:/home/cimi/Documents/Workspace/ProjectRos2XYolo/install/custom_message/lib/python3.8/site-packages:/opt/ros/foxy/lib/python3.8/site-packages /usr/bin/python3 setup.py egg_info --egg-base ../../build/master_node build --build-base /home/cimi/Documents/Workspace/ProjectRos2XYolo/build/master_node/build install --prefix /home/cimi/Documents/Workspace/ProjectRos2XYolo/install/master_node --record /home/cimi/Documents/Workspace/ProjectRos2XYolo/build/master_node/install.log --single-version-externally-managed
