[0.213s] Invoking command in '/home/cimi/Documents/Workspace/ProjectRos2XYolo/build/pesan': CMAKE_PREFIX_PATH=/opt/ros/foxy /usr/bin/cmake --build /home/cimi/Documents/Workspace/ProjectRos2XYolo/build/pesan -- -j8 -l8
[1.282s] [  2%] Built target pesan__cpp
[1.444s] [ 12%] Built target pesan__rosidl_generator_c
[1.447s] [ 23%] Built target pesan__rosidl_typesupport_cpp
[1.448s] [ 33%] Built target pesan__rosidl_typesupport_introspection_cpp
[1.454s] [ 43%] Built target pesan__rosidl_typesupport_fastrtps_cpp
[1.570s] [ 53%] Built target pesan__rosidl_typesupport_fastrtps_c
[1.579s] [ 64%] Built target pesan__rosidl_typesupport_c
[1.853s] [ 74%] Built target pesan__rosidl_typesupport_introspection_c
[1.942s] [ 74%] Built target pesan
[2.032s] [ 76%] Built target pesan__py
[2.207s] [ 84%] Built target pesan__python
[2.254s] [ 89%] Built target pesan__rosidl_typesupport_fastrtps_c__pyext
[2.287s] [ 94%] Built target pesan__rosidl_typesupport_c__pyext
[2.311s] [100%] Built target pesan__rosidl_typesupport_introspection_c__pyext
[2.326s] Invoked command in '/home/cimi/Documents/Workspace/ProjectRos2XYolo/build/pesan' returned '0': CMAKE_PREFIX_PATH=/opt/ros/foxy /usr/bin/cmake --build /home/cimi/Documents/Workspace/ProjectRos2XYolo/build/pesan -- -j8 -l8
[2.416s] Invoking command in '/home/cimi/Documents/Workspace/ProjectRos2XYolo/build/pesan': CMAKE_PREFIX_PATH=/opt/ros/foxy /usr/bin/cmake --install /home/cimi/Documents/Workspace/ProjectRos2XYolo/build/pesan
[2.429s] -- Install configuration: ""
[2.429s] -- Up-to-date: /home/cimi/Documents/Workspace/ProjectRos2XYolo/install/pesan/share/ament_index/resource_index/rosidl_interfaces/pesan
[2.429s] -- Up-to-date: /home/cimi/Documents/Workspace/ProjectRos2XYolo/install/pesan/include/pesan
[2.429s] -- Up-to-date: /home/cimi/Documents/Workspace/ProjectRos2XYolo/install/pesan/include/pesan/msg
[2.430s] -- Up-to-date: /home/cimi/Documents/Workspace/ProjectRos2XYolo/install/pesan/include/pesan/msg/rosidl_generator_c__visibility_control.h
[2.430s] -- Up-to-date: /home/cimi/Documents/Workspace/ProjectRos2XYolo/install/pesan/include/pesan/msg/movement.h
[2.430s] -- Up-to-date: /home/cimi/Documents/Workspace/ProjectRos2XYolo/install/pesan/include/pesan/msg/detail
[2.430s] -- Up-to-date: /home/cimi/Documents/Workspace/ProjectRos2XYolo/install/pesan/include/pesan/msg/detail/movement__struct.h
[2.430s] -- Up-to-date: /home/cimi/Documents/Workspace/ProjectRos2XYolo/install/pesan/include/pesan/msg/detail/movement__type_support.h
[2.430s] -- Up-to-date: /home/cimi/Documents/Workspace/ProjectRos2XYolo/install/pesan/include/pesan/msg/detail/mission__functions.h
[2.430s] -- Up-to-date: /home/cimi/Documents/Workspace/ProjectRos2XYolo/install/pesan/include/pesan/msg/detail/mission__functions.c
[2.431s] -- Up-to-date: /home/cimi/Documents/Workspace/ProjectRos2XYolo/install/pesan/include/pesan/msg/detail/mission__type_support.h
[2.431s] -- Up-to-date: /home/cimi/Documents/Workspace/ProjectRos2XYolo/install/pesan/include/pesan/msg/detail/mission__struct.h
[2.431s] -- Up-to-date: /home/cimi/Documents/Workspace/ProjectRos2XYolo/install/pesan/include/pesan/msg/detail/movement__functions.h
[2.431s] -- Up-to-date: /home/cimi/Documents/Workspace/ProjectRos2XYolo/install/pesan/include/pesan/msg/detail/movement__functions.c
[2.431s] -- Up-to-date: /home/cimi/Documents/Workspace/ProjectRos2XYolo/install/pesan/include/pesan/msg/mission.h
[2.431s] -- Up-to-date: /home/cimi/Documents/Workspace/ProjectRos2XYolo/install/pesan/share/pesan/environment/library_path.sh
[2.431s] -- Up-to-date: /home/cimi/Documents/Workspace/ProjectRos2XYolo/install/pesan/share/pesan/environment/library_path.dsv
[2.448s] -- Up-to-date: /home/cimi/Documents/Workspace/ProjectRos2XYolo/install/pesan/lib/libpesan__rosidl_generator_c.so
[2.448s] -- Up-to-date: /home/cimi/Documents/Workspace/ProjectRos2XYolo/install/pesan/include/pesan
[2.448s] -- Up-to-date: /home/cimi/Documents/Workspace/ProjectRos2XYolo/install/pesan/include/pesan/msg
[2.448s] -- Up-to-date: /home/cimi/Documents/Workspace/ProjectRos2XYolo/install/pesan/include/pesan/msg/rosidl_typesupport_fastrtps_c__visibility_control.h
[2.449s] -- Up-to-date: /home/cimi/Documents/Workspace/ProjectRos2XYolo/install/pesan/include/pesan/msg/detail
[2.449s] -- Up-to-date: /home/cimi/Documents/Workspace/ProjectRos2XYolo/install/pesan/include/pesan/msg/detail/movement__rosidl_typesupport_fastrtps_c.h
[2.449s] -- Up-to-date: /home/cimi/Documents/Workspace/ProjectRos2XYolo/install/pesan/include/pesan/msg/detail/mission__rosidl_typesupport_fastrtps_c.h
[2.451s] -- Up-to-date: /home/cimi/Documents/Workspace/ProjectRos2XYolo/install/pesan/lib/libpesan__rosidl_typesupport_fastrtps_c.so
[2.452s] -- Up-to-date: /home/cimi/Documents/Workspace/ProjectRos2XYolo/install/pesan/include/pesan
[2.452s] -- Up-to-date: /home/cimi/Documents/Workspace/ProjectRos2XYolo/install/pesan/include/pesan/msg
[2.452s] -- Up-to-date: /home/cimi/Documents/Workspace/ProjectRos2XYolo/install/pesan/include/pesan/msg/detail
[2.452s] -- Up-to-date: /home/cimi/Documents/Workspace/ProjectRos2XYolo/install/pesan/include/pesan/msg/detail/movement__rosidl_typesupport_fastrtps_cpp.hpp
[2.452s] -- Up-to-date: /home/cimi/Documents/Workspace/ProjectRos2XYolo/install/pesan/include/pesan/msg/detail/dds_fastrtps
[2.452s] -- Up-to-date: /home/cimi/Documents/Workspace/ProjectRos2XYolo/install/pesan/include/pesan/msg/detail/mission__rosidl_typesupport_fastrtps_cpp.hpp
[2.453s] -- Up-to-date: /home/cimi/Documents/Workspace/ProjectRos2XYolo/install/pesan/include/pesan/msg/rosidl_typesupport_fastrtps_cpp__visibility_control.h
[2.453s] -- Up-to-date: /home/cimi/Documents/Workspace/ProjectRos2XYolo/install/pesan/lib/libpesan__rosidl_typesupport_fastrtps_cpp.so
[2.453s] -- Up-to-date: /home/cimi/Documents/Workspace/ProjectRos2XYolo/install/pesan/include/pesan
[2.453s] -- Up-to-date: /home/cimi/Documents/Workspace/ProjectRos2XYolo/install/pesan/include/pesan/msg
[2.453s] -- Up-to-date: /home/cimi/Documents/Workspace/ProjectRos2XYolo/install/pesan/include/pesan/msg/detail
[2.454s] -- Up-to-date: /home/cimi/Documents/Workspace/ProjectRos2XYolo/install/pesan/include/pesan/msg/detail/mission__type_support.c
[2.454s] -- Up-to-date: /home/cimi/Documents/Workspace/ProjectRos2XYolo/install/pesan/include/pesan/msg/detail/movement__rosidl_typesupport_introspection_c.h
[2.454s] -- Up-to-date: /home/cimi/Documents/Workspace/ProjectRos2XYolo/install/pesan/include/pesan/msg/detail/movement__type_support.c
[2.454s] -- Up-to-date: /home/cimi/Documents/Workspace/ProjectRos2XYolo/install/pesan/include/pesan/msg/detail/mission__rosidl_typesupport_introspection_c.h
[2.454s] -- Up-to-date: /home/cimi/Documents/Workspace/ProjectRos2XYolo/install/pesan/include/pesan/msg/rosidl_typesupport_introspection_c__visibility_control.h
[2.454s] -- Up-to-date: /home/cimi/Documents/Workspace/ProjectRos2XYolo/install/pesan/lib/libpesan__rosidl_typesupport_introspection_c.so
[2.456s] -- Up-to-date: /home/cimi/Documents/Workspace/ProjectRos2XYolo/install/pesan/lib/libpesan__rosidl_typesupport_c.so
[2.456s] -- Up-to-date: /home/cimi/Documents/Workspace/ProjectRos2XYolo/install/pesan/include/pesan
[2.457s] -- Up-to-date: /home/cimi/Documents/Workspace/ProjectRos2XYolo/install/pesan/include/pesan/msg
[2.457s] -- Up-to-date: /home/cimi/Documents/Workspace/ProjectRos2XYolo/install/pesan/include/pesan/msg/movement.hpp
[2.457s] -- Up-to-date: /home/cimi/Documents/Workspace/ProjectRos2XYolo/install/pesan/include/pesan/msg/detail
[2.457s] -- Up-to-date: /home/cimi/Documents/Workspace/ProjectRos2XYolo/install/pesan/include/pesan/msg/detail/movement__traits.hpp
[2.458s] -- Up-to-date: /home/cimi/Documents/Workspace/ProjectRos2XYolo/install/pesan/include/pesan/msg/detail/movement__struct.hpp
[2.458s] -- Up-to-date: /home/cimi/Documents/Workspace/ProjectRos2XYolo/install/pesan/include/pesan/msg/detail/mission__builder.hpp
[2.458s] -- Up-to-date: /home/cimi/Documents/Workspace/ProjectRos2XYolo/install/pesan/include/pesan/msg/detail/mission__struct.hpp
[2.458s] -- Up-to-date: /home/cimi/Documents/Workspace/ProjectRos2XYolo/install/pesan/include/pesan/msg/detail/mission__traits.hpp
[2.458s] -- Up-to-date: /home/cimi/Documents/Workspace/ProjectRos2XYolo/install/pesan/include/pesan/msg/detail/movement__builder.hpp
[2.458s] -- Up-to-date: /home/cimi/Documents/Workspace/ProjectRos2XYolo/install/pesan/include/pesan/msg/mission.hpp
[2.459s] -- Up-to-date: /home/cimi/Documents/Workspace/ProjectRos2XYolo/install/pesan/include/pesan
[2.459s] -- Up-to-date: /home/cimi/Documents/Workspace/ProjectRos2XYolo/install/pesan/include/pesan/msg
[2.459s] -- Up-to-date: /home/cimi/Documents/Workspace/ProjectRos2XYolo/install/pesan/include/pesan/msg/detail
[2.460s] -- Up-to-date: /home/cimi/Documents/Workspace/ProjectRos2XYolo/install/pesan/include/pesan/msg/detail/movement__rosidl_typesupport_introspection_cpp.hpp
[2.460s] -- Up-to-date: /home/cimi/Documents/Workspace/ProjectRos2XYolo/install/pesan/include/pesan/msg/detail/movement__type_support.cpp
[2.460s] -- Up-to-date: /home/cimi/Documents/Workspace/ProjectRos2XYolo/install/pesan/include/pesan/msg/detail/mission__type_support.cpp
[2.460s] -- Up-to-date: /home/cimi/Documents/Workspace/ProjectRos2XYolo/install/pesan/include/pesan/msg/detail/mission__rosidl_typesupport_introspection_cpp.hpp
[2.496s] -- Up-to-date: /home/cimi/Documents/Workspace/ProjectRos2XYolo/install/pesan/lib/libpesan__rosidl_typesupport_introspection_cpp.so
[2.499s] -- Up-to-date: /home/cimi/Documents/Workspace/ProjectRos2XYolo/install/pesan/lib/libpesan__rosidl_typesupport_cpp.so
[2.500s] -- Up-to-date: /home/cimi/Documents/Workspace/ProjectRos2XYolo/install/pesan/share/pesan/environment/pythonpath.sh
[2.500s] -- Up-to-date: /home/cimi/Documents/Workspace/ProjectRos2XYolo/install/pesan/share/pesan/environment/pythonpath.dsv
[2.500s] -- Up-to-date: /home/cimi/Documents/Workspace/ProjectRos2XYolo/install/pesan/lib/python3.8/site-packages/pesan/__init__.py
[2.541s] -- Up-to-date: /home/cimi/Documents/Workspace/ProjectRos2XYolo/install/pesan/lib/python3.8/site-packages/pesan/msg
[2.541s] -- Up-to-date: /home/cimi/Documents/Workspace/ProjectRos2XYolo/install/pesan/lib/python3.8/site-packages/pesan/msg/_mission_s.c
[2.542s] -- Up-to-date: /home/cimi/Documents/Workspace/ProjectRos2XYolo/install/pesan/lib/python3.8/site-packages/pesan/msg/__init__.py
[2.542s] -- Up-to-date: /home/cimi/Documents/Workspace/ProjectRos2XYolo/install/pesan/lib/python3.8/site-packages/pesan/msg/_mission.py
[2.542s] -- Up-to-date: /home/cimi/Documents/Workspace/ProjectRos2XYolo/install/pesan/lib/python3.8/site-packages/pesan/msg/_movement_s.c
[2.542s] -- Up-to-date: /home/cimi/Documents/Workspace/ProjectRos2XYolo/install/pesan/lib/python3.8/site-packages/pesan/msg/_movement.py
[2.544s] -- Up-to-date: /home/cimi/Documents/Workspace/ProjectRos2XYolo/install/pesan/lib/python3.8/site-packages/pesan/pesan_s__rosidl_typesupport_fastrtps_c.cpython-38-x86_64-linux-gnu.so
[2.546s] -- Up-to-date: /home/cimi/Documents/Workspace/ProjectRos2XYolo/install/pesan/lib/python3.8/site-packages/pesan/pesan_s__rosidl_typesupport_introspection_c.cpython-38-x86_64-linux-gnu.so
[2.548s] -- Up-to-date: /home/cimi/Documents/Workspace/ProjectRos2XYolo/install/pesan/lib/python3.8/site-packages/pesan/pesan_s__rosidl_typesupport_c.cpython-38-x86_64-linux-gnu.so
[2.549s] -- Up-to-date: /home/cimi/Documents/Workspace/ProjectRos2XYolo/install/pesan/lib/libpesan__python.so
[2.550s] -- Up-to-date: /home/cimi/Documents/Workspace/ProjectRos2XYolo/install/pesan/share/pesan/msg/Movement.idl
[2.550s] -- Up-to-date: /home/cimi/Documents/Workspace/ProjectRos2XYolo/install/pesan/share/pesan/msg/Mission.idl
[2.550s] -- Up-to-date: /home/cimi/Documents/Workspace/ProjectRos2XYolo/install/pesan/share/pesan/msg/Movement.msg
[2.551s] -- Up-to-date: /home/cimi/Documents/Workspace/ProjectRos2XYolo/install/pesan/share/pesan/msg/Mission.msg
[2.551s] -- Up-to-date: /home/cimi/Documents/Workspace/ProjectRos2XYolo/install/pesan/share/ament_index/resource_index/package_run_dependencies/pesan
[2.551s] -- Up-to-date: /home/cimi/Documents/Workspace/ProjectRos2XYolo/install/pesan/share/ament_index/resource_index/parent_prefix_path/pesan
[2.551s] -- Up-to-date: /home/cimi/Documents/Workspace/ProjectRos2XYolo/install/pesan/share/pesan/environment/ament_prefix_path.sh
[2.552s] -- Up-to-date: /home/cimi/Documents/Workspace/ProjectRos2XYolo/install/pesan/share/pesan/environment/ament_prefix_path.dsv
[2.552s] -- Up-to-date: /home/cimi/Documents/Workspace/ProjectRos2XYolo/install/pesan/share/pesan/environment/path.sh
[2.552s] -- Up-to-date: /home/cimi/Documents/Workspace/ProjectRos2XYolo/install/pesan/share/pesan/environment/path.dsv
[2.552s] -- Up-to-date: /home/cimi/Documents/Workspace/ProjectRos2XYolo/install/pesan/share/pesan/local_setup.bash
[2.552s] -- Up-to-date: /home/cimi/Documents/Workspace/ProjectRos2XYolo/install/pesan/share/pesan/local_setup.sh
[2.553s] -- Up-to-date: /home/cimi/Documents/Workspace/ProjectRos2XYolo/install/pesan/share/pesan/local_setup.zsh
[2.553s] -- Up-to-date: /home/cimi/Documents/Workspace/ProjectRos2XYolo/install/pesan/share/pesan/local_setup.dsv
[2.553s] -- Installing: /home/cimi/Documents/Workspace/ProjectRos2XYolo/install/pesan/share/pesan/package.dsv
[2.592s] -- Up-to-date: /home/cimi/Documents/Workspace/ProjectRos2XYolo/install/pesan/share/ament_index/resource_index/packages/pesan
[2.656s] -- Up-to-date: /home/cimi/Documents/Workspace/ProjectRos2XYolo/install/pesan/share/pesan/cmake/pesan__rosidl_generator_cExport.cmake
[2.656s] -- Up-to-date: /home/cimi/Documents/Workspace/ProjectRos2XYolo/install/pesan/share/pesan/cmake/pesan__rosidl_generator_cExport-noconfig.cmake
[2.657s] -- Up-to-date: /home/cimi/Documents/Workspace/ProjectRos2XYolo/install/pesan/share/pesan/cmake/pesan__rosidl_typesupport_introspection_cExport.cmake
[2.657s] -- Up-to-date: /home/cimi/Documents/Workspace/ProjectRos2XYolo/install/pesan/share/pesan/cmake/pesan__rosidl_typesupport_introspection_cExport-noconfig.cmake
[2.658s] -- Up-to-date: /home/cimi/Documents/Workspace/ProjectRos2XYolo/install/pesan/share/pesan/cmake/pesan__rosidl_typesupport_cExport.cmake
[2.658s] -- Up-to-date: /home/cimi/Documents/Workspace/ProjectRos2XYolo/install/pesan/share/pesan/cmake/pesan__rosidl_typesupport_cExport-noconfig.cmake
[2.663s] -- Up-to-date: /home/cimi/Documents/Workspace/ProjectRos2XYolo/install/pesan/share/pesan/cmake/pesan__rosidl_generator_cppExport.cmake
[2.973s] -- Up-to-date: /home/cimi/Documents/Workspace/ProjectRos2XYolo/install/pesan/share/pesan/cmake/pesan__rosidl_typesupport_introspection_cppExport.cmake
[2.974s] -- Up-to-date: /home/cimi/Documents/Workspace/ProjectRos2XYolo/install/pesan/share/pesan/cmake/pesan__rosidl_typesupport_introspection_cppExport-noconfig.cmake
[2.975s] -- Up-to-date: /home/cimi/Documents/Workspace/ProjectRos2XYolo/install/pesan/share/pesan/cmake/pesan__rosidl_typesupport_cppExport.cmake
[2.976s] -- Up-to-date: /home/cimi/Documents/Workspace/ProjectRos2XYolo/install/pesan/share/pesan/cmake/pesan__rosidl_typesupport_cppExport-noconfig.cmake
[2.977s] -- Up-to-date: /home/cimi/Documents/Workspace/ProjectRos2XYolo/install/pesan/share/pesan/cmake/rosidl_cmake-extras.cmake
[2.977s] -- Up-to-date: /home/cimi/Documents/Workspace/ProjectRos2XYolo/install/pesan/share/pesan/cmake/ament_cmake_export_dependencies-extras.cmake
[2.978s] -- Up-to-date: /home/cimi/Documents/Workspace/ProjectRos2XYolo/install/pesan/share/pesan/cmake/ament_cmake_export_libraries-extras.cmake
[2.978s] -- Up-to-date: /home/cimi/Documents/Workspace/ProjectRos2XYolo/install/pesan/share/pesan/cmake/ament_cmake_export_targets-extras.cmake
[2.979s] -- Up-to-date: /home/cimi/Documents/Workspace/ProjectRos2XYolo/install/pesan/share/pesan/cmake/ament_cmake_export_include_directories-extras.cmake
[2.979s] -- Up-to-date: /home/cimi/Documents/Workspace/ProjectRos2XYolo/install/pesan/share/pesan/cmake/rosidl_cmake_export_typesupport_libraries-extras.cmake
[2.979s] -- Up-to-date: /home/cimi/Documents/Workspace/ProjectRos2XYolo/install/pesan/share/pesan/cmake/rosidl_cmake_export_typesupport_targets-extras.cmake
[2.979s] -- Up-to-date: /home/cimi/Documents/Workspace/ProjectRos2XYolo/install/pesan/share/pesan/cmake/pesanConfig.cmake
[2.980s] -- Up-to-date: /home/cimi/Documents/Workspace/ProjectRos2XYolo/install/pesan/share/pesan/cmake/pesanConfig-version.cmake
[2.980s] -- Up-to-date: /home/cimi/Documents/Workspace/ProjectRos2XYolo/install/pesan/share/pesan/package.xml
[3.003s] Invoked command in '/home/cimi/Documents/Workspace/ProjectRos2XYolo/build/pesan' returned '0': CMAKE_PREFIX_PATH=/opt/ros/foxy /usr/bin/cmake --install /home/cimi/Documents/Workspace/ProjectRos2XYolo/build/pesan
