[1.074s] Invoking command in '/home/cimi/Documents/Workspace/ProjectRos2XYolo/src/movement_package': PYTHONPATH=/home/cimi/Documents/Workspace/ProjectRos2XYolo/install/movement_package/lib/python3.8/site-packages:${PYTHONPATH} /usr/bin/python3 setup.py egg_info --egg-base ../../build/movement_package build --build-base /home/cimi/Documents/Workspace/ProjectRos2XYolo/build/movement_package/build install --prefix /home/cimi/Documents/Workspace/ProjectRos2XYolo/install/movement_package --record /home/cimi/Documents/Workspace/ProjectRos2XYolo/build/movement_package/install.log --single-version-externally-managed
[1.317s] running egg_info
[1.319s] writing ../../build/movement_package/movement_package.egg-info/PKG-INFO
[1.319s] writing dependency_links to ../../build/movement_package/movement_package.egg-info/dependency_links.txt
[1.319s] writing entry points to ../../build/movement_package/movement_package.egg-info/entry_points.txt
[1.319s] writing requirements to ../../build/movement_package/movement_package.egg-info/requires.txt
[1.319s] writing top-level names to ../../build/movement_package/movement_package.egg-info/top_level.txt
[1.355s] reading manifest file '../../build/movement_package/movement_package.egg-info/SOURCES.txt'
[1.356s] writing manifest file '../../build/movement_package/movement_package.egg-info/SOURCES.txt'
[1.356s] running build
[1.358s] running build_py
[1.359s] running install
[1.359s] running install_lib
[1.360s] running install_data
[1.361s] running install_egg_info
[1.363s] removing '/home/cimi/Documents/Workspace/ProjectRos2XYolo/install/movement_package/lib/python3.8/site-packages/movement_package-0.0.0-py3.8.egg-info' (and everything under it)
[1.364s] Copying ../../build/movement_package/movement_package.egg-info to /home/cimi/Documents/Workspace/ProjectRos2XYolo/install/movement_package/lib/python3.8/site-packages/movement_package-0.0.0-py3.8.egg-info
[1.365s] running install_scripts
[1.387s] Installing kecepatan script to /home/cimi/Documents/Workspace/ProjectRos2XYolo/install/movement_package/lib/movement_package
[1.387s] writing list of installed files to '/home/cimi/Documents/Workspace/ProjectRos2XYolo/build/movement_package/install.log'
[1.413s] Invoked command in '/home/cimi/Documents/Workspace/ProjectRos2XYolo/src/movement_package' returned '0': PYTHONPATH=/home/cimi/Documents/Workspace/ProjectRos2XYolo/install/movement_package/lib/python3.8/site-packages:${PYTHONPATH} /usr/bin/python3 setup.py egg_info --egg-base ../../build/movement_package build --build-base /home/cimi/Documents/Workspace/ProjectRos2XYolo/build/movement_package/build install --prefix /home/cimi/Documents/Workspace/ProjectRos2XYolo/install/movement_package --record /home/cimi/Documents/Workspace/ProjectRos2XYolo/build/movement_package/install.log --single-version-externally-managed
