[2.380s] DEBUG:colcon:Command line arguments: ['/usr/bin/colcon', 'build']
[2.380s] DEBUG:colcon:Parsed command line arguments: Namespace(allow_overriding=[], ament_cmake_args=None, base_paths=['.'], build_base='build', catkin_cmake_args=None, catkin_skip_building_tests=False, cmake_args=None, cmake_clean_cache=False, cmake_clean_first=False, cmake_force_configure=False, cmake_target=None, cmake_target_skip_unavailable=False, continue_on_error=False, event_handlers=None, executor='parallel', ignore_user_meta=False, install_base='install', log_base=None, log_level=None, main=<bound method BuildVerb.main of <colcon_core.verb.build.BuildVerb object at 0x7f8a8f762790>>, merge_install=False, metas=['./colcon.meta'], packages_above=None, packages_above_and_dependencies=None, packages_above_depth=None, packages_end=None, packages_ignore=None, packages_ignore_regex=None, packages_select=None, packages_select_build_failed=False, packages_select_by_dep=None, packages_select_regex=None, packages_select_test_failures=False, packages_skip=None, packages_skip_build_finished=False, packages_skip_by_dep=None, packages_skip_regex=None, packages_skip_test_passed=False, packages_skip_up_to=None, packages_start=None, packages_up_to=None, packages_up_to_regex=None, parallel_workers=8, paths=None, symlink_install=False, test_result_base=None, verb_extension=<colcon_core.verb.build.BuildVerb object at 0x7f8a8f762790>, verb_name='build', verb_parser=<colcon_defaults.argument_parser.defaults.DefaultArgumentsDecorator object at 0x7f8a8f762d00>)
[3.005s] Level 1:colcon.colcon_core.package_discovery:discover_packages(colcon_meta) check parameters
[3.006s] Level 1:colcon.colcon_core.package_discovery:discover_packages(recursive) check parameters
[3.006s] Level 1:colcon.colcon_core.package_discovery:discover_packages(ignore) check parameters
[3.006s] Level 1:colcon.colcon_core.package_discovery:discover_packages(path) check parameters
[3.006s] Level 1:colcon.colcon_core.package_discovery:discover_packages(colcon_meta) discover
[3.006s] Level 1:colcon.colcon_core.package_discovery:discover_packages(recursive) discover
[3.006s] INFO:colcon.colcon_core.package_discovery:Crawling recursively for packages in '/home/cimi/Documents/Workspace/belajar_ros2/ProjectRos2XYolo'
[3.006s] Level 1:colcon.colcon_core.package_identification:_identify(.) by extensions ['ignore', 'ignore_ament_install']
[3.006s] Level 1:colcon.colcon_core.package_identification:_identify(.) by extension 'ignore'
[3.006s] Level 1:colcon.colcon_core.package_identification:_identify(.) by extension 'ignore_ament_install'
[3.006s] Level 1:colcon.colcon_core.package_identification:_identify(.) by extensions ['colcon_pkg']
[3.007s] Level 1:colcon.colcon_core.package_identification:_identify(.) by extension 'colcon_pkg'
[3.007s] Level 1:colcon.colcon_core.package_identification:_identify(.) by extensions ['colcon_meta']
[3.007s] Level 1:colcon.colcon_core.package_identification:_identify(.) by extension 'colcon_meta'
[3.007s] Level 1:colcon.colcon_core.package_identification:_identify(.) by extensions ['ros']
[3.007s] Level 1:colcon.colcon_core.package_identification:_identify(.) by extension 'ros'
[3.021s] Level 1:colcon.colcon_core.package_identification:_identify(.) by extensions ['cmake', 'python']
[3.021s] Level 1:colcon.colcon_core.package_identification:_identify(.) by extension 'cmake'
[3.021s] Level 1:colcon.colcon_core.package_identification:_identify(.) by extension 'python'
[3.021s] Level 1:colcon.colcon_core.package_identification:_identify(.) by extensions ['python_setup_py']
[3.021s] Level 1:colcon.colcon_core.package_identification:_identify(.) by extension 'python_setup_py'
[3.021s] Level 1:colcon.colcon_core.package_identification:_identify(build) by extensions ['ignore', 'ignore_ament_install']
[3.022s] Level 1:colcon.colcon_core.package_identification:_identify(build) by extension 'ignore'
[3.022s] Level 1:colcon.colcon_core.package_identification:_identify(build) ignored
[3.022s] Level 1:colcon.colcon_core.package_identification:_identify(install) by extensions ['ignore', 'ignore_ament_install']
[3.022s] Level 1:colcon.colcon_core.package_identification:_identify(install) by extension 'ignore'
[3.022s] Level 1:colcon.colcon_core.package_identification:_identify(install) ignored
[3.022s] Level 1:colcon.colcon_core.package_identification:_identify(log) by extensions ['ignore', 'ignore_ament_install']
[3.022s] Level 1:colcon.colcon_core.package_identification:_identify(log) by extension 'ignore'
[3.022s] Level 1:colcon.colcon_core.package_identification:_identify(log) ignored
[3.023s] Level 1:colcon.colcon_core.package_identification:_identify(src) by extensions ['ignore', 'ignore_ament_install']
[3.023s] Level 1:colcon.colcon_core.package_identification:_identify(src) by extension 'ignore'
[3.023s] Level 1:colcon.colcon_core.package_identification:_identify(src) by extension 'ignore_ament_install'
[3.023s] Level 1:colcon.colcon_core.package_identification:_identify(src) by extensions ['colcon_pkg']
[3.023s] Level 1:colcon.colcon_core.package_identification:_identify(src) by extension 'colcon_pkg'
[3.023s] Level 1:colcon.colcon_core.package_identification:_identify(src) by extensions ['colcon_meta']
[3.023s] Level 1:colcon.colcon_core.package_identification:_identify(src) by extension 'colcon_meta'
[3.023s] Level 1:colcon.colcon_core.package_identification:_identify(src) by extensions ['ros']
[3.023s] Level 1:colcon.colcon_core.package_identification:_identify(src) by extension 'ros'
[3.023s] Level 1:colcon.colcon_core.package_identification:_identify(src) by extensions ['cmake', 'python']
[3.023s] Level 1:colcon.colcon_core.package_identification:_identify(src) by extension 'cmake'
[3.023s] Level 1:colcon.colcon_core.package_identification:_identify(src) by extension 'python'
[3.024s] Level 1:colcon.colcon_core.package_identification:_identify(src) by extensions ['python_setup_py']
[3.024s] Level 1:colcon.colcon_core.package_identification:_identify(src) by extension 'python_setup_py'
[3.024s] Level 1:colcon.colcon_core.package_identification:_identify(src/custom_message) by extensions ['ignore', 'ignore_ament_install']
[3.024s] Level 1:colcon.colcon_core.package_identification:_identify(src/custom_message) by extension 'ignore'
[3.024s] Level 1:colcon.colcon_core.package_identification:_identify(src/custom_message) by extension 'ignore_ament_install'
[3.024s] Level 1:colcon.colcon_core.package_identification:_identify(src/custom_message) by extensions ['colcon_pkg']
[3.024s] Level 1:colcon.colcon_core.package_identification:_identify(src/custom_message) by extension 'colcon_pkg'
[3.024s] Level 1:colcon.colcon_core.package_identification:_identify(src/custom_message) by extensions ['colcon_meta']
[3.024s] Level 1:colcon.colcon_core.package_identification:_identify(src/custom_message) by extension 'colcon_meta'
[3.024s] Level 1:colcon.colcon_core.package_identification:_identify(src/custom_message) by extensions ['ros']
[3.024s] Level 1:colcon.colcon_core.package_identification:_identify(src/custom_message) by extension 'ros'
[3.035s] DEBUG:colcon.colcon_core.package_identification:Package 'src/custom_message' with type 'ros.ament_cmake' and name 'custom_message'
[3.036s] Level 1:colcon.colcon_core.package_identification:_identify(src/cv_package) by extensions ['ignore', 'ignore_ament_install']
[3.036s] Level 1:colcon.colcon_core.package_identification:_identify(src/cv_package) by extension 'ignore'
[3.036s] Level 1:colcon.colcon_core.package_identification:_identify(src/cv_package) by extension 'ignore_ament_install'
[3.036s] Level 1:colcon.colcon_core.package_identification:_identify(src/cv_package) by extensions ['colcon_pkg']
[3.036s] Level 1:colcon.colcon_core.package_identification:_identify(src/cv_package) by extension 'colcon_pkg'
[3.036s] Level 1:colcon.colcon_core.package_identification:_identify(src/cv_package) by extensions ['colcon_meta']
[3.036s] Level 1:colcon.colcon_core.package_identification:_identify(src/cv_package) by extension 'colcon_meta'
[3.036s] Level 1:colcon.colcon_core.package_identification:_identify(src/cv_package) by extensions ['ros']
[3.036s] Level 1:colcon.colcon_core.package_identification:_identify(src/cv_package) by extension 'ros'
[3.064s] DEBUG:colcon.colcon_core.package_identification:Package 'src/cv_package' with type 'ros.ament_python' and name 'cv_package'
[3.064s] Level 1:colcon.colcon_core.package_discovery:discover_packages(recursive) using defaults
[3.064s] Level 1:colcon.colcon_core.package_discovery:discover_packages(ignore) discover
[3.064s] Level 1:colcon.colcon_core.package_discovery:discover_packages(ignore) using defaults
[3.065s] Level 1:colcon.colcon_core.package_discovery:discover_packages(path) discover
[3.065s] Level 1:colcon.colcon_core.package_discovery:discover_packages(path) using defaults
[3.305s] Level 1:colcon.colcon_core.package_discovery:discover_packages(prefix_path) check parameters
[3.305s] Level 1:colcon.colcon_core.package_discovery:discover_packages(prefix_path) discover
[3.368s] DEBUG:colcon.colcon_installed_package_information.package_discovery:Found 3 installed packages in /home/cimi/Documents/Workspace/belajar_ros2/ProjectRos2XYolo/install
[3.379s] DEBUG:colcon.colcon_installed_package_information.package_discovery:Found 256 installed packages in /opt/ros/foxy
[3.384s] Level 1:colcon.colcon_core.package_discovery:discover_packages(prefix_path) using defaults
[4.349s] Level 5:colcon.colcon_core.verb:set package 'custom_message' build argument 'cmake_args' from command line to 'None'
[4.349s] Level 5:colcon.colcon_core.verb:set package 'custom_message' build argument 'cmake_target' from command line to 'None'
[4.349s] Level 5:colcon.colcon_core.verb:set package 'custom_message' build argument 'cmake_target_skip_unavailable' from command line to 'False'
[4.350s] Level 5:colcon.colcon_core.verb:set package 'custom_message' build argument 'cmake_clean_cache' from command line to 'False'
[4.350s] Level 5:colcon.colcon_core.verb:set package 'custom_message' build argument 'cmake_clean_first' from command line to 'False'
[4.350s] Level 5:colcon.colcon_core.verb:set package 'custom_message' build argument 'cmake_force_configure' from command line to 'False'
[4.350s] Level 5:colcon.colcon_core.verb:set package 'custom_message' build argument 'ament_cmake_args' from command line to 'None'
[4.351s] Level 5:colcon.colcon_core.verb:set package 'custom_message' build argument 'catkin_cmake_args' from command line to 'None'
[4.351s] Level 5:colcon.colcon_core.verb:set package 'custom_message' build argument 'catkin_skip_building_tests' from command line to 'False'
[4.351s] DEBUG:colcon.colcon_core.verb:Building package 'custom_message' with the following arguments: {'ament_cmake_args': None, 'build_base': '/home/cimi/Documents/Workspace/belajar_ros2/ProjectRos2XYolo/build/custom_message', 'catkin_cmake_args': None, 'catkin_skip_building_tests': False, 'cmake_args': None, 'cmake_clean_cache': False, 'cmake_clean_first': False, 'cmake_force_configure': False, 'cmake_target': None, 'cmake_target_skip_unavailable': False, 'install_base': '/home/cimi/Documents/Workspace/belajar_ros2/ProjectRos2XYolo/install/custom_message', 'merge_install': False, 'path': '/home/cimi/Documents/Workspace/belajar_ros2/ProjectRos2XYolo/src/custom_message', 'symlink_install': False, 'test_result_base': None}
[4.356s] Level 5:colcon.colcon_core.verb:set package 'cv_package' build argument 'cmake_args' from command line to 'None'
[4.356s] Level 5:colcon.colcon_core.verb:set package 'cv_package' build argument 'cmake_target' from command line to 'None'
[4.356s] Level 5:colcon.colcon_core.verb:set package 'cv_package' build argument 'cmake_target_skip_unavailable' from command line to 'False'
[4.357s] Level 5:colcon.colcon_core.verb:set package 'cv_package' build argument 'cmake_clean_cache' from command line to 'False'
[4.357s] Level 5:colcon.colcon_core.verb:set package 'cv_package' build argument 'cmake_clean_first' from command line to 'False'
[4.357s] Level 5:colcon.colcon_core.verb:set package 'cv_package' build argument 'cmake_force_configure' from command line to 'False'
[4.357s] Level 5:colcon.colcon_core.verb:set package 'cv_package' build argument 'ament_cmake_args' from command line to 'None'
[4.357s] Level 5:colcon.colcon_core.verb:set package 'cv_package' build argument 'catkin_cmake_args' from command line to 'None'
[4.358s] Level 5:colcon.colcon_core.verb:set package 'cv_package' build argument 'catkin_skip_building_tests' from command line to 'False'
[4.358s] DEBUG:colcon.colcon_core.verb:Building package 'cv_package' with the following arguments: {'ament_cmake_args': None, 'build_base': '/home/cimi/Documents/Workspace/belajar_ros2/ProjectRos2XYolo/build/cv_package', 'catkin_cmake_args': None, 'catkin_skip_building_tests': False, 'cmake_args': None, 'cmake_clean_cache': False, 'cmake_clean_first': False, 'cmake_force_configure': False, 'cmake_target': None, 'cmake_target_skip_unavailable': False, 'install_base': '/home/cimi/Documents/Workspace/belajar_ros2/ProjectRos2XYolo/install/cv_package', 'merge_install': False, 'path': '/home/cimi/Documents/Workspace/belajar_ros2/ProjectRos2XYolo/src/cv_package', 'symlink_install': False, 'test_result_base': None}
[4.361s] INFO:colcon.colcon_core.executor:Executing jobs using 'parallel' executor
[4.371s] DEBUG:colcon.colcon_parallel_executor.executor.parallel:run_until_complete
[4.371s] INFO:colcon.colcon_ros.task.ament_cmake.build:Building ROS package in '/home/cimi/Documents/Workspace/belajar_ros2/ProjectRos2XYolo/src/custom_message' with build type 'ament_cmake'
[4.372s] INFO:colcon.colcon_cmake.task.cmake.build:Building CMake package in '/home/cimi/Documents/Workspace/belajar_ros2/ProjectRos2XYolo/src/custom_message'
[4.484s] INFO:colcon.colcon_core.plugin_system:Skipping extension 'colcon_core.shell.bat': Not used on non-Windows systems
[4.485s] INFO:colcon.colcon_core.shell:Skip shell extension 'powershell' for command environment: Not usable outside of PowerShell
[4.486s] DEBUG:colcon.colcon_core.shell:Skip shell extension 'dsv' for command environment
[4.526s] INFO:colcon.colcon_ros.task.ament_python.build:Building ROS package in '/home/cimi/Documents/Workspace/belajar_ros2/ProjectRos2XYolo/src/cv_package' with build type 'ament_python'
[4.527s] Level 1:colcon.colcon_core.shell:create_environment_hook('cv_package', 'ament_prefix_path')
[4.536s] INFO:colcon.colcon_core.shell:Creating environment hook '/home/cimi/Documents/Workspace/belajar_ros2/ProjectRos2XYolo/install/cv_package/share/cv_package/hook/ament_prefix_path.ps1'
[4.552s] INFO:colcon.colcon_core.shell:Creating environment descriptor '/home/cimi/Documents/Workspace/belajar_ros2/ProjectRos2XYolo/install/cv_package/share/cv_package/hook/ament_prefix_path.dsv'
[4.555s] INFO:colcon.colcon_core.shell:Creating environment hook '/home/cimi/Documents/Workspace/belajar_ros2/ProjectRos2XYolo/install/cv_package/share/cv_package/hook/ament_prefix_path.sh'
[4.562s] INFO:colcon.colcon_core.shell:Skip shell extension 'powershell' for command environment: Not usable outside of PowerShell
[4.562s] DEBUG:colcon.colcon_core.shell:Skip shell extension 'dsv' for command environment
[4.579s] DEBUG:colcon.colcon_core.event_handler.log_command:Invoking command in '/home/cimi/Documents/Workspace/belajar_ros2/ProjectRos2XYolo/build/custom_message': CMAKE_PREFIX_PATH=/home/cimi/Documents/Workspace/belajar_ros2/ProjectRos2XYolo/install/movement_package:/home/cimi/Documents/Workspace/belajar_ros2/ProjectRos2XYolo/install/master_package:/home/cimi/Documents/Workspace/belajar_ros2/ProjectRos2XYolo/install/cv_package:/opt/ros/foxy /usr/bin/cmake /home/cimi/Documents/Workspace/belajar_ros2/ProjectRos2XYolo/src/custom_message -DCMAKE_INSTALL_PREFIX=/home/cimi/Documents/Workspace/belajar_ros2/ProjectRos2XYolo/install/custom_message
[4.942s] INFO:colcon.colcon_core.task.python.build:Building Python package in '/home/cimi/Documents/Workspace/belajar_ros2/ProjectRos2XYolo/src/cv_package'
[4.945s] INFO:colcon.colcon_core.shell:Skip shell extension 'powershell' for command environment: Not usable outside of PowerShell
[4.945s] DEBUG:colcon.colcon_core.shell:Skip shell extension 'dsv' for command environment
[9.437s] DEBUG:colcon.colcon_core.event_handler.log_command:Invoking command in '/home/cimi/Documents/Workspace/belajar_ros2/ProjectRos2XYolo/src/cv_package': PYTHONPATH=/home/cimi/Documents/Workspace/belajar_ros2/ProjectRos2XYolo/install/cv_package/lib/python3.8/site-packages:${PYTHONPATH} /usr/bin/python3 setup.py egg_info --egg-base ../../build/cv_package build --build-base /home/cimi/Documents/Workspace/belajar_ros2/ProjectRos2XYolo/build/cv_package/build install --prefix /home/cimi/Documents/Workspace/belajar_ros2/ProjectRos2XYolo/install/cv_package --record /home/cimi/Documents/Workspace/belajar_ros2/ProjectRos2XYolo/build/cv_package/install.log --single-version-externally-managed
[9.895s] DEBUG:colcon.colcon_core.event_handler.log_command:Invoked command in '/home/cimi/Documents/Workspace/belajar_ros2/ProjectRos2XYolo/src/cv_package' returned '0': PYTHONPATH=/home/cimi/Documents/Workspace/belajar_ros2/ProjectRos2XYolo/install/cv_package/lib/python3.8/site-packages:${PYTHONPATH} /usr/bin/python3 setup.py egg_info --egg-base ../../build/cv_package build --build-base /home/cimi/Documents/Workspace/belajar_ros2/ProjectRos2XYolo/build/cv_package/build install --prefix /home/cimi/Documents/Workspace/belajar_ros2/ProjectRos2XYolo/install/cv_package --record /home/cimi/Documents/Workspace/belajar_ros2/ProjectRos2XYolo/build/cv_package/install.log --single-version-externally-managed
[10.082s] Level 1:colcon.colcon_core.environment:checking '/home/cimi/Documents/Workspace/belajar_ros2/ProjectRos2XYolo/install/cv_package' for CMake module files
[10.083s] Level 1:colcon.colcon_core.environment:checking '/home/cimi/Documents/Workspace/belajar_ros2/ProjectRos2XYolo/install/cv_package' for CMake config files
[10.084s] Level 1:colcon.colcon_core.environment:checking '/home/cimi/Documents/Workspace/belajar_ros2/ProjectRos2XYolo/install/cv_package/lib'
[10.084s] Level 1:colcon.colcon_core.environment:checking '/home/cimi/Documents/Workspace/belajar_ros2/ProjectRos2XYolo/install/cv_package/bin'
[10.085s] Level 1:colcon.colcon_core.environment:checking '/home/cimi/Documents/Workspace/belajar_ros2/ProjectRos2XYolo/install/cv_package/lib/pkgconfig/cv_package.pc'
[10.085s] Level 1:colcon.colcon_core.environment:checking '/home/cimi/Documents/Workspace/belajar_ros2/ProjectRos2XYolo/install/cv_package/lib/python3.8/site-packages'
[10.085s] Level 1:colcon.colcon_core.shell:create_environment_hook('cv_package', 'pythonpath')
[10.088s] INFO:colcon.colcon_core.shell:Creating environment hook '/home/cimi/Documents/Workspace/belajar_ros2/ProjectRos2XYolo/install/cv_package/share/cv_package/hook/pythonpath.ps1'
[10.089s] INFO:colcon.colcon_core.shell:Creating environment descriptor '/home/cimi/Documents/Workspace/belajar_ros2/ProjectRos2XYolo/install/cv_package/share/cv_package/hook/pythonpath.dsv'
[10.090s] INFO:colcon.colcon_core.shell:Creating environment hook '/home/cimi/Documents/Workspace/belajar_ros2/ProjectRos2XYolo/install/cv_package/share/cv_package/hook/pythonpath.sh'
[10.090s] Level 1:colcon.colcon_core.environment:checking '/home/cimi/Documents/Workspace/belajar_ros2/ProjectRos2XYolo/install/cv_package/bin'
[10.090s] Level 1:colcon.colcon_core.environment:create_environment_scripts_only(cv_package)
[10.093s] INFO:colcon.colcon_core.shell:Creating package script '/home/cimi/Documents/Workspace/belajar_ros2/ProjectRos2XYolo/install/cv_package/share/cv_package/package.ps1'
[10.116s] INFO:colcon.colcon_core.shell:Creating package descriptor '/home/cimi/Documents/Workspace/belajar_ros2/ProjectRos2XYolo/install/cv_package/share/cv_package/package.dsv'
[10.132s] INFO:colcon.colcon_core.shell:Creating package script '/home/cimi/Documents/Workspace/belajar_ros2/ProjectRos2XYolo/install/cv_package/share/cv_package/package.sh'
[10.136s] INFO:colcon.colcon_core.shell:Creating package script '/home/cimi/Documents/Workspace/belajar_ros2/ProjectRos2XYolo/install/cv_package/share/cv_package/package.bash'
[10.187s] INFO:colcon.colcon_core.shell:Creating package script '/home/cimi/Documents/Workspace/belajar_ros2/ProjectRos2XYolo/install/cv_package/share/cv_package/package.zsh'
[10.280s] Level 1:colcon.colcon_core.environment:create_file_with_runtime_dependencies(/home/cimi/Documents/Workspace/belajar_ros2/ProjectRos2XYolo/install/cv_package/share/colcon-core/packages/cv_package)
[13.293s] DEBUG:colcon.colcon_core.event_handler.log_command:Invoked command in '/home/cimi/Documents/Workspace/belajar_ros2/ProjectRos2XYolo/build/custom_message' returned '1': CMAKE_PREFIX_PATH=/home/cimi/Documents/Workspace/belajar_ros2/ProjectRos2XYolo/install/movement_package:/home/cimi/Documents/Workspace/belajar_ros2/ProjectRos2XYolo/install/master_package:/home/cimi/Documents/Workspace/belajar_ros2/ProjectRos2XYolo/install/cv_package:/opt/ros/foxy /usr/bin/cmake /home/cimi/Documents/Workspace/belajar_ros2/ProjectRos2XYolo/src/custom_message -DCMAKE_INSTALL_PREFIX=/home/cimi/Documents/Workspace/belajar_ros2/ProjectRos2XYolo/install/custom_message
[13.314s] Level 1:colcon.colcon_core.environment:create_environment_scripts_only(custom_message)
[13.319s] Level 1:colcon.colcon_core.environment:checking '/home/cimi/Documents/Workspace/belajar_ros2/ProjectRos2XYolo/install/custom_message' for CMake module files
[13.320s] Level 1:colcon.colcon_core.environment:checking '/home/cimi/Documents/Workspace/belajar_ros2/ProjectRos2XYolo/install/custom_message' for CMake config files
[13.320s] Level 1:colcon.colcon_core.environment:checking '/home/cimi/Documents/Workspace/belajar_ros2/ProjectRos2XYolo/install/custom_message/bin'
[13.320s] Level 1:colcon.colcon_core.environment:checking '/home/cimi/Documents/Workspace/belajar_ros2/ProjectRos2XYolo/install/custom_message/lib/pkgconfig/custom_message.pc'
[13.321s] Level 1:colcon.colcon_core.environment:checking '/home/cimi/Documents/Workspace/belajar_ros2/ProjectRos2XYolo/install/custom_message/lib/python3.8/site-packages'
[13.321s] Level 1:colcon.colcon_core.environment:checking '/home/cimi/Documents/Workspace/belajar_ros2/ProjectRos2XYolo/install/custom_message/bin'
[13.323s] INFO:colcon.colcon_core.shell:Creating package script '/home/cimi/Documents/Workspace/belajar_ros2/ProjectRos2XYolo/install/custom_message/share/custom_message/package.ps1'
[13.323s] INFO:colcon.colcon_core.shell:Creating package descriptor '/home/cimi/Documents/Workspace/belajar_ros2/ProjectRos2XYolo/install/custom_message/share/custom_message/package.dsv'
[13.324s] INFO:colcon.colcon_core.shell:Creating package script '/home/cimi/Documents/Workspace/belajar_ros2/ProjectRos2XYolo/install/custom_message/share/custom_message/package.sh'
[13.325s] INFO:colcon.colcon_core.shell:Creating package script '/home/cimi/Documents/Workspace/belajar_ros2/ProjectRos2XYolo/install/custom_message/share/custom_message/package.bash'
[13.325s] INFO:colcon.colcon_core.shell:Creating package script '/home/cimi/Documents/Workspace/belajar_ros2/ProjectRos2XYolo/install/custom_message/share/custom_message/package.zsh'
[13.325s] Level 1:colcon.colcon_core.environment:create_file_with_runtime_dependencies(/home/cimi/Documents/Workspace/belajar_ros2/ProjectRos2XYolo/install/custom_message/share/colcon-core/packages/custom_message)
[13.336s] DEBUG:colcon.colcon_parallel_executor.executor.parallel:closing loop
[13.336s] DEBUG:colcon.colcon_parallel_executor.executor.parallel:loop closed
[13.336s] DEBUG:colcon.colcon_parallel_executor.executor.parallel:run_until_complete finished with '1'
[13.336s] DEBUG:colcon.colcon_core.event_reactor:joining thread
[13.410s] INFO:colcon.colcon_core.plugin_system:Skipping extension 'colcon_notification.desktop_notification.terminal_notifier': Not used on non-Darwin systems
[13.411s] INFO:colcon.colcon_core.plugin_system:Skipping extension 'colcon_notification.desktop_notification.win32': Not used on non-Windows systems
[13.411s] INFO:colcon.colcon_notification.desktop_notification:Sending desktop notification using 'notify2'
[13.447s] DEBUG:colcon.colcon_core.event_reactor:joined thread
[13.450s] INFO:colcon.colcon_core.shell:Creating prefix script '/home/cimi/Documents/Workspace/belajar_ros2/ProjectRos2XYolo/install/local_setup.ps1'
[13.500s] INFO:colcon.colcon_core.shell:Creating prefix util module '/home/cimi/Documents/Workspace/belajar_ros2/ProjectRos2XYolo/install/_local_setup_util_ps1.py'
[13.504s] INFO:colcon.colcon_core.shell:Creating prefix chain script '/home/cimi/Documents/Workspace/belajar_ros2/ProjectRos2XYolo/install/setup.ps1'
[13.508s] INFO:colcon.colcon_core.shell:Creating prefix script '/home/cimi/Documents/Workspace/belajar_ros2/ProjectRos2XYolo/install/local_setup.sh'
[13.509s] INFO:colcon.colcon_core.shell:Creating prefix util module '/home/cimi/Documents/Workspace/belajar_ros2/ProjectRos2XYolo/install/_local_setup_util_sh.py'
[13.510s] INFO:colcon.colcon_core.shell:Creating prefix chain script '/home/cimi/Documents/Workspace/belajar_ros2/ProjectRos2XYolo/install/setup.sh'
[13.513s] INFO:colcon.colcon_core.shell:Creating prefix script '/home/cimi/Documents/Workspace/belajar_ros2/ProjectRos2XYolo/install/local_setup.bash'
[13.514s] INFO:colcon.colcon_core.shell:Creating prefix chain script '/home/cimi/Documents/Workspace/belajar_ros2/ProjectRos2XYolo/install/setup.bash'
[13.517s] INFO:colcon.colcon_core.shell:Creating prefix script '/home/cimi/Documents/Workspace/belajar_ros2/ProjectRos2XYolo/install/local_setup.zsh'
[13.518s] INFO:colcon.colcon_core.shell:Creating prefix chain script '/home/cimi/Documents/Workspace/belajar_ros2/ProjectRos2XYolo/install/setup.zsh'
