[1.243s] Invoking command in '/home/cimi/Documents/Workspace/belajar_ros2/ProjectRos2XYolo/src/cv_package': PYTHONPATH=/home/cimi/Documents/Workspace/belajar_ros2/ProjectRos2XYolo/install/cv_package/lib/python3.8/site-packages:${PYTHONPATH} /usr/bin/python3 setup.py egg_info --egg-base ../../build/cv_package build --build-base /home/cimi/Documents/Workspace/belajar_ros2/ProjectRos2XYolo/build/cv_package/build install --prefix /home/cimi/Documents/Workspace/belajar_ros2/ProjectRos2XYolo/install/cv_package --record /home/cimi/Documents/Workspace/belajar_ros2/ProjectRos2XYolo/build/cv_package/install.log --single-version-externally-managed
[1.642s] running egg_info
[1.643s] creating ../../build/cv_package/cv_package.egg-info
[1.643s] writing ../../build/cv_package/cv_package.egg-info/PKG-INFO
[1.644s] writing dependency_links to ../../build/cv_package/cv_package.egg-info/dependency_links.txt
[1.644s] writing entry points to ../../build/cv_package/cv_package.egg-info/entry_points.txt
[1.644s] writing requirements to ../../build/cv_package/cv_package.egg-info/requires.txt
[1.644s] writing top-level names to ../../build/cv_package/cv_package.egg-info/top_level.txt
[1.647s] writing manifest file '../../build/cv_package/cv_package.egg-info/SOURCES.txt'
[1.724s] reading manifest file '../../build/cv_package/cv_package.egg-info/SOURCES.txt'
[1.726s] writing manifest file '../../build/cv_package/cv_package.egg-info/SOURCES.txt'
[1.726s] running build
[1.726s] running build_py
[1.726s] creating /home/cimi/Documents/Workspace/belajar_ros2/ProjectRos2XYolo/build/cv_package/build
[1.727s] creating /home/cimi/Documents/Workspace/belajar_ros2/ProjectRos2XYolo/build/cv_package/build/lib
[1.727s] creating /home/cimi/Documents/Workspace/belajar_ros2/ProjectRos2XYolo/build/cv_package/build/lib/cv_package
[1.727s] copying cv_package/__init__.py -> /home/cimi/Documents/Workspace/belajar_ros2/ProjectRos2XYolo/build/cv_package/build/lib/cv_package
[1.727s] running install
[1.729s] running install_lib
[1.730s] creating /home/cimi/Documents/Workspace/belajar_ros2/ProjectRos2XYolo/install/cv_package/lib/python3.8/site-packages/cv_package
[1.731s] copying /home/cimi/Documents/Workspace/belajar_ros2/ProjectRos2XYolo/build/cv_package/build/lib/cv_package/__init__.py -> /home/cimi/Documents/Workspace/belajar_ros2/ProjectRos2XYolo/install/cv_package/lib/python3.8/site-packages/cv_package
[1.733s] byte-compiling /home/cimi/Documents/Workspace/belajar_ros2/ProjectRos2XYolo/install/cv_package/lib/python3.8/site-packages/cv_package/__init__.py to __init__.cpython-38.pyc
[1.734s] running install_data
[1.735s] creating /home/cimi/Documents/Workspace/belajar_ros2/ProjectRos2XYolo/install/cv_package/share/ament_index
[1.735s] creating /home/cimi/Documents/Workspace/belajar_ros2/ProjectRos2XYolo/install/cv_package/share/ament_index/resource_index
[1.736s] creating /home/cimi/Documents/Workspace/belajar_ros2/ProjectRos2XYolo/install/cv_package/share/ament_index/resource_index/packages
[1.736s] copying resource/cv_package -> /home/cimi/Documents/Workspace/belajar_ros2/ProjectRos2XYolo/install/cv_package/share/ament_index/resource_index/packages
[1.736s] copying package.xml -> /home/cimi/Documents/Workspace/belajar_ros2/ProjectRos2XYolo/install/cv_package/share/cv_package
[1.736s] running install_egg_info
[1.739s] Copying ../../build/cv_package/cv_package.egg-info to /home/cimi/Documents/Workspace/belajar_ros2/ProjectRos2XYolo/install/cv_package/lib/python3.8/site-packages/cv_package-0.0.0-py3.8.egg-info
[1.741s] running install_scripts
[1.776s] Installing vision script to /home/cimi/Documents/Workspace/belajar_ros2/ProjectRos2XYolo/install/cv_package/lib/cv_package
[1.776s] writing list of installed files to '/home/cimi/Documents/Workspace/belajar_ros2/ProjectRos2XYolo/build/cv_package/install.log'
[1.810s] Invoked command in '/home/cimi/Documents/Workspace/belajar_ros2/ProjectRos2XYolo/src/cv_package' returned '0': PYTHONPATH=/home/cimi/Documents/Workspace/belajar_ros2/ProjectRos2XYolo/install/cv_package/lib/python3.8/site-packages:${PYTHONPATH} /usr/bin/python3 setup.py egg_info --egg-base ../../build/cv_package build --build-base /home/cimi/Documents/Workspace/belajar_ros2/ProjectRos2XYolo/build/cv_package/build install --prefix /home/cimi/Documents/Workspace/belajar_ros2/ProjectRos2XYolo/install/cv_package --record /home/cimi/Documents/Workspace/belajar_ros2/ProjectRos2XYolo/build/cv_package/install.log --single-version-externally-managed
