[1.449s] Invoking command in '/home/cimi/Documents/Workspace/ProjectRos2XYolo/build/cv_package': PYTHONPATH=/home/cimi/Documents/Workspace/ProjectRos2XYolo/install/cv_package/lib/python3.8/site-packages:${PYTHONPATH} /usr/bin/python3 setup.py develop --prefix /home/cimi/Documents/Workspace/ProjectRos2XYolo/install/cv_package --uninstall --editable --build-directory /home/cimi/Documents/Workspace/ProjectRos2XYolo/build/cv_package/build
[1.926s] running develop
[3.361s] Invoked command in '/home/cimi/Documents/Workspace/ProjectRos2XYolo/build/cv_package' returned '0': PYTHONPATH=/home/cimi/Documents/Workspace/ProjectRos2XYolo/install/cv_package/lib/python3.8/site-packages:${PYTHONPATH} /usr/bin/python3 setup.py develop --prefix /home/cimi/Documents/Workspace/ProjectRos2XYolo/install/cv_package --uninstall --editable --build-directory /home/cimi/Documents/Workspace/ProjectRos2XYolo/build/cv_package/build
[3.384s] Invoking command in '/home/cimi/Documents/Workspace/ProjectRos2XYolo/src/cv_package': PYTHONPATH=/home/cimi/Documents/Workspace/ProjectRos2XYolo/install/cv_package/lib/python3.8/site-packages:${PYTHONPATH} /usr/bin/python3 setup.py egg_info --egg-base ../../build/cv_package build --build-base /home/cimi/Documents/Workspace/ProjectRos2XYolo/build/cv_package/build install --prefix /home/cimi/Documents/Workspace/ProjectRos2XYolo/install/cv_package --record /home/cimi/Documents/Workspace/ProjectRos2XYolo/build/cv_package/install.log --single-version-externally-managed
[5.635s] running egg_info
[5.636s] writing ../../build/cv_package/cv_package.egg-info/PKG-INFO
[5.637s] writing dependency_links to ../../build/cv_package/cv_package.egg-info/dependency_links.txt
[5.639s] writing entry points to ../../build/cv_package/cv_package.egg-info/entry_points.txt
[5.640s] writing requirements to ../../build/cv_package/cv_package.egg-info/requires.txt
[5.641s] writing top-level names to ../../build/cv_package/cv_package.egg-info/top_level.txt
[5.943s] reading manifest file '../../build/cv_package/cv_package.egg-info/SOURCES.txt'
[5.951s] writing manifest file '../../build/cv_package/cv_package.egg-info/SOURCES.txt'
[5.952s] running build
[5.954s] running build_py
[5.955s] running install
[5.961s] running install_lib
[5.972s] running install_data
[5.975s] running install_egg_info
[5.990s] removing '/home/cimi/Documents/Workspace/ProjectRos2XYolo/install/cv_package/lib/python3.8/site-packages/cv_package-0.0.0-py3.8.egg-info' (and everything under it)
[5.993s] Copying ../../build/cv_package/cv_package.egg-info to /home/cimi/Documents/Workspace/ProjectRos2XYolo/install/cv_package/lib/python3.8/site-packages/cv_package-0.0.0-py3.8.egg-info
[6.003s] running install_scripts
[6.143s] Installing eye script to /home/cimi/Documents/Workspace/ProjectRos2XYolo/install/cv_package/lib/cv_package
[6.147s] Installing yolo script to /home/cimi/Documents/Workspace/ProjectRos2XYolo/install/cv_package/lib/cv_package
[6.152s] writing list of installed files to '/home/cimi/Documents/Workspace/ProjectRos2XYolo/build/cv_package/install.log'
[6.303s] Invoked command in '/home/cimi/Documents/Workspace/ProjectRos2XYolo/src/cv_package' returned '0': PYTHONPATH=/home/cimi/Documents/Workspace/ProjectRos2XYolo/install/cv_package/lib/python3.8/site-packages:${PYTHONPATH} /usr/bin/python3 setup.py egg_info --egg-base ../../build/cv_package build --build-base /home/cimi/Documents/Workspace/ProjectRos2XYolo/build/cv_package/build install --prefix /home/cimi/Documents/Workspace/ProjectRos2XYolo/install/cv_package --record /home/cimi/Documents/Workspace/ProjectRos2XYolo/build/cv_package/install.log --single-version-externally-managed
