[1.413s] Invoking command in '/home/cimi/Documents/Workspace/ProjectRos2XYolo/src/movement_package': PYTHONPATH=/home/cimi/Documents/Workspace/ProjectRos2XYolo/install/movement_package/lib/python3.8/site-packages:${PYTHONPATH} /usr/bin/python3 setup.py egg_info --egg-base ../../build/movement_package build --build-base /home/cimi/Documents/Workspace/ProjectRos2XYolo/build/movement_package/build install --prefix /home/cimi/Documents/Workspace/ProjectRos2XYolo/install/movement_package --record /home/cimi/Documents/Workspace/ProjectRos2XYolo/build/movement_package/install.log --single-version-externally-managed
[1.690s] running egg_info
[1.691s] writing ../../build/movement_package/movement_package.egg-info/PKG-INFO
[1.691s] writing dependency_links to ../../build/movement_package/movement_package.egg-info/dependency_links.txt
[1.691s] writing entry points to ../../build/movement_package/movement_package.egg-info/entry_points.txt
[1.691s] writing requirements to ../../build/movement_package/movement_package.egg-info/requires.txt
[1.692s] writing top-level names to ../../build/movement_package/movement_package.egg-info/top_level.txt
[1.737s] reading manifest file '../../build/movement_package/movement_package.egg-info/SOURCES.txt'
[1.738s] writing manifest file '../../build/movement_package/movement_package.egg-info/SOURCES.txt'
[1.738s] running build
[1.738s] running build_py
[1.738s] running install
[1.739s] running install_lib
[1.741s] running install_data
[1.742s] running install_egg_info
[1.744s] removing '/home/cimi/Documents/Workspace/ProjectRos2XYolo/install/movement_package/lib/python3.8/site-packages/movement_package-0.0.0-py3.8.egg-info' (and everything under it)
[1.745s] Copying ../../build/movement_package/movement_package.egg-info to /home/cimi/Documents/Workspace/ProjectRos2XYolo/install/movement_package/lib/python3.8/site-packages/movement_package-0.0.0-py3.8.egg-info
[1.746s] running install_scripts
[1.767s] Installing kecepatan script to /home/cimi/Documents/Workspace/ProjectRos2XYolo/install/movement_package/lib/movement_package
[1.767s] writing list of installed files to '/home/cimi/Documents/Workspace/ProjectRos2XYolo/build/movement_package/install.log'
[1.795s] Invoked command in '/home/cimi/Documents/Workspace/ProjectRos2XYolo/src/movement_package' returned '0': PYTHONPATH=/home/cimi/Documents/Workspace/ProjectRos2XYolo/install/movement_package/lib/python3.8/site-packages:${PYTHONPATH} /usr/bin/python3 setup.py egg_info --egg-base ../../build/movement_package build --build-base /home/cimi/Documents/Workspace/ProjectRos2XYolo/build/movement_package/build install --prefix /home/cimi/Documents/Workspace/ProjectRos2XYolo/install/movement_package --record /home/cimi/Documents/Workspace/ProjectRos2XYolo/build/movement_package/install.log --single-version-externally-managed
