[0.993s] DEBUG:colcon:Command line arguments: ['/usr/bin/colcon', 'build']
[0.993s] DEBUG:colcon:Parsed command line arguments: Namespace(allow_overriding=[], ament_cmake_args=None, base_paths=['.'], build_base='build', catkin_cmake_args=None, catkin_skip_building_tests=False, cmake_args=None, cmake_clean_cache=False, cmake_clean_first=False, cmake_force_configure=False, cmake_target=None, cmake_target_skip_unavailable=False, continue_on_error=False, event_handlers=None, executor='parallel', ignore_user_meta=False, install_base='install', log_base=None, log_level=None, main=<bound method BuildVerb.main of <colcon_core.verb.build.BuildVerb object at 0x7fc2d1498430>>, merge_install=False, metas=['./colcon.meta'], packages_above=None, packages_above_and_dependencies=None, packages_above_depth=None, packages_end=None, packages_ignore=None, packages_ignore_regex=None, packages_select=None, packages_select_build_failed=False, packages_select_by_dep=None, packages_select_regex=None, packages_select_test_failures=False, packages_skip=None, packages_skip_build_finished=False, packages_skip_by_dep=None, packages_skip_regex=None, packages_skip_test_passed=False, packages_skip_up_to=None, packages_start=None, packages_up_to=None, packages_up_to_regex=None, parallel_workers=8, paths=None, symlink_install=False, test_result_base=None, verb_extension=<colcon_core.verb.build.BuildVerb object at 0x7fc2d1498430>, verb_name='build', verb_parser=<colcon_defaults.argument_parser.defaults.DefaultArgumentsDecorator object at 0x7fc2d1498970>)
[1.298s] Level 1:colcon.colcon_core.package_discovery:discover_packages(colcon_meta) check parameters
[1.298s] Level 1:colcon.colcon_core.package_discovery:discover_packages(recursive) check parameters
[1.298s] Level 1:colcon.colcon_core.package_discovery:discover_packages(ignore) check parameters
[1.298s] Level 1:colcon.colcon_core.package_discovery:discover_packages(path) check parameters
[1.298s] Level 1:colcon.colcon_core.package_discovery:discover_packages(colcon_meta) discover
[1.299s] Level 1:colcon.colcon_core.package_discovery:discover_packages(recursive) discover
[1.299s] INFO:colcon.colcon_core.package_discovery:Crawling recursively for packages in '/home/hisan/Documents/Banyubramanta/ProjectRos2XYolo'
[1.299s] Level 1:colcon.colcon_core.package_identification:_identify(.) by extensions ['ignore', 'ignore_ament_install']
[1.299s] Level 1:colcon.colcon_core.package_identification:_identify(.) by extension 'ignore'
[1.300s] Level 1:colcon.colcon_core.package_identification:_identify(.) by extension 'ignore_ament_install'
[1.300s] Level 1:colcon.colcon_core.package_identification:_identify(.) by extensions ['colcon_pkg']
[1.300s] Level 1:colcon.colcon_core.package_identification:_identify(.) by extension 'colcon_pkg'
[1.300s] Level 1:colcon.colcon_core.package_identification:_identify(.) by extensions ['colcon_meta']
[1.300s] Level 1:colcon.colcon_core.package_identification:_identify(.) by extension 'colcon_meta'
[1.300s] Level 1:colcon.colcon_core.package_identification:_identify(.) by extensions ['ros']
[1.300s] Level 1:colcon.colcon_core.package_identification:_identify(.) by extension 'ros'
[1.328s] Level 1:colcon.colcon_core.package_identification:_identify(.) by extensions ['cmake', 'python']
[1.328s] Level 1:colcon.colcon_core.package_identification:_identify(.) by extension 'cmake'
[1.328s] Level 1:colcon.colcon_core.package_identification:_identify(.) by extension 'python'
[1.328s] Level 1:colcon.colcon_core.package_identification:_identify(.) by extensions ['python_setup_py']
[1.328s] Level 1:colcon.colcon_core.package_identification:_identify(.) by extension 'python_setup_py'
[1.329s] Level 1:colcon.colcon_core.package_identification:_identify(build) by extensions ['ignore', 'ignore_ament_install']
[1.329s] Level 1:colcon.colcon_core.package_identification:_identify(build) by extension 'ignore'
[1.329s] Level 1:colcon.colcon_core.package_identification:_identify(build) ignored
[1.329s] Level 1:colcon.colcon_core.package_identification:_identify(install) by extensions ['ignore', 'ignore_ament_install']
[1.329s] Level 1:colcon.colcon_core.package_identification:_identify(install) by extension 'ignore'
[1.329s] Level 1:colcon.colcon_core.package_identification:_identify(install) ignored
[1.329s] Level 1:colcon.colcon_core.package_identification:_identify(log) by extensions ['ignore', 'ignore_ament_install']
[1.329s] Level 1:colcon.colcon_core.package_identification:_identify(log) by extension 'ignore'
[1.329s] Level 1:colcon.colcon_core.package_identification:_identify(log) ignored
[1.330s] Level 1:colcon.colcon_core.package_identification:_identify(src) by extensions ['ignore', 'ignore_ament_install']
[1.330s] Level 1:colcon.colcon_core.package_identification:_identify(src) by extension 'ignore'
[1.330s] Level 1:colcon.colcon_core.package_identification:_identify(src) by extension 'ignore_ament_install'
[1.330s] Level 1:colcon.colcon_core.package_identification:_identify(src) by extensions ['colcon_pkg']
[1.330s] Level 1:colcon.colcon_core.package_identification:_identify(src) by extension 'colcon_pkg'
[1.330s] Level 1:colcon.colcon_core.package_identification:_identify(src) by extensions ['colcon_meta']
[1.330s] Level 1:colcon.colcon_core.package_identification:_identify(src) by extension 'colcon_meta'
[1.330s] Level 1:colcon.colcon_core.package_identification:_identify(src) by extensions ['ros']
[1.330s] Level 1:colcon.colcon_core.package_identification:_identify(src) by extension 'ros'
[1.330s] Level 1:colcon.colcon_core.package_identification:_identify(src) by extensions ['cmake', 'python']
[1.330s] Level 1:colcon.colcon_core.package_identification:_identify(src) by extension 'cmake'
[1.330s] Level 1:colcon.colcon_core.package_identification:_identify(src) by extension 'python'
[1.330s] Level 1:colcon.colcon_core.package_identification:_identify(src) by extensions ['python_setup_py']
[1.331s] Level 1:colcon.colcon_core.package_identification:_identify(src) by extension 'python_setup_py'
[1.331s] Level 1:colcon.colcon_core.package_identification:_identify(src/cv_package) by extensions ['ignore', 'ignore_ament_install']
[1.331s] Level 1:colcon.colcon_core.package_identification:_identify(src/cv_package) by extension 'ignore'
[1.331s] Level 1:colcon.colcon_core.package_identification:_identify(src/cv_package) by extension 'ignore_ament_install'
[1.331s] Level 1:colcon.colcon_core.package_identification:_identify(src/cv_package) by extensions ['colcon_pkg']
[1.331s] Level 1:colcon.colcon_core.package_identification:_identify(src/cv_package) by extension 'colcon_pkg'
[1.331s] Level 1:colcon.colcon_core.package_identification:_identify(src/cv_package) by extensions ['colcon_meta']
[1.331s] Level 1:colcon.colcon_core.package_identification:_identify(src/cv_package) by extension 'colcon_meta'
[1.331s] Level 1:colcon.colcon_core.package_identification:_identify(src/cv_package) by extensions ['ros']
[1.331s] Level 1:colcon.colcon_core.package_identification:_identify(src/cv_package) by extension 'ros'
[1.352s] DEBUG:colcon.colcon_core.package_identification:Package 'src/cv_package' with type 'ros.ament_python' and name 'cv_package'
[1.352s] Level 1:colcon.colcon_core.package_identification:_identify(src/movement_package) by extensions ['ignore', 'ignore_ament_install']
[1.352s] Level 1:colcon.colcon_core.package_identification:_identify(src/movement_package) by extension 'ignore'
[1.353s] Level 1:colcon.colcon_core.package_identification:_identify(src/movement_package) by extension 'ignore_ament_install'
[1.353s] Level 1:colcon.colcon_core.package_identification:_identify(src/movement_package) by extensions ['colcon_pkg']
[1.353s] Level 1:colcon.colcon_core.package_identification:_identify(src/movement_package) by extension 'colcon_pkg'
[1.353s] Level 1:colcon.colcon_core.package_identification:_identify(src/movement_package) by extensions ['colcon_meta']
[1.353s] Level 1:colcon.colcon_core.package_identification:_identify(src/movement_package) by extension 'colcon_meta'
[1.354s] Level 1:colcon.colcon_core.package_identification:_identify(src/movement_package) by extensions ['ros']
[1.354s] Level 1:colcon.colcon_core.package_identification:_identify(src/movement_package) by extension 'ros'
[1.355s] DEBUG:colcon.colcon_core.package_identification:Package 'src/movement_package' with type 'ros.ament_python' and name 'movement_package'
[1.356s] Level 1:colcon.colcon_core.package_discovery:discover_packages(recursive) using defaults
[1.356s] Level 1:colcon.colcon_core.package_discovery:discover_packages(ignore) discover
[1.356s] Level 1:colcon.colcon_core.package_discovery:discover_packages(ignore) using defaults
[1.356s] Level 1:colcon.colcon_core.package_discovery:discover_packages(path) discover
[1.356s] Level 1:colcon.colcon_core.package_discovery:discover_packages(path) using defaults
[1.428s] Level 1:colcon.colcon_core.package_discovery:discover_packages(prefix_path) check parameters
[1.429s] Level 1:colcon.colcon_core.package_discovery:discover_packages(prefix_path) discover
[1.464s] DEBUG:colcon.colcon_installed_package_information.package_discovery:Found 256 installed packages in /opt/ros/foxy
[1.470s] Level 1:colcon.colcon_core.package_discovery:discover_packages(prefix_path) using defaults
[2.211s] Level 5:colcon.colcon_core.verb:set package 'cv_package' build argument 'cmake_args' from command line to 'None'
[2.211s] Level 5:colcon.colcon_core.verb:set package 'cv_package' build argument 'cmake_target' from command line to 'None'
[2.211s] Level 5:colcon.colcon_core.verb:set package 'cv_package' build argument 'cmake_target_skip_unavailable' from command line to 'False'
[2.211s] Level 5:colcon.colcon_core.verb:set package 'cv_package' build argument 'cmake_clean_cache' from command line to 'False'
[2.211s] Level 5:colcon.colcon_core.verb:set package 'cv_package' build argument 'cmake_clean_first' from command line to 'False'
[2.211s] Level 5:colcon.colcon_core.verb:set package 'cv_package' build argument 'cmake_force_configure' from command line to 'False'
[2.211s] Level 5:colcon.colcon_core.verb:set package 'cv_package' build argument 'ament_cmake_args' from command line to 'None'
[2.212s] Level 5:colcon.colcon_core.verb:set package 'cv_package' build argument 'catkin_cmake_args' from command line to 'None'
[2.212s] Level 5:colcon.colcon_core.verb:set package 'cv_package' build argument 'catkin_skip_building_tests' from command line to 'False'
[2.212s] DEBUG:colcon.colcon_core.verb:Building package 'cv_package' with the following arguments: {'ament_cmake_args': None, 'build_base': '/home/hisan/Documents/Banyubramanta/ProjectRos2XYolo/build/cv_package', 'catkin_cmake_args': None, 'catkin_skip_building_tests': False, 'cmake_args': None, 'cmake_clean_cache': False, 'cmake_clean_first': False, 'cmake_force_configure': False, 'cmake_target': None, 'cmake_target_skip_unavailable': False, 'install_base': '/home/hisan/Documents/Banyubramanta/ProjectRos2XYolo/install/cv_package', 'merge_install': False, 'path': '/home/hisan/Documents/Banyubramanta/ProjectRos2XYolo/src/cv_package', 'symlink_install': False, 'test_result_base': None}
[2.216s] Level 5:colcon.colcon_core.verb:set package 'movement_package' build argument 'cmake_args' from command line to 'None'
[2.217s] Level 5:colcon.colcon_core.verb:set package 'movement_package' build argument 'cmake_target' from command line to 'None'
[2.217s] Level 5:colcon.colcon_core.verb:set package 'movement_package' build argument 'cmake_target_skip_unavailable' from command line to 'False'
[2.217s] Level 5:colcon.colcon_core.verb:set package 'movement_package' build argument 'cmake_clean_cache' from command line to 'False'
[2.217s] Level 5:colcon.colcon_core.verb:set package 'movement_package' build argument 'cmake_clean_first' from command line to 'False'
[2.217s] Level 5:colcon.colcon_core.verb:set package 'movement_package' build argument 'cmake_force_configure' from command line to 'False'
[2.217s] Level 5:colcon.colcon_core.verb:set package 'movement_package' build argument 'ament_cmake_args' from command line to 'None'
[2.217s] Level 5:colcon.colcon_core.verb:set package 'movement_package' build argument 'catkin_cmake_args' from command line to 'None'
[2.217s] Level 5:colcon.colcon_core.verb:set package 'movement_package' build argument 'catkin_skip_building_tests' from command line to 'False'
[2.217s] DEBUG:colcon.colcon_core.verb:Building package 'movement_package' with the following arguments: {'ament_cmake_args': None, 'build_base': '/home/hisan/Documents/Banyubramanta/ProjectRos2XYolo/build/movement_package', 'catkin_cmake_args': None, 'catkin_skip_building_tests': False, 'cmake_args': None, 'cmake_clean_cache': False, 'cmake_clean_first': False, 'cmake_force_configure': False, 'cmake_target': None, 'cmake_target_skip_unavailable': False, 'install_base': '/home/hisan/Documents/Banyubramanta/ProjectRos2XYolo/install/movement_package', 'merge_install': False, 'path': '/home/hisan/Documents/Banyubramanta/ProjectRos2XYolo/src/movement_package', 'symlink_install': False, 'test_result_base': None}
[2.220s] INFO:colcon.colcon_core.executor:Executing jobs using 'parallel' executor
[2.229s] DEBUG:colcon.colcon_parallel_executor.executor.parallel:run_until_complete
[2.230s] INFO:colcon.colcon_ros.task.ament_python.build:Building ROS package in '/home/hisan/Documents/Banyubramanta/ProjectRos2XYolo/src/cv_package' with build type 'ament_python'
[2.230s] Level 1:colcon.colcon_core.shell:create_environment_hook('cv_package', 'ament_prefix_path')
[2.275s] INFO:colcon.colcon_core.plugin_system:Skipping extension 'colcon_core.shell.bat': Not used on non-Windows systems
[2.276s] INFO:colcon.colcon_core.shell:Creating environment hook '/home/hisan/Documents/Banyubramanta/ProjectRos2XYolo/install/cv_package/share/cv_package/hook/ament_prefix_path.ps1'
[2.296s] INFO:colcon.colcon_core.shell:Creating environment descriptor '/home/hisan/Documents/Banyubramanta/ProjectRos2XYolo/install/cv_package/share/cv_package/hook/ament_prefix_path.dsv'
[2.303s] INFO:colcon.colcon_core.shell:Creating environment hook '/home/hisan/Documents/Banyubramanta/ProjectRos2XYolo/install/cv_package/share/cv_package/hook/ament_prefix_path.sh'
[2.311s] INFO:colcon.colcon_core.shell:Skip shell extension 'powershell' for command environment: Not usable outside of PowerShell
[2.311s] DEBUG:colcon.colcon_core.shell:Skip shell extension 'dsv' for command environment
[2.322s] DEBUG:colcon.colcon_core.shell:Ignoring prefix path '/opt/ros/noetic'
[2.341s] INFO:colcon.colcon_ros.task.ament_python.build:Building ROS package in '/home/hisan/Documents/Banyubramanta/ProjectRos2XYolo/src/movement_package' with build type 'ament_python'
[2.342s] Level 1:colcon.colcon_core.shell:create_environment_hook('movement_package', 'ament_prefix_path')
[2.354s] INFO:colcon.colcon_core.shell:Creating environment hook '/home/hisan/Documents/Banyubramanta/ProjectRos2XYolo/install/movement_package/share/movement_package/hook/ament_prefix_path.ps1'
[2.355s] INFO:colcon.colcon_core.shell:Creating environment descriptor '/home/hisan/Documents/Banyubramanta/ProjectRos2XYolo/install/movement_package/share/movement_package/hook/ament_prefix_path.dsv'
[2.356s] INFO:colcon.colcon_core.shell:Creating environment hook '/home/hisan/Documents/Banyubramanta/ProjectRos2XYolo/install/movement_package/share/movement_package/hook/ament_prefix_path.sh'
[2.360s] INFO:colcon.colcon_core.shell:Skip shell extension 'powershell' for command environment: Not usable outside of PowerShell
[2.360s] DEBUG:colcon.colcon_core.shell:Skip shell extension 'dsv' for command environment
[2.368s] DEBUG:colcon.colcon_core.shell:Ignoring prefix path '/opt/ros/noetic'
[2.796s] INFO:colcon.colcon_core.task.python.build:Building Python package in '/home/hisan/Documents/Banyubramanta/ProjectRos2XYolo/src/cv_package'
[2.802s] INFO:colcon.colcon_core.shell:Skip shell extension 'powershell' for command environment: Not usable outside of PowerShell
[2.803s] DEBUG:colcon.colcon_core.shell:Skip shell extension 'dsv' for command environment
[2.810s] DEBUG:colcon.colcon_core.shell:Ignoring prefix path '/opt/ros/noetic'
[3.244s] INFO:colcon.colcon_core.task.python.build:Building Python package in '/home/hisan/Documents/Banyubramanta/ProjectRos2XYolo/src/movement_package'
[3.252s] INFO:colcon.colcon_core.shell:Skip shell extension 'powershell' for command environment: Not usable outside of PowerShell
[3.252s] DEBUG:colcon.colcon_core.shell:Skip shell extension 'dsv' for command environment
[3.262s] DEBUG:colcon.colcon_core.shell:Ignoring prefix path '/opt/ros/noetic'
[4.990s] DEBUG:colcon.colcon_core.event_handler.log_command:Invoking command in '/home/hisan/Documents/Banyubramanta/ProjectRos2XYolo/src/movement_package': PYTHONPATH=/home/hisan/Documents/Banyubramanta/ProjectRos2XYolo/install/movement_package/lib/python3.8/site-packages:${PYTHONPATH} /usr/bin/python3 setup.py egg_info --egg-base ../../build/movement_package build --build-base /home/hisan/Documents/Banyubramanta/ProjectRos2XYolo/build/movement_package/build install --prefix /home/hisan/Documents/Banyubramanta/ProjectRos2XYolo/install/movement_package --record /home/hisan/Documents/Banyubramanta/ProjectRos2XYolo/build/movement_package/install.log --single-version-externally-managed
[5.005s] DEBUG:colcon.colcon_core.event_handler.log_command:Invoking command in '/home/hisan/Documents/Banyubramanta/ProjectRos2XYolo/src/cv_package': PYTHONPATH=/home/hisan/Documents/Banyubramanta/ProjectRos2XYolo/install/cv_package/lib/python3.8/site-packages:${PYTHONPATH} /usr/bin/python3 setup.py egg_info --egg-base ../../build/cv_package build --build-base /home/hisan/Documents/Banyubramanta/ProjectRos2XYolo/build/cv_package/build install --prefix /home/hisan/Documents/Banyubramanta/ProjectRos2XYolo/install/cv_package --record /home/hisan/Documents/Banyubramanta/ProjectRos2XYolo/build/cv_package/install.log --single-version-externally-managed
[5.510s] DEBUG:colcon.colcon_core.event_handler.log_command:Invoked command in '/home/hisan/Documents/Banyubramanta/ProjectRos2XYolo/src/cv_package' returned '0': PYTHONPATH=/home/hisan/Documents/Banyubramanta/ProjectRos2XYolo/install/cv_package/lib/python3.8/site-packages:${PYTHONPATH} /usr/bin/python3 setup.py egg_info --egg-base ../../build/cv_package build --build-base /home/hisan/Documents/Banyubramanta/ProjectRos2XYolo/build/cv_package/build install --prefix /home/hisan/Documents/Banyubramanta/ProjectRos2XYolo/install/cv_package --record /home/hisan/Documents/Banyubramanta/ProjectRos2XYolo/build/cv_package/install.log --single-version-externally-managed
[5.562s] Level 1:colcon.colcon_core.environment:checking '/home/hisan/Documents/Banyubramanta/ProjectRos2XYolo/install/cv_package' for CMake module files
[5.564s] Level 1:colcon.colcon_core.environment:checking '/home/hisan/Documents/Banyubramanta/ProjectRos2XYolo/install/cv_package' for CMake config files
[5.566s] Level 1:colcon.colcon_core.environment:checking '/home/hisan/Documents/Banyubramanta/ProjectRos2XYolo/install/cv_package/lib'
[5.567s] Level 1:colcon.colcon_core.environment:checking '/home/hisan/Documents/Banyubramanta/ProjectRos2XYolo/install/cv_package/bin'
[5.567s] Level 1:colcon.colcon_core.environment:checking '/home/hisan/Documents/Banyubramanta/ProjectRos2XYolo/install/cv_package/lib/pkgconfig/cv_package.pc'
[5.568s] Level 1:colcon.colcon_core.environment:checking '/home/hisan/Documents/Banyubramanta/ProjectRos2XYolo/install/cv_package/lib/python3.8/site-packages'
[5.568s] Level 1:colcon.colcon_core.shell:create_environment_hook('cv_package', 'pythonpath')
[5.573s] INFO:colcon.colcon_core.shell:Creating environment hook '/home/hisan/Documents/Banyubramanta/ProjectRos2XYolo/install/cv_package/share/cv_package/hook/pythonpath.ps1'
[5.574s] INFO:colcon.colcon_core.shell:Creating environment descriptor '/home/hisan/Documents/Banyubramanta/ProjectRos2XYolo/install/cv_package/share/cv_package/hook/pythonpath.dsv'
[5.574s] INFO:colcon.colcon_core.shell:Creating environment hook '/home/hisan/Documents/Banyubramanta/ProjectRos2XYolo/install/cv_package/share/cv_package/hook/pythonpath.sh'
[5.574s] Level 1:colcon.colcon_core.environment:checking '/home/hisan/Documents/Banyubramanta/ProjectRos2XYolo/install/cv_package/bin'
[5.574s] Level 1:colcon.colcon_core.environment:create_environment_scripts_only(cv_package)
[5.578s] INFO:colcon.colcon_core.shell:Creating package script '/home/hisan/Documents/Banyubramanta/ProjectRos2XYolo/install/cv_package/share/cv_package/package.ps1'
[5.581s] INFO:colcon.colcon_core.shell:Creating package descriptor '/home/hisan/Documents/Banyubramanta/ProjectRos2XYolo/install/cv_package/share/cv_package/package.dsv'
[5.583s] INFO:colcon.colcon_core.shell:Creating package script '/home/hisan/Documents/Banyubramanta/ProjectRos2XYolo/install/cv_package/share/cv_package/package.sh'
[5.585s] INFO:colcon.colcon_core.shell:Creating package script '/home/hisan/Documents/Banyubramanta/ProjectRos2XYolo/install/cv_package/share/cv_package/package.bash'
[5.597s] INFO:colcon.colcon_core.shell:Creating package script '/home/hisan/Documents/Banyubramanta/ProjectRos2XYolo/install/cv_package/share/cv_package/package.zsh'
[5.605s] Level 1:colcon.colcon_core.environment:create_file_with_runtime_dependencies(/home/hisan/Documents/Banyubramanta/ProjectRos2XYolo/install/cv_package/share/colcon-core/packages/cv_package)
[5.616s] Level 1:colcon.colcon_core.environment:checking '/home/hisan/Documents/Banyubramanta/ProjectRos2XYolo/install/movement_package' for CMake module files
[5.617s] DEBUG:colcon.colcon_core.event_handler.log_command:Invoked command in '/home/hisan/Documents/Banyubramanta/ProjectRos2XYolo/src/movement_package' returned '0': PYTHONPATH=/home/hisan/Documents/Banyubramanta/ProjectRos2XYolo/install/movement_package/lib/python3.8/site-packages:${PYTHONPATH} /usr/bin/python3 setup.py egg_info --egg-base ../../build/movement_package build --build-base /home/hisan/Documents/Banyubramanta/ProjectRos2XYolo/build/movement_package/build install --prefix /home/hisan/Documents/Banyubramanta/ProjectRos2XYolo/install/movement_package --record /home/hisan/Documents/Banyubramanta/ProjectRos2XYolo/build/movement_package/install.log --single-version-externally-managed
[5.618s] Level 1:colcon.colcon_core.environment:checking '/home/hisan/Documents/Banyubramanta/ProjectRos2XYolo/install/movement_package' for CMake config files
[5.618s] Level 1:colcon.colcon_core.environment:checking '/home/hisan/Documents/Banyubramanta/ProjectRos2XYolo/install/movement_package/lib'
[5.619s] Level 1:colcon.colcon_core.environment:checking '/home/hisan/Documents/Banyubramanta/ProjectRos2XYolo/install/movement_package/bin'
[5.619s] Level 1:colcon.colcon_core.environment:checking '/home/hisan/Documents/Banyubramanta/ProjectRos2XYolo/install/movement_package/lib/pkgconfig/movement_package.pc'
[5.619s] Level 1:colcon.colcon_core.environment:checking '/home/hisan/Documents/Banyubramanta/ProjectRos2XYolo/install/movement_package/lib/python3.8/site-packages'
[5.619s] Level 1:colcon.colcon_core.shell:create_environment_hook('movement_package', 'pythonpath')
[5.622s] INFO:colcon.colcon_core.shell:Creating environment hook '/home/hisan/Documents/Banyubramanta/ProjectRos2XYolo/install/movement_package/share/movement_package/hook/pythonpath.ps1'
[5.622s] INFO:colcon.colcon_core.shell:Creating environment descriptor '/home/hisan/Documents/Banyubramanta/ProjectRos2XYolo/install/movement_package/share/movement_package/hook/pythonpath.dsv'
[5.623s] INFO:colcon.colcon_core.shell:Creating environment hook '/home/hisan/Documents/Banyubramanta/ProjectRos2XYolo/install/movement_package/share/movement_package/hook/pythonpath.sh'
[5.623s] Level 1:colcon.colcon_core.environment:checking '/home/hisan/Documents/Banyubramanta/ProjectRos2XYolo/install/movement_package/bin'
[5.623s] Level 1:colcon.colcon_core.environment:create_environment_scripts_only(movement_package)
[5.626s] INFO:colcon.colcon_core.shell:Creating package script '/home/hisan/Documents/Banyubramanta/ProjectRos2XYolo/install/movement_package/share/movement_package/package.ps1'
[5.627s] INFO:colcon.colcon_core.shell:Creating package descriptor '/home/hisan/Documents/Banyubramanta/ProjectRos2XYolo/install/movement_package/share/movement_package/package.dsv'
[5.627s] INFO:colcon.colcon_core.shell:Creating package script '/home/hisan/Documents/Banyubramanta/ProjectRos2XYolo/install/movement_package/share/movement_package/package.sh'
[5.628s] INFO:colcon.colcon_core.shell:Creating package script '/home/hisan/Documents/Banyubramanta/ProjectRos2XYolo/install/movement_package/share/movement_package/package.bash'
[5.628s] INFO:colcon.colcon_core.shell:Creating package script '/home/hisan/Documents/Banyubramanta/ProjectRos2XYolo/install/movement_package/share/movement_package/package.zsh'
[5.628s] Level 1:colcon.colcon_core.environment:create_file_with_runtime_dependencies(/home/hisan/Documents/Banyubramanta/ProjectRos2XYolo/install/movement_package/share/colcon-core/packages/movement_package)
[5.629s] DEBUG:colcon.colcon_parallel_executor.executor.parallel:closing loop
[5.629s] DEBUG:colcon.colcon_parallel_executor.executor.parallel:loop closed
[5.629s] DEBUG:colcon.colcon_parallel_executor.executor.parallel:run_until_complete finished with '0'
[5.629s] DEBUG:colcon.colcon_core.event_reactor:joining thread
[5.659s] INFO:colcon.colcon_core.plugin_system:Skipping extension 'colcon_notification.desktop_notification.terminal_notifier': Not used on non-Darwin systems
[5.659s] INFO:colcon.colcon_core.plugin_system:Skipping extension 'colcon_notification.desktop_notification.win32': Not used on non-Windows systems
[5.659s] INFO:colcon.colcon_notification.desktop_notification:Sending desktop notification using 'notify2'
[5.691s] DEBUG:colcon.colcon_core.event_reactor:joined thread
[5.695s] INFO:colcon.colcon_core.shell:Creating prefix script '/home/hisan/Documents/Banyubramanta/ProjectRos2XYolo/install/local_setup.ps1'
[5.703s] INFO:colcon.colcon_core.shell:Creating prefix util module '/home/hisan/Documents/Banyubramanta/ProjectRos2XYolo/install/_local_setup_util_ps1.py'
[5.708s] INFO:colcon.colcon_core.shell:Creating prefix chain script '/home/hisan/Documents/Banyubramanta/ProjectRos2XYolo/install/setup.ps1'
[5.749s] INFO:colcon.colcon_core.shell:Creating prefix script '/home/hisan/Documents/Banyubramanta/ProjectRos2XYolo/install/local_setup.sh'
[5.766s] INFO:colcon.colcon_core.shell:Creating prefix util module '/home/hisan/Documents/Banyubramanta/ProjectRos2XYolo/install/_local_setup_util_sh.py'
[5.767s] INFO:colcon.colcon_core.shell:Creating prefix chain script '/home/hisan/Documents/Banyubramanta/ProjectRos2XYolo/install/setup.sh'
[5.771s] INFO:colcon.colcon_core.shell:Creating prefix script '/home/hisan/Documents/Banyubramanta/ProjectRos2XYolo/install/local_setup.bash'
[5.773s] INFO:colcon.colcon_core.shell:Creating prefix chain script '/home/hisan/Documents/Banyubramanta/ProjectRos2XYolo/install/setup.bash'
[5.776s] INFO:colcon.colcon_core.shell:Creating prefix script '/home/hisan/Documents/Banyubramanta/ProjectRos2XYolo/install/local_setup.zsh'
[5.777s] INFO:colcon.colcon_core.shell:Creating prefix chain script '/home/hisan/Documents/Banyubramanta/ProjectRos2XYolo/install/setup.zsh'
