[1.310s] DEBUG:colcon:Command line arguments: ['/usr/bin/colcon', 'build']
[1.311s] DEBUG:colcon:Parsed command line arguments: Namespace(allow_overriding=[], ament_cmake_args=None, base_paths=['.'], build_base='build', catkin_cmake_args=None, catkin_skip_building_tests=False, cmake_args=None, cmake_clean_cache=False, cmake_clean_first=False, cmake_force_configure=False, cmake_target=None, cmake_target_skip_unavailable=False, continue_on_error=False, event_handlers=None, executor='parallel', ignore_user_meta=False, install_base='install', log_base=None, log_level=None, main=<bound method BuildVerb.main of <colcon_core.verb.build.BuildVerb object at 0x7fb5af886280>>, merge_install=False, metas=['./colcon.meta'], packages_above=None, packages_above_and_dependencies=None, packages_above_depth=None, packages_end=None, packages_ignore=None, packages_ignore_regex=None, packages_select=None, packages_select_build_failed=False, packages_select_by_dep=None, packages_select_regex=None, packages_select_test_failures=False, packages_skip=None, packages_skip_build_finished=False, packages_skip_by_dep=None, packages_skip_regex=None, packages_skip_test_passed=False, packages_skip_up_to=None, packages_start=None, packages_up_to=None, packages_up_to_regex=None, parallel_workers=8, paths=None, symlink_install=False, test_result_base=None, verb_extension=<colcon_core.verb.build.BuildVerb object at 0x7fb5af886280>, verb_name='build', verb_parser=<colcon_defaults.argument_parser.defaults.DefaultArgumentsDecorator object at 0x7fb5af8867c0>)
[1.530s] Level 1:colcon.colcon_core.package_discovery:discover_packages(colcon_meta) check parameters
[1.531s] Level 1:colcon.colcon_core.package_discovery:discover_packages(recursive) check parameters
[1.531s] Level 1:colcon.colcon_core.package_discovery:discover_packages(ignore) check parameters
[1.532s] Level 1:colcon.colcon_core.package_discovery:discover_packages(path) check parameters
[1.532s] Level 1:colcon.colcon_core.package_discovery:discover_packages(colcon_meta) discover
[1.533s] Level 1:colcon.colcon_core.package_discovery:discover_packages(recursive) discover
[1.534s] INFO:colcon.colcon_core.package_discovery:Crawling recursively for packages in '/home/cimi/Documents/Workspace/belajar_ros2/ProjectRos2XYolo'
[1.534s] Level 1:colcon.colcon_core.package_identification:_identify(.) by extensions ['ignore', 'ignore_ament_install']
[1.536s] Level 1:colcon.colcon_core.package_identification:_identify(.) by extension 'ignore'
[1.536s] Level 1:colcon.colcon_core.package_identification:_identify(.) by extension 'ignore_ament_install'
[1.537s] Level 1:colcon.colcon_core.package_identification:_identify(.) by extensions ['colcon_pkg']
[1.537s] Level 1:colcon.colcon_core.package_identification:_identify(.) by extension 'colcon_pkg'
[1.538s] Level 1:colcon.colcon_core.package_identification:_identify(.) by extensions ['colcon_meta']
[1.538s] Level 1:colcon.colcon_core.package_identification:_identify(.) by extension 'colcon_meta'
[1.539s] Level 1:colcon.colcon_core.package_identification:_identify(.) by extensions ['ros']
[1.539s] Level 1:colcon.colcon_core.package_identification:_identify(.) by extension 'ros'
[1.634s] Level 1:colcon.colcon_core.package_identification:_identify(.) by extensions ['cmake', 'python']
[1.635s] Level 1:colcon.colcon_core.package_identification:_identify(.) by extension 'cmake'
[1.636s] Level 1:colcon.colcon_core.package_identification:_identify(.) by extension 'python'
[1.637s] Level 1:colcon.colcon_core.package_identification:_identify(.) by extensions ['python_setup_py']
[1.637s] Level 1:colcon.colcon_core.package_identification:_identify(.) by extension 'python_setup_py'
[1.638s] Level 1:colcon.colcon_core.package_identification:_identify(build) by extensions ['ignore', 'ignore_ament_install']
[1.639s] Level 1:colcon.colcon_core.package_identification:_identify(build) by extension 'ignore'
[1.640s] Level 1:colcon.colcon_core.package_identification:_identify(build) ignored
[1.641s] Level 1:colcon.colcon_core.package_identification:_identify(install) by extensions ['ignore', 'ignore_ament_install']
[1.642s] Level 1:colcon.colcon_core.package_identification:_identify(install) by extension 'ignore'
[1.642s] Level 1:colcon.colcon_core.package_identification:_identify(install) ignored
[1.644s] Level 1:colcon.colcon_core.package_identification:_identify(log) by extensions ['ignore', 'ignore_ament_install']
[1.645s] Level 1:colcon.colcon_core.package_identification:_identify(log) by extension 'ignore'
[1.645s] Level 1:colcon.colcon_core.package_identification:_identify(log) ignored
[1.646s] Level 1:colcon.colcon_core.package_identification:_identify(master_package) by extensions ['ignore', 'ignore_ament_install']
[1.647s] Level 1:colcon.colcon_core.package_identification:_identify(master_package) by extension 'ignore'
[1.647s] Level 1:colcon.colcon_core.package_identification:_identify(master_package) by extension 'ignore_ament_install'
[1.648s] Level 1:colcon.colcon_core.package_identification:_identify(master_package) by extensions ['colcon_pkg']
[1.648s] Level 1:colcon.colcon_core.package_identification:_identify(master_package) by extension 'colcon_pkg'
[1.649s] Level 1:colcon.colcon_core.package_identification:_identify(master_package) by extensions ['colcon_meta']
[1.649s] Level 1:colcon.colcon_core.package_identification:_identify(master_package) by extension 'colcon_meta'
[1.650s] Level 1:colcon.colcon_core.package_identification:_identify(master_package) by extensions ['ros']
[1.650s] Level 1:colcon.colcon_core.package_identification:_identify(master_package) by extension 'ros'
[1.670s] DEBUG:colcon.colcon_core.package_identification:Package 'master_package' with type 'ros.ament_python' and name 'master_package'
[1.671s] Level 1:colcon.colcon_core.package_identification:_identify(movement_package) by extensions ['ignore', 'ignore_ament_install']
[1.672s] Level 1:colcon.colcon_core.package_identification:_identify(movement_package) by extension 'ignore'
[1.672s] Level 1:colcon.colcon_core.package_identification:_identify(movement_package) by extension 'ignore_ament_install'
[1.673s] Level 1:colcon.colcon_core.package_identification:_identify(movement_package) by extensions ['colcon_pkg']
[1.674s] Level 1:colcon.colcon_core.package_identification:_identify(movement_package) by extension 'colcon_pkg'
[1.674s] Level 1:colcon.colcon_core.package_identification:_identify(movement_package) by extensions ['colcon_meta']
[1.675s] Level 1:colcon.colcon_core.package_identification:_identify(movement_package) by extension 'colcon_meta'
[1.675s] Level 1:colcon.colcon_core.package_identification:_identify(movement_package) by extensions ['ros']
[1.676s] Level 1:colcon.colcon_core.package_identification:_identify(movement_package) by extension 'ros'
[1.685s] DEBUG:colcon.colcon_core.package_identification:Package 'movement_package' with type 'ros.ament_python' and name 'movement_package'
[1.687s] Level 1:colcon.colcon_core.package_identification:_identify(src) by extensions ['ignore', 'ignore_ament_install']
[1.688s] Level 1:colcon.colcon_core.package_identification:_identify(src) by extension 'ignore'
[1.688s] Level 1:colcon.colcon_core.package_identification:_identify(src) by extension 'ignore_ament_install'
[1.689s] Level 1:colcon.colcon_core.package_identification:_identify(src) by extensions ['colcon_pkg']
[1.689s] Level 1:colcon.colcon_core.package_identification:_identify(src) by extension 'colcon_pkg'
[1.690s] Level 1:colcon.colcon_core.package_identification:_identify(src) by extensions ['colcon_meta']
[1.690s] Level 1:colcon.colcon_core.package_identification:_identify(src) by extension 'colcon_meta'
[1.691s] Level 1:colcon.colcon_core.package_identification:_identify(src) by extensions ['ros']
[1.692s] Level 1:colcon.colcon_core.package_identification:_identify(src) by extension 'ros'
[1.692s] Level 1:colcon.colcon_core.package_identification:_identify(src) by extensions ['cmake', 'python']
[1.693s] Level 1:colcon.colcon_core.package_identification:_identify(src) by extension 'cmake'
[1.693s] Level 1:colcon.colcon_core.package_identification:_identify(src) by extension 'python'
[1.693s] Level 1:colcon.colcon_core.package_identification:_identify(src) by extensions ['python_setup_py']
[1.694s] Level 1:colcon.colcon_core.package_identification:_identify(src) by extension 'python_setup_py'
[1.695s] Level 1:colcon.colcon_core.package_identification:_identify(src/cv_package) by extensions ['ignore', 'ignore_ament_install']
[1.696s] Level 1:colcon.colcon_core.package_identification:_identify(src/cv_package) by extension 'ignore'
[1.696s] Level 1:colcon.colcon_core.package_identification:_identify(src/cv_package) by extension 'ignore_ament_install'
[1.697s] Level 1:colcon.colcon_core.package_identification:_identify(src/cv_package) by extensions ['colcon_pkg']
[1.697s] Level 1:colcon.colcon_core.package_identification:_identify(src/cv_package) by extension 'colcon_pkg'
[1.697s] Level 1:colcon.colcon_core.package_identification:_identify(src/cv_package) by extensions ['colcon_meta']
[1.698s] Level 1:colcon.colcon_core.package_identification:_identify(src/cv_package) by extension 'colcon_meta'
[1.698s] Level 1:colcon.colcon_core.package_identification:_identify(src/cv_package) by extensions ['ros']
[1.698s] Level 1:colcon.colcon_core.package_identification:_identify(src/cv_package) by extension 'ros'
[1.702s] DEBUG:colcon.colcon_core.package_identification:Package 'src/cv_package' with type 'ros.ament_python' and name 'cv_package'
[1.703s] Level 1:colcon.colcon_core.package_discovery:discover_packages(recursive) using defaults
[1.703s] Level 1:colcon.colcon_core.package_discovery:discover_packages(ignore) discover
[1.704s] Level 1:colcon.colcon_core.package_discovery:discover_packages(ignore) using defaults
[1.704s] Level 1:colcon.colcon_core.package_discovery:discover_packages(path) discover
[1.704s] Level 1:colcon.colcon_core.package_discovery:discover_packages(path) using defaults
[1.921s] Level 1:colcon.colcon_core.package_discovery:discover_packages(prefix_path) check parameters
[1.922s] Level 1:colcon.colcon_core.package_discovery:discover_packages(prefix_path) discover
[1.945s] DEBUG:colcon.colcon_installed_package_information.package_discovery:Found 1 installed packages in /home/cimi/Documents/Workspace/belajar_ros2/ProjectRos2XYolo/install
[1.961s] DEBUG:colcon.colcon_installed_package_information.package_discovery:Found 256 installed packages in /opt/ros/foxy
[1.973s] Level 1:colcon.colcon_core.package_discovery:discover_packages(prefix_path) using defaults
[2.584s] Level 5:colcon.colcon_core.verb:set package 'cv_package' build argument 'cmake_args' from command line to 'None'
[2.585s] Level 5:colcon.colcon_core.verb:set package 'cv_package' build argument 'cmake_target' from command line to 'None'
[2.585s] Level 5:colcon.colcon_core.verb:set package 'cv_package' build argument 'cmake_target_skip_unavailable' from command line to 'False'
[2.586s] Level 5:colcon.colcon_core.verb:set package 'cv_package' build argument 'cmake_clean_cache' from command line to 'False'
[2.586s] Level 5:colcon.colcon_core.verb:set package 'cv_package' build argument 'cmake_clean_first' from command line to 'False'
[2.586s] Level 5:colcon.colcon_core.verb:set package 'cv_package' build argument 'cmake_force_configure' from command line to 'False'
[2.587s] Level 5:colcon.colcon_core.verb:set package 'cv_package' build argument 'ament_cmake_args' from command line to 'None'
[2.587s] Level 5:colcon.colcon_core.verb:set package 'cv_package' build argument 'catkin_cmake_args' from command line to 'None'
[2.588s] Level 5:colcon.colcon_core.verb:set package 'cv_package' build argument 'catkin_skip_building_tests' from command line to 'False'
[2.588s] DEBUG:colcon.colcon_core.verb:Building package 'cv_package' with the following arguments: {'ament_cmake_args': None, 'build_base': '/home/cimi/Documents/Workspace/belajar_ros2/ProjectRos2XYolo/build/cv_package', 'catkin_cmake_args': None, 'catkin_skip_building_tests': False, 'cmake_args': None, 'cmake_clean_cache': False, 'cmake_clean_first': False, 'cmake_force_configure': False, 'cmake_target': None, 'cmake_target_skip_unavailable': False, 'install_base': '/home/cimi/Documents/Workspace/belajar_ros2/ProjectRos2XYolo/install/cv_package', 'merge_install': False, 'path': '/home/cimi/Documents/Workspace/belajar_ros2/ProjectRos2XYolo/src/cv_package', 'symlink_install': False, 'test_result_base': None}
[2.597s] Level 5:colcon.colcon_core.verb:set package 'master_package' build argument 'cmake_args' from command line to 'None'
[2.597s] Level 5:colcon.colcon_core.verb:set package 'master_package' build argument 'cmake_target' from command line to 'None'
[2.598s] Level 5:colcon.colcon_core.verb:set package 'master_package' build argument 'cmake_target_skip_unavailable' from command line to 'False'
[2.598s] Level 5:colcon.colcon_core.verb:set package 'master_package' build argument 'cmake_clean_cache' from command line to 'False'
[2.598s] Level 5:colcon.colcon_core.verb:set package 'master_package' build argument 'cmake_clean_first' from command line to 'False'
[2.599s] Level 5:colcon.colcon_core.verb:set package 'master_package' build argument 'cmake_force_configure' from command line to 'False'
[2.599s] Level 5:colcon.colcon_core.verb:set package 'master_package' build argument 'ament_cmake_args' from command line to 'None'
[2.599s] Level 5:colcon.colcon_core.verb:set package 'master_package' build argument 'catkin_cmake_args' from command line to 'None'
[2.600s] Level 5:colcon.colcon_core.verb:set package 'master_package' build argument 'catkin_skip_building_tests' from command line to 'False'
[2.600s] DEBUG:colcon.colcon_core.verb:Building package 'master_package' with the following arguments: {'ament_cmake_args': None, 'build_base': '/home/cimi/Documents/Workspace/belajar_ros2/ProjectRos2XYolo/build/master_package', 'catkin_cmake_args': None, 'catkin_skip_building_tests': False, 'cmake_args': None, 'cmake_clean_cache': False, 'cmake_clean_first': False, 'cmake_force_configure': False, 'cmake_target': None, 'cmake_target_skip_unavailable': False, 'install_base': '/home/cimi/Documents/Workspace/belajar_ros2/ProjectRos2XYolo/install/master_package', 'merge_install': False, 'path': '/home/cimi/Documents/Workspace/belajar_ros2/ProjectRos2XYolo/master_package', 'symlink_install': False, 'test_result_base': None}
[2.608s] Level 5:colcon.colcon_core.verb:set package 'movement_package' build argument 'cmake_args' from command line to 'None'
[2.609s] Level 5:colcon.colcon_core.verb:set package 'movement_package' build argument 'cmake_target' from command line to 'None'
[2.609s] Level 5:colcon.colcon_core.verb:set package 'movement_package' build argument 'cmake_target_skip_unavailable' from command line to 'False'
[2.610s] Level 5:colcon.colcon_core.verb:set package 'movement_package' build argument 'cmake_clean_cache' from command line to 'False'
[2.610s] Level 5:colcon.colcon_core.verb:set package 'movement_package' build argument 'cmake_clean_first' from command line to 'False'
[2.611s] Level 5:colcon.colcon_core.verb:set package 'movement_package' build argument 'cmake_force_configure' from command line to 'False'
[2.611s] Level 5:colcon.colcon_core.verb:set package 'movement_package' build argument 'ament_cmake_args' from command line to 'None'
[2.611s] Level 5:colcon.colcon_core.verb:set package 'movement_package' build argument 'catkin_cmake_args' from command line to 'None'
[2.612s] Level 5:colcon.colcon_core.verb:set package 'movement_package' build argument 'catkin_skip_building_tests' from command line to 'False'
[2.612s] DEBUG:colcon.colcon_core.verb:Building package 'movement_package' with the following arguments: {'ament_cmake_args': None, 'build_base': '/home/cimi/Documents/Workspace/belajar_ros2/ProjectRos2XYolo/build/movement_package', 'catkin_cmake_args': None, 'catkin_skip_building_tests': False, 'cmake_args': None, 'cmake_clean_cache': False, 'cmake_clean_first': False, 'cmake_force_configure': False, 'cmake_target': None, 'cmake_target_skip_unavailable': False, 'install_base': '/home/cimi/Documents/Workspace/belajar_ros2/ProjectRos2XYolo/install/movement_package', 'merge_install': False, 'path': '/home/cimi/Documents/Workspace/belajar_ros2/ProjectRos2XYolo/movement_package', 'symlink_install': False, 'test_result_base': None}
[2.619s] INFO:colcon.colcon_core.executor:Executing jobs using 'parallel' executor
[2.651s] DEBUG:colcon.colcon_parallel_executor.executor.parallel:run_until_complete
[2.652s] INFO:colcon.colcon_ros.task.ament_python.build:Building ROS package in '/home/cimi/Documents/Workspace/belajar_ros2/ProjectRos2XYolo/src/cv_package' with build type 'ament_python'
[2.653s] Level 1:colcon.colcon_core.shell:create_environment_hook('cv_package', 'ament_prefix_path')
[2.693s] INFO:colcon.colcon_core.plugin_system:Skipping extension 'colcon_core.shell.bat': Not used on non-Windows systems
[2.695s] INFO:colcon.colcon_core.shell:Creating environment hook '/home/cimi/Documents/Workspace/belajar_ros2/ProjectRos2XYolo/install/cv_package/share/cv_package/hook/ament_prefix_path.ps1'
[2.700s] INFO:colcon.colcon_core.shell:Creating environment descriptor '/home/cimi/Documents/Workspace/belajar_ros2/ProjectRos2XYolo/install/cv_package/share/cv_package/hook/ament_prefix_path.dsv'
[2.706s] INFO:colcon.colcon_core.shell:Creating environment hook '/home/cimi/Documents/Workspace/belajar_ros2/ProjectRos2XYolo/install/cv_package/share/cv_package/hook/ament_prefix_path.sh'
[2.727s] INFO:colcon.colcon_core.shell:Skip shell extension 'powershell' for command environment: Not usable outside of PowerShell
[2.728s] DEBUG:colcon.colcon_core.shell:Skip shell extension 'dsv' for command environment
[2.778s] INFO:colcon.colcon_ros.task.ament_python.build:Building ROS package in '/home/cimi/Documents/Workspace/belajar_ros2/ProjectRos2XYolo/master_package' with build type 'ament_python'
[2.783s] Level 1:colcon.colcon_core.shell:create_environment_hook('master_package', 'ament_prefix_path')
[2.815s] INFO:colcon.colcon_core.shell:Creating environment hook '/home/cimi/Documents/Workspace/belajar_ros2/ProjectRos2XYolo/install/master_package/share/master_package/hook/ament_prefix_path.ps1'
[2.821s] INFO:colcon.colcon_core.shell:Creating environment descriptor '/home/cimi/Documents/Workspace/belajar_ros2/ProjectRos2XYolo/install/master_package/share/master_package/hook/ament_prefix_path.dsv'
[2.825s] INFO:colcon.colcon_core.shell:Creating environment hook '/home/cimi/Documents/Workspace/belajar_ros2/ProjectRos2XYolo/install/master_package/share/master_package/hook/ament_prefix_path.sh'
[2.844s] INFO:colcon.colcon_core.shell:Skip shell extension 'powershell' for command environment: Not usable outside of PowerShell
[2.844s] DEBUG:colcon.colcon_core.shell:Skip shell extension 'dsv' for command environment
[2.902s] INFO:colcon.colcon_ros.task.ament_python.build:Building ROS package in '/home/cimi/Documents/Workspace/belajar_ros2/ProjectRos2XYolo/movement_package' with build type 'ament_python'
[2.907s] Level 1:colcon.colcon_core.shell:create_environment_hook('movement_package', 'ament_prefix_path')
[2.929s] INFO:colcon.colcon_core.shell:Creating environment hook '/home/cimi/Documents/Workspace/belajar_ros2/ProjectRos2XYolo/install/movement_package/share/movement_package/hook/ament_prefix_path.ps1'
[2.935s] INFO:colcon.colcon_core.shell:Creating environment descriptor '/home/cimi/Documents/Workspace/belajar_ros2/ProjectRos2XYolo/install/movement_package/share/movement_package/hook/ament_prefix_path.dsv'
[2.937s] INFO:colcon.colcon_core.shell:Creating environment hook '/home/cimi/Documents/Workspace/belajar_ros2/ProjectRos2XYolo/install/movement_package/share/movement_package/hook/ament_prefix_path.sh'
[2.952s] INFO:colcon.colcon_core.shell:Skip shell extension 'powershell' for command environment: Not usable outside of PowerShell
[2.953s] DEBUG:colcon.colcon_core.shell:Skip shell extension 'dsv' for command environment
[3.999s] INFO:colcon.colcon_core.task.python.build:Building Python package in '/home/cimi/Documents/Workspace/belajar_ros2/ProjectRos2XYolo/src/cv_package'
[4.001s] INFO:colcon.colcon_core.shell:Skip shell extension 'powershell' for command environment: Not usable outside of PowerShell
[4.002s] DEBUG:colcon.colcon_core.shell:Skip shell extension 'dsv' for command environment
[4.241s] INFO:colcon.colcon_core.task.python.build:Building Python package in '/home/cimi/Documents/Workspace/belajar_ros2/ProjectRos2XYolo/master_package'
[4.244s] INFO:colcon.colcon_core.shell:Skip shell extension 'powershell' for command environment: Not usable outside of PowerShell
[4.244s] DEBUG:colcon.colcon_core.shell:Skip shell extension 'dsv' for command environment
[4.485s] INFO:colcon.colcon_core.task.python.build:Building Python package in '/home/cimi/Documents/Workspace/belajar_ros2/ProjectRos2XYolo/movement_package'
[4.488s] INFO:colcon.colcon_core.shell:Skip shell extension 'powershell' for command environment: Not usable outside of PowerShell
[4.488s] DEBUG:colcon.colcon_core.shell:Skip shell extension 'dsv' for command environment
[4.997s] DEBUG:colcon.colcon_core.event_handler.log_command:Invoking command in '/home/cimi/Documents/Workspace/belajar_ros2/ProjectRos2XYolo/master_package': PYTHONPATH=/home/cimi/Documents/Workspace/belajar_ros2/ProjectRos2XYolo/install/master_package/lib/python3.8/site-packages:${PYTHONPATH} /usr/bin/python3 setup.py egg_info --egg-base ../build/master_package build --build-base /home/cimi/Documents/Workspace/belajar_ros2/ProjectRos2XYolo/build/master_package/build install --prefix /home/cimi/Documents/Workspace/belajar_ros2/ProjectRos2XYolo/install/master_package --record /home/cimi/Documents/Workspace/belajar_ros2/ProjectRos2XYolo/build/master_package/install.log --single-version-externally-managed
[5.011s] DEBUG:colcon.colcon_core.event_handler.log_command:Invoking command in '/home/cimi/Documents/Workspace/belajar_ros2/ProjectRos2XYolo/movement_package': PYTHONPATH=/home/cimi/Documents/Workspace/belajar_ros2/ProjectRos2XYolo/install/movement_package/lib/python3.8/site-packages:${PYTHONPATH} /usr/bin/python3 setup.py egg_info --egg-base ../build/movement_package build --build-base /home/cimi/Documents/Workspace/belajar_ros2/ProjectRos2XYolo/build/movement_package/build install --prefix /home/cimi/Documents/Workspace/belajar_ros2/ProjectRos2XYolo/install/movement_package --record /home/cimi/Documents/Workspace/belajar_ros2/ProjectRos2XYolo/build/movement_package/install.log --single-version-externally-managed
[5.018s] DEBUG:colcon.colcon_core.event_handler.log_command:Invoking command in '/home/cimi/Documents/Workspace/belajar_ros2/ProjectRos2XYolo/src/cv_package': PYTHONPATH=/home/cimi/Documents/Workspace/belajar_ros2/ProjectRos2XYolo/install/cv_package/lib/python3.8/site-packages:${PYTHONPATH} /usr/bin/python3 setup.py egg_info --egg-base ../../build/cv_package build --build-base /home/cimi/Documents/Workspace/belajar_ros2/ProjectRos2XYolo/build/cv_package/build install --prefix /home/cimi/Documents/Workspace/belajar_ros2/ProjectRos2XYolo/install/cv_package --record /home/cimi/Documents/Workspace/belajar_ros2/ProjectRos2XYolo/build/cv_package/install.log --single-version-externally-managed
[5.418s] DEBUG:colcon.colcon_core.event_handler.log_command:Invoked command in '/home/cimi/Documents/Workspace/belajar_ros2/ProjectRos2XYolo/master_package' returned '0': PYTHONPATH=/home/cimi/Documents/Workspace/belajar_ros2/ProjectRos2XYolo/install/master_package/lib/python3.8/site-packages:${PYTHONPATH} /usr/bin/python3 setup.py egg_info --egg-base ../build/master_package build --build-base /home/cimi/Documents/Workspace/belajar_ros2/ProjectRos2XYolo/build/master_package/build install --prefix /home/cimi/Documents/Workspace/belajar_ros2/ProjectRos2XYolo/install/master_package --record /home/cimi/Documents/Workspace/belajar_ros2/ProjectRos2XYolo/build/master_package/install.log --single-version-externally-managed
[5.424s] Level 1:colcon.colcon_core.environment:checking '/home/cimi/Documents/Workspace/belajar_ros2/ProjectRos2XYolo/install/master_package' for CMake module files
[5.424s] Level 1:colcon.colcon_core.environment:checking '/home/cimi/Documents/Workspace/belajar_ros2/ProjectRos2XYolo/install/master_package' for CMake config files
[5.425s] Level 1:colcon.colcon_core.environment:checking '/home/cimi/Documents/Workspace/belajar_ros2/ProjectRos2XYolo/install/master_package/lib'
[5.425s] Level 1:colcon.colcon_core.environment:checking '/home/cimi/Documents/Workspace/belajar_ros2/ProjectRos2XYolo/install/master_package/bin'
[5.425s] Level 1:colcon.colcon_core.environment:checking '/home/cimi/Documents/Workspace/belajar_ros2/ProjectRos2XYolo/install/master_package/lib/pkgconfig/master_package.pc'
[5.425s] Level 1:colcon.colcon_core.environment:checking '/home/cimi/Documents/Workspace/belajar_ros2/ProjectRos2XYolo/install/master_package/lib/python3.8/site-packages'
[5.425s] Level 1:colcon.colcon_core.shell:create_environment_hook('master_package', 'pythonpath')
[5.427s] INFO:colcon.colcon_core.shell:Creating environment hook '/home/cimi/Documents/Workspace/belajar_ros2/ProjectRos2XYolo/install/master_package/share/master_package/hook/pythonpath.ps1'
[5.427s] INFO:colcon.colcon_core.shell:Creating environment descriptor '/home/cimi/Documents/Workspace/belajar_ros2/ProjectRos2XYolo/install/master_package/share/master_package/hook/pythonpath.dsv'
[5.428s] INFO:colcon.colcon_core.shell:Creating environment hook '/home/cimi/Documents/Workspace/belajar_ros2/ProjectRos2XYolo/install/master_package/share/master_package/hook/pythonpath.sh'
[5.428s] Level 1:colcon.colcon_core.environment:checking '/home/cimi/Documents/Workspace/belajar_ros2/ProjectRos2XYolo/install/master_package/bin'
[5.428s] Level 1:colcon.colcon_core.environment:create_environment_scripts_only(master_package)
[5.430s] INFO:colcon.colcon_core.shell:Creating package script '/home/cimi/Documents/Workspace/belajar_ros2/ProjectRos2XYolo/install/master_package/share/master_package/package.ps1'
[5.430s] INFO:colcon.colcon_core.shell:Creating package descriptor '/home/cimi/Documents/Workspace/belajar_ros2/ProjectRos2XYolo/install/master_package/share/master_package/package.dsv'
[5.431s] INFO:colcon.colcon_core.shell:Creating package script '/home/cimi/Documents/Workspace/belajar_ros2/ProjectRos2XYolo/install/master_package/share/master_package/package.sh'
[5.432s] INFO:colcon.colcon_core.shell:Creating package script '/home/cimi/Documents/Workspace/belajar_ros2/ProjectRos2XYolo/install/master_package/share/master_package/package.bash'
[5.432s] INFO:colcon.colcon_core.shell:Creating package script '/home/cimi/Documents/Workspace/belajar_ros2/ProjectRos2XYolo/install/master_package/share/master_package/package.zsh'
[5.433s] Level 1:colcon.colcon_core.environment:create_file_with_runtime_dependencies(/home/cimi/Documents/Workspace/belajar_ros2/ProjectRos2XYolo/install/master_package/share/colcon-core/packages/master_package)
[5.438s] Level 1:colcon.colcon_core.environment:checking '/home/cimi/Documents/Workspace/belajar_ros2/ProjectRos2XYolo/install/movement_package' for CMake module files
[5.439s] Level 1:colcon.colcon_core.environment:checking '/home/cimi/Documents/Workspace/belajar_ros2/ProjectRos2XYolo/install/movement_package' for CMake config files
[5.439s] DEBUG:colcon.colcon_core.event_handler.log_command:Invoked command in '/home/cimi/Documents/Workspace/belajar_ros2/ProjectRos2XYolo/movement_package' returned '0': PYTHONPATH=/home/cimi/Documents/Workspace/belajar_ros2/ProjectRos2XYolo/install/movement_package/lib/python3.8/site-packages:${PYTHONPATH} /usr/bin/python3 setup.py egg_info --egg-base ../build/movement_package build --build-base /home/cimi/Documents/Workspace/belajar_ros2/ProjectRos2XYolo/build/movement_package/build install --prefix /home/cimi/Documents/Workspace/belajar_ros2/ProjectRos2XYolo/install/movement_package --record /home/cimi/Documents/Workspace/belajar_ros2/ProjectRos2XYolo/build/movement_package/install.log --single-version-externally-managed
[5.440s] Level 1:colcon.colcon_core.environment:checking '/home/cimi/Documents/Workspace/belajar_ros2/ProjectRos2XYolo/install/movement_package/lib'
[5.440s] Level 1:colcon.colcon_core.environment:checking '/home/cimi/Documents/Workspace/belajar_ros2/ProjectRos2XYolo/install/movement_package/bin'
[5.440s] Level 1:colcon.colcon_core.environment:checking '/home/cimi/Documents/Workspace/belajar_ros2/ProjectRos2XYolo/install/movement_package/lib/pkgconfig/movement_package.pc'
[5.440s] Level 1:colcon.colcon_core.environment:checking '/home/cimi/Documents/Workspace/belajar_ros2/ProjectRos2XYolo/install/movement_package/lib/python3.8/site-packages'
[5.440s] Level 1:colcon.colcon_core.shell:create_environment_hook('movement_package', 'pythonpath')
[5.442s] INFO:colcon.colcon_core.shell:Creating environment hook '/home/cimi/Documents/Workspace/belajar_ros2/ProjectRos2XYolo/install/movement_package/share/movement_package/hook/pythonpath.ps1'
[5.442s] INFO:colcon.colcon_core.shell:Creating environment descriptor '/home/cimi/Documents/Workspace/belajar_ros2/ProjectRos2XYolo/install/movement_package/share/movement_package/hook/pythonpath.dsv'
[5.442s] INFO:colcon.colcon_core.shell:Creating environment hook '/home/cimi/Documents/Workspace/belajar_ros2/ProjectRos2XYolo/install/movement_package/share/movement_package/hook/pythonpath.sh'
[5.443s] Level 1:colcon.colcon_core.environment:checking '/home/cimi/Documents/Workspace/belajar_ros2/ProjectRos2XYolo/install/movement_package/bin'
[5.443s] Level 1:colcon.colcon_core.environment:create_environment_scripts_only(movement_package)
[5.444s] INFO:colcon.colcon_core.shell:Creating package script '/home/cimi/Documents/Workspace/belajar_ros2/ProjectRos2XYolo/install/movement_package/share/movement_package/package.ps1'
[5.445s] INFO:colcon.colcon_core.shell:Creating package descriptor '/home/cimi/Documents/Workspace/belajar_ros2/ProjectRos2XYolo/install/movement_package/share/movement_package/package.dsv'
[5.445s] INFO:colcon.colcon_core.shell:Creating package script '/home/cimi/Documents/Workspace/belajar_ros2/ProjectRos2XYolo/install/movement_package/share/movement_package/package.sh'
[5.446s] INFO:colcon.colcon_core.shell:Creating package script '/home/cimi/Documents/Workspace/belajar_ros2/ProjectRos2XYolo/install/movement_package/share/movement_package/package.bash'
[5.446s] INFO:colcon.colcon_core.shell:Creating package script '/home/cimi/Documents/Workspace/belajar_ros2/ProjectRos2XYolo/install/movement_package/share/movement_package/package.zsh'
[5.447s] Level 1:colcon.colcon_core.environment:create_file_with_runtime_dependencies(/home/cimi/Documents/Workspace/belajar_ros2/ProjectRos2XYolo/install/movement_package/share/colcon-core/packages/movement_package)
[5.515s] Level 1:colcon.colcon_core.environment:checking '/home/cimi/Documents/Workspace/belajar_ros2/ProjectRos2XYolo/install/cv_package' for CMake module files
[5.516s] DEBUG:colcon.colcon_core.event_handler.log_command:Invoked command in '/home/cimi/Documents/Workspace/belajar_ros2/ProjectRos2XYolo/src/cv_package' returned '0': PYTHONPATH=/home/cimi/Documents/Workspace/belajar_ros2/ProjectRos2XYolo/install/cv_package/lib/python3.8/site-packages:${PYTHONPATH} /usr/bin/python3 setup.py egg_info --egg-base ../../build/cv_package build --build-base /home/cimi/Documents/Workspace/belajar_ros2/ProjectRos2XYolo/build/cv_package/build install --prefix /home/cimi/Documents/Workspace/belajar_ros2/ProjectRos2XYolo/install/cv_package --record /home/cimi/Documents/Workspace/belajar_ros2/ProjectRos2XYolo/build/cv_package/install.log --single-version-externally-managed
[5.516s] Level 1:colcon.colcon_core.environment:checking '/home/cimi/Documents/Workspace/belajar_ros2/ProjectRos2XYolo/install/cv_package' for CMake config files
[5.517s] Level 1:colcon.colcon_core.environment:checking '/home/cimi/Documents/Workspace/belajar_ros2/ProjectRos2XYolo/install/cv_package/lib'
[5.517s] Level 1:colcon.colcon_core.environment:checking '/home/cimi/Documents/Workspace/belajar_ros2/ProjectRos2XYolo/install/cv_package/bin'
[5.517s] Level 1:colcon.colcon_core.environment:checking '/home/cimi/Documents/Workspace/belajar_ros2/ProjectRos2XYolo/install/cv_package/lib/pkgconfig/cv_package.pc'
[5.518s] Level 1:colcon.colcon_core.environment:checking '/home/cimi/Documents/Workspace/belajar_ros2/ProjectRos2XYolo/install/cv_package/lib/python3.8/site-packages'
[5.518s] Level 1:colcon.colcon_core.shell:create_environment_hook('cv_package', 'pythonpath')
[5.521s] INFO:colcon.colcon_core.shell:Creating environment hook '/home/cimi/Documents/Workspace/belajar_ros2/ProjectRos2XYolo/install/cv_package/share/cv_package/hook/pythonpath.ps1'
[5.521s] INFO:colcon.colcon_core.shell:Creating environment descriptor '/home/cimi/Documents/Workspace/belajar_ros2/ProjectRos2XYolo/install/cv_package/share/cv_package/hook/pythonpath.dsv'
[5.522s] INFO:colcon.colcon_core.shell:Creating environment hook '/home/cimi/Documents/Workspace/belajar_ros2/ProjectRos2XYolo/install/cv_package/share/cv_package/hook/pythonpath.sh'
[5.522s] Level 1:colcon.colcon_core.environment:checking '/home/cimi/Documents/Workspace/belajar_ros2/ProjectRos2XYolo/install/cv_package/bin'
[5.522s] Level 1:colcon.colcon_core.environment:create_environment_scripts_only(cv_package)
[5.525s] INFO:colcon.colcon_core.shell:Creating package script '/home/cimi/Documents/Workspace/belajar_ros2/ProjectRos2XYolo/install/cv_package/share/cv_package/package.ps1'
[5.526s] INFO:colcon.colcon_core.shell:Creating package descriptor '/home/cimi/Documents/Workspace/belajar_ros2/ProjectRos2XYolo/install/cv_package/share/cv_package/package.dsv'
[5.526s] INFO:colcon.colcon_core.shell:Creating package script '/home/cimi/Documents/Workspace/belajar_ros2/ProjectRos2XYolo/install/cv_package/share/cv_package/package.sh'
[5.527s] INFO:colcon.colcon_core.shell:Creating package script '/home/cimi/Documents/Workspace/belajar_ros2/ProjectRos2XYolo/install/cv_package/share/cv_package/package.bash'
[5.527s] INFO:colcon.colcon_core.shell:Creating package script '/home/cimi/Documents/Workspace/belajar_ros2/ProjectRos2XYolo/install/cv_package/share/cv_package/package.zsh'
[5.527s] Level 1:colcon.colcon_core.environment:create_file_with_runtime_dependencies(/home/cimi/Documents/Workspace/belajar_ros2/ProjectRos2XYolo/install/cv_package/share/colcon-core/packages/cv_package)
[5.528s] DEBUG:colcon.colcon_parallel_executor.executor.parallel:closing loop
[5.528s] DEBUG:colcon.colcon_parallel_executor.executor.parallel:loop closed
[5.528s] DEBUG:colcon.colcon_parallel_executor.executor.parallel:run_until_complete finished with '0'
[5.528s] DEBUG:colcon.colcon_core.event_reactor:joining thread
[5.538s] INFO:colcon.colcon_core.plugin_system:Skipping extension 'colcon_notification.desktop_notification.terminal_notifier': Not used on non-Darwin systems
[5.538s] INFO:colcon.colcon_core.plugin_system:Skipping extension 'colcon_notification.desktop_notification.win32': Not used on non-Windows systems
[5.538s] INFO:colcon.colcon_notification.desktop_notification:Sending desktop notification using 'notify2'
[5.551s] DEBUG:colcon.colcon_core.event_reactor:joined thread
[5.553s] INFO:colcon.colcon_core.shell:Creating prefix script '/home/cimi/Documents/Workspace/belajar_ros2/ProjectRos2XYolo/install/local_setup.ps1'
[5.554s] INFO:colcon.colcon_core.shell:Creating prefix util module '/home/cimi/Documents/Workspace/belajar_ros2/ProjectRos2XYolo/install/_local_setup_util_ps1.py'
[5.555s] INFO:colcon.colcon_core.shell:Creating prefix chain script '/home/cimi/Documents/Workspace/belajar_ros2/ProjectRos2XYolo/install/setup.ps1'
[5.557s] INFO:colcon.colcon_core.shell:Creating prefix script '/home/cimi/Documents/Workspace/belajar_ros2/ProjectRos2XYolo/install/local_setup.sh'
[5.558s] INFO:colcon.colcon_core.shell:Creating prefix util module '/home/cimi/Documents/Workspace/belajar_ros2/ProjectRos2XYolo/install/_local_setup_util_sh.py'
[5.559s] INFO:colcon.colcon_core.shell:Creating prefix chain script '/home/cimi/Documents/Workspace/belajar_ros2/ProjectRos2XYolo/install/setup.sh'
[5.560s] INFO:colcon.colcon_core.shell:Creating prefix script '/home/cimi/Documents/Workspace/belajar_ros2/ProjectRos2XYolo/install/local_setup.bash'
[5.561s] INFO:colcon.colcon_core.shell:Creating prefix chain script '/home/cimi/Documents/Workspace/belajar_ros2/ProjectRos2XYolo/install/setup.bash'
[5.562s] INFO:colcon.colcon_core.shell:Creating prefix script '/home/cimi/Documents/Workspace/belajar_ros2/ProjectRos2XYolo/install/local_setup.zsh'
[5.563s] INFO:colcon.colcon_core.shell:Creating prefix chain script '/home/cimi/Documents/Workspace/belajar_ros2/ProjectRos2XYolo/install/setup.zsh'
