[1.871s] Invoking command in '/home/hisan/Documents/Banyubramanta/ProjectRos2XYolo/src/movement_package': PYTHONPATH=/home/hisan/Documents/Banyubramanta/ProjectRos2XYolo/install/movement_package/lib/python3.8/site-packages:${PYTHONPATH} /usr/bin/python3 setup.py egg_info --egg-base ../../build/movement_package build --build-base /home/hisan/Documents/Banyubramanta/ProjectRos2XYolo/build/movement_package/build install --prefix /home/hisan/Documents/Banyubramanta/ProjectRos2XYolo/install/movement_package --record /home/hisan/Documents/Banyubramanta/ProjectRos2XYolo/build/movement_package/install.log --single-version-externally-managed
[2.323s] running egg_info
[2.323s] writing ../../build/movement_package/movement_package.egg-info/PKG-INFO
[2.324s] writing dependency_links to ../../build/movement_package/movement_package.egg-info/dependency_links.txt
[2.324s] writing entry points to ../../build/movement_package/movement_package.egg-info/entry_points.txt
[2.325s] writing requirements to ../../build/movement_package/movement_package.egg-info/requires.txt
[2.325s] writing top-level names to ../../build/movement_package/movement_package.egg-info/top_level.txt
[2.391s] reading manifest file '../../build/movement_package/movement_package.egg-info/SOURCES.txt'
[2.392s] writing manifest file '../../build/movement_package/movement_package.egg-info/SOURCES.txt'
[2.392s] running build
[2.393s] running build_py
[2.393s] copying movement_package/movement_node.py -> /home/hisan/Documents/Banyubramanta/ProjectRos2XYolo/build/movement_package/build/lib/movement_package
[2.393s] running install
[2.394s] running install_lib
[2.396s] copying /home/hisan/Documents/Banyubramanta/ProjectRos2XYolo/build/movement_package/build/lib/movement_package/movement_node.py -> /home/hisan/Documents/Banyubramanta/ProjectRos2XYolo/install/movement_package/lib/python3.8/site-packages/movement_package
[2.397s] byte-compiling /home/hisan/Documents/Banyubramanta/ProjectRos2XYolo/install/movement_package/lib/python3.8/site-packages/movement_package/movement_node.py to movement_node.cpython-38.pyc
[2.400s] running install_data
[2.401s] running install_egg_info
[2.404s] removing '/home/hisan/Documents/Banyubramanta/ProjectRos2XYolo/install/movement_package/lib/python3.8/site-packages/movement_package-0.0.0-py3.8.egg-info' (and everything under it)
[2.404s] Copying ../../build/movement_package/movement_package.egg-info to /home/hisan/Documents/Banyubramanta/ProjectRos2XYolo/install/movement_package/lib/python3.8/site-packages/movement_package-0.0.0-py3.8.egg-info
[2.406s] running install_scripts
[2.439s] Installing kecepatan script to /home/hisan/Documents/Banyubramanta/ProjectRos2XYolo/install/movement_package/lib/movement_package
[2.440s] writing list of installed files to '/home/hisan/Documents/Banyubramanta/ProjectRos2XYolo/build/movement_package/install.log'
[2.513s] Invoked command in '/home/hisan/Documents/Banyubramanta/ProjectRos2XYolo/src/movement_package' returned '0': PYTHONPATH=/home/hisan/Documents/Banyubramanta/ProjectRos2XYolo/install/movement_package/lib/python3.8/site-packages:${PYTHONPATH} /usr/bin/python3 setup.py egg_info --egg-base ../../build/movement_package build --build-base /home/hisan/Documents/Banyubramanta/ProjectRos2XYolo/build/movement_package/build install --prefix /home/hisan/Documents/Banyubramanta/ProjectRos2XYolo/install/movement_package --record /home/hisan/Documents/Banyubramanta/ProjectRos2XYolo/build/movement_package/install.log --single-version-externally-managed
