[4.232s] Invoking command in '/home/hisan/Documents/Banyubramanta/ProjectRos2XYolo/src/cv_package': PYTHONPATH=/home/hisan/Documents/Banyubramanta/ProjectRos2XYolo/install/cv_package/lib/python3.8/site-packages:${PYTHONPATH} /usr/bin/python3 setup.py egg_info --egg-base ../../build/cv_package build --build-base /home/hisan/Documents/Banyubramanta/ProjectRos2XYolo/build/cv_package/build install --prefix /home/hisan/Documents/Banyubramanta/ProjectRos2XYolo/install/cv_package --record /home/hisan/Documents/Banyubramanta/ProjectRos2XYolo/build/cv_package/install.log --single-version-externally-managed
[4.661s] running egg_info
[4.663s] writing ../../build/cv_package/cv_package.egg-info/PKG-INFO
[4.663s] writing dependency_links to ../../build/cv_package/cv_package.egg-info/dependency_links.txt
[4.664s] writing entry points to ../../build/cv_package/cv_package.egg-info/entry_points.txt
[4.664s] writing requirements to ../../build/cv_package/cv_package.egg-info/requires.txt
[4.664s] writing top-level names to ../../build/cv_package/cv_package.egg-info/top_level.txt
[4.863s] reading manifest file '../../build/cv_package/cv_package.egg-info/SOURCES.txt'
[4.898s] writing manifest file '../../build/cv_package/cv_package.egg-info/SOURCES.txt'
[4.898s] running build
[4.899s] running build_py
[4.957s] running install
[4.959s] running install_lib
[5.023s] running install_data
[5.093s] running install_egg_info
[5.097s] removing '/home/hisan/Documents/Banyubramanta/ProjectRos2XYolo/install/cv_package/lib/python3.8/site-packages/cv_package-0.0.0-py3.8.egg-info' (and everything under it)
[5.097s] Copying ../../build/cv_package/cv_package.egg-info to /home/hisan/Documents/Banyubramanta/ProjectRos2XYolo/install/cv_package/lib/python3.8/site-packages/cv_package-0.0.0-py3.8.egg-info
[5.140s] running install_scripts
[5.171s] Installing eye script to /home/hisan/Documents/Banyubramanta/ProjectRos2XYolo/install/cv_package/lib/cv_package
[5.173s] writing list of installed files to '/home/hisan/Documents/Banyubramanta/ProjectRos2XYolo/build/cv_package/install.log'
[5.235s] Invoked command in '/home/hisan/Documents/Banyubramanta/ProjectRos2XYolo/src/cv_package' returned '0': PYTHONPATH=/home/hisan/Documents/Banyubramanta/ProjectRos2XYolo/install/cv_package/lib/python3.8/site-packages:${PYTHONPATH} /usr/bin/python3 setup.py egg_info --egg-base ../../build/cv_package build --build-base /home/hisan/Documents/Banyubramanta/ProjectRos2XYolo/build/cv_package/build install --prefix /home/hisan/Documents/Banyubramanta/ProjectRos2XYolo/install/cv_package --record /home/hisan/Documents/Banyubramanta/ProjectRos2XYolo/build/cv_package/install.log --single-version-externally-managed
