[2.810s] DEBUG:colcon:Command line arguments: ['/usr/bin/colcon', 'build']
[2.811s] DEBUG:colcon:Parsed command line arguments: Namespace(allow_overriding=[], ament_cmake_args=None, base_paths=['.'], build_base='build', catkin_cmake_args=None, catkin_skip_building_tests=False, cmake_args=None, cmake_clean_cache=False, cmake_clean_first=False, cmake_force_configure=False, cmake_target=None, cmake_target_skip_unavailable=False, continue_on_error=False, event_handlers=None, executor='parallel', ignore_user_meta=False, install_base='install', log_base=None, log_level=None, main=<bound method BuildVerb.main of <colcon_core.verb.build.BuildVerb object at 0x7f497c408e80>>, merge_install=False, metas=['./colcon.meta'], packages_above=None, packages_above_and_dependencies=None, packages_above_depth=None, packages_end=None, packages_ignore=None, packages_ignore_regex=None, packages_select=None, packages_select_build_failed=False, packages_select_by_dep=None, packages_select_regex=None, packages_select_test_failures=False, packages_skip=None, packages_skip_build_finished=False, packages_skip_by_dep=None, packages_skip_regex=None, packages_skip_test_passed=False, packages_skip_up_to=None, packages_start=None, packages_up_to=None, packages_up_to_regex=None, parallel_workers=8, paths=None, symlink_install=False, test_result_base=None, verb_extension=<colcon_core.verb.build.BuildVerb object at 0x7f497c408e80>, verb_name='build', verb_parser=<colcon_defaults.argument_parser.defaults.DefaultArgumentsDecorator object at 0x7f497c414430>)
[3.466s] Level 1:colcon.colcon_core.package_discovery:discover_packages(colcon_meta) check parameters
[3.467s] Level 1:colcon.colcon_core.package_discovery:discover_packages(recursive) check parameters
[3.467s] Level 1:colcon.colcon_core.package_discovery:discover_packages(ignore) check parameters
[3.467s] Level 1:colcon.colcon_core.package_discovery:discover_packages(path) check parameters
[3.467s] Level 1:colcon.colcon_core.package_discovery:discover_packages(colcon_meta) discover
[3.467s] Level 1:colcon.colcon_core.package_discovery:discover_packages(recursive) discover
[3.467s] INFO:colcon.colcon_core.package_discovery:Crawling recursively for packages in '/home/hisan/Documents/Banyubramanta/ProjectRos2XYolo'
[3.467s] Level 1:colcon.colcon_core.package_identification:_identify(.) by extensions ['ignore', 'ignore_ament_install']
[3.468s] Level 1:colcon.colcon_core.package_identification:_identify(.) by extension 'ignore'
[3.468s] Level 1:colcon.colcon_core.package_identification:_identify(.) by extension 'ignore_ament_install'
[3.468s] Level 1:colcon.colcon_core.package_identification:_identify(.) by extensions ['colcon_pkg']
[3.468s] Level 1:colcon.colcon_core.package_identification:_identify(.) by extension 'colcon_pkg'
[3.468s] Level 1:colcon.colcon_core.package_identification:_identify(.) by extensions ['colcon_meta']
[3.468s] Level 1:colcon.colcon_core.package_identification:_identify(.) by extension 'colcon_meta'
[3.468s] Level 1:colcon.colcon_core.package_identification:_identify(.) by extensions ['ros']
[3.469s] Level 1:colcon.colcon_core.package_identification:_identify(.) by extension 'ros'
[3.538s] Level 1:colcon.colcon_core.package_identification:_identify(.) by extensions ['cmake', 'python']
[3.538s] Level 1:colcon.colcon_core.package_identification:_identify(.) by extension 'cmake'
[3.538s] Level 1:colcon.colcon_core.package_identification:_identify(.) by extension 'python'
[3.538s] Level 1:colcon.colcon_core.package_identification:_identify(.) by extensions ['python_setup_py']
[3.538s] Level 1:colcon.colcon_core.package_identification:_identify(.) by extension 'python_setup_py'
[3.539s] Level 1:colcon.colcon_core.package_identification:_identify(build) by extensions ['ignore', 'ignore_ament_install']
[3.539s] Level 1:colcon.colcon_core.package_identification:_identify(build) by extension 'ignore'
[3.539s] Level 1:colcon.colcon_core.package_identification:_identify(build) ignored
[3.539s] Level 1:colcon.colcon_core.package_identification:_identify(install) by extensions ['ignore', 'ignore_ament_install']
[3.539s] Level 1:colcon.colcon_core.package_identification:_identify(install) by extension 'ignore'
[3.539s] Level 1:colcon.colcon_core.package_identification:_identify(install) ignored
[3.540s] Level 1:colcon.colcon_core.package_identification:_identify(log) by extensions ['ignore', 'ignore_ament_install']
[3.540s] Level 1:colcon.colcon_core.package_identification:_identify(log) by extension 'ignore'
[3.540s] Level 1:colcon.colcon_core.package_identification:_identify(log) ignored
[3.553s] Level 1:colcon.colcon_core.package_identification:_identify(src) by extensions ['ignore', 'ignore_ament_install']
[3.553s] Level 1:colcon.colcon_core.package_identification:_identify(src) by extension 'ignore'
[3.553s] Level 1:colcon.colcon_core.package_identification:_identify(src) by extension 'ignore_ament_install'
[3.554s] Level 1:colcon.colcon_core.package_identification:_identify(src) by extensions ['colcon_pkg']
[3.554s] Level 1:colcon.colcon_core.package_identification:_identify(src) by extension 'colcon_pkg'
[3.554s] Level 1:colcon.colcon_core.package_identification:_identify(src) by extensions ['colcon_meta']
[3.554s] Level 1:colcon.colcon_core.package_identification:_identify(src) by extension 'colcon_meta'
[3.554s] Level 1:colcon.colcon_core.package_identification:_identify(src) by extensions ['ros']
[3.554s] Level 1:colcon.colcon_core.package_identification:_identify(src) by extension 'ros'
[3.554s] Level 1:colcon.colcon_core.package_identification:_identify(src) by extensions ['cmake', 'python']
[3.554s] Level 1:colcon.colcon_core.package_identification:_identify(src) by extension 'cmake'
[3.554s] Level 1:colcon.colcon_core.package_identification:_identify(src) by extension 'python'
[3.555s] Level 1:colcon.colcon_core.package_identification:_identify(src) by extensions ['python_setup_py']
[3.555s] Level 1:colcon.colcon_core.package_identification:_identify(src) by extension 'python_setup_py'
[3.579s] Level 1:colcon.colcon_core.package_identification:_identify(src/cv_package) by extensions ['ignore', 'ignore_ament_install']
[3.579s] Level 1:colcon.colcon_core.package_identification:_identify(src/cv_package) by extension 'ignore'
[3.579s] Level 1:colcon.colcon_core.package_identification:_identify(src/cv_package) by extension 'ignore_ament_install'
[3.580s] Level 1:colcon.colcon_core.package_identification:_identify(src/cv_package) by extensions ['colcon_pkg']
[3.580s] Level 1:colcon.colcon_core.package_identification:_identify(src/cv_package) by extension 'colcon_pkg'
[3.580s] Level 1:colcon.colcon_core.package_identification:_identify(src/cv_package) by extensions ['colcon_meta']
[3.580s] Level 1:colcon.colcon_core.package_identification:_identify(src/cv_package) by extension 'colcon_meta'
[3.580s] Level 1:colcon.colcon_core.package_identification:_identify(src/cv_package) by extensions ['ros']
[3.580s] Level 1:colcon.colcon_core.package_identification:_identify(src/cv_package) by extension 'ros'
[3.623s] DEBUG:colcon.colcon_core.package_identification:Package 'src/cv_package' with type 'ros.ament_python' and name 'cv_package'
[3.717s] Level 1:colcon.colcon_core.package_identification:_identify(src/movement_package) by extensions ['ignore', 'ignore_ament_install']
[3.718s] Level 1:colcon.colcon_core.package_identification:_identify(src/movement_package) by extension 'ignore'
[3.718s] Level 1:colcon.colcon_core.package_identification:_identify(src/movement_package) by extension 'ignore_ament_install'
[3.718s] Level 1:colcon.colcon_core.package_identification:_identify(src/movement_package) by extensions ['colcon_pkg']
[3.718s] Level 1:colcon.colcon_core.package_identification:_identify(src/movement_package) by extension 'colcon_pkg'
[3.718s] Level 1:colcon.colcon_core.package_identification:_identify(src/movement_package) by extensions ['colcon_meta']
[3.718s] Level 1:colcon.colcon_core.package_identification:_identify(src/movement_package) by extension 'colcon_meta'
[3.718s] Level 1:colcon.colcon_core.package_identification:_identify(src/movement_package) by extensions ['ros']
[3.718s] Level 1:colcon.colcon_core.package_identification:_identify(src/movement_package) by extension 'ros'
[3.746s] DEBUG:colcon.colcon_core.package_identification:Package 'src/movement_package' with type 'ros.ament_python' and name 'movement_package'
[3.747s] Level 1:colcon.colcon_core.package_discovery:discover_packages(recursive) using defaults
[3.747s] Level 1:colcon.colcon_core.package_discovery:discover_packages(ignore) discover
[3.747s] Level 1:colcon.colcon_core.package_discovery:discover_packages(ignore) using defaults
[3.747s] Level 1:colcon.colcon_core.package_discovery:discover_packages(path) discover
[3.747s] Level 1:colcon.colcon_core.package_discovery:discover_packages(path) using defaults
[3.972s] Level 1:colcon.colcon_core.package_discovery:discover_packages(prefix_path) check parameters
[3.972s] Level 1:colcon.colcon_core.package_discovery:discover_packages(prefix_path) discover
[3.981s] DEBUG:colcon.colcon_installed_package_information.package_discovery:Found 256 installed packages in /opt/ros/foxy
[3.986s] Level 1:colcon.colcon_core.package_discovery:discover_packages(prefix_path) using defaults
[4.789s] Level 5:colcon.colcon_core.verb:set package 'cv_package' build argument 'cmake_args' from command line to 'None'
[4.789s] Level 5:colcon.colcon_core.verb:set package 'cv_package' build argument 'cmake_target' from command line to 'None'
[4.789s] Level 5:colcon.colcon_core.verb:set package 'cv_package' build argument 'cmake_target_skip_unavailable' from command line to 'False'
[4.789s] Level 5:colcon.colcon_core.verb:set package 'cv_package' build argument 'cmake_clean_cache' from command line to 'False'
[4.789s] Level 5:colcon.colcon_core.verb:set package 'cv_package' build argument 'cmake_clean_first' from command line to 'False'
[4.789s] Level 5:colcon.colcon_core.verb:set package 'cv_package' build argument 'cmake_force_configure' from command line to 'False'
[4.789s] Level 5:colcon.colcon_core.verb:set package 'cv_package' build argument 'ament_cmake_args' from command line to 'None'
[4.790s] Level 5:colcon.colcon_core.verb:set package 'cv_package' build argument 'catkin_cmake_args' from command line to 'None'
[4.790s] Level 5:colcon.colcon_core.verb:set package 'cv_package' build argument 'catkin_skip_building_tests' from command line to 'False'
[4.790s] DEBUG:colcon.colcon_core.verb:Building package 'cv_package' with the following arguments: {'ament_cmake_args': None, 'build_base': '/home/hisan/Documents/Banyubramanta/ProjectRos2XYolo/build/cv_package', 'catkin_cmake_args': None, 'catkin_skip_building_tests': False, 'cmake_args': None, 'cmake_clean_cache': False, 'cmake_clean_first': False, 'cmake_force_configure': False, 'cmake_target': None, 'cmake_target_skip_unavailable': False, 'install_base': '/home/hisan/Documents/Banyubramanta/ProjectRos2XYolo/install/cv_package', 'merge_install': False, 'path': '/home/hisan/Documents/Banyubramanta/ProjectRos2XYolo/src/cv_package', 'symlink_install': False, 'test_result_base': None}
[4.794s] Level 5:colcon.colcon_core.verb:set package 'movement_package' build argument 'cmake_args' from command line to 'None'
[4.794s] Level 5:colcon.colcon_core.verb:set package 'movement_package' build argument 'cmake_target' from command line to 'None'
[4.794s] Level 5:colcon.colcon_core.verb:set package 'movement_package' build argument 'cmake_target_skip_unavailable' from command line to 'False'
[4.794s] Level 5:colcon.colcon_core.verb:set package 'movement_package' build argument 'cmake_clean_cache' from command line to 'False'
[4.794s] Level 5:colcon.colcon_core.verb:set package 'movement_package' build argument 'cmake_clean_first' from command line to 'False'
[4.794s] Level 5:colcon.colcon_core.verb:set package 'movement_package' build argument 'cmake_force_configure' from command line to 'False'
[4.794s] Level 5:colcon.colcon_core.verb:set package 'movement_package' build argument 'ament_cmake_args' from command line to 'None'
[4.794s] Level 5:colcon.colcon_core.verb:set package 'movement_package' build argument 'catkin_cmake_args' from command line to 'None'
[4.794s] Level 5:colcon.colcon_core.verb:set package 'movement_package' build argument 'catkin_skip_building_tests' from command line to 'False'
[4.794s] DEBUG:colcon.colcon_core.verb:Building package 'movement_package' with the following arguments: {'ament_cmake_args': None, 'build_base': '/home/hisan/Documents/Banyubramanta/ProjectRos2XYolo/build/movement_package', 'catkin_cmake_args': None, 'catkin_skip_building_tests': False, 'cmake_args': None, 'cmake_clean_cache': False, 'cmake_clean_first': False, 'cmake_force_configure': False, 'cmake_target': None, 'cmake_target_skip_unavailable': False, 'install_base': '/home/hisan/Documents/Banyubramanta/ProjectRos2XYolo/install/movement_package', 'merge_install': False, 'path': '/home/hisan/Documents/Banyubramanta/ProjectRos2XYolo/src/movement_package', 'symlink_install': False, 'test_result_base': None}
[4.797s] INFO:colcon.colcon_core.executor:Executing jobs using 'parallel' executor
[4.809s] DEBUG:colcon.colcon_parallel_executor.executor.parallel:run_until_complete
[4.810s] INFO:colcon.colcon_ros.task.ament_python.build:Building ROS package in '/home/hisan/Documents/Banyubramanta/ProjectRos2XYolo/src/cv_package' with build type 'ament_python'
[4.810s] Level 1:colcon.colcon_core.shell:create_environment_hook('cv_package', 'ament_prefix_path')
[4.863s] INFO:colcon.colcon_core.plugin_system:Skipping extension 'colcon_core.shell.bat': Not used on non-Windows systems
[4.863s] INFO:colcon.colcon_core.shell:Creating environment hook '/home/hisan/Documents/Banyubramanta/ProjectRos2XYolo/install/cv_package/share/cv_package/hook/ament_prefix_path.ps1'
[4.927s] INFO:colcon.colcon_core.shell:Creating environment descriptor '/home/hisan/Documents/Banyubramanta/ProjectRos2XYolo/install/cv_package/share/cv_package/hook/ament_prefix_path.dsv'
[4.940s] INFO:colcon.colcon_core.shell:Creating environment hook '/home/hisan/Documents/Banyubramanta/ProjectRos2XYolo/install/cv_package/share/cv_package/hook/ament_prefix_path.sh'
[4.949s] INFO:colcon.colcon_core.shell:Skip shell extension 'powershell' for command environment: Not usable outside of PowerShell
[4.949s] DEBUG:colcon.colcon_core.shell:Skip shell extension 'dsv' for command environment
[4.960s] DEBUG:colcon.colcon_core.shell:Ignoring prefix path '/opt/ros/noetic'
[4.995s] INFO:colcon.colcon_ros.task.ament_python.build:Building ROS package in '/home/hisan/Documents/Banyubramanta/ProjectRos2XYolo/src/movement_package' with build type 'ament_python'
[4.996s] Level 1:colcon.colcon_core.shell:create_environment_hook('movement_package', 'ament_prefix_path')
[5.004s] INFO:colcon.colcon_core.shell:Creating environment hook '/home/hisan/Documents/Banyubramanta/ProjectRos2XYolo/install/movement_package/share/movement_package/hook/ament_prefix_path.ps1'
[5.071s] INFO:colcon.colcon_core.shell:Creating environment descriptor '/home/hisan/Documents/Banyubramanta/ProjectRos2XYolo/install/movement_package/share/movement_package/hook/ament_prefix_path.dsv'
[5.072s] INFO:colcon.colcon_core.shell:Creating environment hook '/home/hisan/Documents/Banyubramanta/ProjectRos2XYolo/install/movement_package/share/movement_package/hook/ament_prefix_path.sh'
[5.080s] INFO:colcon.colcon_core.shell:Skip shell extension 'powershell' for command environment: Not usable outside of PowerShell
[5.080s] DEBUG:colcon.colcon_core.shell:Skip shell extension 'dsv' for command environment
[5.088s] DEBUG:colcon.colcon_core.shell:Ignoring prefix path '/opt/ros/noetic'
[5.542s] INFO:colcon.colcon_core.task.python.build:Building Python package in '/home/hisan/Documents/Banyubramanta/ProjectRos2XYolo/src/cv_package'
[5.551s] INFO:colcon.colcon_core.shell:Skip shell extension 'powershell' for command environment: Not usable outside of PowerShell
[5.551s] DEBUG:colcon.colcon_core.shell:Skip shell extension 'dsv' for command environment
[5.560s] DEBUG:colcon.colcon_core.shell:Ignoring prefix path '/opt/ros/noetic'
[6.029s] INFO:colcon.colcon_core.task.python.build:Building Python package in '/home/hisan/Documents/Banyubramanta/ProjectRos2XYolo/src/movement_package'
[6.037s] INFO:colcon.colcon_core.shell:Skip shell extension 'powershell' for command environment: Not usable outside of PowerShell
[6.037s] DEBUG:colcon.colcon_core.shell:Skip shell extension 'dsv' for command environment
[6.047s] DEBUG:colcon.colcon_core.shell:Ignoring prefix path '/opt/ros/noetic'
[9.018s] DEBUG:colcon.colcon_core.event_handler.log_command:Invoking command in '/home/hisan/Documents/Banyubramanta/ProjectRos2XYolo/src/movement_package': PYTHONPATH=/home/hisan/Documents/Banyubramanta/ProjectRos2XYolo/install/movement_package/lib/python3.8/site-packages:${PYTHONPATH} /usr/bin/python3 setup.py egg_info --egg-base ../../build/movement_package build --build-base /home/hisan/Documents/Banyubramanta/ProjectRos2XYolo/build/movement_package/build install --prefix /home/hisan/Documents/Banyubramanta/ProjectRos2XYolo/install/movement_package --record /home/hisan/Documents/Banyubramanta/ProjectRos2XYolo/build/movement_package/install.log --single-version-externally-managed
[9.044s] DEBUG:colcon.colcon_core.event_handler.log_command:Invoking command in '/home/hisan/Documents/Banyubramanta/ProjectRos2XYolo/src/cv_package': PYTHONPATH=/home/hisan/Documents/Banyubramanta/ProjectRos2XYolo/install/cv_package/lib/python3.8/site-packages:${PYTHONPATH} /usr/bin/python3 setup.py egg_info --egg-base ../../build/cv_package build --build-base /home/hisan/Documents/Banyubramanta/ProjectRos2XYolo/build/cv_package/build install --prefix /home/hisan/Documents/Banyubramanta/ProjectRos2XYolo/install/cv_package --record /home/hisan/Documents/Banyubramanta/ProjectRos2XYolo/build/cv_package/install.log --single-version-externally-managed
[10.046s] DEBUG:colcon.colcon_core.event_handler.log_command:Invoked command in '/home/hisan/Documents/Banyubramanta/ProjectRos2XYolo/src/cv_package' returned '0': PYTHONPATH=/home/hisan/Documents/Banyubramanta/ProjectRos2XYolo/install/cv_package/lib/python3.8/site-packages:${PYTHONPATH} /usr/bin/python3 setup.py egg_info --egg-base ../../build/cv_package build --build-base /home/hisan/Documents/Banyubramanta/ProjectRos2XYolo/build/cv_package/build install --prefix /home/hisan/Documents/Banyubramanta/ProjectRos2XYolo/install/cv_package --record /home/hisan/Documents/Banyubramanta/ProjectRos2XYolo/build/cv_package/install.log --single-version-externally-managed
[10.095s] Level 1:colcon.colcon_core.environment:checking '/home/hisan/Documents/Banyubramanta/ProjectRos2XYolo/install/cv_package' for CMake module files
[10.096s] Level 1:colcon.colcon_core.environment:checking '/home/hisan/Documents/Banyubramanta/ProjectRos2XYolo/install/cv_package' for CMake config files
[10.097s] Level 1:colcon.colcon_core.environment:checking '/home/hisan/Documents/Banyubramanta/ProjectRos2XYolo/install/cv_package/lib'
[10.098s] Level 1:colcon.colcon_core.environment:checking '/home/hisan/Documents/Banyubramanta/ProjectRos2XYolo/install/cv_package/bin'
[10.098s] Level 1:colcon.colcon_core.environment:checking '/home/hisan/Documents/Banyubramanta/ProjectRos2XYolo/install/cv_package/lib/pkgconfig/cv_package.pc'
[10.098s] Level 1:colcon.colcon_core.environment:checking '/home/hisan/Documents/Banyubramanta/ProjectRos2XYolo/install/cv_package/lib/python3.8/site-packages'
[10.098s] Level 1:colcon.colcon_core.shell:create_environment_hook('cv_package', 'pythonpath')
[10.103s] INFO:colcon.colcon_core.shell:Creating environment hook '/home/hisan/Documents/Banyubramanta/ProjectRos2XYolo/install/cv_package/share/cv_package/hook/pythonpath.ps1'
[10.104s] INFO:colcon.colcon_core.shell:Creating environment descriptor '/home/hisan/Documents/Banyubramanta/ProjectRos2XYolo/install/cv_package/share/cv_package/hook/pythonpath.dsv'
[10.104s] INFO:colcon.colcon_core.shell:Creating environment hook '/home/hisan/Documents/Banyubramanta/ProjectRos2XYolo/install/cv_package/share/cv_package/hook/pythonpath.sh'
[10.105s] Level 1:colcon.colcon_core.environment:checking '/home/hisan/Documents/Banyubramanta/ProjectRos2XYolo/install/cv_package/bin'
[10.105s] Level 1:colcon.colcon_core.environment:create_environment_scripts_only(cv_package)
[10.109s] INFO:colcon.colcon_core.shell:Creating package script '/home/hisan/Documents/Banyubramanta/ProjectRos2XYolo/install/cv_package/share/cv_package/package.ps1'
[10.132s] INFO:colcon.colcon_core.shell:Creating package descriptor '/home/hisan/Documents/Banyubramanta/ProjectRos2XYolo/install/cv_package/share/cv_package/package.dsv'
[10.134s] INFO:colcon.colcon_core.shell:Creating package script '/home/hisan/Documents/Banyubramanta/ProjectRos2XYolo/install/cv_package/share/cv_package/package.sh'
[10.135s] INFO:colcon.colcon_core.shell:Creating package script '/home/hisan/Documents/Banyubramanta/ProjectRos2XYolo/install/cv_package/share/cv_package/package.bash'
[10.147s] INFO:colcon.colcon_core.shell:Creating package script '/home/hisan/Documents/Banyubramanta/ProjectRos2XYolo/install/cv_package/share/cv_package/package.zsh'
[10.155s] Level 1:colcon.colcon_core.environment:create_file_with_runtime_dependencies(/home/hisan/Documents/Banyubramanta/ProjectRos2XYolo/install/cv_package/share/colcon-core/packages/cv_package)
[10.166s] Level 1:colcon.colcon_core.environment:checking '/home/hisan/Documents/Banyubramanta/ProjectRos2XYolo/install/movement_package' for CMake module files
[10.168s] DEBUG:colcon.colcon_core.event_handler.log_command:Invoked command in '/home/hisan/Documents/Banyubramanta/ProjectRos2XYolo/src/movement_package' returned '0': PYTHONPATH=/home/hisan/Documents/Banyubramanta/ProjectRos2XYolo/install/movement_package/lib/python3.8/site-packages:${PYTHONPATH} /usr/bin/python3 setup.py egg_info --egg-base ../../build/movement_package build --build-base /home/hisan/Documents/Banyubramanta/ProjectRos2XYolo/build/movement_package/build install --prefix /home/hisan/Documents/Banyubramanta/ProjectRos2XYolo/install/movement_package --record /home/hisan/Documents/Banyubramanta/ProjectRos2XYolo/build/movement_package/install.log --single-version-externally-managed
[10.168s] Level 1:colcon.colcon_core.environment:checking '/home/hisan/Documents/Banyubramanta/ProjectRos2XYolo/install/movement_package' for CMake config files
[10.204s] Level 1:colcon.colcon_core.environment:checking '/home/hisan/Documents/Banyubramanta/ProjectRos2XYolo/install/movement_package/lib'
[10.204s] Level 1:colcon.colcon_core.environment:checking '/home/hisan/Documents/Banyubramanta/ProjectRos2XYolo/install/movement_package/bin'
[10.205s] Level 1:colcon.colcon_core.environment:checking '/home/hisan/Documents/Banyubramanta/ProjectRos2XYolo/install/movement_package/lib/pkgconfig/movement_package.pc'
[10.205s] Level 1:colcon.colcon_core.environment:checking '/home/hisan/Documents/Banyubramanta/ProjectRos2XYolo/install/movement_package/lib/python3.8/site-packages'
[10.205s] Level 1:colcon.colcon_core.shell:create_environment_hook('movement_package', 'pythonpath')
[10.212s] INFO:colcon.colcon_core.shell:Creating environment hook '/home/hisan/Documents/Banyubramanta/ProjectRos2XYolo/install/movement_package/share/movement_package/hook/pythonpath.ps1'
[10.213s] INFO:colcon.colcon_core.shell:Creating environment descriptor '/home/hisan/Documents/Banyubramanta/ProjectRos2XYolo/install/movement_package/share/movement_package/hook/pythonpath.dsv'
[10.214s] INFO:colcon.colcon_core.shell:Creating environment hook '/home/hisan/Documents/Banyubramanta/ProjectRos2XYolo/install/movement_package/share/movement_package/hook/pythonpath.sh'
[10.215s] Level 1:colcon.colcon_core.environment:checking '/home/hisan/Documents/Banyubramanta/ProjectRos2XYolo/install/movement_package/bin'
[10.215s] Level 1:colcon.colcon_core.environment:create_environment_scripts_only(movement_package)
[10.222s] INFO:colcon.colcon_core.shell:Creating package script '/home/hisan/Documents/Banyubramanta/ProjectRos2XYolo/install/movement_package/share/movement_package/package.ps1'
[10.223s] INFO:colcon.colcon_core.shell:Creating package descriptor '/home/hisan/Documents/Banyubramanta/ProjectRos2XYolo/install/movement_package/share/movement_package/package.dsv'
[10.223s] INFO:colcon.colcon_core.shell:Creating package script '/home/hisan/Documents/Banyubramanta/ProjectRos2XYolo/install/movement_package/share/movement_package/package.sh'
[10.224s] INFO:colcon.colcon_core.shell:Creating package script '/home/hisan/Documents/Banyubramanta/ProjectRos2XYolo/install/movement_package/share/movement_package/package.bash'
[10.224s] INFO:colcon.colcon_core.shell:Creating package script '/home/hisan/Documents/Banyubramanta/ProjectRos2XYolo/install/movement_package/share/movement_package/package.zsh'
[10.225s] Level 1:colcon.colcon_core.environment:create_file_with_runtime_dependencies(/home/hisan/Documents/Banyubramanta/ProjectRos2XYolo/install/movement_package/share/colcon-core/packages/movement_package)
[10.225s] DEBUG:colcon.colcon_parallel_executor.executor.parallel:closing loop
[10.226s] DEBUG:colcon.colcon_parallel_executor.executor.parallel:loop closed
[10.226s] DEBUG:colcon.colcon_parallel_executor.executor.parallel:run_until_complete finished with '0'
[10.226s] DEBUG:colcon.colcon_core.event_reactor:joining thread
[10.276s] INFO:colcon.colcon_core.plugin_system:Skipping extension 'colcon_notification.desktop_notification.terminal_notifier': Not used on non-Darwin systems
[10.276s] INFO:colcon.colcon_core.plugin_system:Skipping extension 'colcon_notification.desktop_notification.win32': Not used on non-Windows systems
[10.276s] INFO:colcon.colcon_notification.desktop_notification:Sending desktop notification using 'notify2'
[10.321s] DEBUG:colcon.colcon_core.event_reactor:joined thread
[10.327s] INFO:colcon.colcon_core.shell:Creating prefix script '/home/hisan/Documents/Banyubramanta/ProjectRos2XYolo/install/local_setup.ps1'
[10.330s] INFO:colcon.colcon_core.shell:Creating prefix util module '/home/hisan/Documents/Banyubramanta/ProjectRos2XYolo/install/_local_setup_util_ps1.py'
[10.333s] INFO:colcon.colcon_core.shell:Creating prefix chain script '/home/hisan/Documents/Banyubramanta/ProjectRos2XYolo/install/setup.ps1'
[10.341s] INFO:colcon.colcon_core.shell:Creating prefix script '/home/hisan/Documents/Banyubramanta/ProjectRos2XYolo/install/local_setup.sh'
[10.342s] INFO:colcon.colcon_core.shell:Creating prefix util module '/home/hisan/Documents/Banyubramanta/ProjectRos2XYolo/install/_local_setup_util_sh.py'
[10.343s] INFO:colcon.colcon_core.shell:Creating prefix chain script '/home/hisan/Documents/Banyubramanta/ProjectRos2XYolo/install/setup.sh'
[10.347s] INFO:colcon.colcon_core.shell:Creating prefix script '/home/hisan/Documents/Banyubramanta/ProjectRos2XYolo/install/local_setup.bash'
[10.348s] INFO:colcon.colcon_core.shell:Creating prefix chain script '/home/hisan/Documents/Banyubramanta/ProjectRos2XYolo/install/setup.bash'
[10.353s] INFO:colcon.colcon_core.shell:Creating prefix script '/home/hisan/Documents/Banyubramanta/ProjectRos2XYolo/install/local_setup.zsh'
[10.354s] INFO:colcon.colcon_core.shell:Creating prefix chain script '/home/hisan/Documents/Banyubramanta/ProjectRos2XYolo/install/setup.zsh'
