[2.630s] Invoking command in '/home/cimi/Documents/Workspace/belajar_ros2/ProjectRos2XYolo/src/cv_package': PYTHONPATH=/home/cimi/Documents/Workspace/belajar_ros2/ProjectRos2XYolo/install/cv_package/lib/python3.8/site-packages:${PYTHONPATH} /usr/bin/python3 setup.py egg_info --egg-base ../../build/cv_package build --build-base /home/cimi/Documents/Workspace/belajar_ros2/ProjectRos2XYolo/build/cv_package/build install --prefix /home/cimi/Documents/Workspace/belajar_ros2/ProjectRos2XYolo/install/cv_package --record /home/cimi/Documents/Workspace/belajar_ros2/ProjectRos2XYolo/build/cv_package/install.log --single-version-externally-managed
[2.882s] running egg_info
[2.883s] writing ../../build/cv_package/cv_package.egg-info/PKG-INFO
[2.883s] writing dependency_links to ../../build/cv_package/cv_package.egg-info/dependency_links.txt
[2.883s] writing entry points to ../../build/cv_package/cv_package.egg-info/entry_points.txt
[2.884s] writing requirements to ../../build/cv_package/cv_package.egg-info/requires.txt
[2.884s] writing top-level names to ../../build/cv_package/cv_package.egg-info/top_level.txt
[3.010s] reading manifest file '../../build/cv_package/cv_package.egg-info/SOURCES.txt'
[3.039s] writing manifest file '../../build/cv_package/cv_package.egg-info/SOURCES.txt'
[3.039s] running build
[3.039s] running build_py
[3.040s] copying cv_package/subscriber.py -> /home/cimi/Documents/Workspace/belajar_ros2/ProjectRos2XYolo/build/cv_package/build/lib/cv_package
[3.040s] running install
[3.041s] running install_lib
[3.042s] copying /home/cimi/Documents/Workspace/belajar_ros2/ProjectRos2XYolo/build/cv_package/build/lib/cv_package/subscriber.py -> /home/cimi/Documents/Workspace/belajar_ros2/ProjectRos2XYolo/install/cv_package/lib/python3.8/site-packages/cv_package
[3.043s] byte-compiling /home/cimi/Documents/Workspace/belajar_ros2/ProjectRos2XYolo/install/cv_package/lib/python3.8/site-packages/cv_package/subscriber.py to subscriber.cpython-38.pyc
[3.045s] running install_data
[3.046s] running install_egg_info
[3.048s] removing '/home/cimi/Documents/Workspace/belajar_ros2/ProjectRos2XYolo/install/cv_package/lib/python3.8/site-packages/cv_package-0.0.0-py3.8.egg-info' (and everything under it)
[3.048s] Copying ../../build/cv_package/cv_package.egg-info to /home/cimi/Documents/Workspace/belajar_ros2/ProjectRos2XYolo/install/cv_package/lib/python3.8/site-packages/cv_package-0.0.0-py3.8.egg-info
[3.086s] running install_scripts
[3.130s] Installing vision script to /home/cimi/Documents/Workspace/belajar_ros2/ProjectRos2XYolo/install/cv_package/lib/cv_package
[3.131s] writing list of installed files to '/home/cimi/Documents/Workspace/belajar_ros2/ProjectRos2XYolo/build/cv_package/install.log'
[3.154s] Invoked command in '/home/cimi/Documents/Workspace/belajar_ros2/ProjectRos2XYolo/src/cv_package' returned '0': PYTHONPATH=/home/cimi/Documents/Workspace/belajar_ros2/ProjectRos2XYolo/install/cv_package/lib/python3.8/site-packages:${PYTHONPATH} /usr/bin/python3 setup.py egg_info --egg-base ../../build/cv_package build --build-base /home/cimi/Documents/Workspace/belajar_ros2/ProjectRos2XYolo/build/cv_package/build install --prefix /home/cimi/Documents/Workspace/belajar_ros2/ProjectRos2XYolo/install/cv_package --record /home/cimi/Documents/Workspace/belajar_ros2/ProjectRos2XYolo/build/cv_package/install.log --single-version-externally-managed
