[  2%] Built target custom_message__cpp
[ 12%] Built target custom_message__rosidl_generator_c
[ 23%] Built target custom_message__rosidl_typesupport_cpp
[ 33%] Built target custom_message__rosidl_typesupport_introspection_cpp
[ 43%] Built target custom_message__rosidl_typesupport_c
[ 53%] Built target custom_message__rosidl_typesupport_fastrtps_cpp
[ 64%] Built target custom_message__rosidl_typesupport_introspection_c
[ 74%] Built target custom_message__rosidl_typesupport_fastrtps_c
[ 74%] Built target custom_message
[ 76%] Built target custom_message__py
[ 84%] Built target custom_message__python
[ 89%] Built target custom_message__rosidl_typesupport_introspection_c__pyext
[ 94%] Built target custom_message__rosidl_typesupport_c__pyext
[100%] Built target custom_message__rosidl_typesupport_fastrtps_c__pyext
-- Install configuration: ""
-- Execute custom install script
-- Up-to-date symlink: /home/cimi/Documents/Workspace/ProjectRos2XYolo/install/custom_message/share/ament_index/resource_index/rosidl_interfaces/custom_message
-- Up-to-date symlink: /home/cimi/Documents/Workspace/ProjectRos2XYolo/install/custom_message/include/custom_message/msg/detail/num__functions.h
-- Up-to-date symlink: /home/cimi/Documents/Workspace/ProjectRos2XYolo/install/custom_message/include/custom_message/msg/detail/num__struct.h
-- Up-to-date symlink: /home/cimi/Documents/Workspace/ProjectRos2XYolo/install/custom_message/include/custom_message/msg/detail/num__type_support.h
-- Up-to-date symlink: /home/cimi/Documents/Workspace/ProjectRos2XYolo/install/custom_message/include/custom_message/msg/detail/sphere__functions.h
-- Up-to-date symlink: /home/cimi/Documents/Workspace/ProjectRos2XYolo/install/custom_message/include/custom_message/msg/detail/sphere__struct.h
-- Up-to-date symlink: /home/cimi/Documents/Workspace/ProjectRos2XYolo/install/custom_message/include/custom_message/msg/detail/sphere__type_support.h
-- Up-to-date symlink: /home/cimi/Documents/Workspace/ProjectRos2XYolo/install/custom_message/include/custom_message/msg/num.h
-- Up-to-date symlink: /home/cimi/Documents/Workspace/ProjectRos2XYolo/install/custom_message/include/custom_message/msg/rosidl_generator_c__visibility_control.h
-- Up-to-date symlink: /home/cimi/Documents/Workspace/ProjectRos2XYolo/install/custom_message/include/custom_message/msg/sphere.h
-- Up-to-date symlink: /home/cimi/Documents/Workspace/ProjectRos2XYolo/install/custom_message/share/custom_message/environment/library_path.sh
-- Up-to-date symlink: /home/cimi/Documents/Workspace/ProjectRos2XYolo/install/custom_message/share/custom_message/environment/library_path.dsv
-- Up-to-date symlink: /home/cimi/Documents/Workspace/ProjectRos2XYolo/install/custom_message/include/custom_message/msg/detail/num__rosidl_typesupport_fastrtps_c.h
-- Up-to-date symlink: /home/cimi/Documents/Workspace/ProjectRos2XYolo/install/custom_message/include/custom_message/msg/detail/sphere__rosidl_typesupport_fastrtps_c.h
-- Up-to-date symlink: /home/cimi/Documents/Workspace/ProjectRos2XYolo/install/custom_message/include/custom_message/msg/rosidl_typesupport_fastrtps_c__visibility_control.h
-- Up-to-date symlink: /home/cimi/Documents/Workspace/ProjectRos2XYolo/install/custom_message/lib/libcustom_message__rosidl_typesupport_fastrtps_c.so
-- Up-to-date symlink: /home/cimi/Documents/Workspace/ProjectRos2XYolo/install/custom_message/include/custom_message/msg/detail/num__rosidl_typesupport_fastrtps_cpp.hpp
-- Up-to-date symlink: /home/cimi/Documents/Workspace/ProjectRos2XYolo/install/custom_message/include/custom_message/msg/detail/sphere__rosidl_typesupport_fastrtps_cpp.hpp
-- Up-to-date symlink: /home/cimi/Documents/Workspace/ProjectRos2XYolo/install/custom_message/include/custom_message/msg/rosidl_typesupport_fastrtps_cpp__visibility_control.h
-- Up-to-date symlink: /home/cimi/Documents/Workspace/ProjectRos2XYolo/install/custom_message/lib/libcustom_message__rosidl_typesupport_fastrtps_cpp.so
-- Up-to-date symlink: /home/cimi/Documents/Workspace/ProjectRos2XYolo/install/custom_message/include/custom_message/msg/detail/num__rosidl_typesupport_introspection_c.h
-- Up-to-date symlink: /home/cimi/Documents/Workspace/ProjectRos2XYolo/install/custom_message/include/custom_message/msg/detail/sphere__rosidl_typesupport_introspection_c.h
-- Up-to-date symlink: /home/cimi/Documents/Workspace/ProjectRos2XYolo/install/custom_message/include/custom_message/msg/rosidl_typesupport_introspection_c__visibility_control.h
-- Up-to-date symlink: /home/cimi/Documents/Workspace/ProjectRos2XYolo/install/custom_message/include/custom_message/msg/detail/num__builder.hpp
-- Up-to-date symlink: /home/cimi/Documents/Workspace/ProjectRos2XYolo/install/custom_message/include/custom_message/msg/detail/num__struct.hpp
-- Up-to-date symlink: /home/cimi/Documents/Workspace/ProjectRos2XYolo/install/custom_message/include/custom_message/msg/detail/num__traits.hpp
-- Up-to-date symlink: /home/cimi/Documents/Workspace/ProjectRos2XYolo/install/custom_message/include/custom_message/msg/detail/sphere__builder.hpp
-- Up-to-date symlink: /home/cimi/Documents/Workspace/ProjectRos2XYolo/install/custom_message/include/custom_message/msg/detail/sphere__struct.hpp
-- Up-to-date symlink: /home/cimi/Documents/Workspace/ProjectRos2XYolo/install/custom_message/include/custom_message/msg/detail/sphere__traits.hpp
-- Up-to-date symlink: /home/cimi/Documents/Workspace/ProjectRos2XYolo/install/custom_message/include/custom_message/msg/num.hpp
-- Up-to-date symlink: /home/cimi/Documents/Workspace/ProjectRos2XYolo/install/custom_message/include/custom_message/msg/sphere.hpp
-- Up-to-date symlink: /home/cimi/Documents/Workspace/ProjectRos2XYolo/install/custom_message/include/custom_message/msg/detail/num__rosidl_typesupport_introspection_cpp.hpp
-- Up-to-date symlink: /home/cimi/Documents/Workspace/ProjectRos2XYolo/install/custom_message/include/custom_message/msg/detail/sphere__rosidl_typesupport_introspection_cpp.hpp
-- Up-to-date symlink: /home/cimi/Documents/Workspace/ProjectRos2XYolo/install/custom_message/share/custom_message/environment/pythonpath.sh
-- Up-to-date symlink: /home/cimi/Documents/Workspace/ProjectRos2XYolo/install/custom_message/share/custom_message/environment/pythonpath.dsv
-- Up-to-date symlink: /home/cimi/Documents/Workspace/ProjectRos2XYolo/install/custom_message/lib/python3.8/site-packages/custom_message/__init__.py
-- Up-to-date symlink: /home/cimi/Documents/Workspace/ProjectRos2XYolo/install/custom_message/lib/python3.8/site-packages/custom_message/msg/__init__.py
-- Up-to-date symlink: /home/cimi/Documents/Workspace/ProjectRos2XYolo/install/custom_message/lib/python3.8/site-packages/custom_message/msg/_num.py
-- Up-to-date symlink: /home/cimi/Documents/Workspace/ProjectRos2XYolo/install/custom_message/lib/python3.8/site-packages/custom_message/msg/_sphere.py
-- Up-to-date symlink: /home/cimi/Documents/Workspace/ProjectRos2XYolo/install/custom_message/lib/python3.8/site-packages/custom_message/custom_message_s__rosidl_typesupport_fastrtps_c.cpython-38-x86_64-linux-gnu.so
-- Up-to-date symlink: /home/cimi/Documents/Workspace/ProjectRos2XYolo/install/custom_message/lib/python3.8/site-packages/custom_message/custom_message_s__rosidl_typesupport_introspection_c.cpython-38-x86_64-linux-gnu.so
-- Up-to-date symlink: /home/cimi/Documents/Workspace/ProjectRos2XYolo/install/custom_message/lib/python3.8/site-packages/custom_message/custom_message_s__rosidl_typesupport_c.cpython-38-x86_64-linux-gnu.so
-- Up-to-date symlink: /home/cimi/Documents/Workspace/ProjectRos2XYolo/install/custom_message/lib/libcustom_message__python.so
-- Up-to-date symlink: /home/cimi/Documents/Workspace/ProjectRos2XYolo/install/custom_message/share/custom_message/msg/Num.idl
-- Up-to-date symlink: /home/cimi/Documents/Workspace/ProjectRos2XYolo/install/custom_message/share/custom_message/msg/Sphere.idl
-- Up-to-date symlink: /home/cimi/Documents/Workspace/ProjectRos2XYolo/install/custom_message/share/custom_message/msg/Num.msg
-- Up-to-date symlink: /home/cimi/Documents/Workspace/ProjectRos2XYolo/install/custom_message/share/custom_message/msg/Sphere.msg
-- Up-to-date symlink: /home/cimi/Documents/Workspace/ProjectRos2XYolo/install/custom_message/share/ament_index/resource_index/package_run_dependencies/custom_message
-- Up-to-date symlink: /home/cimi/Documents/Workspace/ProjectRos2XYolo/install/custom_message/share/ament_index/resource_index/parent_prefix_path/custom_message
-- Up-to-date symlink: /home/cimi/Documents/Workspace/ProjectRos2XYolo/install/custom_message/share/custom_message/environment/ament_prefix_path.sh
-- Up-to-date symlink: /home/cimi/Documents/Workspace/ProjectRos2XYolo/install/custom_message/share/custom_message/environment/ament_prefix_path.dsv
-- Up-to-date symlink: /home/cimi/Documents/Workspace/ProjectRos2XYolo/install/custom_message/share/custom_message/environment/path.sh
-- Up-to-date symlink: /home/cimi/Documents/Workspace/ProjectRos2XYolo/install/custom_message/share/custom_message/environment/path.dsv
-- Up-to-date symlink: /home/cimi/Documents/Workspace/ProjectRos2XYolo/install/custom_message/share/custom_message/local_setup.bash
-- Up-to-date symlink: /home/cimi/Documents/Workspace/ProjectRos2XYolo/install/custom_message/share/custom_message/local_setup.sh
-- Up-to-date symlink: /home/cimi/Documents/Workspace/ProjectRos2XYolo/install/custom_message/share/custom_message/local_setup.zsh
-- Up-to-date symlink: /home/cimi/Documents/Workspace/ProjectRos2XYolo/install/custom_message/share/custom_message/local_setup.dsv
-- Symlinking: /home/cimi/Documents/Workspace/ProjectRos2XYolo/install/custom_message/share/custom_message/package.dsv
-- Up-to-date symlink: /home/cimi/Documents/Workspace/ProjectRos2XYolo/install/custom_message/share/ament_index/resource_index/packages/custom_message
-- Up-to-date symlink: /home/cimi/Documents/Workspace/ProjectRos2XYolo/install/custom_message/share/custom_message/cmake/rosidl_cmake-extras.cmake
-- Up-to-date symlink: /home/cimi/Documents/Workspace/ProjectRos2XYolo/install/custom_message/share/custom_message/cmake/ament_cmake_export_dependencies-extras.cmake
-- Up-to-date symlink: /home/cimi/Documents/Workspace/ProjectRos2XYolo/install/custom_message/share/custom_message/cmake/ament_cmake_export_libraries-extras.cmake
-- Up-to-date symlink: /home/cimi/Documents/Workspace/ProjectRos2XYolo/install/custom_message/share/custom_message/cmake/ament_cmake_export_targets-extras.cmake
-- Up-to-date symlink: /home/cimi/Documents/Workspace/ProjectRos2XYolo/install/custom_message/share/custom_message/cmake/ament_cmake_export_include_directories-extras.cmake
-- Up-to-date symlink: /home/cimi/Documents/Workspace/ProjectRos2XYolo/install/custom_message/share/custom_message/cmake/rosidl_cmake_export_typesupport_libraries-extras.cmake
-- Up-to-date symlink: /home/cimi/Documents/Workspace/ProjectRos2XYolo/install/custom_message/share/custom_message/cmake/rosidl_cmake_export_typesupport_targets-extras.cmake
-- Up-to-date symlink: /home/cimi/Documents/Workspace/ProjectRos2XYolo/install/custom_message/share/custom_message/cmake/custom_messageConfig.cmake
-- Up-to-date symlink: /home/cimi/Documents/Workspace/ProjectRos2XYolo/install/custom_message/share/custom_message/cmake/custom_messageConfig-version.cmake
-- Up-to-date symlink: /home/cimi/Documents/Workspace/ProjectRos2XYolo/install/custom_message/share/custom_message/package.xml
-- Up-to-date: /home/cimi/Documents/Workspace/ProjectRos2XYolo/install/custom_message/lib/libcustom_message__rosidl_generator_c.so
-- Up-to-date: /home/cimi/Documents/Workspace/ProjectRos2XYolo/install/custom_message/lib/libcustom_message__rosidl_typesupport_introspection_c.so
-- Up-to-date: /home/cimi/Documents/Workspace/ProjectRos2XYolo/install/custom_message/lib/libcustom_message__rosidl_typesupport_c.so
-- Up-to-date: /home/cimi/Documents/Workspace/ProjectRos2XYolo/install/custom_message/lib/libcustom_message__rosidl_typesupport_introspection_cpp.so
-- Up-to-date: /home/cimi/Documents/Workspace/ProjectRos2XYolo/install/custom_message/lib/libcustom_message__rosidl_typesupport_cpp.so
-- Up-to-date: /home/cimi/Documents/Workspace/ProjectRos2XYolo/install/custom_message/share/custom_message/cmake/custom_message__rosidl_generator_cExport.cmake
-- Up-to-date: /home/cimi/Documents/Workspace/ProjectRos2XYolo/install/custom_message/share/custom_message/cmake/custom_message__rosidl_generator_cExport-noconfig.cmake
-- Up-to-date: /home/cimi/Documents/Workspace/ProjectRos2XYolo/install/custom_message/share/custom_message/cmake/custom_message__rosidl_typesupport_introspection_cExport.cmake
-- Up-to-date: /home/cimi/Documents/Workspace/ProjectRos2XYolo/install/custom_message/share/custom_message/cmake/custom_message__rosidl_typesupport_introspection_cExport-noconfig.cmake
-- Up-to-date: /home/cimi/Documents/Workspace/ProjectRos2XYolo/install/custom_message/share/custom_message/cmake/custom_message__rosidl_typesupport_cExport.cmake
-- Up-to-date: /home/cimi/Documents/Workspace/ProjectRos2XYolo/install/custom_message/share/custom_message/cmake/custom_message__rosidl_typesupport_cExport-noconfig.cmake
-- Up-to-date: /home/cimi/Documents/Workspace/ProjectRos2XYolo/install/custom_message/share/custom_message/cmake/custom_message__rosidl_generator_cppExport.cmake
-- Up-to-date: /home/cimi/Documents/Workspace/ProjectRos2XYolo/install/custom_message/share/custom_message/cmake/custom_message__rosidl_typesupport_introspection_cppExport.cmake
-- Up-to-date: /home/cimi/Documents/Workspace/ProjectRos2XYolo/install/custom_message/share/custom_message/cmake/custom_message__rosidl_typesupport_introspection_cppExport-noconfig.cmake
-- Up-to-date: /home/cimi/Documents/Workspace/ProjectRos2XYolo/install/custom_message/share/custom_message/cmake/custom_message__rosidl_typesupport_cppExport.cmake
-- Up-to-date: /home/cimi/Documents/Workspace/ProjectRos2XYolo/install/custom_message/share/custom_message/cmake/custom_message__rosidl_typesupport_cppExport-noconfig.cmake
