[2.773s] Invoking command in '/home/hisan/Documents/Banyubramanta/ProjectRos2XYolo/src/cv_package': PYTHONPATH=/home/hisan/Documents/Banyubramanta/ProjectRos2XYolo/install/cv_package/lib/python3.8/site-packages:${PYTHONPATH} /usr/bin/python3 setup.py egg_info --egg-base ../../build/cv_package build --build-base /home/hisan/Documents/Banyubramanta/ProjectRos2XYolo/build/cv_package/build install --prefix /home/hisan/Documents/Banyubramanta/ProjectRos2XYolo/install/cv_package --record /home/hisan/Documents/Banyubramanta/ProjectRos2XYolo/build/cv_package/install.log --single-version-externally-managed
[3.119s] running egg_info
[3.120s] writing ../../build/cv_package/cv_package.egg-info/PKG-INFO
[3.120s] writing dependency_links to ../../build/cv_package/cv_package.egg-info/dependency_links.txt
[3.120s] writing entry points to ../../build/cv_package/cv_package.egg-info/entry_points.txt
[3.121s] writing requirements to ../../build/cv_package/cv_package.egg-info/requires.txt
[3.121s] writing top-level names to ../../build/cv_package/cv_package.egg-info/top_level.txt
[3.199s] reading manifest file '../../build/cv_package/cv_package.egg-info/SOURCES.txt'
[3.200s] writing manifest file '../../build/cv_package/cv_package.egg-info/SOURCES.txt'
[3.201s] running build
[3.201s] running build_py
[3.201s] copying cv_package/subscriber.py -> /home/hisan/Documents/Banyubramanta/ProjectRos2XYolo/build/cv_package/build/lib/cv_package
[3.201s] running install
[3.202s] running install_lib
[3.204s] copying /home/hisan/Documents/Banyubramanta/ProjectRos2XYolo/build/cv_package/build/lib/cv_package/subscriber.py -> /home/hisan/Documents/Banyubramanta/ProjectRos2XYolo/install/cv_package/lib/python3.8/site-packages/cv_package
[3.207s] byte-compiling /home/hisan/Documents/Banyubramanta/ProjectRos2XYolo/install/cv_package/lib/python3.8/site-packages/cv_package/subscriber.py to subscriber.cpython-38.pyc
[3.208s] running install_data
[3.209s] running install_egg_info
[3.211s] removing '/home/hisan/Documents/Banyubramanta/ProjectRos2XYolo/install/cv_package/lib/python3.8/site-packages/cv_package-0.0.0-py3.8.egg-info' (and everything under it)
[3.211s] Copying ../../build/cv_package/cv_package.egg-info to /home/hisan/Documents/Banyubramanta/ProjectRos2XYolo/install/cv_package/lib/python3.8/site-packages/cv_package-0.0.0-py3.8.egg-info
[3.213s] running install_scripts
[3.235s] Installing eye script to /home/hisan/Documents/Banyubramanta/ProjectRos2XYolo/install/cv_package/lib/cv_package
[3.235s] writing list of installed files to '/home/hisan/Documents/Banyubramanta/ProjectRos2XYolo/build/cv_package/install.log'
[3.279s] Invoked command in '/home/hisan/Documents/Banyubramanta/ProjectRos2XYolo/src/cv_package' returned '0': PYTHONPATH=/home/hisan/Documents/Banyubramanta/ProjectRos2XYolo/install/cv_package/lib/python3.8/site-packages:${PYTHONPATH} /usr/bin/python3 setup.py egg_info --egg-base ../../build/cv_package build --build-base /home/hisan/Documents/Banyubramanta/ProjectRos2XYolo/build/cv_package/build install --prefix /home/hisan/Documents/Banyubramanta/ProjectRos2XYolo/install/cv_package --record /home/hisan/Documents/Banyubramanta/ProjectRos2XYolo/build/cv_package/install.log --single-version-externally-managed
