[2.104s] Invoking command in '/home/cimi/Documents/Workspace/belajar_ros2/ProjectRos2XYolo/movement_package': PYTHONPATH=/home/cimi/Documents/Workspace/belajar_ros2/ProjectRos2XYolo/install/movement_package/lib/python3.8/site-packages:${PYTHONPATH} /usr/bin/python3 setup.py egg_info --egg-base ../build/movement_package build --build-base /home/cimi/Documents/Workspace/belajar_ros2/ProjectRos2XYolo/build/movement_package/build install --prefix /home/cimi/Documents/Workspace/belajar_ros2/ProjectRos2XYolo/install/movement_package --record /home/cimi/Documents/Workspace/belajar_ros2/ProjectRos2XYolo/build/movement_package/install.log --single-version-externally-managed
[2.401s] running egg_info
[2.401s] creating ../build/movement_package/movement_package.egg-info
[2.401s] writing ../build/movement_package/movement_package.egg-info/PKG-INFO
[2.402s] writing dependency_links to ../build/movement_package/movement_package.egg-info/dependency_links.txt
[2.402s] writing entry points to ../build/movement_package/movement_package.egg-info/entry_points.txt
[2.402s] writing requirements to ../build/movement_package/movement_package.egg-info/requires.txt
[2.402s] writing top-level names to ../build/movement_package/movement_package.egg-info/top_level.txt
[2.404s] writing manifest file '../build/movement_package/movement_package.egg-info/SOURCES.txt'
[2.446s] reading manifest file '../build/movement_package/movement_package.egg-info/SOURCES.txt'
[2.447s] writing manifest file '../build/movement_package/movement_package.egg-info/SOURCES.txt'
[2.447s] running build
[2.448s] running build_py
[2.448s] creating /home/cimi/Documents/Workspace/belajar_ros2/ProjectRos2XYolo/build/movement_package/build
[2.448s] creating /home/cimi/Documents/Workspace/belajar_ros2/ProjectRos2XYolo/build/movement_package/build/lib
[2.448s] creating /home/cimi/Documents/Workspace/belajar_ros2/ProjectRos2XYolo/build/movement_package/build/lib/movement_package
[2.448s] copying movement_package/__init__.py -> /home/cimi/Documents/Workspace/belajar_ros2/ProjectRos2XYolo/build/movement_package/build/lib/movement_package
[2.449s] running install
[2.450s] running install_lib
[2.451s] creating /home/cimi/Documents/Workspace/belajar_ros2/ProjectRos2XYolo/install/movement_package/lib/python3.8/site-packages/movement_package
[2.452s] copying /home/cimi/Documents/Workspace/belajar_ros2/ProjectRos2XYolo/build/movement_package/build/lib/movement_package/__init__.py -> /home/cimi/Documents/Workspace/belajar_ros2/ProjectRos2XYolo/install/movement_package/lib/python3.8/site-packages/movement_package
[2.452s] byte-compiling /home/cimi/Documents/Workspace/belajar_ros2/ProjectRos2XYolo/install/movement_package/lib/python3.8/site-packages/movement_package/__init__.py to __init__.cpython-38.pyc
[2.454s] running install_data
[2.455s] creating /home/cimi/Documents/Workspace/belajar_ros2/ProjectRos2XYolo/install/movement_package/share/ament_index
[2.456s] creating /home/cimi/Documents/Workspace/belajar_ros2/ProjectRos2XYolo/install/movement_package/share/ament_index/resource_index
[2.456s] creating /home/cimi/Documents/Workspace/belajar_ros2/ProjectRos2XYolo/install/movement_package/share/ament_index/resource_index/packages
[2.456s] copying resource/movement_package -> /home/cimi/Documents/Workspace/belajar_ros2/ProjectRos2XYolo/install/movement_package/share/ament_index/resource_index/packages
[2.456s] copying package.xml -> /home/cimi/Documents/Workspace/belajar_ros2/ProjectRos2XYolo/install/movement_package/share/movement_package
[2.457s] running install_egg_info
[2.459s] Copying ../build/movement_package/movement_package.egg-info to /home/cimi/Documents/Workspace/belajar_ros2/ProjectRos2XYolo/install/movement_package/lib/python3.8/site-packages/movement_package-0.0.0-py3.8.egg-info
[2.460s] running install_scripts
[2.483s] writing list of installed files to '/home/cimi/Documents/Workspace/belajar_ros2/ProjectRos2XYolo/build/movement_package/install.log'
[2.532s] Invoked command in '/home/cimi/Documents/Workspace/belajar_ros2/ProjectRos2XYolo/movement_package' returned '0': PYTHONPATH=/home/cimi/Documents/Workspace/belajar_ros2/ProjectRos2XYolo/install/movement_package/lib/python3.8/site-packages:${PYTHONPATH} /usr/bin/python3 setup.py egg_info --egg-base ../build/movement_package build --build-base /home/cimi/Documents/Workspace/belajar_ros2/ProjectRos2XYolo/build/movement_package/build install --prefix /home/cimi/Documents/Workspace/belajar_ros2/ProjectRos2XYolo/install/movement_package --record /home/cimi/Documents/Workspace/belajar_ros2/ProjectRos2XYolo/build/movement_package/install.log --single-version-externally-managed
