[0.037s] Invoking command in '/home/cimi/Documents/Workspace/ProjectRos2XYolo/build/custom_message': CMAKE_PREFIX_PATH=${CMAKE_PREFIX_PATH}:/home/cimi/Documents/Workspace/ProjectRos2XYolo/install/movement_node:/home/cimi/Documents/Workspace/ProjectRos2XYolo/install/master_node:/home/cimi/Documents/Workspace/ProjectRos2XYolo/install/test_custom_msg:/home/cimi/Documents/Workspace/ProjectRos2XYolo/install/movement_package:/home/cimi/Documents/Workspace/ProjectRos2XYolo/install/cv_package:/opt/ros/foxy /usr/bin/cmake --build /home/cimi/Documents/Workspace/ProjectRos2XYolo/build/custom_message -- -j8 -l8
[0.145s] [ 10%] Built target custom_message__rosidl_generator_c
[0.148s] [ 12%] Built target custom_message__cpp
[0.200s] [ 23%] Built target custom_message__rosidl_typesupport_cpp
[0.210s] [ 33%] Built target custom_message__rosidl_typesupport_introspection_c
[0.211s] [ 43%] Built target custom_message__rosidl_typesupport_c
[0.212s] [ 56%] Built target custom_message__rosidl_typesupport_fastrtps_cpp
[0.213s] [ 64%] Built target custom_message__rosidl_typesupport_introspection_cpp
[0.242s] [ 74%] Built target custom_message__rosidl_typesupport_fastrtps_c
[0.266s] [ 74%] Built target custom_message
[0.290s] [ 76%] Built target custom_message__py
[0.321s] [ 84%] Built target custom_message__python
[0.371s] [ 97%] Built target custom_message__rosidl_typesupport_c__pyext
[0.371s] [ 97%] Built target custom_message__rosidl_typesupport_fastrtps_c__pyext
[0.371s] [100%] Built target custom_message__rosidl_typesupport_introspection_c__pyext
[0.403s] Invoked command in '/home/cimi/Documents/Workspace/ProjectRos2XYolo/build/custom_message' returned '0': CMAKE_PREFIX_PATH=${CMAKE_PREFIX_PATH}:/home/cimi/Documents/Workspace/ProjectRos2XYolo/install/movement_node:/home/cimi/Documents/Workspace/ProjectRos2XYolo/install/master_node:/home/cimi/Documents/Workspace/ProjectRos2XYolo/install/test_custom_msg:/home/cimi/Documents/Workspace/ProjectRos2XYolo/install/movement_package:/home/cimi/Documents/Workspace/ProjectRos2XYolo/install/cv_package:/opt/ros/foxy /usr/bin/cmake --build /home/cimi/Documents/Workspace/ProjectRos2XYolo/build/custom_message -- -j8 -l8
[0.501s] Invoking command in '/home/cimi/Documents/Workspace/ProjectRos2XYolo/build/custom_message': CMAKE_PREFIX_PATH=${CMAKE_PREFIX_PATH}:/home/cimi/Documents/Workspace/ProjectRos2XYolo/install/movement_node:/home/cimi/Documents/Workspace/ProjectRos2XYolo/install/master_node:/home/cimi/Documents/Workspace/ProjectRos2XYolo/install/test_custom_msg:/home/cimi/Documents/Workspace/ProjectRos2XYolo/install/movement_package:/home/cimi/Documents/Workspace/ProjectRos2XYolo/install/cv_package:/opt/ros/foxy /usr/bin/cmake --install /home/cimi/Documents/Workspace/ProjectRos2XYolo/build/custom_message
[0.520s] -- Install configuration: ""
[0.521s] -- Execute custom install script
[0.521s] -- Up-to-date symlink: /home/cimi/Documents/Workspace/ProjectRos2XYolo/install/custom_message/share/ament_index/resource_index/rosidl_interfaces/custom_message
[0.521s] -- Up-to-date symlink: /home/cimi/Documents/Workspace/ProjectRos2XYolo/install/custom_message/include/custom_message/msg/detail/num__functions.h
[0.521s] -- Up-to-date symlink: /home/cimi/Documents/Workspace/ProjectRos2XYolo/install/custom_message/include/custom_message/msg/detail/num__struct.h
[0.521s] -- Up-to-date symlink: /home/cimi/Documents/Workspace/ProjectRos2XYolo/install/custom_message/include/custom_message/msg/detail/num__type_support.h
[0.522s] -- Up-to-date symlink: /home/cimi/Documents/Workspace/ProjectRos2XYolo/install/custom_message/include/custom_message/msg/detail/sphere__functions.h
[0.522s] -- Up-to-date symlink: /home/cimi/Documents/Workspace/ProjectRos2XYolo/install/custom_message/include/custom_message/msg/detail/sphere__struct.h
[0.522s] -- Up-to-date symlink: /home/cimi/Documents/Workspace/ProjectRos2XYolo/install/custom_message/include/custom_message/msg/detail/sphere__type_support.h
[0.522s] -- Up-to-date symlink: /home/cimi/Documents/Workspace/ProjectRos2XYolo/install/custom_message/include/custom_message/msg/num.h
[0.522s] -- Up-to-date symlink: /home/cimi/Documents/Workspace/ProjectRos2XYolo/install/custom_message/include/custom_message/msg/rosidl_generator_c__visibility_control.h
[0.522s] -- Up-to-date symlink: /home/cimi/Documents/Workspace/ProjectRos2XYolo/install/custom_message/include/custom_message/msg/sphere.h
[0.522s] -- Up-to-date symlink: /home/cimi/Documents/Workspace/ProjectRos2XYolo/install/custom_message/share/custom_message/environment/library_path.sh
[0.523s] -- Up-to-date symlink: /home/cimi/Documents/Workspace/ProjectRos2XYolo/install/custom_message/share/custom_message/environment/library_path.dsv
[0.523s] -- Up-to-date symlink: /home/cimi/Documents/Workspace/ProjectRos2XYolo/install/custom_message/include/custom_message/msg/detail/num__rosidl_typesupport_fastrtps_c.h
[0.523s] -- Up-to-date symlink: /home/cimi/Documents/Workspace/ProjectRos2XYolo/install/custom_message/include/custom_message/msg/detail/sphere__rosidl_typesupport_fastrtps_c.h
[0.524s] -- Up-to-date symlink: /home/cimi/Documents/Workspace/ProjectRos2XYolo/install/custom_message/include/custom_message/msg/rosidl_typesupport_fastrtps_c__visibility_control.h
[0.524s] -- Up-to-date symlink: /home/cimi/Documents/Workspace/ProjectRos2XYolo/install/custom_message/lib/libcustom_message__rosidl_typesupport_fastrtps_c.so
[0.525s] -- Up-to-date symlink: /home/cimi/Documents/Workspace/ProjectRos2XYolo/install/custom_message/include/custom_message/msg/detail/num__rosidl_typesupport_fastrtps_cpp.hpp
[0.526s] -- Up-to-date symlink: /home/cimi/Documents/Workspace/ProjectRos2XYolo/install/custom_message/include/custom_message/msg/detail/sphere__rosidl_typesupport_fastrtps_cpp.hpp
[0.526s] -- Up-to-date symlink: /home/cimi/Documents/Workspace/ProjectRos2XYolo/install/custom_message/include/custom_message/msg/rosidl_typesupport_fastrtps_cpp__visibility_control.h
[0.527s] -- Up-to-date symlink: /home/cimi/Documents/Workspace/ProjectRos2XYolo/install/custom_message/lib/libcustom_message__rosidl_typesupport_fastrtps_cpp.so
[0.528s] -- Up-to-date symlink: /home/cimi/Documents/Workspace/ProjectRos2XYolo/install/custom_message/include/custom_message/msg/detail/num__rosidl_typesupport_introspection_c.h
[0.528s] -- Up-to-date symlink: /home/cimi/Documents/Workspace/ProjectRos2XYolo/install/custom_message/include/custom_message/msg/detail/sphere__rosidl_typesupport_introspection_c.h
[0.528s] -- Up-to-date symlink: /home/cimi/Documents/Workspace/ProjectRos2XYolo/install/custom_message/include/custom_message/msg/rosidl_typesupport_introspection_c__visibility_control.h
[0.529s] -- Up-to-date symlink: /home/cimi/Documents/Workspace/ProjectRos2XYolo/install/custom_message/include/custom_message/msg/detail/num__builder.hpp
[0.529s] -- Up-to-date symlink: /home/cimi/Documents/Workspace/ProjectRos2XYolo/install/custom_message/include/custom_message/msg/detail/num__struct.hpp
[0.530s] -- Up-to-date symlink: /home/cimi/Documents/Workspace/ProjectRos2XYolo/install/custom_message/include/custom_message/msg/detail/num__traits.hpp
[0.530s] -- Up-to-date symlink: /home/cimi/Documents/Workspace/ProjectRos2XYolo/install/custom_message/include/custom_message/msg/detail/sphere__builder.hpp
[0.530s] -- Up-to-date symlink: /home/cimi/Documents/Workspace/ProjectRos2XYolo/install/custom_message/include/custom_message/msg/detail/sphere__struct.hpp
[0.531s] -- Up-to-date symlink: /home/cimi/Documents/Workspace/ProjectRos2XYolo/install/custom_message/include/custom_message/msg/detail/sphere__traits.hpp
[0.531s] -- Up-to-date symlink: /home/cimi/Documents/Workspace/ProjectRos2XYolo/install/custom_message/include/custom_message/msg/num.hpp
[0.531s] -- Up-to-date symlink: /home/cimi/Documents/Workspace/ProjectRos2XYolo/install/custom_message/include/custom_message/msg/sphere.hpp
[0.532s] -- Up-to-date symlink: /home/cimi/Documents/Workspace/ProjectRos2XYolo/install/custom_message/include/custom_message/msg/detail/num__rosidl_typesupport_introspection_cpp.hpp
[0.532s] -- Up-to-date symlink: /home/cimi/Documents/Workspace/ProjectRos2XYolo/install/custom_message/include/custom_message/msg/detail/sphere__rosidl_typesupport_introspection_cpp.hpp
[0.532s] -- Up-to-date symlink: /home/cimi/Documents/Workspace/ProjectRos2XYolo/install/custom_message/share/custom_message/environment/pythonpath.sh
[0.532s] -- Up-to-date symlink: /home/cimi/Documents/Workspace/ProjectRos2XYolo/install/custom_message/share/custom_message/environment/pythonpath.dsv
[0.533s] -- Up-to-date symlink: /home/cimi/Documents/Workspace/ProjectRos2XYolo/install/custom_message/lib/python3.8/site-packages/custom_message/__init__.py
[0.534s] -- Up-to-date symlink: /home/cimi/Documents/Workspace/ProjectRos2XYolo/install/custom_message/lib/python3.8/site-packages/custom_message/msg/__init__.py
[0.534s] -- Up-to-date symlink: /home/cimi/Documents/Workspace/ProjectRos2XYolo/install/custom_message/lib/python3.8/site-packages/custom_message/msg/_num.py
[0.534s] -- Up-to-date symlink: /home/cimi/Documents/Workspace/ProjectRos2XYolo/install/custom_message/lib/python3.8/site-packages/custom_message/msg/_sphere.py
[0.535s] -- Up-to-date symlink: /home/cimi/Documents/Workspace/ProjectRos2XYolo/install/custom_message/lib/python3.8/site-packages/custom_message/custom_message_s__rosidl_typesupport_fastrtps_c.cpython-38-x86_64-linux-gnu.so
[0.536s] -- Up-to-date symlink: /home/cimi/Documents/Workspace/ProjectRos2XYolo/install/custom_message/lib/python3.8/site-packages/custom_message/custom_message_s__rosidl_typesupport_introspection_c.cpython-38-x86_64-linux-gnu.so
[0.537s] -- Up-to-date symlink: /home/cimi/Documents/Workspace/ProjectRos2XYolo/install/custom_message/lib/python3.8/site-packages/custom_message/custom_message_s__rosidl_typesupport_c.cpython-38-x86_64-linux-gnu.so
[0.537s] -- Up-to-date symlink: /home/cimi/Documents/Workspace/ProjectRos2XYolo/install/custom_message/lib/libcustom_message__python.so
[0.538s] -- Up-to-date symlink: /home/cimi/Documents/Workspace/ProjectRos2XYolo/install/custom_message/share/custom_message/msg/Num.idl
[0.538s] -- Up-to-date symlink: /home/cimi/Documents/Workspace/ProjectRos2XYolo/install/custom_message/share/custom_message/msg/Sphere.idl
[0.539s] -- Up-to-date symlink: /home/cimi/Documents/Workspace/ProjectRos2XYolo/install/custom_message/share/custom_message/msg/Num.msg
[0.539s] -- Up-to-date symlink: /home/cimi/Documents/Workspace/ProjectRos2XYolo/install/custom_message/share/custom_message/msg/Sphere.msg
[0.540s] -- Up-to-date symlink: /home/cimi/Documents/Workspace/ProjectRos2XYolo/install/custom_message/share/ament_index/resource_index/package_run_dependencies/custom_message
[0.540s] -- Up-to-date symlink: /home/cimi/Documents/Workspace/ProjectRos2XYolo/install/custom_message/share/ament_index/resource_index/parent_prefix_path/custom_message
[0.541s] -- Up-to-date symlink: /home/cimi/Documents/Workspace/ProjectRos2XYolo/install/custom_message/share/custom_message/environment/ament_prefix_path.sh
[0.541s] -- Up-to-date symlink: /home/cimi/Documents/Workspace/ProjectRos2XYolo/install/custom_message/share/custom_message/environment/ament_prefix_path.dsv
[0.542s] -- Up-to-date symlink: /home/cimi/Documents/Workspace/ProjectRos2XYolo/install/custom_message/share/custom_message/environment/path.sh
[0.542s] -- Up-to-date symlink: /home/cimi/Documents/Workspace/ProjectRos2XYolo/install/custom_message/share/custom_message/environment/path.dsv
[0.543s] -- Up-to-date symlink: /home/cimi/Documents/Workspace/ProjectRos2XYolo/install/custom_message/share/custom_message/local_setup.bash
[0.543s] -- Up-to-date symlink: /home/cimi/Documents/Workspace/ProjectRos2XYolo/install/custom_message/share/custom_message/local_setup.sh
[0.544s] -- Up-to-date symlink: /home/cimi/Documents/Workspace/ProjectRos2XYolo/install/custom_message/share/custom_message/local_setup.zsh
[0.544s] -- Up-to-date symlink: /home/cimi/Documents/Workspace/ProjectRos2XYolo/install/custom_message/share/custom_message/local_setup.dsv
[0.545s] -- Symlinking: /home/cimi/Documents/Workspace/ProjectRos2XYolo/install/custom_message/share/custom_message/package.dsv
[0.557s] -- Up-to-date symlink: /home/cimi/Documents/Workspace/ProjectRos2XYolo/install/custom_message/share/ament_index/resource_index/packages/custom_message
[0.557s] -- Up-to-date symlink: /home/cimi/Documents/Workspace/ProjectRos2XYolo/install/custom_message/share/custom_message/cmake/rosidl_cmake-extras.cmake
[0.558s] -- Up-to-date symlink: /home/cimi/Documents/Workspace/ProjectRos2XYolo/install/custom_message/share/custom_message/cmake/ament_cmake_export_dependencies-extras.cmake
[0.558s] -- Up-to-date symlink: /home/cimi/Documents/Workspace/ProjectRos2XYolo/install/custom_message/share/custom_message/cmake/ament_cmake_export_libraries-extras.cmake
[0.559s] -- Up-to-date symlink: /home/cimi/Documents/Workspace/ProjectRos2XYolo/install/custom_message/share/custom_message/cmake/ament_cmake_export_targets-extras.cmake
[0.559s] -- Up-to-date symlink: /home/cimi/Documents/Workspace/ProjectRos2XYolo/install/custom_message/share/custom_message/cmake/ament_cmake_export_include_directories-extras.cmake
[0.559s] -- Up-to-date symlink: /home/cimi/Documents/Workspace/ProjectRos2XYolo/install/custom_message/share/custom_message/cmake/rosidl_cmake_export_typesupport_libraries-extras.cmake
[0.560s] -- Up-to-date symlink: /home/cimi/Documents/Workspace/ProjectRos2XYolo/install/custom_message/share/custom_message/cmake/rosidl_cmake_export_typesupport_targets-extras.cmake
[0.560s] -- Up-to-date symlink: /home/cimi/Documents/Workspace/ProjectRos2XYolo/install/custom_message/share/custom_message/cmake/custom_messageConfig.cmake
[0.561s] -- Up-to-date symlink: /home/cimi/Documents/Workspace/ProjectRos2XYolo/install/custom_message/share/custom_message/cmake/custom_messageConfig-version.cmake
[0.561s] -- Up-to-date symlink: /home/cimi/Documents/Workspace/ProjectRos2XYolo/install/custom_message/share/custom_message/package.xml
[0.562s] -- Up-to-date: /home/cimi/Documents/Workspace/ProjectRos2XYolo/install/custom_message/lib/libcustom_message__rosidl_generator_c.so
[0.562s] -- Up-to-date: /home/cimi/Documents/Workspace/ProjectRos2XYolo/install/custom_message/lib/libcustom_message__rosidl_typesupport_introspection_c.so
[0.563s] -- Up-to-date: /home/cimi/Documents/Workspace/ProjectRos2XYolo/install/custom_message/lib/libcustom_message__rosidl_typesupport_c.so
[0.563s] -- Up-to-date: /home/cimi/Documents/Workspace/ProjectRos2XYolo/install/custom_message/lib/libcustom_message__rosidl_typesupport_introspection_cpp.so
[0.564s] -- Up-to-date: /home/cimi/Documents/Workspace/ProjectRos2XYolo/install/custom_message/lib/libcustom_message__rosidl_typesupport_cpp.so
[0.616s] -- Up-to-date: /home/cimi/Documents/Workspace/ProjectRos2XYolo/install/custom_message/share/custom_message/cmake/custom_message__rosidl_generator_cExport.cmake
[0.617s] -- Up-to-date: /home/cimi/Documents/Workspace/ProjectRos2XYolo/install/custom_message/share/custom_message/cmake/custom_message__rosidl_generator_cExport-noconfig.cmake
[0.617s] -- Up-to-date: /home/cimi/Documents/Workspace/ProjectRos2XYolo/install/custom_message/share/custom_message/cmake/custom_message__rosidl_typesupport_introspection_cExport.cmake
[0.618s] -- Up-to-date: /home/cimi/Documents/Workspace/ProjectRos2XYolo/install/custom_message/share/custom_message/cmake/custom_message__rosidl_typesupport_introspection_cExport-noconfig.cmake
[0.618s] -- Up-to-date: /home/cimi/Documents/Workspace/ProjectRos2XYolo/install/custom_message/share/custom_message/cmake/custom_message__rosidl_typesupport_cExport.cmake
[0.618s] -- Up-to-date: /home/cimi/Documents/Workspace/ProjectRos2XYolo/install/custom_message/share/custom_message/cmake/custom_message__rosidl_typesupport_cExport-noconfig.cmake
[0.619s] -- Up-to-date: /home/cimi/Documents/Workspace/ProjectRos2XYolo/install/custom_message/share/custom_message/cmake/custom_message__rosidl_generator_cppExport.cmake
[0.619s] -- Up-to-date: /home/cimi/Documents/Workspace/ProjectRos2XYolo/install/custom_message/share/custom_message/cmake/custom_message__rosidl_typesupport_introspection_cppExport.cmake
[0.619s] -- Up-to-date: /home/cimi/Documents/Workspace/ProjectRos2XYolo/install/custom_message/share/custom_message/cmake/custom_message__rosidl_typesupport_introspection_cppExport-noconfig.cmake
[0.620s] -- Up-to-date: /home/cimi/Documents/Workspace/ProjectRos2XYolo/install/custom_message/share/custom_message/cmake/custom_message__rosidl_typesupport_cppExport.cmake
[0.620s] -- Up-to-date: /home/cimi/Documents/Workspace/ProjectRos2XYolo/install/custom_message/share/custom_message/cmake/custom_message__rosidl_typesupport_cppExport-noconfig.cmake
[0.648s] Invoked command in '/home/cimi/Documents/Workspace/ProjectRos2XYolo/build/custom_message' returned '0': CMAKE_PREFIX_PATH=${CMAKE_PREFIX_PATH}:/home/cimi/Documents/Workspace/ProjectRos2XYolo/install/movement_node:/home/cimi/Documents/Workspace/ProjectRos2XYolo/install/master_node:/home/cimi/Documents/Workspace/ProjectRos2XYolo/install/test_custom_msg:/home/cimi/Documents/Workspace/ProjectRos2XYolo/install/movement_package:/home/cimi/Documents/Workspace/ProjectRos2XYolo/install/cv_package:/opt/ros/foxy /usr/bin/cmake --install /home/cimi/Documents/Workspace/ProjectRos2XYolo/build/custom_message
