[1.437s] Invoking command in '/home/hisan/Documents/Banyubramanta/ProjectRos2XYolo/src/cv_package': PYTHONPATH=/home/hisan/Documents/Banyubramanta/ProjectRos2XYolo/install/cv_package/lib/python3.8/site-packages:${PYTHONPATH} /usr/bin/python3 setup.py egg_info --egg-base ../../build/cv_package build --build-base /home/hisan/Documents/Banyubramanta/ProjectRos2XYolo/build/cv_package/build install --prefix /home/hisan/Documents/Banyubramanta/ProjectRos2XYolo/install/cv_package --record /home/hisan/Documents/Banyubramanta/ProjectRos2XYolo/build/cv_package/install.log --single-version-externally-managed
[1.778s] running egg_info
[1.779s] writing ../../build/cv_package/cv_package.egg-info/PKG-INFO
[1.780s] writing dependency_links to ../../build/cv_package/cv_package.egg-info/dependency_links.txt
[1.780s] writing entry points to ../../build/cv_package/cv_package.egg-info/entry_points.txt
[1.780s] writing requirements to ../../build/cv_package/cv_package.egg-info/requires.txt
[1.780s] writing top-level names to ../../build/cv_package/cv_package.egg-info/top_level.txt
[1.824s] reading manifest file '../../build/cv_package/cv_package.egg-info/SOURCES.txt'
[1.827s] writing manifest file '../../build/cv_package/cv_package.egg-info/SOURCES.txt'
[1.827s] running build
[1.827s] running build_py
[1.828s] running install
[1.829s] running install_lib
[1.832s] running install_data
[1.833s] running install_egg_info
[1.835s] removing '/home/hisan/Documents/Banyubramanta/ProjectRos2XYolo/install/cv_package/lib/python3.8/site-packages/cv_package-0.0.0-py3.8.egg-info' (and everything under it)
[1.836s] Copying ../../build/cv_package/cv_package.egg-info to /home/hisan/Documents/Banyubramanta/ProjectRos2XYolo/install/cv_package/lib/python3.8/site-packages/cv_package-0.0.0-py3.8.egg-info
[1.837s] running install_scripts
[1.858s] Installing eye script to /home/hisan/Documents/Banyubramanta/ProjectRos2XYolo/install/cv_package/lib/cv_package
[1.858s] writing list of installed files to '/home/hisan/Documents/Banyubramanta/ProjectRos2XYolo/build/cv_package/install.log'
[1.904s] Invoked command in '/home/hisan/Documents/Banyubramanta/ProjectRos2XYolo/src/cv_package' returned '0': PYTHONPATH=/home/hisan/Documents/Banyubramanta/ProjectRos2XYolo/install/cv_package/lib/python3.8/site-packages:${PYTHONPATH} /usr/bin/python3 setup.py egg_info --egg-base ../../build/cv_package build --build-base /home/hisan/Documents/Banyubramanta/ProjectRos2XYolo/build/cv_package/build install --prefix /home/hisan/Documents/Banyubramanta/ProjectRos2XYolo/install/cv_package --record /home/hisan/Documents/Banyubramanta/ProjectRos2XYolo/build/cv_package/install.log --single-version-externally-managed
