[0.046s] Invoking command in '/home/cimi/Documents/Workspace/ProjectRos2XYolo/build/pesan': CMAKE_PREFIX_PATH=${CMAKE_PREFIX_PATH}:/home/cimi/Documents/Workspace/ProjectRos2XYolo/install/test_custom_msg:/home/cimi/Documents/Workspace/ProjectRos2XYolo/install/movement_node:/home/cimi/Documents/Workspace/ProjectRos2XYolo/install/master_node:/home/cimi/Documents/Workspace/ProjectRos2XYolo/install/movement_package:/home/cimi/Documents/Workspace/ProjectRos2XYolo/install/cv_package:/opt/ros/foxy /usr/bin/cmake --build /home/cimi/Documents/Workspace/ProjectRos2XYolo/build/pesan -- -j8 -l8
[0.494s] [  2%] Built target pesan__cpp
[0.494s] [ 12%] Built target pesan__rosidl_generator_c
[0.495s] [ 23%] Built target pesan__rosidl_typesupport_introspection_cpp
[0.496s] [ 33%] Built target pesan__rosidl_typesupport_cpp
[0.496s] [ 43%] Built target pesan__rosidl_typesupport_fastrtps_cpp
[0.498s] [ 53%] Built target pesan__rosidl_typesupport_c
[0.499s] [ 64%] Built target pesan__rosidl_typesupport_introspection_c
[0.500s] [ 74%] Built target pesan__rosidl_typesupport_fastrtps_c
[0.501s] [ 74%] Built target pesan
[0.502s] [ 76%] Built target pesan__py
[0.503s] [ 84%] Built target pesan__python
[0.504s] [ 89%] Built target pesan__rosidl_typesupport_c__pyext
[0.505s] [ 94%] Built target pesan__rosidl_typesupport_introspection_c__pyext
[0.507s] [100%] Built target pesan__rosidl_typesupport_fastrtps_c__pyext
[0.516s] Invoked command in '/home/cimi/Documents/Workspace/ProjectRos2XYolo/build/pesan' returned '0': CMAKE_PREFIX_PATH=${CMAKE_PREFIX_PATH}:/home/cimi/Documents/Workspace/ProjectRos2XYolo/install/test_custom_msg:/home/cimi/Documents/Workspace/ProjectRos2XYolo/install/movement_node:/home/cimi/Documents/Workspace/ProjectRos2XYolo/install/master_node:/home/cimi/Documents/Workspace/ProjectRos2XYolo/install/movement_package:/home/cimi/Documents/Workspace/ProjectRos2XYolo/install/cv_package:/opt/ros/foxy /usr/bin/cmake --build /home/cimi/Documents/Workspace/ProjectRos2XYolo/build/pesan -- -j8 -l8
[0.605s] Invoking command in '/home/cimi/Documents/Workspace/ProjectRos2XYolo/build/pesan': CMAKE_PREFIX_PATH=${CMAKE_PREFIX_PATH}:/home/cimi/Documents/Workspace/ProjectRos2XYolo/install/test_custom_msg:/home/cimi/Documents/Workspace/ProjectRos2XYolo/install/movement_node:/home/cimi/Documents/Workspace/ProjectRos2XYolo/install/master_node:/home/cimi/Documents/Workspace/ProjectRos2XYolo/install/movement_package:/home/cimi/Documents/Workspace/ProjectRos2XYolo/install/cv_package:/opt/ros/foxy /usr/bin/cmake --install /home/cimi/Documents/Workspace/ProjectRos2XYolo/build/pesan
[0.619s] -- Install configuration: ""
[0.620s] -- Up-to-date: /home/cimi/Documents/Workspace/ProjectRos2XYolo/install/pesan/share/ament_index/resource_index/rosidl_interfaces/pesan
[0.620s] -- Up-to-date: /home/cimi/Documents/Workspace/ProjectRos2XYolo/install/pesan/include/pesan
[0.620s] -- Up-to-date: /home/cimi/Documents/Workspace/ProjectRos2XYolo/install/pesan/include/pesan/msg
[0.620s] -- Up-to-date: /home/cimi/Documents/Workspace/ProjectRos2XYolo/install/pesan/include/pesan/msg/rosidl_generator_c__visibility_control.h
[0.621s] -- Up-to-date: /home/cimi/Documents/Workspace/ProjectRos2XYolo/install/pesan/include/pesan/msg/movement.h
[0.621s] -- Up-to-date: /home/cimi/Documents/Workspace/ProjectRos2XYolo/install/pesan/include/pesan/msg/detail
[0.621s] -- Up-to-date: /home/cimi/Documents/Workspace/ProjectRos2XYolo/install/pesan/include/pesan/msg/detail/movement__struct.h
[0.622s] -- Up-to-date: /home/cimi/Documents/Workspace/ProjectRos2XYolo/install/pesan/include/pesan/msg/detail/movement__type_support.h
[0.622s] -- Up-to-date: /home/cimi/Documents/Workspace/ProjectRos2XYolo/install/pesan/include/pesan/msg/detail/mission__functions.h
[0.622s] -- Up-to-date: /home/cimi/Documents/Workspace/ProjectRos2XYolo/install/pesan/include/pesan/msg/detail/mission__functions.c
[0.622s] -- Up-to-date: /home/cimi/Documents/Workspace/ProjectRos2XYolo/install/pesan/include/pesan/msg/detail/mission__type_support.h
[0.623s] -- Up-to-date: /home/cimi/Documents/Workspace/ProjectRos2XYolo/install/pesan/include/pesan/msg/detail/mission__struct.h
[0.623s] -- Up-to-date: /home/cimi/Documents/Workspace/ProjectRos2XYolo/install/pesan/include/pesan/msg/detail/movement__functions.h
[0.623s] -- Up-to-date: /home/cimi/Documents/Workspace/ProjectRos2XYolo/install/pesan/include/pesan/msg/detail/movement__functions.c
[0.623s] -- Up-to-date: /home/cimi/Documents/Workspace/ProjectRos2XYolo/install/pesan/include/pesan/msg/mission.h
[0.624s] -- Up-to-date: /home/cimi/Documents/Workspace/ProjectRos2XYolo/install/pesan/share/pesan/environment/library_path.sh
[0.624s] -- Up-to-date: /home/cimi/Documents/Workspace/ProjectRos2XYolo/install/pesan/share/pesan/environment/library_path.dsv
[0.624s] -- Up-to-date: /home/cimi/Documents/Workspace/ProjectRos2XYolo/install/pesan/lib/libpesan__rosidl_generator_c.so
[0.625s] -- Up-to-date: /home/cimi/Documents/Workspace/ProjectRos2XYolo/install/pesan/include/pesan
[0.625s] -- Up-to-date: /home/cimi/Documents/Workspace/ProjectRos2XYolo/install/pesan/include/pesan/msg
[0.625s] -- Up-to-date: /home/cimi/Documents/Workspace/ProjectRos2XYolo/install/pesan/include/pesan/msg/rosidl_typesupport_fastrtps_c__visibility_control.h
[0.625s] -- Up-to-date: /home/cimi/Documents/Workspace/ProjectRos2XYolo/install/pesan/include/pesan/msg/detail
[0.626s] -- Up-to-date: /home/cimi/Documents/Workspace/ProjectRos2XYolo/install/pesan/include/pesan/msg/detail/movement__rosidl_typesupport_fastrtps_c.h
[0.626s] -- Up-to-date: /home/cimi/Documents/Workspace/ProjectRos2XYolo/install/pesan/include/pesan/msg/detail/mission__rosidl_typesupport_fastrtps_c.h
[0.626s] -- Up-to-date: /home/cimi/Documents/Workspace/ProjectRos2XYolo/install/pesan/lib/libpesan__rosidl_typesupport_fastrtps_c.so
[0.627s] -- Up-to-date: /home/cimi/Documents/Workspace/ProjectRos2XYolo/install/pesan/include/pesan
[0.627s] -- Up-to-date: /home/cimi/Documents/Workspace/ProjectRos2XYolo/install/pesan/include/pesan/msg
[0.627s] -- Up-to-date: /home/cimi/Documents/Workspace/ProjectRos2XYolo/install/pesan/include/pesan/msg/detail
[0.628s] -- Up-to-date: /home/cimi/Documents/Workspace/ProjectRos2XYolo/install/pesan/include/pesan/msg/detail/movement__rosidl_typesupport_fastrtps_cpp.hpp
[0.628s] -- Up-to-date: /home/cimi/Documents/Workspace/ProjectRos2XYolo/install/pesan/include/pesan/msg/detail/dds_fastrtps
[0.628s] -- Up-to-date: /home/cimi/Documents/Workspace/ProjectRos2XYolo/install/pesan/include/pesan/msg/detail/mission__rosidl_typesupport_fastrtps_cpp.hpp
[0.628s] -- Up-to-date: /home/cimi/Documents/Workspace/ProjectRos2XYolo/install/pesan/include/pesan/msg/rosidl_typesupport_fastrtps_cpp__visibility_control.h
[0.629s] -- Up-to-date: /home/cimi/Documents/Workspace/ProjectRos2XYolo/install/pesan/lib/libpesan__rosidl_typesupport_fastrtps_cpp.so
[0.629s] -- Up-to-date: /home/cimi/Documents/Workspace/ProjectRos2XYolo/install/pesan/include/pesan
[0.629s] -- Up-to-date: /home/cimi/Documents/Workspace/ProjectRos2XYolo/install/pesan/include/pesan/msg
[0.629s] -- Up-to-date: /home/cimi/Documents/Workspace/ProjectRos2XYolo/install/pesan/include/pesan/msg/detail
[0.629s] -- Up-to-date: /home/cimi/Documents/Workspace/ProjectRos2XYolo/install/pesan/include/pesan/msg/detail/mission__type_support.c
[0.630s] -- Up-to-date: /home/cimi/Documents/Workspace/ProjectRos2XYolo/install/pesan/include/pesan/msg/detail/movement__rosidl_typesupport_introspection_c.h
[0.630s] -- Up-to-date: /home/cimi/Documents/Workspace/ProjectRos2XYolo/install/pesan/include/pesan/msg/detail/movement__type_support.c
[0.630s] -- Up-to-date: /home/cimi/Documents/Workspace/ProjectRos2XYolo/install/pesan/include/pesan/msg/detail/mission__rosidl_typesupport_introspection_c.h
[0.630s] -- Up-to-date: /home/cimi/Documents/Workspace/ProjectRos2XYolo/install/pesan/include/pesan/msg/rosidl_typesupport_introspection_c__visibility_control.h
[0.630s] -- Up-to-date: /home/cimi/Documents/Workspace/ProjectRos2XYolo/install/pesan/lib/libpesan__rosidl_typesupport_introspection_c.so
[0.631s] -- Up-to-date: /home/cimi/Documents/Workspace/ProjectRos2XYolo/install/pesan/lib/libpesan__rosidl_typesupport_c.so
[0.631s] -- Up-to-date: /home/cimi/Documents/Workspace/ProjectRos2XYolo/install/pesan/include/pesan
[0.631s] -- Up-to-date: /home/cimi/Documents/Workspace/ProjectRos2XYolo/install/pesan/include/pesan/msg
[0.631s] -- Up-to-date: /home/cimi/Documents/Workspace/ProjectRos2XYolo/install/pesan/include/pesan/msg/movement.hpp
[0.632s] -- Up-to-date: /home/cimi/Documents/Workspace/ProjectRos2XYolo/install/pesan/include/pesan/msg/detail
[0.632s] -- Up-to-date: /home/cimi/Documents/Workspace/ProjectRos2XYolo/install/pesan/include/pesan/msg/detail/movement__traits.hpp
[0.632s] -- Up-to-date: /home/cimi/Documents/Workspace/ProjectRos2XYolo/install/pesan/include/pesan/msg/detail/movement__struct.hpp
[0.632s] -- Up-to-date: /home/cimi/Documents/Workspace/ProjectRos2XYolo/install/pesan/include/pesan/msg/detail/mission__builder.hpp
[0.632s] -- Up-to-date: /home/cimi/Documents/Workspace/ProjectRos2XYolo/install/pesan/include/pesan/msg/detail/mission__struct.hpp
[0.633s] -- Up-to-date: /home/cimi/Documents/Workspace/ProjectRos2XYolo/install/pesan/include/pesan/msg/detail/mission__traits.hpp
[0.633s] -- Up-to-date: /home/cimi/Documents/Workspace/ProjectRos2XYolo/install/pesan/include/pesan/msg/detail/movement__builder.hpp
[0.633s] -- Up-to-date: /home/cimi/Documents/Workspace/ProjectRos2XYolo/install/pesan/include/pesan/msg/mission.hpp
[0.633s] -- Up-to-date: /home/cimi/Documents/Workspace/ProjectRos2XYolo/install/pesan/include/pesan
[0.633s] -- Up-to-date: /home/cimi/Documents/Workspace/ProjectRos2XYolo/install/pesan/include/pesan/msg
[0.634s] -- Up-to-date: /home/cimi/Documents/Workspace/ProjectRos2XYolo/install/pesan/include/pesan/msg/detail
[0.634s] -- Up-to-date: /home/cimi/Documents/Workspace/ProjectRos2XYolo/install/pesan/include/pesan/msg/detail/movement__rosidl_typesupport_introspection_cpp.hpp
[0.634s] -- Up-to-date: /home/cimi/Documents/Workspace/ProjectRos2XYolo/install/pesan/include/pesan/msg/detail/movement__type_support.cpp
[0.634s] -- Up-to-date: /home/cimi/Documents/Workspace/ProjectRos2XYolo/install/pesan/include/pesan/msg/detail/mission__type_support.cpp
[0.634s] -- Up-to-date: /home/cimi/Documents/Workspace/ProjectRos2XYolo/install/pesan/include/pesan/msg/detail/mission__rosidl_typesupport_introspection_cpp.hpp
[0.634s] -- Up-to-date: /home/cimi/Documents/Workspace/ProjectRos2XYolo/install/pesan/lib/libpesan__rosidl_typesupport_introspection_cpp.so
[0.635s] -- Up-to-date: /home/cimi/Documents/Workspace/ProjectRos2XYolo/install/pesan/lib/libpesan__rosidl_typesupport_cpp.so
[0.635s] -- Up-to-date: /home/cimi/Documents/Workspace/ProjectRos2XYolo/install/pesan/share/pesan/environment/pythonpath.sh
[0.636s] -- Up-to-date: /home/cimi/Documents/Workspace/ProjectRos2XYolo/install/pesan/share/pesan/environment/pythonpath.dsv
[0.636s] -- Up-to-date: /home/cimi/Documents/Workspace/ProjectRos2XYolo/install/pesan/lib/python3.8/site-packages/pesan/__init__.py
[0.695s] -- Up-to-date: /home/cimi/Documents/Workspace/ProjectRos2XYolo/install/pesan/lib/python3.8/site-packages/pesan/msg
[0.696s] -- Up-to-date: /home/cimi/Documents/Workspace/ProjectRos2XYolo/install/pesan/lib/python3.8/site-packages/pesan/msg/_mission_s.c
[0.696s] -- Up-to-date: /home/cimi/Documents/Workspace/ProjectRos2XYolo/install/pesan/lib/python3.8/site-packages/pesan/msg/__init__.py
[0.696s] -- Up-to-date: /home/cimi/Documents/Workspace/ProjectRos2XYolo/install/pesan/lib/python3.8/site-packages/pesan/msg/_mission.py
[0.696s] -- Up-to-date: /home/cimi/Documents/Workspace/ProjectRos2XYolo/install/pesan/lib/python3.8/site-packages/pesan/msg/_movement_s.c
[0.696s] -- Up-to-date: /home/cimi/Documents/Workspace/ProjectRos2XYolo/install/pesan/lib/python3.8/site-packages/pesan/msg/_movement.py
[0.697s] -- Up-to-date: /home/cimi/Documents/Workspace/ProjectRos2XYolo/install/pesan/lib/python3.8/site-packages/pesan/pesan_s__rosidl_typesupport_fastrtps_c.cpython-38-x86_64-linux-gnu.so
[0.697s] -- Up-to-date: /home/cimi/Documents/Workspace/ProjectRos2XYolo/install/pesan/lib/python3.8/site-packages/pesan/pesan_s__rosidl_typesupport_introspection_c.cpython-38-x86_64-linux-gnu.so
[0.698s] -- Up-to-date: /home/cimi/Documents/Workspace/ProjectRos2XYolo/install/pesan/lib/python3.8/site-packages/pesan/pesan_s__rosidl_typesupport_c.cpython-38-x86_64-linux-gnu.so
[0.699s] -- Up-to-date: /home/cimi/Documents/Workspace/ProjectRos2XYolo/install/pesan/lib/libpesan__python.so
[0.700s] -- Up-to-date: /home/cimi/Documents/Workspace/ProjectRos2XYolo/install/pesan/share/pesan/msg/Movement.idl
[0.700s] -- Up-to-date: /home/cimi/Documents/Workspace/ProjectRos2XYolo/install/pesan/share/pesan/msg/Mission.idl
[0.700s] -- Up-to-date: /home/cimi/Documents/Workspace/ProjectRos2XYolo/install/pesan/share/pesan/msg/Movement.msg
[0.701s] -- Up-to-date: /home/cimi/Documents/Workspace/ProjectRos2XYolo/install/pesan/share/pesan/msg/Mission.msg
[0.701s] -- Up-to-date: /home/cimi/Documents/Workspace/ProjectRos2XYolo/install/pesan/share/ament_index/resource_index/package_run_dependencies/pesan
[0.701s] -- Up-to-date: /home/cimi/Documents/Workspace/ProjectRos2XYolo/install/pesan/share/ament_index/resource_index/parent_prefix_path/pesan
[0.701s] -- Up-to-date: /home/cimi/Documents/Workspace/ProjectRos2XYolo/install/pesan/share/pesan/environment/ament_prefix_path.sh
[0.702s] -- Up-to-date: /home/cimi/Documents/Workspace/ProjectRos2XYolo/install/pesan/share/pesan/environment/ament_prefix_path.dsv
[0.702s] -- Up-to-date: /home/cimi/Documents/Workspace/ProjectRos2XYolo/install/pesan/share/pesan/environment/path.sh
[0.702s] -- Up-to-date: /home/cimi/Documents/Workspace/ProjectRos2XYolo/install/pesan/share/pesan/environment/path.dsv
[0.702s] -- Up-to-date: /home/cimi/Documents/Workspace/ProjectRos2XYolo/install/pesan/share/pesan/local_setup.bash
[0.703s] -- Up-to-date: /home/cimi/Documents/Workspace/ProjectRos2XYolo/install/pesan/share/pesan/local_setup.sh
[0.703s] -- Up-to-date: /home/cimi/Documents/Workspace/ProjectRos2XYolo/install/pesan/share/pesan/local_setup.zsh
[0.703s] -- Up-to-date: /home/cimi/Documents/Workspace/ProjectRos2XYolo/install/pesan/share/pesan/local_setup.dsv
[0.703s] -- Installing: /home/cimi/Documents/Workspace/ProjectRos2XYolo/install/pesan/share/pesan/package.dsv
[0.703s] -- Up-to-date: /home/cimi/Documents/Workspace/ProjectRos2XYolo/install/pesan/share/ament_index/resource_index/packages/pesan
[0.704s] -- Up-to-date: /home/cimi/Documents/Workspace/ProjectRos2XYolo/install/pesan/share/pesan/cmake/pesan__rosidl_generator_cExport.cmake
[0.704s] -- Up-to-date: /home/cimi/Documents/Workspace/ProjectRos2XYolo/install/pesan/share/pesan/cmake/pesan__rosidl_generator_cExport-noconfig.cmake
[0.704s] -- Up-to-date: /home/cimi/Documents/Workspace/ProjectRos2XYolo/install/pesan/share/pesan/cmake/pesan__rosidl_typesupport_introspection_cExport.cmake
[0.704s] -- Up-to-date: /home/cimi/Documents/Workspace/ProjectRos2XYolo/install/pesan/share/pesan/cmake/pesan__rosidl_typesupport_introspection_cExport-noconfig.cmake
[0.705s] -- Up-to-date: /home/cimi/Documents/Workspace/ProjectRos2XYolo/install/pesan/share/pesan/cmake/pesan__rosidl_typesupport_cExport.cmake
[0.705s] -- Up-to-date: /home/cimi/Documents/Workspace/ProjectRos2XYolo/install/pesan/share/pesan/cmake/pesan__rosidl_typesupport_cExport-noconfig.cmake
[0.705s] -- Up-to-date: /home/cimi/Documents/Workspace/ProjectRos2XYolo/install/pesan/share/pesan/cmake/pesan__rosidl_generator_cppExport.cmake
[0.705s] -- Up-to-date: /home/cimi/Documents/Workspace/ProjectRos2XYolo/install/pesan/share/pesan/cmake/pesan__rosidl_typesupport_introspection_cppExport.cmake
[0.706s] -- Up-to-date: /home/cimi/Documents/Workspace/ProjectRos2XYolo/install/pesan/share/pesan/cmake/pesan__rosidl_typesupport_introspection_cppExport-noconfig.cmake
[0.706s] -- Up-to-date: /home/cimi/Documents/Workspace/ProjectRos2XYolo/install/pesan/share/pesan/cmake/pesan__rosidl_typesupport_cppExport.cmake
[0.706s] -- Up-to-date: /home/cimi/Documents/Workspace/ProjectRos2XYolo/install/pesan/share/pesan/cmake/pesan__rosidl_typesupport_cppExport-noconfig.cmake
[0.706s] -- Up-to-date: /home/cimi/Documents/Workspace/ProjectRos2XYolo/install/pesan/share/pesan/cmake/rosidl_cmake-extras.cmake
[0.706s] -- Up-to-date: /home/cimi/Documents/Workspace/ProjectRos2XYolo/install/pesan/share/pesan/cmake/ament_cmake_export_dependencies-extras.cmake
[0.707s] -- Up-to-date: /home/cimi/Documents/Workspace/ProjectRos2XYolo/install/pesan/share/pesan/cmake/ament_cmake_export_libraries-extras.cmake
[0.707s] -- Up-to-date: /home/cimi/Documents/Workspace/ProjectRos2XYolo/install/pesan/share/pesan/cmake/ament_cmake_export_targets-extras.cmake
[0.707s] -- Up-to-date: /home/cimi/Documents/Workspace/ProjectRos2XYolo/install/pesan/share/pesan/cmake/ament_cmake_export_include_directories-extras.cmake
[0.707s] -- Up-to-date: /home/cimi/Documents/Workspace/ProjectRos2XYolo/install/pesan/share/pesan/cmake/rosidl_cmake_export_typesupport_libraries-extras.cmake
[0.707s] -- Up-to-date: /home/cimi/Documents/Workspace/ProjectRos2XYolo/install/pesan/share/pesan/cmake/rosidl_cmake_export_typesupport_targets-extras.cmake
[0.708s] -- Up-to-date: /home/cimi/Documents/Workspace/ProjectRos2XYolo/install/pesan/share/pesan/cmake/pesanConfig.cmake
[0.708s] -- Up-to-date: /home/cimi/Documents/Workspace/ProjectRos2XYolo/install/pesan/share/pesan/cmake/pesanConfig-version.cmake
[0.709s] -- Up-to-date: /home/cimi/Documents/Workspace/ProjectRos2XYolo/install/pesan/share/pesan/package.xml
[0.711s] Invoked command in '/home/cimi/Documents/Workspace/ProjectRos2XYolo/build/pesan' returned '0': CMAKE_PREFIX_PATH=${CMAKE_PREFIX_PATH}:/home/cimi/Documents/Workspace/ProjectRos2XYolo/install/test_custom_msg:/home/cimi/Documents/Workspace/ProjectRos2XYolo/install/movement_node:/home/cimi/Documents/Workspace/ProjectRos2XYolo/install/master_node:/home/cimi/Documents/Workspace/ProjectRos2XYolo/install/movement_package:/home/cimi/Documents/Workspace/ProjectRos2XYolo/install/cv_package:/opt/ros/foxy /usr/bin/cmake --install /home/cimi/Documents/Workspace/ProjectRos2XYolo/build/pesan
