[1.903s] Invoking command in '/home/hisan/Documents/Banyubramanta/ProjectRos2XYolo/src/movement_package': PYTHONPATH=/home/hisan/Documents/Banyubramanta/ProjectRos2XYolo/install/movement_package/lib/python3.8/site-packages:${PYTHONPATH} /usr/bin/python3 setup.py egg_info --egg-base ../../build/movement_package build --build-base /home/hisan/Documents/Banyubramanta/ProjectRos2XYolo/build/movement_package/build install --prefix /home/hisan/Documents/Banyubramanta/ProjectRos2XYolo/install/movement_package --record /home/hisan/Documents/Banyubramanta/ProjectRos2XYolo/build/movement_package/install.log --single-version-externally-managed
[2.340s] running egg_info
[2.341s] writing ../../build/movement_package/movement_package.egg-info/PKG-INFO
[2.342s] writing dependency_links to ../../build/movement_package/movement_package.egg-info/dependency_links.txt
[2.342s] writing entry points to ../../build/movement_package/movement_package.egg-info/entry_points.txt
[2.343s] writing requirements to ../../build/movement_package/movement_package.egg-info/requires.txt
[2.343s] writing top-level names to ../../build/movement_package/movement_package.egg-info/top_level.txt
[2.404s] reading manifest file '../../build/movement_package/movement_package.egg-info/SOURCES.txt'
[2.406s] writing manifest file '../../build/movement_package/movement_package.egg-info/SOURCES.txt'
[2.406s] running build
[2.406s] running build_py
[2.406s] running install
[2.408s] running install_lib
[2.411s] running install_data
[2.412s] copying package.xml -> /home/hisan/Documents/Banyubramanta/ProjectRos2XYolo/install/movement_package/share/movement_package
[2.412s] running install_egg_info
[2.416s] removing '/home/hisan/Documents/Banyubramanta/ProjectRos2XYolo/install/movement_package/lib/python3.8/site-packages/movement_package-0.0.0-py3.8.egg-info' (and everything under it)
[2.418s] Copying ../../build/movement_package/movement_package.egg-info to /home/hisan/Documents/Banyubramanta/ProjectRos2XYolo/install/movement_package/lib/python3.8/site-packages/movement_package-0.0.0-py3.8.egg-info
[2.420s] running install_scripts
[2.452s] Installing kecepatan script to /home/hisan/Documents/Banyubramanta/ProjectRos2XYolo/install/movement_package/lib/movement_package
[2.453s] writing list of installed files to '/home/hisan/Documents/Banyubramanta/ProjectRos2XYolo/build/movement_package/install.log'
[2.573s] Invoked command in '/home/hisan/Documents/Banyubramanta/ProjectRos2XYolo/src/movement_package' returned '0': PYTHONPATH=/home/hisan/Documents/Banyubramanta/ProjectRos2XYolo/install/movement_package/lib/python3.8/site-packages:${PYTHONPATH} /usr/bin/python3 setup.py egg_info --egg-base ../../build/movement_package build --build-base /home/hisan/Documents/Banyubramanta/ProjectRos2XYolo/build/movement_package/build install --prefix /home/hisan/Documents/Banyubramanta/ProjectRos2XYolo/install/movement_package --record /home/hisan/Documents/Banyubramanta/ProjectRos2XYolo/build/movement_package/install.log --single-version-externally-managed
