[1.106s] Invoking command in '/home/cimi/Documents/Workspace/ProjectRos2XYolo/build/movement_package': PYTHONPATH=/home/cimi/Documents/Workspace/ProjectRos2XYolo/install/movement_package/lib/python3.8/site-packages:${PYTHONPATH} /usr/bin/python3 setup.py develop --prefix /home/cimi/Documents/Workspace/ProjectRos2XYolo/install/movement_package --uninstall --editable --build-directory /home/cimi/Documents/Workspace/ProjectRos2XYolo/build/movement_package/build
[1.462s] running develop
[1.649s] Removing /home/cimi/Documents/Workspace/ProjectRos2XYolo/install/movement_package/lib/python3.8/site-packages/movement-package.egg-link (link to .)
[1.754s] Invoked command in '/home/cimi/Documents/Workspace/ProjectRos2XYolo/build/movement_package' returned '0': PYTHONPATH=/home/cimi/Documents/Workspace/ProjectRos2XYolo/install/movement_package/lib/python3.8/site-packages:${PYTHONPATH} /usr/bin/python3 setup.py develop --prefix /home/cimi/Documents/Workspace/ProjectRos2XYolo/install/movement_package --uninstall --editable --build-directory /home/cimi/Documents/Workspace/ProjectRos2XYolo/build/movement_package/build
[1.757s] Invoking command in '/home/cimi/Documents/Workspace/ProjectRos2XYolo/src/movement_package': PYTHONPATH=/home/cimi/Documents/Workspace/ProjectRos2XYolo/install/movement_package/lib/python3.8/site-packages:${PYTHONPATH} /usr/bin/python3 setup.py egg_info --egg-base ../../build/movement_package build --build-base /home/cimi/Documents/Workspace/ProjectRos2XYolo/build/movement_package/build install --prefix /home/cimi/Documents/Workspace/ProjectRos2XYolo/install/movement_package --record /home/cimi/Documents/Workspace/ProjectRos2XYolo/build/movement_package/install.log --single-version-externally-managed
[2.719s] running egg_info
[2.729s] writing ../../build/movement_package/movement_package.egg-info/PKG-INFO
[2.733s] writing dependency_links to ../../build/movement_package/movement_package.egg-info/dependency_links.txt
[2.735s] writing entry points to ../../build/movement_package/movement_package.egg-info/entry_points.txt
[2.736s] writing requirements to ../../build/movement_package/movement_package.egg-info/requires.txt
[2.738s] writing top-level names to ../../build/movement_package/movement_package.egg-info/top_level.txt
[3.131s] reading manifest file '../../build/movement_package/movement_package.egg-info/SOURCES.txt'
[3.141s] writing manifest file '../../build/movement_package/movement_package.egg-info/SOURCES.txt'
[3.144s] running build
[3.145s] running build_py
[3.147s] running install
[3.154s] running install_lib
[3.165s] creating /home/cimi/Documents/Workspace/ProjectRos2XYolo/install/movement_package/lib/python3.8/site-packages/movement_package
[3.167s] copying /home/cimi/Documents/Workspace/ProjectRos2XYolo/build/movement_package/build/lib/movement_package/__init__.py -> /home/cimi/Documents/Workspace/ProjectRos2XYolo/install/movement_package/lib/python3.8/site-packages/movement_package
[3.168s] copying /home/cimi/Documents/Workspace/ProjectRos2XYolo/build/movement_package/build/lib/movement_package/movement_node.py -> /home/cimi/Documents/Workspace/ProjectRos2XYolo/install/movement_package/lib/python3.8/site-packages/movement_package
[3.172s] byte-compiling /home/cimi/Documents/Workspace/ProjectRos2XYolo/install/movement_package/lib/python3.8/site-packages/movement_package/__init__.py to __init__.cpython-38.pyc
[3.183s] byte-compiling /home/cimi/Documents/Workspace/ProjectRos2XYolo/install/movement_package/lib/python3.8/site-packages/movement_package/movement_node.py to movement_node.cpython-38.pyc
[3.188s] running install_data
[3.193s] running install_egg_info
[3.206s] Copying ../../build/movement_package/movement_package.egg-info to /home/cimi/Documents/Workspace/ProjectRos2XYolo/install/movement_package/lib/python3.8/site-packages/movement_package-0.0.0-py3.8.egg-info
[3.214s] running install_scripts
[3.406s] Installing kecepatan script to /home/cimi/Documents/Workspace/ProjectRos2XYolo/install/movement_package/lib/movement_package
[3.412s] writing list of installed files to '/home/cimi/Documents/Workspace/ProjectRos2XYolo/build/movement_package/install.log'
[3.607s] Invoked command in '/home/cimi/Documents/Workspace/ProjectRos2XYolo/src/movement_package' returned '0': PYTHONPATH=/home/cimi/Documents/Workspace/ProjectRos2XYolo/install/movement_package/lib/python3.8/site-packages:${PYTHONPATH} /usr/bin/python3 setup.py egg_info --egg-base ../../build/movement_package build --build-base /home/cimi/Documents/Workspace/ProjectRos2XYolo/build/movement_package/build install --prefix /home/cimi/Documents/Workspace/ProjectRos2XYolo/install/movement_package --record /home/cimi/Documents/Workspace/ProjectRos2XYolo/build/movement_package/install.log --single-version-externally-managed
