[0.218s] DEBUG:colcon:Command line arguments: ['/usr/bin/colcon', 'build']
[0.218s] DEBUG:colcon:Parsed command line arguments: Namespace(allow_overriding=[], ament_cmake_args=None, base_paths=['.'], build_base='build', catkin_cmake_args=None, catkin_skip_building_tests=False, cmake_args=None, cmake_clean_cache=False, cmake_clean_first=False, cmake_force_configure=False, cmake_target=None, cmake_target_skip_unavailable=False, continue_on_error=False, event_handlers=None, executor='parallel', ignore_user_meta=False, install_base='install', log_base=None, log_level=None, main=<bound method BuildVerb.main of <colcon_core.verb.build.BuildVerb object at 0x7ff0bd44ad90>>, merge_install=False, metas=['./colcon.meta'], packages_above=None, packages_above_and_dependencies=None, packages_above_depth=None, packages_end=None, packages_ignore=None, packages_ignore_regex=None, packages_select=None, packages_select_build_failed=False, packages_select_by_dep=None, packages_select_regex=None, packages_select_test_failures=False, packages_skip=None, packages_skip_build_finished=False, packages_skip_by_dep=None, packages_skip_regex=None, packages_skip_test_passed=False, packages_skip_up_to=None, packages_start=None, packages_up_to=None, packages_up_to_regex=None, parallel_workers=8, paths=None, symlink_install=False, test_result_base=None, verb_extension=<colcon_core.verb.build.BuildVerb object at 0x7ff0bd44ad90>, verb_name='build', verb_parser=<colcon_defaults.argument_parser.defaults.DefaultArgumentsDecorator object at 0x7ff0bd455340>)
[0.251s] Level 1:colcon.colcon_core.package_discovery:discover_packages(colcon_meta) check parameters
[0.251s] Level 1:colcon.colcon_core.package_discovery:discover_packages(recursive) check parameters
[0.251s] Level 1:colcon.colcon_core.package_discovery:discover_packages(ignore) check parameters
[0.251s] Level 1:colcon.colcon_core.package_discovery:discover_packages(path) check parameters
[0.251s] Level 1:colcon.colcon_core.package_discovery:discover_packages(colcon_meta) discover
[0.251s] Level 1:colcon.colcon_core.package_discovery:discover_packages(recursive) discover
[0.251s] INFO:colcon.colcon_core.package_discovery:Crawling recursively for packages in '/home/hisan/Documents/Banyubramanta/ProjectRos2XYolo'
[0.252s] Level 1:colcon.colcon_core.package_identification:_identify(.) by extensions ['ignore', 'ignore_ament_install']
[0.252s] Level 1:colcon.colcon_core.package_identification:_identify(.) by extension 'ignore'
[0.252s] Level 1:colcon.colcon_core.package_identification:_identify(.) by extension 'ignore_ament_install'
[0.252s] Level 1:colcon.colcon_core.package_identification:_identify(.) by extensions ['colcon_pkg']
[0.252s] Level 1:colcon.colcon_core.package_identification:_identify(.) by extension 'colcon_pkg'
[0.252s] Level 1:colcon.colcon_core.package_identification:_identify(.) by extensions ['colcon_meta']
[0.252s] Level 1:colcon.colcon_core.package_identification:_identify(.) by extension 'colcon_meta'
[0.252s] Level 1:colcon.colcon_core.package_identification:_identify(.) by extensions ['ros']
[0.252s] Level 1:colcon.colcon_core.package_identification:_identify(.) by extension 'ros'
[0.277s] Level 1:colcon.colcon_core.package_identification:_identify(.) by extensions ['cmake', 'python']
[0.278s] Level 1:colcon.colcon_core.package_identification:_identify(.) by extension 'cmake'
[0.278s] Level 1:colcon.colcon_core.package_identification:_identify(.) by extension 'python'
[0.278s] Level 1:colcon.colcon_core.package_identification:_identify(.) by extensions ['python_setup_py']
[0.278s] Level 1:colcon.colcon_core.package_identification:_identify(.) by extension 'python_setup_py'
[0.278s] Level 1:colcon.colcon_core.package_identification:_identify(build) by extensions ['ignore', 'ignore_ament_install']
[0.278s] Level 1:colcon.colcon_core.package_identification:_identify(build) by extension 'ignore'
[0.278s] Level 1:colcon.colcon_core.package_identification:_identify(build) ignored
[0.278s] Level 1:colcon.colcon_core.package_identification:_identify(install) by extensions ['ignore', 'ignore_ament_install']
[0.278s] Level 1:colcon.colcon_core.package_identification:_identify(install) by extension 'ignore'
[0.278s] Level 1:colcon.colcon_core.package_identification:_identify(install) ignored
[0.278s] Level 1:colcon.colcon_core.package_identification:_identify(log) by extensions ['ignore', 'ignore_ament_install']
[0.279s] Level 1:colcon.colcon_core.package_identification:_identify(log) by extension 'ignore'
[0.279s] Level 1:colcon.colcon_core.package_identification:_identify(log) ignored
[0.279s] Level 1:colcon.colcon_core.package_identification:_identify(src) by extensions ['ignore', 'ignore_ament_install']
[0.279s] Level 1:colcon.colcon_core.package_identification:_identify(src) by extension 'ignore'
[0.279s] Level 1:colcon.colcon_core.package_identification:_identify(src) by extension 'ignore_ament_install'
[0.279s] Level 1:colcon.colcon_core.package_identification:_identify(src) by extensions ['colcon_pkg']
[0.279s] Level 1:colcon.colcon_core.package_identification:_identify(src) by extension 'colcon_pkg'
[0.279s] Level 1:colcon.colcon_core.package_identification:_identify(src) by extensions ['colcon_meta']
[0.279s] Level 1:colcon.colcon_core.package_identification:_identify(src) by extension 'colcon_meta'
[0.279s] Level 1:colcon.colcon_core.package_identification:_identify(src) by extensions ['ros']
[0.279s] Level 1:colcon.colcon_core.package_identification:_identify(src) by extension 'ros'
[0.279s] Level 1:colcon.colcon_core.package_identification:_identify(src) by extensions ['cmake', 'python']
[0.279s] Level 1:colcon.colcon_core.package_identification:_identify(src) by extension 'cmake'
[0.279s] Level 1:colcon.colcon_core.package_identification:_identify(src) by extension 'python'
[0.279s] Level 1:colcon.colcon_core.package_identification:_identify(src) by extensions ['python_setup_py']
[0.279s] Level 1:colcon.colcon_core.package_identification:_identify(src) by extension 'python_setup_py'
[0.279s] Level 1:colcon.colcon_core.package_identification:_identify(src/cv_package) by extensions ['ignore', 'ignore_ament_install']
[0.280s] Level 1:colcon.colcon_core.package_identification:_identify(src/cv_package) by extension 'ignore'
[0.280s] Level 1:colcon.colcon_core.package_identification:_identify(src/cv_package) by extension 'ignore_ament_install'
[0.280s] Level 1:colcon.colcon_core.package_identification:_identify(src/cv_package) by extensions ['colcon_pkg']
[0.280s] Level 1:colcon.colcon_core.package_identification:_identify(src/cv_package) by extension 'colcon_pkg'
[0.280s] Level 1:colcon.colcon_core.package_identification:_identify(src/cv_package) by extensions ['colcon_meta']
[0.280s] Level 1:colcon.colcon_core.package_identification:_identify(src/cv_package) by extension 'colcon_meta'
[0.280s] Level 1:colcon.colcon_core.package_identification:_identify(src/cv_package) by extensions ['ros']
[0.280s] Level 1:colcon.colcon_core.package_identification:_identify(src/cv_package) by extension 'ros'
[0.282s] DEBUG:colcon.colcon_core.package_identification:Package 'src/cv_package' with type 'ros.ament_python' and name 'cv_package'
[0.283s] Level 1:colcon.colcon_core.package_identification:_identify(src/movement_package) by extensions ['ignore', 'ignore_ament_install']
[0.283s] Level 1:colcon.colcon_core.package_identification:_identify(src/movement_package) by extension 'ignore'
[0.283s] Level 1:colcon.colcon_core.package_identification:_identify(src/movement_package) by extension 'ignore_ament_install'
[0.283s] Level 1:colcon.colcon_core.package_identification:_identify(src/movement_package) by extensions ['colcon_pkg']
[0.283s] Level 1:colcon.colcon_core.package_identification:_identify(src/movement_package) by extension 'colcon_pkg'
[0.283s] Level 1:colcon.colcon_core.package_identification:_identify(src/movement_package) by extensions ['colcon_meta']
[0.283s] Level 1:colcon.colcon_core.package_identification:_identify(src/movement_package) by extension 'colcon_meta'
[0.283s] Level 1:colcon.colcon_core.package_identification:_identify(src/movement_package) by extensions ['ros']
[0.283s] Level 1:colcon.colcon_core.package_identification:_identify(src/movement_package) by extension 'ros'
[0.284s] DEBUG:colcon.colcon_core.package_identification:Package 'src/movement_package' with type 'ros.ament_python' and name 'movement_package'
[0.284s] Level 1:colcon.colcon_core.package_discovery:discover_packages(recursive) using defaults
[0.284s] Level 1:colcon.colcon_core.package_discovery:discover_packages(ignore) discover
[0.284s] Level 1:colcon.colcon_core.package_discovery:discover_packages(ignore) using defaults
[0.284s] Level 1:colcon.colcon_core.package_discovery:discover_packages(path) discover
[0.284s] Level 1:colcon.colcon_core.package_discovery:discover_packages(path) using defaults
[0.315s] Level 1:colcon.colcon_core.package_discovery:discover_packages(prefix_path) check parameters
[0.315s] Level 1:colcon.colcon_core.package_discovery:discover_packages(prefix_path) discover
[0.319s] DEBUG:colcon.colcon_installed_package_information.package_discovery:Found 256 installed packages in /opt/ros/foxy
[0.323s] Level 1:colcon.colcon_core.package_discovery:discover_packages(prefix_path) using defaults
[0.411s] Level 5:colcon.colcon_core.verb:set package 'cv_package' build argument 'cmake_args' from command line to 'None'
[0.411s] Level 5:colcon.colcon_core.verb:set package 'cv_package' build argument 'cmake_target' from command line to 'None'
[0.411s] Level 5:colcon.colcon_core.verb:set package 'cv_package' build argument 'cmake_target_skip_unavailable' from command line to 'False'
[0.412s] Level 5:colcon.colcon_core.verb:set package 'cv_package' build argument 'cmake_clean_cache' from command line to 'False'
[0.412s] Level 5:colcon.colcon_core.verb:set package 'cv_package' build argument 'cmake_clean_first' from command line to 'False'
[0.412s] Level 5:colcon.colcon_core.verb:set package 'cv_package' build argument 'cmake_force_configure' from command line to 'False'
[0.412s] Level 5:colcon.colcon_core.verb:set package 'cv_package' build argument 'ament_cmake_args' from command line to 'None'
[0.412s] Level 5:colcon.colcon_core.verb:set package 'cv_package' build argument 'catkin_cmake_args' from command line to 'None'
[0.412s] Level 5:colcon.colcon_core.verb:set package 'cv_package' build argument 'catkin_skip_building_tests' from command line to 'False'
[0.412s] DEBUG:colcon.colcon_core.verb:Building package 'cv_package' with the following arguments: {'ament_cmake_args': None, 'build_base': '/home/hisan/Documents/Banyubramanta/ProjectRos2XYolo/build/cv_package', 'catkin_cmake_args': None, 'catkin_skip_building_tests': False, 'cmake_args': None, 'cmake_clean_cache': False, 'cmake_clean_first': False, 'cmake_force_configure': False, 'cmake_target': None, 'cmake_target_skip_unavailable': False, 'install_base': '/home/hisan/Documents/Banyubramanta/ProjectRos2XYolo/install/cv_package', 'merge_install': False, 'path': '/home/hisan/Documents/Banyubramanta/ProjectRos2XYolo/src/cv_package', 'symlink_install': False, 'test_result_base': None}
[0.414s] Level 5:colcon.colcon_core.verb:set package 'movement_package' build argument 'cmake_args' from command line to 'None'
[0.415s] Level 5:colcon.colcon_core.verb:set package 'movement_package' build argument 'cmake_target' from command line to 'None'
[0.415s] Level 5:colcon.colcon_core.verb:set package 'movement_package' build argument 'cmake_target_skip_unavailable' from command line to 'False'
[0.415s] Level 5:colcon.colcon_core.verb:set package 'movement_package' build argument 'cmake_clean_cache' from command line to 'False'
[0.415s] Level 5:colcon.colcon_core.verb:set package 'movement_package' build argument 'cmake_clean_first' from command line to 'False'
[0.415s] Level 5:colcon.colcon_core.verb:set package 'movement_package' build argument 'cmake_force_configure' from command line to 'False'
[0.415s] Level 5:colcon.colcon_core.verb:set package 'movement_package' build argument 'ament_cmake_args' from command line to 'None'
[0.415s] Level 5:colcon.colcon_core.verb:set package 'movement_package' build argument 'catkin_cmake_args' from command line to 'None'
[0.415s] Level 5:colcon.colcon_core.verb:set package 'movement_package' build argument 'catkin_skip_building_tests' from command line to 'False'
[0.415s] DEBUG:colcon.colcon_core.verb:Building package 'movement_package' with the following arguments: {'ament_cmake_args': None, 'build_base': '/home/hisan/Documents/Banyubramanta/ProjectRos2XYolo/build/movement_package', 'catkin_cmake_args': None, 'catkin_skip_building_tests': False, 'cmake_args': None, 'cmake_clean_cache': False, 'cmake_clean_first': False, 'cmake_force_configure': False, 'cmake_target': None, 'cmake_target_skip_unavailable': False, 'install_base': '/home/hisan/Documents/Banyubramanta/ProjectRos2XYolo/install/movement_package', 'merge_install': False, 'path': '/home/hisan/Documents/Banyubramanta/ProjectRos2XYolo/src/movement_package', 'symlink_install': False, 'test_result_base': None}
[0.419s] INFO:colcon.colcon_core.executor:Executing jobs using 'parallel' executor
[0.428s] DEBUG:colcon.colcon_parallel_executor.executor.parallel:run_until_complete
[0.428s] INFO:colcon.colcon_ros.task.ament_python.build:Building ROS package in '/home/hisan/Documents/Banyubramanta/ProjectRos2XYolo/src/cv_package' with build type 'ament_python'
[0.428s] Level 1:colcon.colcon_core.shell:create_environment_hook('cv_package', 'ament_prefix_path')
[0.434s] INFO:colcon.colcon_core.plugin_system:Skipping extension 'colcon_core.shell.bat': Not used on non-Windows systems
[0.435s] INFO:colcon.colcon_core.shell:Creating environment hook '/home/hisan/Documents/Banyubramanta/ProjectRos2XYolo/install/cv_package/share/cv_package/hook/ament_prefix_path.ps1'
[0.436s] INFO:colcon.colcon_core.shell:Creating environment descriptor '/home/hisan/Documents/Banyubramanta/ProjectRos2XYolo/install/cv_package/share/cv_package/hook/ament_prefix_path.dsv'
[0.436s] INFO:colcon.colcon_core.shell:Creating environment hook '/home/hisan/Documents/Banyubramanta/ProjectRos2XYolo/install/cv_package/share/cv_package/hook/ament_prefix_path.sh'
[0.439s] INFO:colcon.colcon_core.shell:Skip shell extension 'powershell' for command environment: Not usable outside of PowerShell
[0.439s] DEBUG:colcon.colcon_core.shell:Skip shell extension 'dsv' for command environment
[0.444s] DEBUG:colcon.colcon_core.shell:Ignoring prefix path '/opt/ros/noetic'
[0.447s] INFO:colcon.colcon_ros.task.ament_python.build:Building ROS package in '/home/hisan/Documents/Banyubramanta/ProjectRos2XYolo/src/movement_package' with build type 'ament_python'
[0.448s] Level 1:colcon.colcon_core.shell:create_environment_hook('movement_package', 'ament_prefix_path')
[0.451s] INFO:colcon.colcon_core.shell:Creating environment hook '/home/hisan/Documents/Banyubramanta/ProjectRos2XYolo/install/movement_package/share/movement_package/hook/ament_prefix_path.ps1'
[0.452s] INFO:colcon.colcon_core.shell:Creating environment descriptor '/home/hisan/Documents/Banyubramanta/ProjectRos2XYolo/install/movement_package/share/movement_package/hook/ament_prefix_path.dsv'
[0.452s] INFO:colcon.colcon_core.shell:Creating environment hook '/home/hisan/Documents/Banyubramanta/ProjectRos2XYolo/install/movement_package/share/movement_package/hook/ament_prefix_path.sh'
[0.455s] INFO:colcon.colcon_core.shell:Skip shell extension 'powershell' for command environment: Not usable outside of PowerShell
[0.455s] DEBUG:colcon.colcon_core.shell:Skip shell extension 'dsv' for command environment
[0.460s] DEBUG:colcon.colcon_core.shell:Ignoring prefix path '/opt/ros/noetic'
[0.822s] INFO:colcon.colcon_core.task.python.build:Building Python package in '/home/hisan/Documents/Banyubramanta/ProjectRos2XYolo/src/cv_package'
[0.829s] INFO:colcon.colcon_core.shell:Skip shell extension 'powershell' for command environment: Not usable outside of PowerShell
[0.829s] DEBUG:colcon.colcon_core.shell:Skip shell extension 'dsv' for command environment
[0.836s] DEBUG:colcon.colcon_core.shell:Ignoring prefix path '/opt/ros/noetic'
[1.202s] INFO:colcon.colcon_core.task.python.build:Building Python package in '/home/hisan/Documents/Banyubramanta/ProjectRos2XYolo/src/movement_package'
[1.210s] INFO:colcon.colcon_core.shell:Skip shell extension 'powershell' for command environment: Not usable outside of PowerShell
[1.210s] DEBUG:colcon.colcon_core.shell:Skip shell extension 'dsv' for command environment
[1.219s] DEBUG:colcon.colcon_core.shell:Ignoring prefix path '/opt/ros/noetic'
[1.868s] DEBUG:colcon.colcon_core.event_handler.log_command:Invoking command in '/home/hisan/Documents/Banyubramanta/ProjectRos2XYolo/src/cv_package': PYTHONPATH=/home/hisan/Documents/Banyubramanta/ProjectRos2XYolo/install/cv_package/lib/python3.8/site-packages:${PYTHONPATH} /usr/bin/python3 setup.py egg_info --egg-base ../../build/cv_package build --build-base /home/hisan/Documents/Banyubramanta/ProjectRos2XYolo/build/cv_package/build install --prefix /home/hisan/Documents/Banyubramanta/ProjectRos2XYolo/install/cv_package --record /home/hisan/Documents/Banyubramanta/ProjectRos2XYolo/build/cv_package/install.log --single-version-externally-managed
[1.904s] DEBUG:colcon.colcon_core.event_handler.log_command:Invoking command in '/home/hisan/Documents/Banyubramanta/ProjectRos2XYolo/src/movement_package': PYTHONPATH=/home/hisan/Documents/Banyubramanta/ProjectRos2XYolo/install/movement_package/lib/python3.8/site-packages:${PYTHONPATH} /usr/bin/python3 setup.py egg_info --egg-base ../../build/movement_package build --build-base /home/hisan/Documents/Banyubramanta/ProjectRos2XYolo/build/movement_package/build install --prefix /home/hisan/Documents/Banyubramanta/ProjectRos2XYolo/install/movement_package --record /home/hisan/Documents/Banyubramanta/ProjectRos2XYolo/build/movement_package/install.log --single-version-externally-managed
[2.335s] DEBUG:colcon.colcon_core.event_handler.log_command:Invoked command in '/home/hisan/Documents/Banyubramanta/ProjectRos2XYolo/src/cv_package' returned '0': PYTHONPATH=/home/hisan/Documents/Banyubramanta/ProjectRos2XYolo/install/cv_package/lib/python3.8/site-packages:${PYTHONPATH} /usr/bin/python3 setup.py egg_info --egg-base ../../build/cv_package build --build-base /home/hisan/Documents/Banyubramanta/ProjectRos2XYolo/build/cv_package/build install --prefix /home/hisan/Documents/Banyubramanta/ProjectRos2XYolo/install/cv_package --record /home/hisan/Documents/Banyubramanta/ProjectRos2XYolo/build/cv_package/install.log --single-version-externally-managed
[2.351s] Level 1:colcon.colcon_core.environment:checking '/home/hisan/Documents/Banyubramanta/ProjectRos2XYolo/install/cv_package' for CMake module files
[2.351s] Level 1:colcon.colcon_core.environment:checking '/home/hisan/Documents/Banyubramanta/ProjectRos2XYolo/install/cv_package' for CMake config files
[2.352s] Level 1:colcon.colcon_core.environment:checking '/home/hisan/Documents/Banyubramanta/ProjectRos2XYolo/install/cv_package/lib'
[2.352s] Level 1:colcon.colcon_core.environment:checking '/home/hisan/Documents/Banyubramanta/ProjectRos2XYolo/install/cv_package/bin'
[2.352s] Level 1:colcon.colcon_core.environment:checking '/home/hisan/Documents/Banyubramanta/ProjectRos2XYolo/install/cv_package/lib/pkgconfig/cv_package.pc'
[2.353s] Level 1:colcon.colcon_core.environment:checking '/home/hisan/Documents/Banyubramanta/ProjectRos2XYolo/install/cv_package/lib/python3.8/site-packages'
[2.353s] Level 1:colcon.colcon_core.shell:create_environment_hook('cv_package', 'pythonpath')
[2.356s] INFO:colcon.colcon_core.shell:Creating environment hook '/home/hisan/Documents/Banyubramanta/ProjectRos2XYolo/install/cv_package/share/cv_package/hook/pythonpath.ps1'
[2.357s] INFO:colcon.colcon_core.shell:Creating environment descriptor '/home/hisan/Documents/Banyubramanta/ProjectRos2XYolo/install/cv_package/share/cv_package/hook/pythonpath.dsv'
[2.357s] INFO:colcon.colcon_core.shell:Creating environment hook '/home/hisan/Documents/Banyubramanta/ProjectRos2XYolo/install/cv_package/share/cv_package/hook/pythonpath.sh'
[2.358s] Level 1:colcon.colcon_core.environment:checking '/home/hisan/Documents/Banyubramanta/ProjectRos2XYolo/install/cv_package/bin'
[2.358s] Level 1:colcon.colcon_core.environment:create_environment_scripts_only(cv_package)
[2.362s] INFO:colcon.colcon_core.shell:Creating package script '/home/hisan/Documents/Banyubramanta/ProjectRos2XYolo/install/cv_package/share/cv_package/package.ps1'
[2.363s] INFO:colcon.colcon_core.shell:Creating package descriptor '/home/hisan/Documents/Banyubramanta/ProjectRos2XYolo/install/cv_package/share/cv_package/package.dsv'
[2.364s] INFO:colcon.colcon_core.shell:Creating package script '/home/hisan/Documents/Banyubramanta/ProjectRos2XYolo/install/cv_package/share/cv_package/package.sh'
[2.365s] INFO:colcon.colcon_core.shell:Creating package script '/home/hisan/Documents/Banyubramanta/ProjectRos2XYolo/install/cv_package/share/cv_package/package.bash'
[2.366s] INFO:colcon.colcon_core.shell:Creating package script '/home/hisan/Documents/Banyubramanta/ProjectRos2XYolo/install/cv_package/share/cv_package/package.zsh'
[2.367s] Level 1:colcon.colcon_core.environment:create_file_with_runtime_dependencies(/home/hisan/Documents/Banyubramanta/ProjectRos2XYolo/install/cv_package/share/colcon-core/packages/cv_package)
[2.373s] Level 1:colcon.colcon_core.environment:checking '/home/hisan/Documents/Banyubramanta/ProjectRos2XYolo/install/movement_package' for CMake module files
[2.374s] DEBUG:colcon.colcon_core.event_handler.log_command:Invoked command in '/home/hisan/Documents/Banyubramanta/ProjectRos2XYolo/src/movement_package' returned '0': PYTHONPATH=/home/hisan/Documents/Banyubramanta/ProjectRos2XYolo/install/movement_package/lib/python3.8/site-packages:${PYTHONPATH} /usr/bin/python3 setup.py egg_info --egg-base ../../build/movement_package build --build-base /home/hisan/Documents/Banyubramanta/ProjectRos2XYolo/build/movement_package/build install --prefix /home/hisan/Documents/Banyubramanta/ProjectRos2XYolo/install/movement_package --record /home/hisan/Documents/Banyubramanta/ProjectRos2XYolo/build/movement_package/install.log --single-version-externally-managed
[2.375s] Level 1:colcon.colcon_core.environment:checking '/home/hisan/Documents/Banyubramanta/ProjectRos2XYolo/install/movement_package' for CMake config files
[2.375s] Level 1:colcon.colcon_core.environment:checking '/home/hisan/Documents/Banyubramanta/ProjectRos2XYolo/install/movement_package/lib'
[2.375s] Level 1:colcon.colcon_core.environment:checking '/home/hisan/Documents/Banyubramanta/ProjectRos2XYolo/install/movement_package/bin'
[2.375s] Level 1:colcon.colcon_core.environment:checking '/home/hisan/Documents/Banyubramanta/ProjectRos2XYolo/install/movement_package/lib/pkgconfig/movement_package.pc'
[2.376s] Level 1:colcon.colcon_core.environment:checking '/home/hisan/Documents/Banyubramanta/ProjectRos2XYolo/install/movement_package/lib/python3.8/site-packages'
[2.376s] Level 1:colcon.colcon_core.shell:create_environment_hook('movement_package', 'pythonpath')
[2.379s] INFO:colcon.colcon_core.shell:Creating environment hook '/home/hisan/Documents/Banyubramanta/ProjectRos2XYolo/install/movement_package/share/movement_package/hook/pythonpath.ps1'
[2.380s] INFO:colcon.colcon_core.shell:Creating environment descriptor '/home/hisan/Documents/Banyubramanta/ProjectRos2XYolo/install/movement_package/share/movement_package/hook/pythonpath.dsv'
[2.380s] INFO:colcon.colcon_core.shell:Creating environment hook '/home/hisan/Documents/Banyubramanta/ProjectRos2XYolo/install/movement_package/share/movement_package/hook/pythonpath.sh'
[2.381s] Level 1:colcon.colcon_core.environment:checking '/home/hisan/Documents/Banyubramanta/ProjectRos2XYolo/install/movement_package/bin'
[2.381s] Level 1:colcon.colcon_core.environment:create_environment_scripts_only(movement_package)
[2.384s] INFO:colcon.colcon_core.shell:Creating package script '/home/hisan/Documents/Banyubramanta/ProjectRos2XYolo/install/movement_package/share/movement_package/package.ps1'
[2.384s] INFO:colcon.colcon_core.shell:Creating package descriptor '/home/hisan/Documents/Banyubramanta/ProjectRos2XYolo/install/movement_package/share/movement_package/package.dsv'
[2.385s] INFO:colcon.colcon_core.shell:Creating package script '/home/hisan/Documents/Banyubramanta/ProjectRos2XYolo/install/movement_package/share/movement_package/package.sh'
[2.385s] INFO:colcon.colcon_core.shell:Creating package script '/home/hisan/Documents/Banyubramanta/ProjectRos2XYolo/install/movement_package/share/movement_package/package.bash'
[2.386s] INFO:colcon.colcon_core.shell:Creating package script '/home/hisan/Documents/Banyubramanta/ProjectRos2XYolo/install/movement_package/share/movement_package/package.zsh'
[2.386s] Level 1:colcon.colcon_core.environment:create_file_with_runtime_dependencies(/home/hisan/Documents/Banyubramanta/ProjectRos2XYolo/install/movement_package/share/colcon-core/packages/movement_package)
[2.386s] DEBUG:colcon.colcon_parallel_executor.executor.parallel:closing loop
[2.387s] DEBUG:colcon.colcon_parallel_executor.executor.parallel:loop closed
[2.387s] DEBUG:colcon.colcon_parallel_executor.executor.parallel:run_until_complete finished with '0'
[2.387s] DEBUG:colcon.colcon_core.event_reactor:joining thread
[2.401s] INFO:colcon.colcon_core.plugin_system:Skipping extension 'colcon_notification.desktop_notification.terminal_notifier': Not used on non-Darwin systems
[2.401s] INFO:colcon.colcon_core.plugin_system:Skipping extension 'colcon_notification.desktop_notification.win32': Not used on non-Windows systems
[2.401s] INFO:colcon.colcon_notification.desktop_notification:Sending desktop notification using 'notify2'
[2.429s] DEBUG:colcon.colcon_core.event_reactor:joined thread
[2.434s] INFO:colcon.colcon_core.shell:Creating prefix script '/home/hisan/Documents/Banyubramanta/ProjectRos2XYolo/install/local_setup.ps1'
[2.436s] INFO:colcon.colcon_core.shell:Creating prefix util module '/home/hisan/Documents/Banyubramanta/ProjectRos2XYolo/install/_local_setup_util_ps1.py'
[2.437s] INFO:colcon.colcon_core.shell:Creating prefix chain script '/home/hisan/Documents/Banyubramanta/ProjectRos2XYolo/install/setup.ps1'
[2.440s] INFO:colcon.colcon_core.shell:Creating prefix script '/home/hisan/Documents/Banyubramanta/ProjectRos2XYolo/install/local_setup.sh'
[2.441s] INFO:colcon.colcon_core.shell:Creating prefix util module '/home/hisan/Documents/Banyubramanta/ProjectRos2XYolo/install/_local_setup_util_sh.py'
[2.442s] INFO:colcon.colcon_core.shell:Creating prefix chain script '/home/hisan/Documents/Banyubramanta/ProjectRos2XYolo/install/setup.sh'
[2.447s] INFO:colcon.colcon_core.shell:Creating prefix script '/home/hisan/Documents/Banyubramanta/ProjectRos2XYolo/install/local_setup.bash'
[2.448s] INFO:colcon.colcon_core.shell:Creating prefix chain script '/home/hisan/Documents/Banyubramanta/ProjectRos2XYolo/install/setup.bash'
[2.452s] INFO:colcon.colcon_core.shell:Creating prefix script '/home/hisan/Documents/Banyubramanta/ProjectRos2XYolo/install/local_setup.zsh'
[2.453s] INFO:colcon.colcon_core.shell:Creating prefix chain script '/home/hisan/Documents/Banyubramanta/ProjectRos2XYolo/install/setup.zsh'
