[0.042s] Invoking command in '/home/cimi/Documents/Workspace/ProjectRos2XYolo/build/custom_message': CMAKE_PREFIX_PATH=${CMAKE_PREFIX_PATH}:/home/cimi/Documents/Workspace/ProjectRos2XYolo/install/test_custom_msg:/home/cimi/Documents/Workspace/ProjectRos2XYolo/install/movement_node:/home/cimi/Documents/Workspace/ProjectRos2XYolo/install/master_node:/home/cimi/Documents/Workspace/ProjectRos2XYolo/install/movement_package:/home/cimi/Documents/Workspace/ProjectRos2XYolo/install/cv_package:/opt/ros/foxy /usr/bin/cmake --build /home/cimi/Documents/Workspace/ProjectRos2XYolo/build/custom_message -- -j8 -l8
[0.112s] [  2%] Built target custom_message__cpp
[0.129s] [ 12%] Built target custom_message__rosidl_generator_c
[0.164s] [ 23%] Built target custom_message__rosidl_typesupport_cpp
[0.173s] [ 33%] Built target custom_message__rosidl_typesupport_fastrtps_cpp
[0.181s] [ 43%] Built target custom_message__rosidl_typesupport_introspection_cpp
[0.185s] [ 53%] Built target custom_message__rosidl_typesupport_c
[0.194s] [ 64%] Built target custom_message__rosidl_typesupport_introspection_c
[0.214s] [ 74%] Built target custom_message__rosidl_typesupport_fastrtps_c
[0.241s] [ 74%] Built target custom_message
[0.270s] [ 76%] Built target custom_message__py
[0.306s] [ 84%] Built target custom_message__python
[0.357s] [ 94%] Built target custom_message__rosidl_typesupport_c__pyext
[0.357s] [ 94%] Built target custom_message__rosidl_typesupport_introspection_c__pyext
[0.361s] [100%] Built target custom_message__rosidl_typesupport_fastrtps_c__pyext
[0.462s] Invoked command in '/home/cimi/Documents/Workspace/ProjectRos2XYolo/build/custom_message' returned '0': CMAKE_PREFIX_PATH=${CMAKE_PREFIX_PATH}:/home/cimi/Documents/Workspace/ProjectRos2XYolo/install/test_custom_msg:/home/cimi/Documents/Workspace/ProjectRos2XYolo/install/movement_node:/home/cimi/Documents/Workspace/ProjectRos2XYolo/install/master_node:/home/cimi/Documents/Workspace/ProjectRos2XYolo/install/movement_package:/home/cimi/Documents/Workspace/ProjectRos2XYolo/install/cv_package:/opt/ros/foxy /usr/bin/cmake --build /home/cimi/Documents/Workspace/ProjectRos2XYolo/build/custom_message -- -j8 -l8
[0.567s] Invoking command in '/home/cimi/Documents/Workspace/ProjectRos2XYolo/build/custom_message': CMAKE_PREFIX_PATH=${CMAKE_PREFIX_PATH}:/home/cimi/Documents/Workspace/ProjectRos2XYolo/install/test_custom_msg:/home/cimi/Documents/Workspace/ProjectRos2XYolo/install/movement_node:/home/cimi/Documents/Workspace/ProjectRos2XYolo/install/master_node:/home/cimi/Documents/Workspace/ProjectRos2XYolo/install/movement_package:/home/cimi/Documents/Workspace/ProjectRos2XYolo/install/cv_package:/opt/ros/foxy /usr/bin/cmake --install /home/cimi/Documents/Workspace/ProjectRos2XYolo/build/custom_message
[0.578s] -- Install configuration: ""
[0.579s] -- Execute custom install script
[0.580s] -- Up-to-date symlink: /home/cimi/Documents/Workspace/ProjectRos2XYolo/install/custom_message/share/ament_index/resource_index/rosidl_interfaces/custom_message
[0.581s] -- Up-to-date symlink: /home/cimi/Documents/Workspace/ProjectRos2XYolo/install/custom_message/include/custom_message/msg/detail/num__functions.h
[0.582s] -- Up-to-date symlink: /home/cimi/Documents/Workspace/ProjectRos2XYolo/install/custom_message/include/custom_message/msg/detail/num__struct.h
[0.582s] -- Up-to-date symlink: /home/cimi/Documents/Workspace/ProjectRos2XYolo/install/custom_message/include/custom_message/msg/detail/num__type_support.h
[0.582s] -- Up-to-date symlink: /home/cimi/Documents/Workspace/ProjectRos2XYolo/install/custom_message/include/custom_message/msg/detail/sphere__functions.h
[0.583s] -- Up-to-date symlink: /home/cimi/Documents/Workspace/ProjectRos2XYolo/install/custom_message/include/custom_message/msg/detail/sphere__struct.h
[0.583s] -- Up-to-date symlink: /home/cimi/Documents/Workspace/ProjectRos2XYolo/install/custom_message/include/custom_message/msg/detail/sphere__type_support.h
[0.584s] -- Up-to-date symlink: /home/cimi/Documents/Workspace/ProjectRos2XYolo/install/custom_message/include/custom_message/msg/num.h
[0.584s] -- Up-to-date symlink: /home/cimi/Documents/Workspace/ProjectRos2XYolo/install/custom_message/include/custom_message/msg/rosidl_generator_c__visibility_control.h
[0.584s] -- Up-to-date symlink: /home/cimi/Documents/Workspace/ProjectRos2XYolo/install/custom_message/include/custom_message/msg/sphere.h
[0.585s] -- Up-to-date symlink: /home/cimi/Documents/Workspace/ProjectRos2XYolo/install/custom_message/share/custom_message/environment/library_path.sh
[0.586s] -- Up-to-date symlink: /home/cimi/Documents/Workspace/ProjectRos2XYolo/install/custom_message/share/custom_message/environment/library_path.dsv
[0.587s] -- Up-to-date symlink: /home/cimi/Documents/Workspace/ProjectRos2XYolo/install/custom_message/include/custom_message/msg/detail/num__rosidl_typesupport_fastrtps_c.h
[0.587s] -- Up-to-date symlink: /home/cimi/Documents/Workspace/ProjectRos2XYolo/install/custom_message/include/custom_message/msg/detail/sphere__rosidl_typesupport_fastrtps_c.h
[0.588s] -- Up-to-date symlink: /home/cimi/Documents/Workspace/ProjectRos2XYolo/install/custom_message/include/custom_message/msg/rosidl_typesupport_fastrtps_c__visibility_control.h
[0.592s] -- Up-to-date symlink: /home/cimi/Documents/Workspace/ProjectRos2XYolo/install/custom_message/lib/libcustom_message__rosidl_typesupport_fastrtps_c.so
[0.595s] -- Up-to-date symlink: /home/cimi/Documents/Workspace/ProjectRos2XYolo/install/custom_message/include/custom_message/msg/detail/num__rosidl_typesupport_fastrtps_cpp.hpp
[0.596s] -- Up-to-date symlink: /home/cimi/Documents/Workspace/ProjectRos2XYolo/install/custom_message/include/custom_message/msg/detail/sphere__rosidl_typesupport_fastrtps_cpp.hpp
[0.596s] -- Up-to-date symlink: /home/cimi/Documents/Workspace/ProjectRos2XYolo/install/custom_message/include/custom_message/msg/rosidl_typesupport_fastrtps_cpp__visibility_control.h
[0.598s] -- Up-to-date symlink: /home/cimi/Documents/Workspace/ProjectRos2XYolo/install/custom_message/lib/libcustom_message__rosidl_typesupport_fastrtps_cpp.so
[0.600s] -- Up-to-date symlink: /home/cimi/Documents/Workspace/ProjectRos2XYolo/install/custom_message/include/custom_message/msg/detail/num__rosidl_typesupport_introspection_c.h
[0.601s] -- Up-to-date symlink: /home/cimi/Documents/Workspace/ProjectRos2XYolo/install/custom_message/include/custom_message/msg/detail/sphere__rosidl_typesupport_introspection_c.h
[0.601s] -- Up-to-date symlink: /home/cimi/Documents/Workspace/ProjectRos2XYolo/install/custom_message/include/custom_message/msg/rosidl_typesupport_introspection_c__visibility_control.h
[0.603s] -- Up-to-date symlink: /home/cimi/Documents/Workspace/ProjectRos2XYolo/install/custom_message/include/custom_message/msg/detail/num__builder.hpp
[0.604s] -- Up-to-date symlink: /home/cimi/Documents/Workspace/ProjectRos2XYolo/install/custom_message/include/custom_message/msg/detail/num__struct.hpp
[0.605s] -- Up-to-date symlink: /home/cimi/Documents/Workspace/ProjectRos2XYolo/install/custom_message/include/custom_message/msg/detail/num__traits.hpp
[0.606s] -- Up-to-date symlink: /home/cimi/Documents/Workspace/ProjectRos2XYolo/install/custom_message/include/custom_message/msg/detail/sphere__builder.hpp
[0.606s] -- Up-to-date symlink: /home/cimi/Documents/Workspace/ProjectRos2XYolo/install/custom_message/include/custom_message/msg/detail/sphere__struct.hpp
[0.606s] -- Up-to-date symlink: /home/cimi/Documents/Workspace/ProjectRos2XYolo/install/custom_message/include/custom_message/msg/detail/sphere__traits.hpp
[0.607s] -- Up-to-date symlink: /home/cimi/Documents/Workspace/ProjectRos2XYolo/install/custom_message/include/custom_message/msg/num.hpp
[0.607s] -- Up-to-date symlink: /home/cimi/Documents/Workspace/ProjectRos2XYolo/install/custom_message/include/custom_message/msg/sphere.hpp
[0.608s] -- Up-to-date symlink: /home/cimi/Documents/Workspace/ProjectRos2XYolo/install/custom_message/include/custom_message/msg/detail/num__rosidl_typesupport_introspection_cpp.hpp
[0.608s] -- Up-to-date symlink: /home/cimi/Documents/Workspace/ProjectRos2XYolo/install/custom_message/include/custom_message/msg/detail/sphere__rosidl_typesupport_introspection_cpp.hpp
[0.608s] -- Up-to-date symlink: /home/cimi/Documents/Workspace/ProjectRos2XYolo/install/custom_message/share/custom_message/environment/pythonpath.sh
[0.608s] -- Up-to-date symlink: /home/cimi/Documents/Workspace/ProjectRos2XYolo/install/custom_message/share/custom_message/environment/pythonpath.dsv
[0.608s] -- Up-to-date symlink: /home/cimi/Documents/Workspace/ProjectRos2XYolo/install/custom_message/lib/python3.8/site-packages/custom_message/__init__.py
[0.609s] -- Up-to-date symlink: /home/cimi/Documents/Workspace/ProjectRos2XYolo/install/custom_message/lib/python3.8/site-packages/custom_message/msg/__init__.py
[0.609s] -- Up-to-date symlink: /home/cimi/Documents/Workspace/ProjectRos2XYolo/install/custom_message/lib/python3.8/site-packages/custom_message/msg/_num.py
[0.609s] -- Up-to-date symlink: /home/cimi/Documents/Workspace/ProjectRos2XYolo/install/custom_message/lib/python3.8/site-packages/custom_message/msg/_sphere.py
[0.609s] -- Up-to-date symlink: /home/cimi/Documents/Workspace/ProjectRos2XYolo/install/custom_message/lib/python3.8/site-packages/custom_message/custom_message_s__rosidl_typesupport_fastrtps_c.cpython-38-x86_64-linux-gnu.so
[0.609s] -- Up-to-date symlink: /home/cimi/Documents/Workspace/ProjectRos2XYolo/install/custom_message/lib/python3.8/site-packages/custom_message/custom_message_s__rosidl_typesupport_introspection_c.cpython-38-x86_64-linux-gnu.so
[0.610s] -- Up-to-date symlink: /home/cimi/Documents/Workspace/ProjectRos2XYolo/install/custom_message/lib/python3.8/site-packages/custom_message/custom_message_s__rosidl_typesupport_c.cpython-38-x86_64-linux-gnu.so
[0.610s] -- Up-to-date symlink: /home/cimi/Documents/Workspace/ProjectRos2XYolo/install/custom_message/lib/libcustom_message__python.so
[0.610s] -- Up-to-date symlink: /home/cimi/Documents/Workspace/ProjectRos2XYolo/install/custom_message/share/custom_message/msg/Num.idl
[0.610s] -- Up-to-date symlink: /home/cimi/Documents/Workspace/ProjectRos2XYolo/install/custom_message/share/custom_message/msg/Sphere.idl
[0.610s] -- Up-to-date symlink: /home/cimi/Documents/Workspace/ProjectRos2XYolo/install/custom_message/share/custom_message/msg/Num.msg
[0.611s] -- Up-to-date symlink: /home/cimi/Documents/Workspace/ProjectRos2XYolo/install/custom_message/share/custom_message/msg/Sphere.msg
[0.611s] -- Up-to-date symlink: /home/cimi/Documents/Workspace/ProjectRos2XYolo/install/custom_message/share/ament_index/resource_index/package_run_dependencies/custom_message
[0.612s] -- Up-to-date symlink: /home/cimi/Documents/Workspace/ProjectRos2XYolo/install/custom_message/share/ament_index/resource_index/parent_prefix_path/custom_message
[0.612s] -- Up-to-date symlink: /home/cimi/Documents/Workspace/ProjectRos2XYolo/install/custom_message/share/custom_message/environment/ament_prefix_path.sh
[0.613s] -- Up-to-date symlink: /home/cimi/Documents/Workspace/ProjectRos2XYolo/install/custom_message/share/custom_message/environment/ament_prefix_path.dsv
[0.614s] -- Up-to-date symlink: /home/cimi/Documents/Workspace/ProjectRos2XYolo/install/custom_message/share/custom_message/environment/path.sh
[0.614s] -- Up-to-date symlink: /home/cimi/Documents/Workspace/ProjectRos2XYolo/install/custom_message/share/custom_message/environment/path.dsv
[0.615s] -- Up-to-date symlink: /home/cimi/Documents/Workspace/ProjectRos2XYolo/install/custom_message/share/custom_message/local_setup.bash
[0.616s] -- Up-to-date symlink: /home/cimi/Documents/Workspace/ProjectRos2XYolo/install/custom_message/share/custom_message/local_setup.sh
[0.616s] -- Up-to-date symlink: /home/cimi/Documents/Workspace/ProjectRos2XYolo/install/custom_message/share/custom_message/local_setup.zsh
[0.617s] -- Up-to-date symlink: /home/cimi/Documents/Workspace/ProjectRos2XYolo/install/custom_message/share/custom_message/local_setup.dsv
[0.618s] -- Symlinking: /home/cimi/Documents/Workspace/ProjectRos2XYolo/install/custom_message/share/custom_message/package.dsv
[0.632s] -- Up-to-date symlink: /home/cimi/Documents/Workspace/ProjectRos2XYolo/install/custom_message/share/ament_index/resource_index/packages/custom_message
[0.632s] -- Up-to-date symlink: /home/cimi/Documents/Workspace/ProjectRos2XYolo/install/custom_message/share/custom_message/cmake/rosidl_cmake-extras.cmake
[0.633s] -- Up-to-date symlink: /home/cimi/Documents/Workspace/ProjectRos2XYolo/install/custom_message/share/custom_message/cmake/ament_cmake_export_dependencies-extras.cmake
[0.634s] -- Up-to-date symlink: /home/cimi/Documents/Workspace/ProjectRos2XYolo/install/custom_message/share/custom_message/cmake/ament_cmake_export_libraries-extras.cmake
[0.634s] -- Up-to-date symlink: /home/cimi/Documents/Workspace/ProjectRos2XYolo/install/custom_message/share/custom_message/cmake/ament_cmake_export_targets-extras.cmake
[0.635s] -- Up-to-date symlink: /home/cimi/Documents/Workspace/ProjectRos2XYolo/install/custom_message/share/custom_message/cmake/ament_cmake_export_include_directories-extras.cmake
[0.636s] -- Up-to-date symlink: /home/cimi/Documents/Workspace/ProjectRos2XYolo/install/custom_message/share/custom_message/cmake/rosidl_cmake_export_typesupport_libraries-extras.cmake
[0.636s] -- Up-to-date symlink: /home/cimi/Documents/Workspace/ProjectRos2XYolo/install/custom_message/share/custom_message/cmake/rosidl_cmake_export_typesupport_targets-extras.cmake
[0.637s] -- Up-to-date symlink: /home/cimi/Documents/Workspace/ProjectRos2XYolo/install/custom_message/share/custom_message/cmake/custom_messageConfig.cmake
[0.637s] -- Up-to-date symlink: /home/cimi/Documents/Workspace/ProjectRos2XYolo/install/custom_message/share/custom_message/cmake/custom_messageConfig-version.cmake
[0.638s] -- Up-to-date symlink: /home/cimi/Documents/Workspace/ProjectRos2XYolo/install/custom_message/share/custom_message/package.xml
[0.639s] -- Up-to-date: /home/cimi/Documents/Workspace/ProjectRos2XYolo/install/custom_message/lib/libcustom_message__rosidl_generator_c.so
[0.640s] -- Up-to-date: /home/cimi/Documents/Workspace/ProjectRos2XYolo/install/custom_message/lib/libcustom_message__rosidl_typesupport_introspection_c.so
[0.641s] -- Up-to-date: /home/cimi/Documents/Workspace/ProjectRos2XYolo/install/custom_message/lib/libcustom_message__rosidl_typesupport_c.so
[0.641s] -- Up-to-date: /home/cimi/Documents/Workspace/ProjectRos2XYolo/install/custom_message/lib/libcustom_message__rosidl_typesupport_introspection_cpp.so
[0.642s] -- Up-to-date: /home/cimi/Documents/Workspace/ProjectRos2XYolo/install/custom_message/lib/libcustom_message__rosidl_typesupport_cpp.so
[0.712s] -- Up-to-date: /home/cimi/Documents/Workspace/ProjectRos2XYolo/install/custom_message/share/custom_message/cmake/custom_message__rosidl_generator_cExport.cmake
[0.714s] -- Up-to-date: /home/cimi/Documents/Workspace/ProjectRos2XYolo/install/custom_message/share/custom_message/cmake/custom_message__rosidl_generator_cExport-noconfig.cmake
[0.715s] -- Up-to-date: /home/cimi/Documents/Workspace/ProjectRos2XYolo/install/custom_message/share/custom_message/cmake/custom_message__rosidl_typesupport_introspection_cExport.cmake
[0.715s] -- Up-to-date: /home/cimi/Documents/Workspace/ProjectRos2XYolo/install/custom_message/share/custom_message/cmake/custom_message__rosidl_typesupport_introspection_cExport-noconfig.cmake
[0.716s] -- Up-to-date: /home/cimi/Documents/Workspace/ProjectRos2XYolo/install/custom_message/share/custom_message/cmake/custom_message__rosidl_typesupport_cExport.cmake
[0.722s] -- Up-to-date: /home/cimi/Documents/Workspace/ProjectRos2XYolo/install/custom_message/share/custom_message/cmake/custom_message__rosidl_typesupport_cExport-noconfig.cmake
[0.723s] -- Up-to-date: /home/cimi/Documents/Workspace/ProjectRos2XYolo/install/custom_message/share/custom_message/cmake/custom_message__rosidl_generator_cppExport.cmake
[0.723s] -- Up-to-date: /home/cimi/Documents/Workspace/ProjectRos2XYolo/install/custom_message/share/custom_message/cmake/custom_message__rosidl_typesupport_introspection_cppExport.cmake
[0.723s] -- Up-to-date: /home/cimi/Documents/Workspace/ProjectRos2XYolo/install/custom_message/share/custom_message/cmake/custom_message__rosidl_typesupport_introspection_cppExport-noconfig.cmake
[0.723s] -- Up-to-date: /home/cimi/Documents/Workspace/ProjectRos2XYolo/install/custom_message/share/custom_message/cmake/custom_message__rosidl_typesupport_cppExport.cmake
[0.724s] -- Up-to-date: /home/cimi/Documents/Workspace/ProjectRos2XYolo/install/custom_message/share/custom_message/cmake/custom_message__rosidl_typesupport_cppExport-noconfig.cmake
[0.724s] Invoked command in '/home/cimi/Documents/Workspace/ProjectRos2XYolo/build/custom_message' returned '0': CMAKE_PREFIX_PATH=${CMAKE_PREFIX_PATH}:/home/cimi/Documents/Workspace/ProjectRos2XYolo/install/test_custom_msg:/home/cimi/Documents/Workspace/ProjectRos2XYolo/install/movement_node:/home/cimi/Documents/Workspace/ProjectRos2XYolo/install/master_node:/home/cimi/Documents/Workspace/ProjectRos2XYolo/install/movement_package:/home/cimi/Documents/Workspace/ProjectRos2XYolo/install/cv_package:/opt/ros/foxy /usr/bin/cmake --install /home/cimi/Documents/Workspace/ProjectRos2XYolo/build/custom_message
