[1.435s] Invoking command in '/home/cimi/Documents/Workspace/ProjectRos2XYolo/src/cv_package': PYTHONPATH=/home/cimi/Documents/Workspace/ProjectRos2XYolo/install/cv_package/lib/python3.8/site-packages:${PYTHONPATH} /usr/bin/python3 setup.py egg_info --egg-base ../../build/cv_package build --build-base /home/cimi/Documents/Workspace/ProjectRos2XYolo/build/cv_package/build install --prefix /home/cimi/Documents/Workspace/ProjectRos2XYolo/install/cv_package --record /home/cimi/Documents/Workspace/ProjectRos2XYolo/build/cv_package/install.log --single-version-externally-managed
[1.685s] running egg_info
[1.685s] writing ../../build/cv_package/cv_package.egg-info/PKG-INFO
[1.685s] writing dependency_links to ../../build/cv_package/cv_package.egg-info/dependency_links.txt
[1.686s] writing entry points to ../../build/cv_package/cv_package.egg-info/entry_points.txt
[1.686s] writing requirements to ../../build/cv_package/cv_package.egg-info/requires.txt
[1.686s] writing top-level names to ../../build/cv_package/cv_package.egg-info/top_level.txt
[1.727s] reading manifest file '../../build/cv_package/cv_package.egg-info/SOURCES.txt'
[1.728s] writing manifest file '../../build/cv_package/cv_package.egg-info/SOURCES.txt'
[1.728s] running build
[1.728s] running build_py
[1.728s] running install
[1.730s] running install_lib
[1.731s] running install_data
[1.732s] running install_egg_info
[1.733s] removing '/home/cimi/Documents/Workspace/ProjectRos2XYolo/install/cv_package/lib/python3.8/site-packages/cv_package-0.0.0-py3.8.egg-info' (and everything under it)
[1.734s] Copying ../../build/cv_package/cv_package.egg-info to /home/cimi/Documents/Workspace/ProjectRos2XYolo/install/cv_package/lib/python3.8/site-packages/cv_package-0.0.0-py3.8.egg-info
[1.735s] running install_scripts
[1.757s] Installing eye script to /home/cimi/Documents/Workspace/ProjectRos2XYolo/install/cv_package/lib/cv_package
[1.757s] Installing yolo script to /home/cimi/Documents/Workspace/ProjectRos2XYolo/install/cv_package/lib/cv_package
[1.758s] writing list of installed files to '/home/cimi/Documents/Workspace/ProjectRos2XYolo/build/cv_package/install.log'
[1.785s] Invoked command in '/home/cimi/Documents/Workspace/ProjectRos2XYolo/src/cv_package' returned '0': PYTHONPATH=/home/cimi/Documents/Workspace/ProjectRos2XYolo/install/cv_package/lib/python3.8/site-packages:${PYTHONPATH} /usr/bin/python3 setup.py egg_info --egg-base ../../build/cv_package build --build-base /home/cimi/Documents/Workspace/ProjectRos2XYolo/build/cv_package/build install --prefix /home/cimi/Documents/Workspace/ProjectRos2XYolo/install/cv_package --record /home/cimi/Documents/Workspace/ProjectRos2XYolo/build/cv_package/install.log --single-version-externally-managed
