[0.702s] Invoking command in '/home/cimi/Documents/Workspace/ProjectRos2XYolo/src/master_node': PYTHONPATH=/home/cimi/Documents/Workspace/ProjectRos2XYolo/install/master_node/lib/python3.8/site-packages:/home/cimi/Documents/Workspace/ProjectRos2XYolo/install/pesan/lib/python3.8/site-packages:/home/cimi/Documents/Workspace/ProjectRos2XYolo/install/test_custom_msg/lib/python3.8/site-packages:/home/cimi/Documents/Workspace/ProjectRos2XYolo/install/movement_node/lib/python3.8/site-packages:/home/cimi/Documents/Workspace/ProjectRos2XYolo/install/master_node/lib/python3.8/site-packages:/home/cimi/Documents/Workspace/ProjectRos2XYolo/install/movement_package/lib/python3.8/site-packages:/home/cimi/Documents/Workspace/ProjectRos2XYolo/install/cv_package/lib/python3.8/site-packages:/home/cimi/Documents/Workspace/ProjectRos2XYolo/install/custom_message/lib/python3.8/site-packages:/opt/ros/foxy/lib/python3.8/site-packages /usr/bin/python3 setup.py egg_info --egg-base ../../build/master_node build --build-base /home/cimi/Documents/Workspace/ProjectRos2XYolo/build/master_node/build install --prefix /home/cimi/Documents/Workspace/ProjectRos2XYolo/install/master_node --record /home/cimi/Documents/Workspace/ProjectRos2XYolo/build/master_node/install.log --single-version-externally-managed
[0.920s] running egg_info
[0.921s] writing ../../build/master_node/master_node.egg-info/PKG-INFO
[0.921s] writing dependency_links to ../../build/master_node/master_node.egg-info/dependency_links.txt
[0.922s] writing entry points to ../../build/master_node/master_node.egg-info/entry_points.txt
[0.922s] writing requirements to ../../build/master_node/master_node.egg-info/requires.txt
[0.922s] writing top-level names to ../../build/master_node/master_node.egg-info/top_level.txt
[0.956s] reading manifest file '../../build/master_node/master_node.egg-info/SOURCES.txt'
[0.957s] writing manifest file '../../build/master_node/master_node.egg-info/SOURCES.txt'
[0.957s] running build
[0.957s] running build_py
[0.957s] copying master_node/master_node.py -> /home/cimi/Documents/Workspace/ProjectRos2XYolo/build/master_node/build/lib/master_node
[0.958s] running install
[0.958s] running install_lib
[0.959s] copying /home/cimi/Documents/Workspace/ProjectRos2XYolo/build/master_node/build/lib/master_node/master_node.py -> /home/cimi/Documents/Workspace/ProjectRos2XYolo/install/master_node/lib/python3.8/site-packages/master_node
[0.960s] byte-compiling /home/cimi/Documents/Workspace/ProjectRos2XYolo/install/master_node/lib/python3.8/site-packages/master_node/master_node.py to master_node.cpython-38.pyc
[0.962s] running install_data
[0.962s] running install_egg_info
[0.964s] removing '/home/cimi/Documents/Workspace/ProjectRos2XYolo/install/master_node/lib/python3.8/site-packages/master_node-0.0.0-py3.8.egg-info' (and everything under it)
[0.964s] Copying ../../build/master_node/master_node.egg-info to /home/cimi/Documents/Workspace/ProjectRos2XYolo/install/master_node/lib/python3.8/site-packages/master_node-0.0.0-py3.8.egg-info
[0.965s] running install_scripts
[0.981s] Installing master script to /home/cimi/Documents/Workspace/ProjectRos2XYolo/install/master_node/lib/master_node
[0.981s] writing list of installed files to '/home/cimi/Documents/Workspace/ProjectRos2XYolo/build/master_node/install.log'
[1.001s] Invoked command in '/home/cimi/Documents/Workspace/ProjectRos2XYolo/src/master_node' returned '0': PYTHONPATH=/home/cimi/Documents/Workspace/ProjectRos2XYolo/install/master_node/lib/python3.8/site-packages:/home/cimi/Documents/Workspace/ProjectRos2XYolo/install/pesan/lib/python3.8/site-packages:/home/cimi/Documents/Workspace/ProjectRos2XYolo/install/test_custom_msg/lib/python3.8/site-packages:/home/cimi/Documents/Workspace/ProjectRos2XYolo/install/movement_node/lib/python3.8/site-packages:/home/cimi/Documents/Workspace/ProjectRos2XYolo/install/master_node/lib/python3.8/site-packages:/home/cimi/Documents/Workspace/ProjectRos2XYolo/install/movement_package/lib/python3.8/site-packages:/home/cimi/Documents/Workspace/ProjectRos2XYolo/install/cv_package/lib/python3.8/site-packages:/home/cimi/Documents/Workspace/ProjectRos2XYolo/install/custom_message/lib/python3.8/site-packages:/opt/ros/foxy/lib/python3.8/site-packages /usr/bin/python3 setup.py egg_info --egg-base ../../build/master_node build --build-base /home/cimi/Documents/Workspace/ProjectRos2XYolo/build/master_node/build install --prefix /home/cimi/Documents/Workspace/ProjectRos2XYolo/install/master_node --record /home/cimi/Documents/Workspace/ProjectRos2XYolo/build/master_node/install.log --single-version-externally-managed
