[0.036s] Invoking command in '/home/cimi/Documents/Workspace/ProjectRos2XYolo/build/custom_message': CMAKE_PREFIX_PATH=/opt/ros/foxy /usr/bin/cmake --build /home/cimi/Documents/Workspace/ProjectRos2XYolo/build/custom_message -- -j8 -l8
[0.432s] [  2%] Built target custom_message__cpp
[0.434s] [ 12%] Built target custom_message__rosidl_generator_c
[0.435s] [ 23%] Built target custom_message__rosidl_typesupport_cpp
[0.436s] [ 33%] Built target custom_message__rosidl_typesupport_fastrtps_cpp
[0.436s] [ 43%] Built target custom_message__rosidl_typesupport_introspection_cpp
[0.436s] [ 53%] Built target custom_message__rosidl_typesupport_introspection_c
[0.436s] [ 64%] Built target custom_message__rosidl_typesupport_c
[0.437s] [ 74%] Built target custom_message__rosidl_typesupport_fastrtps_c
[0.437s] [ 74%] Built target custom_message
[0.437s] [ 76%] Built target custom_message__py
[0.437s] [ 84%] Built target custom_message__python
[0.437s] [ 89%] Built target custom_message__rosidl_typesupport_fastrtps_c__pyext
[0.438s] [ 94%] Built target custom_message__rosidl_typesupport_introspection_c__pyext
[0.438s] [100%] Built target custom_message__rosidl_typesupport_c__pyext
[0.440s] Invoked command in '/home/cimi/Documents/Workspace/ProjectRos2XYolo/build/custom_message' returned '0': CMAKE_PREFIX_PATH=/opt/ros/foxy /usr/bin/cmake --build /home/cimi/Documents/Workspace/ProjectRos2XYolo/build/custom_message -- -j8 -l8
[0.522s] Invoking command in '/home/cimi/Documents/Workspace/ProjectRos2XYolo/build/custom_message': CMAKE_PREFIX_PATH=/opt/ros/foxy /usr/bin/cmake --install /home/cimi/Documents/Workspace/ProjectRos2XYolo/build/custom_message
[0.539s] -- Install configuration: ""
[0.540s] -- Execute custom install script
[0.542s] -- Up-to-date symlink: /home/cimi/Documents/Workspace/ProjectRos2XYolo/install/custom_message/share/ament_index/resource_index/rosidl_interfaces/custom_message
[0.542s] -- Up-to-date symlink: /home/cimi/Documents/Workspace/ProjectRos2XYolo/install/custom_message/include/custom_message/msg/detail/num__functions.h
[0.542s] -- Up-to-date symlink: /home/cimi/Documents/Workspace/ProjectRos2XYolo/install/custom_message/include/custom_message/msg/detail/num__struct.h
[0.543s] -- Up-to-date symlink: /home/cimi/Documents/Workspace/ProjectRos2XYolo/install/custom_message/include/custom_message/msg/detail/num__type_support.h
[0.543s] -- Up-to-date symlink: /home/cimi/Documents/Workspace/ProjectRos2XYolo/install/custom_message/include/custom_message/msg/detail/sphere__functions.h
[0.543s] -- Up-to-date symlink: /home/cimi/Documents/Workspace/ProjectRos2XYolo/install/custom_message/include/custom_message/msg/detail/sphere__struct.h
[0.543s] -- Up-to-date symlink: /home/cimi/Documents/Workspace/ProjectRos2XYolo/install/custom_message/include/custom_message/msg/detail/sphere__type_support.h
[0.543s] -- Up-to-date symlink: /home/cimi/Documents/Workspace/ProjectRos2XYolo/install/custom_message/include/custom_message/msg/num.h
[0.543s] -- Up-to-date symlink: /home/cimi/Documents/Workspace/ProjectRos2XYolo/install/custom_message/include/custom_message/msg/rosidl_generator_c__visibility_control.h
[0.543s] -- Up-to-date symlink: /home/cimi/Documents/Workspace/ProjectRos2XYolo/install/custom_message/include/custom_message/msg/sphere.h
[0.543s] -- Up-to-date symlink: /home/cimi/Documents/Workspace/ProjectRos2XYolo/install/custom_message/share/custom_message/environment/library_path.sh
[0.543s] -- Up-to-date symlink: /home/cimi/Documents/Workspace/ProjectRos2XYolo/install/custom_message/share/custom_message/environment/library_path.dsv
[0.544s] -- Up-to-date symlink: /home/cimi/Documents/Workspace/ProjectRos2XYolo/install/custom_message/include/custom_message/msg/detail/num__rosidl_typesupport_fastrtps_c.h
[0.544s] -- Up-to-date symlink: /home/cimi/Documents/Workspace/ProjectRos2XYolo/install/custom_message/include/custom_message/msg/detail/sphere__rosidl_typesupport_fastrtps_c.h
[0.545s] -- Up-to-date symlink: /home/cimi/Documents/Workspace/ProjectRos2XYolo/install/custom_message/include/custom_message/msg/rosidl_typesupport_fastrtps_c__visibility_control.h
[0.546s] -- Up-to-date symlink: /home/cimi/Documents/Workspace/ProjectRos2XYolo/install/custom_message/lib/libcustom_message__rosidl_typesupport_fastrtps_c.so
[0.547s] -- Up-to-date symlink: /home/cimi/Documents/Workspace/ProjectRos2XYolo/install/custom_message/include/custom_message/msg/detail/num__rosidl_typesupport_fastrtps_cpp.hpp
[0.548s] -- Up-to-date symlink: /home/cimi/Documents/Workspace/ProjectRos2XYolo/install/custom_message/include/custom_message/msg/detail/sphere__rosidl_typesupport_fastrtps_cpp.hpp
[0.548s] -- Up-to-date symlink: /home/cimi/Documents/Workspace/ProjectRos2XYolo/install/custom_message/include/custom_message/msg/rosidl_typesupport_fastrtps_cpp__visibility_control.h
[0.549s] -- Up-to-date symlink: /home/cimi/Documents/Workspace/ProjectRos2XYolo/install/custom_message/lib/libcustom_message__rosidl_typesupport_fastrtps_cpp.so
[0.550s] -- Up-to-date symlink: /home/cimi/Documents/Workspace/ProjectRos2XYolo/install/custom_message/include/custom_message/msg/detail/num__rosidl_typesupport_introspection_c.h
[0.550s] -- Up-to-date symlink: /home/cimi/Documents/Workspace/ProjectRos2XYolo/install/custom_message/include/custom_message/msg/detail/sphere__rosidl_typesupport_introspection_c.h
[0.550s] -- Up-to-date symlink: /home/cimi/Documents/Workspace/ProjectRos2XYolo/install/custom_message/include/custom_message/msg/rosidl_typesupport_introspection_c__visibility_control.h
[0.551s] -- Up-to-date symlink: /home/cimi/Documents/Workspace/ProjectRos2XYolo/install/custom_message/include/custom_message/msg/detail/num__builder.hpp
[0.552s] -- Up-to-date symlink: /home/cimi/Documents/Workspace/ProjectRos2XYolo/install/custom_message/include/custom_message/msg/detail/num__struct.hpp
[0.552s] -- Up-to-date symlink: /home/cimi/Documents/Workspace/ProjectRos2XYolo/install/custom_message/include/custom_message/msg/detail/num__traits.hpp
[0.553s] -- Up-to-date symlink: /home/cimi/Documents/Workspace/ProjectRos2XYolo/install/custom_message/include/custom_message/msg/detail/sphere__builder.hpp
[0.553s] -- Up-to-date symlink: /home/cimi/Documents/Workspace/ProjectRos2XYolo/install/custom_message/include/custom_message/msg/detail/sphere__struct.hpp
[0.553s] -- Up-to-date symlink: /home/cimi/Documents/Workspace/ProjectRos2XYolo/install/custom_message/include/custom_message/msg/detail/sphere__traits.hpp
[0.554s] -- Up-to-date symlink: /home/cimi/Documents/Workspace/ProjectRos2XYolo/install/custom_message/include/custom_message/msg/num.hpp
[0.554s] -- Up-to-date symlink: /home/cimi/Documents/Workspace/ProjectRos2XYolo/install/custom_message/include/custom_message/msg/sphere.hpp
[0.555s] -- Up-to-date symlink: /home/cimi/Documents/Workspace/ProjectRos2XYolo/install/custom_message/include/custom_message/msg/detail/num__rosidl_typesupport_introspection_cpp.hpp
[0.555s] -- Up-to-date symlink: /home/cimi/Documents/Workspace/ProjectRos2XYolo/install/custom_message/include/custom_message/msg/detail/sphere__rosidl_typesupport_introspection_cpp.hpp
[0.556s] -- Up-to-date symlink: /home/cimi/Documents/Workspace/ProjectRos2XYolo/install/custom_message/share/custom_message/environment/pythonpath.sh
[0.557s] -- Up-to-date symlink: /home/cimi/Documents/Workspace/ProjectRos2XYolo/install/custom_message/share/custom_message/environment/pythonpath.dsv
[0.557s] -- Up-to-date symlink: /home/cimi/Documents/Workspace/ProjectRos2XYolo/install/custom_message/lib/python3.8/site-packages/custom_message/__init__.py
[0.558s] -- Up-to-date symlink: /home/cimi/Documents/Workspace/ProjectRos2XYolo/install/custom_message/lib/python3.8/site-packages/custom_message/msg/__init__.py
[0.559s] -- Up-to-date symlink: /home/cimi/Documents/Workspace/ProjectRos2XYolo/install/custom_message/lib/python3.8/site-packages/custom_message/msg/_num.py
[0.559s] -- Up-to-date symlink: /home/cimi/Documents/Workspace/ProjectRos2XYolo/install/custom_message/lib/python3.8/site-packages/custom_message/msg/_sphere.py
[0.560s] -- Up-to-date symlink: /home/cimi/Documents/Workspace/ProjectRos2XYolo/install/custom_message/lib/python3.8/site-packages/custom_message/custom_message_s__rosidl_typesupport_fastrtps_c.cpython-38-x86_64-linux-gnu.so
[0.561s] -- Up-to-date symlink: /home/cimi/Documents/Workspace/ProjectRos2XYolo/install/custom_message/lib/python3.8/site-packages/custom_message/custom_message_s__rosidl_typesupport_introspection_c.cpython-38-x86_64-linux-gnu.so
[0.562s] -- Up-to-date symlink: /home/cimi/Documents/Workspace/ProjectRos2XYolo/install/custom_message/lib/python3.8/site-packages/custom_message/custom_message_s__rosidl_typesupport_c.cpython-38-x86_64-linux-gnu.so
[0.562s] -- Up-to-date symlink: /home/cimi/Documents/Workspace/ProjectRos2XYolo/install/custom_message/lib/libcustom_message__python.so
[0.563s] -- Up-to-date symlink: /home/cimi/Documents/Workspace/ProjectRos2XYolo/install/custom_message/share/custom_message/msg/Num.idl
[0.564s] -- Up-to-date symlink: /home/cimi/Documents/Workspace/ProjectRos2XYolo/install/custom_message/share/custom_message/msg/Sphere.idl
[0.564s] -- Up-to-date symlink: /home/cimi/Documents/Workspace/ProjectRos2XYolo/install/custom_message/share/custom_message/msg/Num.msg
[0.565s] -- Up-to-date symlink: /home/cimi/Documents/Workspace/ProjectRos2XYolo/install/custom_message/share/custom_message/msg/Sphere.msg
[0.566s] -- Up-to-date symlink: /home/cimi/Documents/Workspace/ProjectRos2XYolo/install/custom_message/share/ament_index/resource_index/package_run_dependencies/custom_message
[0.566s] -- Up-to-date symlink: /home/cimi/Documents/Workspace/ProjectRos2XYolo/install/custom_message/share/ament_index/resource_index/parent_prefix_path/custom_message
[0.567s] -- Up-to-date symlink: /home/cimi/Documents/Workspace/ProjectRos2XYolo/install/custom_message/share/custom_message/environment/ament_prefix_path.sh
[0.567s] -- Up-to-date symlink: /home/cimi/Documents/Workspace/ProjectRos2XYolo/install/custom_message/share/custom_message/environment/ament_prefix_path.dsv
[0.568s] -- Up-to-date symlink: /home/cimi/Documents/Workspace/ProjectRos2XYolo/install/custom_message/share/custom_message/environment/path.sh
[0.568s] -- Up-to-date symlink: /home/cimi/Documents/Workspace/ProjectRos2XYolo/install/custom_message/share/custom_message/environment/path.dsv
[0.569s] -- Up-to-date symlink: /home/cimi/Documents/Workspace/ProjectRos2XYolo/install/custom_message/share/custom_message/local_setup.bash
[0.569s] -- Up-to-date symlink: /home/cimi/Documents/Workspace/ProjectRos2XYolo/install/custom_message/share/custom_message/local_setup.sh
[0.570s] -- Up-to-date symlink: /home/cimi/Documents/Workspace/ProjectRos2XYolo/install/custom_message/share/custom_message/local_setup.zsh
[0.571s] -- Up-to-date symlink: /home/cimi/Documents/Workspace/ProjectRos2XYolo/install/custom_message/share/custom_message/local_setup.dsv
[0.571s] -- Symlinking: /home/cimi/Documents/Workspace/ProjectRos2XYolo/install/custom_message/share/custom_message/package.dsv
[0.583s] -- Up-to-date symlink: /home/cimi/Documents/Workspace/ProjectRos2XYolo/install/custom_message/share/ament_index/resource_index/packages/custom_message
[0.583s] -- Up-to-date symlink: /home/cimi/Documents/Workspace/ProjectRos2XYolo/install/custom_message/share/custom_message/cmake/rosidl_cmake-extras.cmake
[0.584s] -- Up-to-date symlink: /home/cimi/Documents/Workspace/ProjectRos2XYolo/install/custom_message/share/custom_message/cmake/ament_cmake_export_dependencies-extras.cmake
[0.584s] -- Up-to-date symlink: /home/cimi/Documents/Workspace/ProjectRos2XYolo/install/custom_message/share/custom_message/cmake/ament_cmake_export_libraries-extras.cmake
[0.585s] -- Up-to-date symlink: /home/cimi/Documents/Workspace/ProjectRos2XYolo/install/custom_message/share/custom_message/cmake/ament_cmake_export_targets-extras.cmake
[0.585s] -- Up-to-date symlink: /home/cimi/Documents/Workspace/ProjectRos2XYolo/install/custom_message/share/custom_message/cmake/ament_cmake_export_include_directories-extras.cmake
[0.586s] -- Up-to-date symlink: /home/cimi/Documents/Workspace/ProjectRos2XYolo/install/custom_message/share/custom_message/cmake/rosidl_cmake_export_typesupport_libraries-extras.cmake
[0.586s] -- Up-to-date symlink: /home/cimi/Documents/Workspace/ProjectRos2XYolo/install/custom_message/share/custom_message/cmake/rosidl_cmake_export_typesupport_targets-extras.cmake
[0.587s] -- Up-to-date symlink: /home/cimi/Documents/Workspace/ProjectRos2XYolo/install/custom_message/share/custom_message/cmake/custom_messageConfig.cmake
[0.588s] -- Up-to-date symlink: /home/cimi/Documents/Workspace/ProjectRos2XYolo/install/custom_message/share/custom_message/cmake/custom_messageConfig-version.cmake
[0.588s] -- Up-to-date symlink: /home/cimi/Documents/Workspace/ProjectRos2XYolo/install/custom_message/share/custom_message/package.xml
[0.588s] -- Up-to-date: /home/cimi/Documents/Workspace/ProjectRos2XYolo/install/custom_message/lib/libcustom_message__rosidl_generator_c.so
[0.589s] -- Up-to-date: /home/cimi/Documents/Workspace/ProjectRos2XYolo/install/custom_message/lib/libcustom_message__rosidl_typesupport_introspection_c.so
[0.590s] -- Up-to-date: /home/cimi/Documents/Workspace/ProjectRos2XYolo/install/custom_message/lib/libcustom_message__rosidl_typesupport_c.so
[0.590s] -- Up-to-date: /home/cimi/Documents/Workspace/ProjectRos2XYolo/install/custom_message/lib/libcustom_message__rosidl_typesupport_introspection_cpp.so
[0.591s] -- Up-to-date: /home/cimi/Documents/Workspace/ProjectRos2XYolo/install/custom_message/lib/libcustom_message__rosidl_typesupport_cpp.so
[0.645s] -- Up-to-date: /home/cimi/Documents/Workspace/ProjectRos2XYolo/install/custom_message/share/custom_message/cmake/custom_message__rosidl_generator_cExport.cmake
[0.645s] -- Up-to-date: /home/cimi/Documents/Workspace/ProjectRos2XYolo/install/custom_message/share/custom_message/cmake/custom_message__rosidl_generator_cExport-noconfig.cmake
[0.646s] -- Up-to-date: /home/cimi/Documents/Workspace/ProjectRos2XYolo/install/custom_message/share/custom_message/cmake/custom_message__rosidl_typesupport_introspection_cExport.cmake
[0.646s] -- Up-to-date: /home/cimi/Documents/Workspace/ProjectRos2XYolo/install/custom_message/share/custom_message/cmake/custom_message__rosidl_typesupport_introspection_cExport-noconfig.cmake
[0.647s] -- Up-to-date: /home/cimi/Documents/Workspace/ProjectRos2XYolo/install/custom_message/share/custom_message/cmake/custom_message__rosidl_typesupport_cExport.cmake
[0.647s] -- Up-to-date: /home/cimi/Documents/Workspace/ProjectRos2XYolo/install/custom_message/share/custom_message/cmake/custom_message__rosidl_typesupport_cExport-noconfig.cmake
[0.647s] -- Up-to-date: /home/cimi/Documents/Workspace/ProjectRos2XYolo/install/custom_message/share/custom_message/cmake/custom_message__rosidl_generator_cppExport.cmake
[0.652s] -- Up-to-date: /home/cimi/Documents/Workspace/ProjectRos2XYolo/install/custom_message/share/custom_message/cmake/custom_message__rosidl_typesupport_introspection_cppExport.cmake
[0.653s] -- Up-to-date: /home/cimi/Documents/Workspace/ProjectRos2XYolo/install/custom_message/share/custom_message/cmake/custom_message__rosidl_typesupport_introspection_cppExport-noconfig.cmake
[0.653s] -- Up-to-date: /home/cimi/Documents/Workspace/ProjectRos2XYolo/install/custom_message/share/custom_message/cmake/custom_message__rosidl_typesupport_cppExport.cmake
[0.654s] -- Up-to-date: /home/cimi/Documents/Workspace/ProjectRos2XYolo/install/custom_message/share/custom_message/cmake/custom_message__rosidl_typesupport_cppExport-noconfig.cmake
[0.672s] Invoked command in '/home/cimi/Documents/Workspace/ProjectRos2XYolo/build/custom_message' returned '0': CMAKE_PREFIX_PATH=/opt/ros/foxy /usr/bin/cmake --install /home/cimi/Documents/Workspace/ProjectRos2XYolo/build/custom_message
