[4.021s] Invoking command in '/home/hisan/Documents/Banyubramanta/ProjectRos2XYolo/src/movement_package': PYTHONPATH=/home/hisan/Documents/Banyubramanta/ProjectRos2XYolo/install/movement_package/lib/python3.8/site-packages:${PYTHONPATH} /usr/bin/python3 setup.py egg_info --egg-base ../../build/movement_package build --build-base /home/hisan/Documents/Banyubramanta/ProjectRos2XYolo/build/movement_package/build install --prefix /home/hisan/Documents/Banyubramanta/ProjectRos2XYolo/install/movement_package --record /home/hisan/Documents/Banyubramanta/ProjectRos2XYolo/build/movement_package/install.log --single-version-externally-managed
[4.465s] running egg_info
[4.466s] writing ../../build/movement_package/movement_package.egg-info/PKG-INFO
[4.477s] writing dependency_links to ../../build/movement_package/movement_package.egg-info/dependency_links.txt
[4.477s] writing entry points to ../../build/movement_package/movement_package.egg-info/entry_points.txt
[4.478s] writing requirements to ../../build/movement_package/movement_package.egg-info/requires.txt
[4.478s] writing top-level names to ../../build/movement_package/movement_package.egg-info/top_level.txt
[4.627s] reading manifest file '../../build/movement_package/movement_package.egg-info/SOURCES.txt'
[4.658s] writing manifest file '../../build/movement_package/movement_package.egg-info/SOURCES.txt'
[4.658s] running build
[4.658s] running build_py
[4.754s] running install
[4.755s] running install_lib
[4.831s] running install_data
[4.931s] running install_egg_info
[4.935s] removing '/home/hisan/Documents/Banyubramanta/ProjectRos2XYolo/install/movement_package/lib/python3.8/site-packages/movement_package-0.0.0-py3.8.egg-info' (and everything under it)
[4.936s] Copying ../../build/movement_package/movement_package.egg-info to /home/hisan/Documents/Banyubramanta/ProjectRos2XYolo/install/movement_package/lib/python3.8/site-packages/movement_package-0.0.0-py3.8.egg-info
[4.978s] running install_scripts
[5.014s] Installing kecepatan script to /home/hisan/Documents/Banyubramanta/ProjectRos2XYolo/install/movement_package/lib/movement_package
[5.023s] writing list of installed files to '/home/hisan/Documents/Banyubramanta/ProjectRos2XYolo/build/movement_package/install.log'
[5.171s] Invoked command in '/home/hisan/Documents/Banyubramanta/ProjectRos2XYolo/src/movement_package' returned '0': PYTHONPATH=/home/hisan/Documents/Banyubramanta/ProjectRos2XYolo/install/movement_package/lib/python3.8/site-packages:${PYTHONPATH} /usr/bin/python3 setup.py egg_info --egg-base ../../build/movement_package build --build-base /home/hisan/Documents/Banyubramanta/ProjectRos2XYolo/build/movement_package/build install --prefix /home/hisan/Documents/Banyubramanta/ProjectRos2XYolo/install/movement_package --record /home/hisan/Documents/Banyubramanta/ProjectRos2XYolo/build/movement_package/install.log --single-version-externally-managed
