[0.910s] Invoking command in '/home/cimi/Documents/Workspace/ProjectRos2XYolo/src/movement_package': PYTHONPATH=/home/cimi/Documents/Workspace/ProjectRos2XYolo/install/movement_package/lib/python3.8/site-packages:${PYTHONPATH} /usr/bin/python3 setup.py egg_info --egg-base ../../build/movement_package build --build-base /home/cimi/Documents/Workspace/ProjectRos2XYolo/build/movement_package/build install --prefix /home/cimi/Documents/Workspace/ProjectRos2XYolo/install/movement_package --record /home/cimi/Documents/Workspace/ProjectRos2XYolo/build/movement_package/install.log --single-version-externally-managed
[1.170s] running egg_info
[1.170s] creating ../../build/movement_package/movement_package.egg-info
[1.171s] writing ../../build/movement_package/movement_package.egg-info/PKG-INFO
[1.171s] writing dependency_links to ../../build/movement_package/movement_package.egg-info/dependency_links.txt
[1.171s] writing entry points to ../../build/movement_package/movement_package.egg-info/entry_points.txt
[1.171s] writing requirements to ../../build/movement_package/movement_package.egg-info/requires.txt
[1.171s] writing top-level names to ../../build/movement_package/movement_package.egg-info/top_level.txt
[1.172s] writing manifest file '../../build/movement_package/movement_package.egg-info/SOURCES.txt'
[1.209s] reading manifest file '../../build/movement_package/movement_package.egg-info/SOURCES.txt'
[1.210s] writing manifest file '../../build/movement_package/movement_package.egg-info/SOURCES.txt'
[1.210s] running build
[1.211s] running build_py
[1.211s] creating /home/cimi/Documents/Workspace/ProjectRos2XYolo/build/movement_package/build
[1.211s] creating /home/cimi/Documents/Workspace/ProjectRos2XYolo/build/movement_package/build/lib
[1.211s] creating /home/cimi/Documents/Workspace/ProjectRos2XYolo/build/movement_package/build/lib/movement_package
[1.211s] copying movement_package/__init__.py -> /home/cimi/Documents/Workspace/ProjectRos2XYolo/build/movement_package/build/lib/movement_package
[1.211s] copying movement_package/movement_node.py -> /home/cimi/Documents/Workspace/ProjectRos2XYolo/build/movement_package/build/lib/movement_package
[1.212s] running install
[1.212s] running install_lib
[1.214s] creating /home/cimi/Documents/Workspace/ProjectRos2XYolo/install/movement_package/lib/python3.8/site-packages/movement_package
[1.214s] copying /home/cimi/Documents/Workspace/ProjectRos2XYolo/build/movement_package/build/lib/movement_package/__init__.py -> /home/cimi/Documents/Workspace/ProjectRos2XYolo/install/movement_package/lib/python3.8/site-packages/movement_package
[1.214s] copying /home/cimi/Documents/Workspace/ProjectRos2XYolo/build/movement_package/build/lib/movement_package/movement_node.py -> /home/cimi/Documents/Workspace/ProjectRos2XYolo/install/movement_package/lib/python3.8/site-packages/movement_package
[1.214s] byte-compiling /home/cimi/Documents/Workspace/ProjectRos2XYolo/install/movement_package/lib/python3.8/site-packages/movement_package/__init__.py to __init__.cpython-38.pyc
[1.217s] byte-compiling /home/cimi/Documents/Workspace/ProjectRos2XYolo/install/movement_package/lib/python3.8/site-packages/movement_package/movement_node.py to movement_node.cpython-38.pyc
[1.218s] running install_data
[1.218s] creating /home/cimi/Documents/Workspace/ProjectRos2XYolo/install/movement_package/share/ament_index
[1.219s] creating /home/cimi/Documents/Workspace/ProjectRos2XYolo/install/movement_package/share/ament_index/resource_index
[1.219s] creating /home/cimi/Documents/Workspace/ProjectRos2XYolo/install/movement_package/share/ament_index/resource_index/packages
[1.219s] copying resource/movement_package -> /home/cimi/Documents/Workspace/ProjectRos2XYolo/install/movement_package/share/ament_index/resource_index/packages
[1.219s] copying package.xml -> /home/cimi/Documents/Workspace/ProjectRos2XYolo/install/movement_package/share/movement_package
[1.219s] running install_egg_info
[1.221s] Copying ../../build/movement_package/movement_package.egg-info to /home/cimi/Documents/Workspace/ProjectRos2XYolo/install/movement_package/lib/python3.8/site-packages/movement_package-0.0.0-py3.8.egg-info
[1.223s] running install_scripts
[1.248s] Installing kecepatan script to /home/cimi/Documents/Workspace/ProjectRos2XYolo/install/movement_package/lib/movement_package
[1.248s] writing list of installed files to '/home/cimi/Documents/Workspace/ProjectRos2XYolo/build/movement_package/install.log'
[1.291s] Invoked command in '/home/cimi/Documents/Workspace/ProjectRos2XYolo/src/movement_package' returned '0': PYTHONPATH=/home/cimi/Documents/Workspace/ProjectRos2XYolo/install/movement_package/lib/python3.8/site-packages:${PYTHONPATH} /usr/bin/python3 setup.py egg_info --egg-base ../../build/movement_package build --build-base /home/cimi/Documents/Workspace/ProjectRos2XYolo/build/movement_package/build install --prefix /home/cimi/Documents/Workspace/ProjectRos2XYolo/install/movement_package --record /home/cimi/Documents/Workspace/ProjectRos2XYolo/build/movement_package/install.log --single-version-externally-managed
