[1.385s] Invoking command in '/home/cimi/Documents/Workspace/ProjectRos2XYolo/build/cv_package': PYTHONPATH=/home/cimi/Documents/Workspace/ProjectRos2XYolo/install/cv_package/lib/python3.8/site-packages:${PYTHONPATH} /usr/bin/python3 setup.py develop --prefix /home/cimi/Documents/Workspace/ProjectRos2XYolo/install/cv_package --uninstall --editable --build-directory /home/cimi/Documents/Workspace/ProjectRos2XYolo/build/cv_package/build
[1.695s] running develop
[1.907s] Invoked command in '/home/cimi/Documents/Workspace/ProjectRos2XYolo/build/cv_package' returned '0': PYTHONPATH=/home/cimi/Documents/Workspace/ProjectRos2XYolo/install/cv_package/lib/python3.8/site-packages:${PYTHONPATH} /usr/bin/python3 setup.py develop --prefix /home/cimi/Documents/Workspace/ProjectRos2XYolo/install/cv_package --uninstall --editable --build-directory /home/cimi/Documents/Workspace/ProjectRos2XYolo/build/cv_package/build
[1.910s] Invoking command in '/home/cimi/Documents/Workspace/ProjectRos2XYolo/src/cv_package': PYTHONPATH=/home/cimi/Documents/Workspace/ProjectRos2XYolo/install/cv_package/lib/python3.8/site-packages:${PYTHONPATH} /usr/bin/python3 setup.py egg_info --egg-base ../../build/cv_package build --build-base /home/cimi/Documents/Workspace/ProjectRos2XYolo/build/cv_package/build install --prefix /home/cimi/Documents/Workspace/ProjectRos2XYolo/install/cv_package --record /home/cimi/Documents/Workspace/ProjectRos2XYolo/build/cv_package/install.log --single-version-externally-managed
[2.622s] running egg_info
[2.627s] writing ../../build/cv_package/cv_package.egg-info/PKG-INFO
[2.629s] writing dependency_links to ../../build/cv_package/cv_package.egg-info/dependency_links.txt
[2.631s] writing entry points to ../../build/cv_package/cv_package.egg-info/entry_points.txt
[2.633s] writing requirements to ../../build/cv_package/cv_package.egg-info/requires.txt
[2.634s] writing top-level names to ../../build/cv_package/cv_package.egg-info/top_level.txt
[2.999s] reading manifest file '../../build/cv_package/cv_package.egg-info/SOURCES.txt'
[3.009s] writing manifest file '../../build/cv_package/cv_package.egg-info/SOURCES.txt'
[3.010s] running build
[3.011s] running build_py
[3.013s] running install
[3.019s] running install_lib
[3.031s] running install_data
[3.036s] running install_egg_info
[3.049s] removing '/home/cimi/Documents/Workspace/ProjectRos2XYolo/install/cv_package/lib/python3.8/site-packages/cv_package-0.0.0-py3.8.egg-info' (and everything under it)
[3.052s] Copying ../../build/cv_package/cv_package.egg-info to /home/cimi/Documents/Workspace/ProjectRos2XYolo/install/cv_package/lib/python3.8/site-packages/cv_package-0.0.0-py3.8.egg-info
[3.061s] running install_scripts
[3.233s] Installing eye script to /home/cimi/Documents/Workspace/ProjectRos2XYolo/install/cv_package/lib/cv_package
[3.236s] Installing yolo script to /home/cimi/Documents/Workspace/ProjectRos2XYolo/install/cv_package/lib/cv_package
[3.239s] writing list of installed files to '/home/cimi/Documents/Workspace/ProjectRos2XYolo/build/cv_package/install.log'
[3.364s] Invoked command in '/home/cimi/Documents/Workspace/ProjectRos2XYolo/src/cv_package' returned '0': PYTHONPATH=/home/cimi/Documents/Workspace/ProjectRos2XYolo/install/cv_package/lib/python3.8/site-packages:${PYTHONPATH} /usr/bin/python3 setup.py egg_info --egg-base ../../build/cv_package build --build-base /home/cimi/Documents/Workspace/ProjectRos2XYolo/build/cv_package/build install --prefix /home/cimi/Documents/Workspace/ProjectRos2XYolo/install/cv_package --record /home/cimi/Documents/Workspace/ProjectRos2XYolo/build/cv_package/install.log --single-version-externally-managed
