[3.359s] Invoking command in '/home/cimi/Documents/Workspace/ProjectRos2XYolo/build/cv_package': PYTHONPATH=/home/cimi/Documents/Workspace/ProjectRos2XYolo/install/cv_package/lib/python3.8/site-packages:${PYTHONPATH} /usr/bin/python3 setup.py develop --prefix /home/cimi/Documents/Workspace/ProjectRos2XYolo/install/cv_package --uninstall --editable --build-directory /home/cimi/Documents/Workspace/ProjectRos2XYolo/build/cv_package/build
[3.671s] running develop
[3.894s] Invoked command in '/home/cimi/Documents/Workspace/ProjectRos2XYolo/build/cv_package' returned '0': PYTHONPATH=/home/cimi/Documents/Workspace/ProjectRos2XYolo/install/cv_package/lib/python3.8/site-packages:${PYTHONPATH} /usr/bin/python3 setup.py develop --prefix /home/cimi/Documents/Workspace/ProjectRos2XYolo/install/cv_package --uninstall --editable --build-directory /home/cimi/Documents/Workspace/ProjectRos2XYolo/build/cv_package/build
[3.896s] Invoking command in '/home/cimi/Documents/Workspace/ProjectRos2XYolo/src/cv_package': PYTHONPATH=/home/cimi/Documents/Workspace/ProjectRos2XYolo/install/cv_package/lib/python3.8/site-packages:${PYTHONPATH} /usr/bin/python3 setup.py egg_info --egg-base ../../build/cv_package build --build-base /home/cimi/Documents/Workspace/ProjectRos2XYolo/build/cv_package/build install --prefix /home/cimi/Documents/Workspace/ProjectRos2XYolo/install/cv_package --record /home/cimi/Documents/Workspace/ProjectRos2XYolo/build/cv_package/install.log --single-version-externally-managed
[4.216s] running egg_info
[4.217s] writing ../../build/cv_package/cv_package.egg-info/PKG-INFO
[4.217s] writing dependency_links to ../../build/cv_package/cv_package.egg-info/dependency_links.txt
[4.218s] writing entry points to ../../build/cv_package/cv_package.egg-info/entry_points.txt
[4.218s] writing requirements to ../../build/cv_package/cv_package.egg-info/requires.txt
[4.218s] writing top-level names to ../../build/cv_package/cv_package.egg-info/top_level.txt
[4.300s] reading manifest file '../../build/cv_package/cv_package.egg-info/SOURCES.txt'
[4.301s] writing manifest file '../../build/cv_package/cv_package.egg-info/SOURCES.txt'
[4.301s] running build
[4.301s] running build_py
[4.301s] running install
[4.302s] running install_lib
[4.304s] running install_data
[4.305s] running install_egg_info
[4.307s] removing '/home/cimi/Documents/Workspace/ProjectRos2XYolo/install/cv_package/lib/python3.8/site-packages/cv_package-0.0.0-py3.8.egg-info' (and everything under it)
[4.307s] Copying ../../build/cv_package/cv_package.egg-info to /home/cimi/Documents/Workspace/ProjectRos2XYolo/install/cv_package/lib/python3.8/site-packages/cv_package-0.0.0-py3.8.egg-info
[4.308s] running install_scripts
[4.329s] Installing eye script to /home/cimi/Documents/Workspace/ProjectRos2XYolo/install/cv_package/lib/cv_package
[4.329s] Installing yolo script to /home/cimi/Documents/Workspace/ProjectRos2XYolo/install/cv_package/lib/cv_package
[4.330s] writing list of installed files to '/home/cimi/Documents/Workspace/ProjectRos2XYolo/build/cv_package/install.log'
[4.360s] Invoked command in '/home/cimi/Documents/Workspace/ProjectRos2XYolo/src/cv_package' returned '0': PYTHONPATH=/home/cimi/Documents/Workspace/ProjectRos2XYolo/install/cv_package/lib/python3.8/site-packages:${PYTHONPATH} /usr/bin/python3 setup.py egg_info --egg-base ../../build/cv_package build --build-base /home/cimi/Documents/Workspace/ProjectRos2XYolo/build/cv_package/build install --prefix /home/cimi/Documents/Workspace/ProjectRos2XYolo/install/cv_package --record /home/cimi/Documents/Workspace/ProjectRos2XYolo/build/cv_package/install.log --single-version-externally-managed
