running egg_info
writing ../../build/master_node/master_node.egg-info/PKG-INFO
writing dependency_links to ../../build/master_node/master_node.egg-info/dependency_links.txt
writing entry points to ../../build/master_node/master_node.egg-info/entry_points.txt
writing requirements to ../../build/master_node/master_node.egg-info/requires.txt
writing top-level names to ../../build/master_node/master_node.egg-info/top_level.txt
reading manifest file '../../build/master_node/master_node.egg-info/SOURCES.txt'
writing manifest file '../../build/master_node/master_node.egg-info/SOURCES.txt'
running build
running build_py
copying master_node/master_node.py -> /home/cimi/Documents/Workspace/ProjectRos2XYolo/build/master_node/build/lib/master_node
running install
running install_lib
copying /home/cimi/Documents/Workspace/ProjectRos2XYolo/build/master_node/build/lib/master_node/master_node.py -> /home/cimi/Documents/Workspace/ProjectRos2XYolo/install/master_node/lib/python3.8/site-packages/master_node
byte-compiling /home/cimi/Documents/Workspace/ProjectRos2XYolo/install/master_node/lib/python3.8/site-packages/master_node/master_node.py to master_node.cpython-38.pyc
Sorry: TabError: inconsistent use of tabs and spaces in indentation (master_node.py, line 36)
running install_data
running install_egg_info
removing '/home/cimi/Documents/Workspace/ProjectRos2XYolo/install/master_node/lib/python3.8/site-packages/master_node-0.0.0-py3.8.egg-info' (and everything under it)
Copying ../../build/master_node/master_node.egg-info to /home/cimi/Documents/Workspace/ProjectRos2XYolo/install/master_node/lib/python3.8/site-packages/master_node-0.0.0-py3.8.egg-info
running install_scripts
Installing master script to /home/cimi/Documents/Workspace/ProjectRos2XYolo/install/master_node/lib/master_node
writing list of installed files to '/home/cimi/Documents/Workspace/ProjectRos2XYolo/build/master_node/install.log'
