running egg_info
creating ../build/master_package/master_package.egg-info
writing ../build/master_package/master_package.egg-info/PKG-INFO
writing dependency_links to ../build/master_package/master_package.egg-info/dependency_links.txt
writing entry points to ../build/master_package/master_package.egg-info/entry_points.txt
writing requirements to ../build/master_package/master_package.egg-info/requires.txt
writing top-level names to ../build/master_package/master_package.egg-info/top_level.txt
writing manifest file '../build/master_package/master_package.egg-info/SOURCES.txt'
reading manifest file '../build/master_package/master_package.egg-info/SOURCES.txt'
writing manifest file '../build/master_package/master_package.egg-info/SOURCES.txt'
running build
running build_py
creating /home/cimi/Documents/Workspace/belajar_ros2/ProjectRos2XYolo/build/master_package/build
creating /home/cimi/Documents/Workspace/belajar_ros2/ProjectRos2XYolo/build/master_package/build/lib
creating /home/cimi/Documents/Workspace/belajar_ros2/ProjectRos2XYolo/build/master_package/build/lib/master_package
copying master_package/__init__.py -> /home/cimi/Documents/Workspace/belajar_ros2/ProjectRos2XYolo/build/master_package/build/lib/master_package
running install
running install_lib
creating /home/cimi/Documents/Workspace/belajar_ros2/ProjectRos2XYolo/install/master_package/lib/python3.8/site-packages/master_package
copying /home/cimi/Documents/Workspace/belajar_ros2/ProjectRos2XYolo/build/master_package/build/lib/master_package/__init__.py -> /home/cimi/Documents/Workspace/belajar_ros2/ProjectRos2XYolo/install/master_package/lib/python3.8/site-packages/master_package
byte-compiling /home/cimi/Documents/Workspace/belajar_ros2/ProjectRos2XYolo/install/master_package/lib/python3.8/site-packages/master_package/__init__.py to __init__.cpython-38.pyc
running install_data
creating /home/cimi/Documents/Workspace/belajar_ros2/ProjectRos2XYolo/install/master_package/share/ament_index
creating /home/cimi/Documents/Workspace/belajar_ros2/ProjectRos2XYolo/install/master_package/share/ament_index/resource_index
creating /home/cimi/Documents/Workspace/belajar_ros2/ProjectRos2XYolo/install/master_package/share/ament_index/resource_index/packages
copying resource/master_package -> /home/cimi/Documents/Workspace/belajar_ros2/ProjectRos2XYolo/install/master_package/share/ament_index/resource_index/packages
copying package.xml -> /home/cimi/Documents/Workspace/belajar_ros2/ProjectRos2XYolo/install/master_package/share/master_package
running install_egg_info
Copying ../build/master_package/master_package.egg-info to /home/cimi/Documents/Workspace/belajar_ros2/ProjectRos2XYolo/install/master_package/lib/python3.8/site-packages/master_package-0.0.0-py3.8.egg-info
running install_scripts
writing list of installed files to '/home/cimi/Documents/Workspace/belajar_ros2/ProjectRos2XYolo/build/master_package/install.log'
