[2.214s] Invoking command in '/home/cimi/Documents/Workspace/belajar_ros2/ProjectRos2XYolo/master_package': PYTHONPATH=/home/cimi/Documents/Workspace/belajar_ros2/ProjectRos2XYolo/install/master_package/lib/python3.8/site-packages:${PYTHONPATH} /usr/bin/python3 setup.py egg_info --egg-base ../build/master_package build --build-base /home/cimi/Documents/Workspace/belajar_ros2/ProjectRos2XYolo/build/master_package/build install --prefix /home/cimi/Documents/Workspace/belajar_ros2/ProjectRos2XYolo/install/master_package --record /home/cimi/Documents/Workspace/belajar_ros2/ProjectRos2XYolo/build/master_package/install.log --single-version-externally-managed
[2.527s] running egg_info
[2.528s] creating ../build/master_package/master_package.egg-info
[2.528s] writing ../build/master_package/master_package.egg-info/PKG-INFO
[2.529s] writing dependency_links to ../build/master_package/master_package.egg-info/dependency_links.txt
[2.529s] writing entry points to ../build/master_package/master_package.egg-info/entry_points.txt
[2.529s] writing requirements to ../build/master_package/master_package.egg-info/requires.txt
[2.529s] writing top-level names to ../build/master_package/master_package.egg-info/top_level.txt
[2.531s] writing manifest file '../build/master_package/master_package.egg-info/SOURCES.txt'
[2.571s] reading manifest file '../build/master_package/master_package.egg-info/SOURCES.txt'
[2.573s] writing manifest file '../build/master_package/master_package.egg-info/SOURCES.txt'
[2.573s] running build
[2.573s] running build_py
[2.574s] creating /home/cimi/Documents/Workspace/belajar_ros2/ProjectRos2XYolo/build/master_package/build
[2.574s] creating /home/cimi/Documents/Workspace/belajar_ros2/ProjectRos2XYolo/build/master_package/build/lib
[2.574s] creating /home/cimi/Documents/Workspace/belajar_ros2/ProjectRos2XYolo/build/master_package/build/lib/master_package
[2.574s] copying master_package/__init__.py -> /home/cimi/Documents/Workspace/belajar_ros2/ProjectRos2XYolo/build/master_package/build/lib/master_package
[2.574s] running install
[2.575s] running install_lib
[2.576s] creating /home/cimi/Documents/Workspace/belajar_ros2/ProjectRos2XYolo/install/master_package/lib/python3.8/site-packages/master_package
[2.576s] copying /home/cimi/Documents/Workspace/belajar_ros2/ProjectRos2XYolo/build/master_package/build/lib/master_package/__init__.py -> /home/cimi/Documents/Workspace/belajar_ros2/ProjectRos2XYolo/install/master_package/lib/python3.8/site-packages/master_package
[2.577s] byte-compiling /home/cimi/Documents/Workspace/belajar_ros2/ProjectRos2XYolo/install/master_package/lib/python3.8/site-packages/master_package/__init__.py to __init__.cpython-38.pyc
[2.579s] running install_data
[2.581s] creating /home/cimi/Documents/Workspace/belajar_ros2/ProjectRos2XYolo/install/master_package/share/ament_index
[2.581s] creating /home/cimi/Documents/Workspace/belajar_ros2/ProjectRos2XYolo/install/master_package/share/ament_index/resource_index
[2.581s] creating /home/cimi/Documents/Workspace/belajar_ros2/ProjectRos2XYolo/install/master_package/share/ament_index/resource_index/packages
[2.581s] copying resource/master_package -> /home/cimi/Documents/Workspace/belajar_ros2/ProjectRos2XYolo/install/master_package/share/ament_index/resource_index/packages
[2.582s] copying package.xml -> /home/cimi/Documents/Workspace/belajar_ros2/ProjectRos2XYolo/install/master_package/share/master_package
[2.582s] running install_egg_info
[2.583s] Copying ../build/master_package/master_package.egg-info to /home/cimi/Documents/Workspace/belajar_ros2/ProjectRos2XYolo/install/master_package/lib/python3.8/site-packages/master_package-0.0.0-py3.8.egg-info
[2.584s] running install_scripts
[2.607s] writing list of installed files to '/home/cimi/Documents/Workspace/belajar_ros2/ProjectRos2XYolo/build/master_package/install.log'
[2.634s] Invoked command in '/home/cimi/Documents/Workspace/belajar_ros2/ProjectRos2XYolo/master_package' returned '0': PYTHONPATH=/home/cimi/Documents/Workspace/belajar_ros2/ProjectRos2XYolo/install/master_package/lib/python3.8/site-packages:${PYTHONPATH} /usr/bin/python3 setup.py egg_info --egg-base ../build/master_package build --build-base /home/cimi/Documents/Workspace/belajar_ros2/ProjectRos2XYolo/build/master_package/build install --prefix /home/cimi/Documents/Workspace/belajar_ros2/ProjectRos2XYolo/install/master_package --record /home/cimi/Documents/Workspace/belajar_ros2/ProjectRos2XYolo/build/master_package/install.log --single-version-externally-managed
