running egg_info
creating ../../build/movement_node/movement_node.egg-info
writing ../../build/movement_node/movement_node.egg-info/PKG-INFO
writing dependency_links to ../../build/movement_node/movement_node.egg-info/dependency_links.txt
writing entry points to ../../build/movement_node/movement_node.egg-info/entry_points.txt
writing requirements to ../../build/movement_node/movement_node.egg-info/requires.txt
writing top-level names to ../../build/movement_node/movement_node.egg-info/top_level.txt
writing manifest file '../../build/movement_node/movement_node.egg-info/SOURCES.txt'
reading manifest file '../../build/movement_node/movement_node.egg-info/SOURCES.txt'
writing manifest file '../../build/movement_node/movement_node.egg-info/SOURCES.txt'
running build
running build_py
creating /home/cimi/Documents/Workspace/ProjectRos2XYolo/build/movement_node/build
creating /home/cimi/Documents/Workspace/ProjectRos2XYolo/build/movement_node/build/lib
creating /home/cimi/Documents/Workspace/ProjectRos2XYolo/build/movement_node/build/lib/movement_node
copying movement_node/__init__.py -> /home/cimi/Documents/Workspace/ProjectRos2XYolo/build/movement_node/build/lib/movement_node
copying movement_node/movement_node.py -> /home/cimi/Documents/Workspace/ProjectRos2XYolo/build/movement_node/build/lib/movement_node
running install
running install_lib
creating /home/cimi/Documents/Workspace/ProjectRos2XYolo/install/movement_node/lib/python3.8/site-packages/movement_node
copying /home/cimi/Documents/Workspace/ProjectRos2XYolo/build/movement_node/build/lib/movement_node/__init__.py -> /home/cimi/Documents/Workspace/ProjectRos2XYolo/install/movement_node/lib/python3.8/site-packages/movement_node
copying /home/cimi/Documents/Workspace/ProjectRos2XYolo/build/movement_node/build/lib/movement_node/movement_node.py -> /home/cimi/Documents/Workspace/ProjectRos2XYolo/install/movement_node/lib/python3.8/site-packages/movement_node
byte-compiling /home/cimi/Documents/Workspace/ProjectRos2XYolo/install/movement_node/lib/python3.8/site-packages/movement_node/__init__.py to __init__.cpython-38.pyc
byte-compiling /home/cimi/Documents/Workspace/ProjectRos2XYolo/install/movement_node/lib/python3.8/site-packages/movement_node/movement_node.py to movement_node.cpython-38.pyc
running install_data
creating /home/cimi/Documents/Workspace/ProjectRos2XYolo/install/movement_node/share/ament_index
creating /home/cimi/Documents/Workspace/ProjectRos2XYolo/install/movement_node/share/ament_index/resource_index
creating /home/cimi/Documents/Workspace/ProjectRos2XYolo/install/movement_node/share/ament_index/resource_index/packages
copying resource/movement_node -> /home/cimi/Documents/Workspace/ProjectRos2XYolo/install/movement_node/share/ament_index/resource_index/packages
copying package.xml -> /home/cimi/Documents/Workspace/ProjectRos2XYolo/install/movement_node/share/movement_node
running install_egg_info
Copying ../../build/movement_node/movement_node.egg-info to /home/cimi/Documents/Workspace/ProjectRos2XYolo/install/movement_node/lib/python3.8/site-packages/movement_node-0.0.0-py3.8.egg-info
running install_scripts
Installing movement script to /home/cimi/Documents/Workspace/ProjectRos2XYolo/install/movement_node/lib/movement_node
writing list of installed files to '/home/cimi/Documents/Workspace/ProjectRos2XYolo/build/movement_node/install.log'
