[1.299s] Invoking command in '/home/cimi/Documents/Workspace/ProjectRos2XYolo/src/movement_node': AMENT_PREFIX_PATH=/home/cimi/Documents/Workspace/ProjectRos2XYolo/install/pesan:${AMENT_PREFIX_PATH} CMAKE_PREFIX_PATH=/home/cimi/Documents/Workspace/ProjectRos2XYolo/install/pesan:${CMAKE_PREFIX_PATH} LD_LIBRARY_PATH=/home/cimi/Documents/Workspace/ProjectRos2XYolo/install/pesan/lib:${LD_LIBRARY_PATH} PYTHONPATH=/home/cimi/Documents/Workspace/ProjectRos2XYolo/install/movement_node/lib/python3.8/site-packages:/home/cimi/Documents/Workspace/ProjectRos2XYolo/install/pesan/lib/python3.8/site-packages:${PYTHONPATH} /usr/bin/python3 setup.py egg_info --egg-base ../../build/movement_node build --build-base /home/cimi/Documents/Workspace/ProjectRos2XYolo/build/movement_node/build install --prefix /home/cimi/Documents/Workspace/ProjectRos2XYolo/install/movement_node --record /home/cimi/Documents/Workspace/ProjectRos2XYolo/build/movement_node/install.log --single-version-externally-managed
[1.602s] running egg_info
[1.602s] creating ../../build/movement_node/movement_node.egg-info
[1.603s] writing ../../build/movement_node/movement_node.egg-info/PKG-INFO
[1.603s] writing dependency_links to ../../build/movement_node/movement_node.egg-info/dependency_links.txt
[1.603s] writing entry points to ../../build/movement_node/movement_node.egg-info/entry_points.txt
[1.603s] writing requirements to ../../build/movement_node/movement_node.egg-info/requires.txt
[1.604s] writing top-level names to ../../build/movement_node/movement_node.egg-info/top_level.txt
[1.605s] writing manifest file '../../build/movement_node/movement_node.egg-info/SOURCES.txt'
[1.650s] reading manifest file '../../build/movement_node/movement_node.egg-info/SOURCES.txt'
[1.651s] writing manifest file '../../build/movement_node/movement_node.egg-info/SOURCES.txt'
[1.651s] running build
[1.652s] running build_py
[1.652s] creating /home/cimi/Documents/Workspace/ProjectRos2XYolo/build/movement_node/build
[1.652s] creating /home/cimi/Documents/Workspace/ProjectRos2XYolo/build/movement_node/build/lib
[1.652s] creating /home/cimi/Documents/Workspace/ProjectRos2XYolo/build/movement_node/build/lib/movement_node
[1.652s] copying movement_node/__init__.py -> /home/cimi/Documents/Workspace/ProjectRos2XYolo/build/movement_node/build/lib/movement_node
[1.653s] copying movement_node/movement_node.py -> /home/cimi/Documents/Workspace/ProjectRos2XYolo/build/movement_node/build/lib/movement_node
[1.653s] running install
[1.654s] running install_lib
[1.655s] creating /home/cimi/Documents/Workspace/ProjectRos2XYolo/install/movement_node/lib/python3.8/site-packages/movement_node
[1.655s] copying /home/cimi/Documents/Workspace/ProjectRos2XYolo/build/movement_node/build/lib/movement_node/__init__.py -> /home/cimi/Documents/Workspace/ProjectRos2XYolo/install/movement_node/lib/python3.8/site-packages/movement_node
[1.656s] copying /home/cimi/Documents/Workspace/ProjectRos2XYolo/build/movement_node/build/lib/movement_node/movement_node.py -> /home/cimi/Documents/Workspace/ProjectRos2XYolo/install/movement_node/lib/python3.8/site-packages/movement_node
[1.656s] byte-compiling /home/cimi/Documents/Workspace/ProjectRos2XYolo/install/movement_node/lib/python3.8/site-packages/movement_node/__init__.py to __init__.cpython-38.pyc
[1.658s] byte-compiling /home/cimi/Documents/Workspace/ProjectRos2XYolo/install/movement_node/lib/python3.8/site-packages/movement_node/movement_node.py to movement_node.cpython-38.pyc
[1.659s] running install_data
[1.660s] creating /home/cimi/Documents/Workspace/ProjectRos2XYolo/install/movement_node/share/ament_index
[1.660s] creating /home/cimi/Documents/Workspace/ProjectRos2XYolo/install/movement_node/share/ament_index/resource_index
[1.661s] creating /home/cimi/Documents/Workspace/ProjectRos2XYolo/install/movement_node/share/ament_index/resource_index/packages
[1.661s] copying resource/movement_node -> /home/cimi/Documents/Workspace/ProjectRos2XYolo/install/movement_node/share/ament_index/resource_index/packages
[1.661s] copying package.xml -> /home/cimi/Documents/Workspace/ProjectRos2XYolo/install/movement_node/share/movement_node
[1.661s] running install_egg_info
[1.663s] Copying ../../build/movement_node/movement_node.egg-info to /home/cimi/Documents/Workspace/ProjectRos2XYolo/install/movement_node/lib/python3.8/site-packages/movement_node-0.0.0-py3.8.egg-info
[1.664s] running install_scripts
[1.692s] Installing movement script to /home/cimi/Documents/Workspace/ProjectRos2XYolo/install/movement_node/lib/movement_node
[1.692s] writing list of installed files to '/home/cimi/Documents/Workspace/ProjectRos2XYolo/build/movement_node/install.log'
[1.722s] Invoked command in '/home/cimi/Documents/Workspace/ProjectRos2XYolo/src/movement_node' returned '0': AMENT_PREFIX_PATH=/home/cimi/Documents/Workspace/ProjectRos2XYolo/install/pesan:${AMENT_PREFIX_PATH} CMAKE_PREFIX_PATH=/home/cimi/Documents/Workspace/ProjectRos2XYolo/install/pesan:${CMAKE_PREFIX_PATH} LD_LIBRARY_PATH=/home/cimi/Documents/Workspace/ProjectRos2XYolo/install/pesan/lib:${LD_LIBRARY_PATH} PYTHONPATH=/home/cimi/Documents/Workspace/ProjectRos2XYolo/install/movement_node/lib/python3.8/site-packages:/home/cimi/Documents/Workspace/ProjectRos2XYolo/install/pesan/lib/python3.8/site-packages:${PYTHONPATH} /usr/bin/python3 setup.py egg_info --egg-base ../../build/movement_node build --build-base /home/cimi/Documents/Workspace/ProjectRos2XYolo/build/movement_node/build install --prefix /home/cimi/Documents/Workspace/ProjectRos2XYolo/install/movement_node --record /home/cimi/Documents/Workspace/ProjectRos2XYolo/build/movement_node/install.log --single-version-externally-managed
