[3.548s] Invoking command in '/home/cimi/Documents/Workspace/belajar_ros2/ProjectRos2XYolo/src/cv_package': PYTHONPATH=/home/cimi/Documents/Workspace/belajar_ros2/ProjectRos2XYolo/install/cv_package/lib/python3.8/site-packages:${PYTHONPATH} /usr/bin/python3 setup.py egg_info --egg-base ../../build/cv_package build --build-base /home/cimi/Documents/Workspace/belajar_ros2/ProjectRos2XYolo/build/cv_package/build install --prefix /home/cimi/Documents/Workspace/belajar_ros2/ProjectRos2XYolo/install/cv_package --record /home/cimi/Documents/Workspace/belajar_ros2/ProjectRos2XYolo/build/cv_package/install.log --single-version-externally-managed
[3.758s] running egg_info
[3.759s] writing ../../build/cv_package/cv_package.egg-info/PKG-INFO
[3.760s] writing dependency_links to ../../build/cv_package/cv_package.egg-info/dependency_links.txt
[3.760s] writing entry points to ../../build/cv_package/cv_package.egg-info/entry_points.txt
[3.760s] writing requirements to ../../build/cv_package/cv_package.egg-info/requires.txt
[3.761s] writing top-level names to ../../build/cv_package/cv_package.egg-info/top_level.txt
[3.845s] reading manifest file '../../build/cv_package/cv_package.egg-info/SOURCES.txt'
[3.867s] writing manifest file '../../build/cv_package/cv_package.egg-info/SOURCES.txt'
[3.867s] running build
[3.868s] running build_py
[3.868s] running install
[3.869s] running install_lib
[3.871s] running install_data
[3.872s] running install_egg_info
[3.873s] removing '/home/cimi/Documents/Workspace/belajar_ros2/ProjectRos2XYolo/install/cv_package/lib/python3.8/site-packages/cv_package-0.0.0-py3.8.egg-info' (and everything under it)
[3.874s] Copying ../../build/cv_package/cv_package.egg-info to /home/cimi/Documents/Workspace/belajar_ros2/ProjectRos2XYolo/install/cv_package/lib/python3.8/site-packages/cv_package-0.0.0-py3.8.egg-info
[3.900s] running install_scripts
[3.920s] Installing eye script to /home/cimi/Documents/Workspace/belajar_ros2/ProjectRos2XYolo/install/cv_package/lib/cv_package
[3.920s] writing list of installed files to '/home/cimi/Documents/Workspace/belajar_ros2/ProjectRos2XYolo/build/cv_package/install.log'
[3.940s] Invoked command in '/home/cimi/Documents/Workspace/belajar_ros2/ProjectRos2XYolo/src/cv_package' returned '0': PYTHONPATH=/home/cimi/Documents/Workspace/belajar_ros2/ProjectRos2XYolo/install/cv_package/lib/python3.8/site-packages:${PYTHONPATH} /usr/bin/python3 setup.py egg_info --egg-base ../../build/cv_package build --build-base /home/cimi/Documents/Workspace/belajar_ros2/ProjectRos2XYolo/build/cv_package/build install --prefix /home/cimi/Documents/Workspace/belajar_ros2/ProjectRos2XYolo/install/cv_package --record /home/cimi/Documents/Workspace/belajar_ros2/ProjectRos2XYolo/build/cv_package/install.log --single-version-externally-managed
