[0.156s] DEBUG:colcon:Command line arguments: ['/usr/bin/colcon', 'build']
[0.156s] DEBUG:colcon:Parsed command line arguments: Namespace(allow_overriding=[], ament_cmake_args=None, base_paths=['.'], build_base='build', catkin_cmake_args=None, catkin_skip_building_tests=False, cmake_args=None, cmake_clean_cache=False, cmake_clean_first=False, cmake_force_configure=False, cmake_target=None, cmake_target_skip_unavailable=False, continue_on_error=False, event_handlers=None, executor='parallel', ignore_user_meta=False, install_base='install', log_base=None, log_level=None, main=<bound method BuildVerb.main of <colcon_core.verb.build.BuildVerb object at 0x7feb6098b1c0>>, merge_install=False, metas=['./colcon.meta'], packages_above=None, packages_above_and_dependencies=None, packages_above_depth=None, packages_end=None, packages_ignore=None, packages_ignore_regex=None, packages_select=None, packages_select_build_failed=False, packages_select_by_dep=None, packages_select_regex=None, packages_select_test_failures=False, packages_skip=None, packages_skip_build_finished=False, packages_skip_by_dep=None, packages_skip_regex=None, packages_skip_test_passed=False, packages_skip_up_to=None, packages_start=None, packages_up_to=None, packages_up_to_regex=None, parallel_workers=8, paths=None, symlink_install=False, test_result_base=None, verb_extension=<colcon_core.verb.build.BuildVerb object at 0x7feb6098b1c0>, verb_name='build', verb_parser=<colcon_defaults.argument_parser.defaults.DefaultArgumentsDecorator object at 0x7feb6098b700>)
[0.185s] Level 1:colcon.colcon_core.package_discovery:discover_packages(colcon_meta) check parameters
[0.185s] Level 1:colcon.colcon_core.package_discovery:discover_packages(recursive) check parameters
[0.185s] Level 1:colcon.colcon_core.package_discovery:discover_packages(ignore) check parameters
[0.185s] Level 1:colcon.colcon_core.package_discovery:discover_packages(path) check parameters
[0.185s] Level 1:colcon.colcon_core.package_discovery:discover_packages(colcon_meta) discover
[0.185s] Level 1:colcon.colcon_core.package_discovery:discover_packages(recursive) discover
[0.185s] INFO:colcon.colcon_core.package_discovery:Crawling recursively for packages in '/home/cimi/Documents/Workspace/ProjectRos2XYolo'
[0.185s] Level 1:colcon.colcon_core.package_identification:_identify(.) by extensions ['ignore', 'ignore_ament_install']
[0.186s] Level 1:colcon.colcon_core.package_identification:_identify(.) by extension 'ignore'
[0.186s] Level 1:colcon.colcon_core.package_identification:_identify(.) by extension 'ignore_ament_install'
[0.186s] Level 1:colcon.colcon_core.package_identification:_identify(.) by extensions ['colcon_pkg']
[0.186s] Level 1:colcon.colcon_core.package_identification:_identify(.) by extension 'colcon_pkg'
[0.186s] Level 1:colcon.colcon_core.package_identification:_identify(.) by extensions ['colcon_meta']
[0.186s] Level 1:colcon.colcon_core.package_identification:_identify(.) by extension 'colcon_meta'
[0.186s] Level 1:colcon.colcon_core.package_identification:_identify(.) by extensions ['ros']
[0.186s] Level 1:colcon.colcon_core.package_identification:_identify(.) by extension 'ros'
[0.199s] Level 1:colcon.colcon_core.package_identification:_identify(.) by extensions ['cmake', 'python']
[0.199s] Level 1:colcon.colcon_core.package_identification:_identify(.) by extension 'cmake'
[0.200s] Level 1:colcon.colcon_core.package_identification:_identify(.) by extension 'python'
[0.200s] Level 1:colcon.colcon_core.package_identification:_identify(.) by extensions ['python_setup_py']
[0.200s] Level 1:colcon.colcon_core.package_identification:_identify(.) by extension 'python_setup_py'
[0.200s] Level 1:colcon.colcon_core.package_identification:_identify(build) by extensions ['ignore', 'ignore_ament_install']
[0.200s] Level 1:colcon.colcon_core.package_identification:_identify(build) by extension 'ignore'
[0.200s] Level 1:colcon.colcon_core.package_identification:_identify(build) ignored
[0.200s] Level 1:colcon.colcon_core.package_identification:_identify(install) by extensions ['ignore', 'ignore_ament_install']
[0.200s] Level 1:colcon.colcon_core.package_identification:_identify(install) by extension 'ignore'
[0.201s] Level 1:colcon.colcon_core.package_identification:_identify(install) ignored
[0.201s] Level 1:colcon.colcon_core.package_identification:_identify(log) by extensions ['ignore', 'ignore_ament_install']
[0.201s] Level 1:colcon.colcon_core.package_identification:_identify(log) by extension 'ignore'
[0.201s] Level 1:colcon.colcon_core.package_identification:_identify(log) ignored
[0.201s] Level 1:colcon.colcon_core.package_identification:_identify(src) by extensions ['ignore', 'ignore_ament_install']
[0.201s] Level 1:colcon.colcon_core.package_identification:_identify(src) by extension 'ignore'
[0.201s] Level 1:colcon.colcon_core.package_identification:_identify(src) by extension 'ignore_ament_install'
[0.201s] Level 1:colcon.colcon_core.package_identification:_identify(src) by extensions ['colcon_pkg']
[0.201s] Level 1:colcon.colcon_core.package_identification:_identify(src) by extension 'colcon_pkg'
[0.202s] Level 1:colcon.colcon_core.package_identification:_identify(src) by extensions ['colcon_meta']
[0.202s] Level 1:colcon.colcon_core.package_identification:_identify(src) by extension 'colcon_meta'
[0.202s] Level 1:colcon.colcon_core.package_identification:_identify(src) by extensions ['ros']
[0.202s] Level 1:colcon.colcon_core.package_identification:_identify(src) by extension 'ros'
[0.202s] Level 1:colcon.colcon_core.package_identification:_identify(src) by extensions ['cmake', 'python']
[0.202s] Level 1:colcon.colcon_core.package_identification:_identify(src) by extension 'cmake'
[0.202s] Level 1:colcon.colcon_core.package_identification:_identify(src) by extension 'python'
[0.202s] Level 1:colcon.colcon_core.package_identification:_identify(src) by extensions ['python_setup_py']
[0.202s] Level 1:colcon.colcon_core.package_identification:_identify(src) by extension 'python_setup_py'
[0.202s] Level 1:colcon.colcon_core.package_identification:_identify(src/custom_message) by extensions ['ignore', 'ignore_ament_install']
[0.202s] Level 1:colcon.colcon_core.package_identification:_identify(src/custom_message) by extension 'ignore'
[0.202s] Level 1:colcon.colcon_core.package_identification:_identify(src/custom_message) by extension 'ignore_ament_install'
[0.203s] Level 1:colcon.colcon_core.package_identification:_identify(src/custom_message) by extensions ['colcon_pkg']
[0.203s] Level 1:colcon.colcon_core.package_identification:_identify(src/custom_message) by extension 'colcon_pkg'
[0.203s] Level 1:colcon.colcon_core.package_identification:_identify(src/custom_message) by extensions ['colcon_meta']
[0.203s] Level 1:colcon.colcon_core.package_identification:_identify(src/custom_message) by extension 'colcon_meta'
[0.203s] Level 1:colcon.colcon_core.package_identification:_identify(src/custom_message) by extensions ['ros']
[0.203s] Level 1:colcon.colcon_core.package_identification:_identify(src/custom_message) by extension 'ros'
[0.207s] DEBUG:colcon.colcon_core.package_identification:Package 'src/custom_message' with type 'ros.ament_cmake' and name 'custom_message'
[0.207s] Level 1:colcon.colcon_core.package_identification:_identify(src/cv_package) by extensions ['ignore', 'ignore_ament_install']
[0.216s] Level 1:colcon.colcon_core.package_identification:_identify(src/cv_package) by extension 'ignore'
[0.216s] Level 1:colcon.colcon_core.package_identification:_identify(src/cv_package) by extension 'ignore_ament_install'
[0.216s] Level 1:colcon.colcon_core.package_identification:_identify(src/cv_package) by extensions ['colcon_pkg']
[0.217s] Level 1:colcon.colcon_core.package_identification:_identify(src/cv_package) by extension 'colcon_pkg'
[0.217s] Level 1:colcon.colcon_core.package_identification:_identify(src/cv_package) by extensions ['colcon_meta']
[0.217s] Level 1:colcon.colcon_core.package_identification:_identify(src/cv_package) by extension 'colcon_meta'
[0.217s] Level 1:colcon.colcon_core.package_identification:_identify(src/cv_package) by extensions ['ros']
[0.217s] Level 1:colcon.colcon_core.package_identification:_identify(src/cv_package) by extension 'ros'
[0.218s] DEBUG:colcon.colcon_core.package_identification:Package 'src/cv_package' with type 'ros.ament_python' and name 'cv_package'
[0.218s] Level 1:colcon.colcon_core.package_identification:_identify(src/master_node) by extensions ['ignore', 'ignore_ament_install']
[0.218s] Level 1:colcon.colcon_core.package_identification:_identify(src/master_node) by extension 'ignore'
[0.218s] Level 1:colcon.colcon_core.package_identification:_identify(src/master_node) by extension 'ignore_ament_install'
[0.218s] Level 1:colcon.colcon_core.package_identification:_identify(src/master_node) by extensions ['colcon_pkg']
[0.218s] Level 1:colcon.colcon_core.package_identification:_identify(src/master_node) by extension 'colcon_pkg'
[0.218s] Level 1:colcon.colcon_core.package_identification:_identify(src/master_node) by extensions ['colcon_meta']
[0.218s] Level 1:colcon.colcon_core.package_identification:_identify(src/master_node) by extension 'colcon_meta'
[0.219s] Level 1:colcon.colcon_core.package_identification:_identify(src/master_node) by extensions ['ros']
[0.219s] Level 1:colcon.colcon_core.package_identification:_identify(src/master_node) by extension 'ros'
[0.220s] DEBUG:colcon.colcon_core.package_identification:Package 'src/master_node' with type 'ros.ament_python' and name 'master_node'
[0.220s] Level 1:colcon.colcon_core.package_identification:_identify(src/movement_node) by extensions ['ignore', 'ignore_ament_install']
[0.220s] Level 1:colcon.colcon_core.package_identification:_identify(src/movement_node) by extension 'ignore'
[0.221s] Level 1:colcon.colcon_core.package_identification:_identify(src/movement_node) by extension 'ignore_ament_install'
[0.221s] Level 1:colcon.colcon_core.package_identification:_identify(src/movement_node) by extensions ['colcon_pkg']
[0.221s] Level 1:colcon.colcon_core.package_identification:_identify(src/movement_node) by extension 'colcon_pkg'
[0.221s] Level 1:colcon.colcon_core.package_identification:_identify(src/movement_node) by extensions ['colcon_meta']
[0.221s] Level 1:colcon.colcon_core.package_identification:_identify(src/movement_node) by extension 'colcon_meta'
[0.221s] Level 1:colcon.colcon_core.package_identification:_identify(src/movement_node) by extensions ['ros']
[0.221s] Level 1:colcon.colcon_core.package_identification:_identify(src/movement_node) by extension 'ros'
[0.222s] DEBUG:colcon.colcon_core.package_identification:Package 'src/movement_node' with type 'ros.ament_python' and name 'movement_node'
[0.222s] Level 1:colcon.colcon_core.package_identification:_identify(src/pesan) by extensions ['ignore', 'ignore_ament_install']
[0.223s] Level 1:colcon.colcon_core.package_identification:_identify(src/pesan) by extension 'ignore'
[0.223s] Level 1:colcon.colcon_core.package_identification:_identify(src/pesan) by extension 'ignore_ament_install'
[0.223s] Level 1:colcon.colcon_core.package_identification:_identify(src/pesan) by extensions ['colcon_pkg']
[0.223s] Level 1:colcon.colcon_core.package_identification:_identify(src/pesan) by extension 'colcon_pkg'
[0.223s] Level 1:colcon.colcon_core.package_identification:_identify(src/pesan) by extensions ['colcon_meta']
[0.223s] Level 1:colcon.colcon_core.package_identification:_identify(src/pesan) by extension 'colcon_meta'
[0.223s] Level 1:colcon.colcon_core.package_identification:_identify(src/pesan) by extensions ['ros']
[0.223s] Level 1:colcon.colcon_core.package_identification:_identify(src/pesan) by extension 'ros'
[0.224s] DEBUG:colcon.colcon_core.package_identification:Package 'src/pesan' with type 'ros.ament_cmake' and name 'pesan'
[0.224s] Level 1:colcon.colcon_core.package_identification:_identify(src/test_custom_msg) by extensions ['ignore', 'ignore_ament_install']
[0.224s] Level 1:colcon.colcon_core.package_identification:_identify(src/test_custom_msg) by extension 'ignore'
[0.224s] Level 1:colcon.colcon_core.package_identification:_identify(src/test_custom_msg) by extension 'ignore_ament_install'
[0.224s] Level 1:colcon.colcon_core.package_identification:_identify(src/test_custom_msg) by extensions ['colcon_pkg']
[0.225s] Level 1:colcon.colcon_core.package_identification:_identify(src/test_custom_msg) by extension 'colcon_pkg'
[0.225s] Level 1:colcon.colcon_core.package_identification:_identify(src/test_custom_msg) by extensions ['colcon_meta']
[0.225s] Level 1:colcon.colcon_core.package_identification:_identify(src/test_custom_msg) by extension 'colcon_meta'
[0.225s] Level 1:colcon.colcon_core.package_identification:_identify(src/test_custom_msg) by extensions ['ros']
[0.225s] Level 1:colcon.colcon_core.package_identification:_identify(src/test_custom_msg) by extension 'ros'
[0.226s] DEBUG:colcon.colcon_core.package_identification:Package 'src/test_custom_msg' with type 'ros.ament_python' and name 'test_custom_msg'
[0.226s] Level 1:colcon.colcon_core.package_discovery:discover_packages(recursive) using defaults
[0.226s] Level 1:colcon.colcon_core.package_discovery:discover_packages(ignore) discover
[0.226s] Level 1:colcon.colcon_core.package_discovery:discover_packages(ignore) using defaults
[0.226s] Level 1:colcon.colcon_core.package_discovery:discover_packages(path) discover
[0.226s] Level 1:colcon.colcon_core.package_discovery:discover_packages(path) using defaults
[0.248s] Level 1:colcon.colcon_core.package_discovery:discover_packages(prefix_path) check parameters
[0.248s] Level 1:colcon.colcon_core.package_discovery:discover_packages(prefix_path) discover
[0.251s] DEBUG:colcon.colcon_installed_package_information.package_discovery:Found 7 installed packages in /home/cimi/Documents/Workspace/ProjectRos2XYolo/install
[0.253s] DEBUG:colcon.colcon_installed_package_information.package_discovery:Found 256 installed packages in /opt/ros/foxy
[0.255s] Level 1:colcon.colcon_core.package_discovery:discover_packages(prefix_path) using defaults
[0.325s] Level 5:colcon.colcon_core.verb:set package 'custom_message' build argument 'cmake_args' from command line to 'None'
[0.325s] Level 5:colcon.colcon_core.verb:set package 'custom_message' build argument 'cmake_target' from command line to 'None'
[0.325s] Level 5:colcon.colcon_core.verb:set package 'custom_message' build argument 'cmake_target_skip_unavailable' from command line to 'False'
[0.325s] Level 5:colcon.colcon_core.verb:set package 'custom_message' build argument 'cmake_clean_cache' from command line to 'False'
[0.325s] Level 5:colcon.colcon_core.verb:set package 'custom_message' build argument 'cmake_clean_first' from command line to 'False'
[0.325s] Level 5:colcon.colcon_core.verb:set package 'custom_message' build argument 'cmake_force_configure' from command line to 'False'
[0.325s] Level 5:colcon.colcon_core.verb:set package 'custom_message' build argument 'ament_cmake_args' from command line to 'None'
[0.325s] Level 5:colcon.colcon_core.verb:set package 'custom_message' build argument 'catkin_cmake_args' from command line to 'None'
[0.326s] Level 5:colcon.colcon_core.verb:set package 'custom_message' build argument 'catkin_skip_building_tests' from command line to 'False'
[0.326s] DEBUG:colcon.colcon_core.verb:Building package 'custom_message' with the following arguments: {'ament_cmake_args': None, 'build_base': '/home/cimi/Documents/Workspace/ProjectRos2XYolo/build/custom_message', 'catkin_cmake_args': None, 'catkin_skip_building_tests': False, 'cmake_args': None, 'cmake_clean_cache': False, 'cmake_clean_first': False, 'cmake_force_configure': False, 'cmake_target': None, 'cmake_target_skip_unavailable': False, 'install_base': '/home/cimi/Documents/Workspace/ProjectRos2XYolo/install/custom_message', 'merge_install': False, 'path': '/home/cimi/Documents/Workspace/ProjectRos2XYolo/src/custom_message', 'symlink_install': False, 'test_result_base': None}
[0.327s] Level 5:colcon.colcon_core.verb:set package 'cv_package' build argument 'cmake_args' from command line to 'None'
[0.327s] Level 5:colcon.colcon_core.verb:set package 'cv_package' build argument 'cmake_target' from command line to 'None'
[0.327s] Level 5:colcon.colcon_core.verb:set package 'cv_package' build argument 'cmake_target_skip_unavailable' from command line to 'False'
[0.327s] Level 5:colcon.colcon_core.verb:set package 'cv_package' build argument 'cmake_clean_cache' from command line to 'False'
[0.327s] Level 5:colcon.colcon_core.verb:set package 'cv_package' build argument 'cmake_clean_first' from command line to 'False'
[0.327s] Level 5:colcon.colcon_core.verb:set package 'cv_package' build argument 'cmake_force_configure' from command line to 'False'
[0.327s] Level 5:colcon.colcon_core.verb:set package 'cv_package' build argument 'ament_cmake_args' from command line to 'None'
[0.328s] Level 5:colcon.colcon_core.verb:set package 'cv_package' build argument 'catkin_cmake_args' from command line to 'None'
[0.328s] Level 5:colcon.colcon_core.verb:set package 'cv_package' build argument 'catkin_skip_building_tests' from command line to 'False'
[0.328s] DEBUG:colcon.colcon_core.verb:Building package 'cv_package' with the following arguments: {'ament_cmake_args': None, 'build_base': '/home/cimi/Documents/Workspace/ProjectRos2XYolo/build/cv_package', 'catkin_cmake_args': None, 'catkin_skip_building_tests': False, 'cmake_args': None, 'cmake_clean_cache': False, 'cmake_clean_first': False, 'cmake_force_configure': False, 'cmake_target': None, 'cmake_target_skip_unavailable': False, 'install_base': '/home/cimi/Documents/Workspace/ProjectRos2XYolo/install/cv_package', 'merge_install': False, 'path': '/home/cimi/Documents/Workspace/ProjectRos2XYolo/src/cv_package', 'symlink_install': False, 'test_result_base': None}
[0.329s] Level 5:colcon.colcon_core.verb:set package 'pesan' build argument 'cmake_args' from command line to 'None'
[0.329s] Level 5:colcon.colcon_core.verb:set package 'pesan' build argument 'cmake_target' from command line to 'None'
[0.329s] Level 5:colcon.colcon_core.verb:set package 'pesan' build argument 'cmake_target_skip_unavailable' from command line to 'False'
[0.329s] Level 5:colcon.colcon_core.verb:set package 'pesan' build argument 'cmake_clean_cache' from command line to 'False'
[0.329s] Level 5:colcon.colcon_core.verb:set package 'pesan' build argument 'cmake_clean_first' from command line to 'False'
[0.329s] Level 5:colcon.colcon_core.verb:set package 'pesan' build argument 'cmake_force_configure' from command line to 'False'
[0.329s] Level 5:colcon.colcon_core.verb:set package 'pesan' build argument 'ament_cmake_args' from command line to 'None'
[0.329s] Level 5:colcon.colcon_core.verb:set package 'pesan' build argument 'catkin_cmake_args' from command line to 'None'
[0.329s] Level 5:colcon.colcon_core.verb:set package 'pesan' build argument 'catkin_skip_building_tests' from command line to 'False'
[0.329s] DEBUG:colcon.colcon_core.verb:Building package 'pesan' with the following arguments: {'ament_cmake_args': None, 'build_base': '/home/cimi/Documents/Workspace/ProjectRos2XYolo/build/pesan', 'catkin_cmake_args': None, 'catkin_skip_building_tests': False, 'cmake_args': None, 'cmake_clean_cache': False, 'cmake_clean_first': False, 'cmake_force_configure': False, 'cmake_target': None, 'cmake_target_skip_unavailable': False, 'install_base': '/home/cimi/Documents/Workspace/ProjectRos2XYolo/install/pesan', 'merge_install': False, 'path': '/home/cimi/Documents/Workspace/ProjectRos2XYolo/src/pesan', 'symlink_install': False, 'test_result_base': None}
[0.330s] Level 5:colcon.colcon_core.verb:set package 'master_node' build argument 'cmake_args' from command line to 'None'
[0.331s] Level 5:colcon.colcon_core.verb:set package 'master_node' build argument 'cmake_target' from command line to 'None'
[0.331s] Level 5:colcon.colcon_core.verb:set package 'master_node' build argument 'cmake_target_skip_unavailable' from command line to 'False'
[0.331s] Level 5:colcon.colcon_core.verb:set package 'master_node' build argument 'cmake_clean_cache' from command line to 'False'
[0.331s] Level 5:colcon.colcon_core.verb:set package 'master_node' build argument 'cmake_clean_first' from command line to 'False'
[0.331s] Level 5:colcon.colcon_core.verb:set package 'master_node' build argument 'cmake_force_configure' from command line to 'False'
[0.331s] Level 5:colcon.colcon_core.verb:set package 'master_node' build argument 'ament_cmake_args' from command line to 'None'
[0.331s] Level 5:colcon.colcon_core.verb:set package 'master_node' build argument 'catkin_cmake_args' from command line to 'None'
[0.331s] Level 5:colcon.colcon_core.verb:set package 'master_node' build argument 'catkin_skip_building_tests' from command line to 'False'
[0.331s] DEBUG:colcon.colcon_core.verb:Building package 'master_node' with the following arguments: {'ament_cmake_args': None, 'build_base': '/home/cimi/Documents/Workspace/ProjectRos2XYolo/build/master_node', 'catkin_cmake_args': None, 'catkin_skip_building_tests': False, 'cmake_args': None, 'cmake_clean_cache': False, 'cmake_clean_first': False, 'cmake_force_configure': False, 'cmake_target': None, 'cmake_target_skip_unavailable': False, 'install_base': '/home/cimi/Documents/Workspace/ProjectRos2XYolo/install/master_node', 'merge_install': False, 'path': '/home/cimi/Documents/Workspace/ProjectRos2XYolo/src/master_node', 'symlink_install': False, 'test_result_base': None}
[0.332s] Level 5:colcon.colcon_core.verb:set package 'movement_node' build argument 'cmake_args' from command line to 'None'
[0.332s] Level 5:colcon.colcon_core.verb:set package 'movement_node' build argument 'cmake_target' from command line to 'None'
[0.332s] Level 5:colcon.colcon_core.verb:set package 'movement_node' build argument 'cmake_target_skip_unavailable' from command line to 'False'
[0.332s] Level 5:colcon.colcon_core.verb:set package 'movement_node' build argument 'cmake_clean_cache' from command line to 'False'
[0.332s] Level 5:colcon.colcon_core.verb:set package 'movement_node' build argument 'cmake_clean_first' from command line to 'False'
[0.332s] Level 5:colcon.colcon_core.verb:set package 'movement_node' build argument 'cmake_force_configure' from command line to 'False'
[0.332s] Level 5:colcon.colcon_core.verb:set package 'movement_node' build argument 'ament_cmake_args' from command line to 'None'
[0.332s] Level 5:colcon.colcon_core.verb:set package 'movement_node' build argument 'catkin_cmake_args' from command line to 'None'
[0.332s] Level 5:colcon.colcon_core.verb:set package 'movement_node' build argument 'catkin_skip_building_tests' from command line to 'False'
[0.332s] DEBUG:colcon.colcon_core.verb:Building package 'movement_node' with the following arguments: {'ament_cmake_args': None, 'build_base': '/home/cimi/Documents/Workspace/ProjectRos2XYolo/build/movement_node', 'catkin_cmake_args': None, 'catkin_skip_building_tests': False, 'cmake_args': None, 'cmake_clean_cache': False, 'cmake_clean_first': False, 'cmake_force_configure': False, 'cmake_target': None, 'cmake_target_skip_unavailable': False, 'install_base': '/home/cimi/Documents/Workspace/ProjectRos2XYolo/install/movement_node', 'merge_install': False, 'path': '/home/cimi/Documents/Workspace/ProjectRos2XYolo/src/movement_node', 'symlink_install': False, 'test_result_base': None}
[0.333s] Level 5:colcon.colcon_core.verb:set package 'test_custom_msg' build argument 'cmake_args' from command line to 'None'
[0.333s] Level 5:colcon.colcon_core.verb:set package 'test_custom_msg' build argument 'cmake_target' from command line to 'None'
[0.333s] Level 5:colcon.colcon_core.verb:set package 'test_custom_msg' build argument 'cmake_target_skip_unavailable' from command line to 'False'
[0.333s] Level 5:colcon.colcon_core.verb:set package 'test_custom_msg' build argument 'cmake_clean_cache' from command line to 'False'
[0.333s] Level 5:colcon.colcon_core.verb:set package 'test_custom_msg' build argument 'cmake_clean_first' from command line to 'False'
[0.333s] Level 5:colcon.colcon_core.verb:set package 'test_custom_msg' build argument 'cmake_force_configure' from command line to 'False'
[0.334s] Level 5:colcon.colcon_core.verb:set package 'test_custom_msg' build argument 'ament_cmake_args' from command line to 'None'
[0.334s] Level 5:colcon.colcon_core.verb:set package 'test_custom_msg' build argument 'catkin_cmake_args' from command line to 'None'
[0.334s] Level 5:colcon.colcon_core.verb:set package 'test_custom_msg' build argument 'catkin_skip_building_tests' from command line to 'False'
[0.334s] DEBUG:colcon.colcon_core.verb:Building package 'test_custom_msg' with the following arguments: {'ament_cmake_args': None, 'build_base': '/home/cimi/Documents/Workspace/ProjectRos2XYolo/build/test_custom_msg', 'catkin_cmake_args': None, 'catkin_skip_building_tests': False, 'cmake_args': None, 'cmake_clean_cache': False, 'cmake_clean_first': False, 'cmake_force_configure': False, 'cmake_target': None, 'cmake_target_skip_unavailable': False, 'install_base': '/home/cimi/Documents/Workspace/ProjectRos2XYolo/install/test_custom_msg', 'merge_install': False, 'path': '/home/cimi/Documents/Workspace/ProjectRos2XYolo/src/test_custom_msg', 'symlink_install': False, 'test_result_base': None}
[0.334s] INFO:colcon.colcon_core.executor:Executing jobs using 'parallel' executor
[0.339s] DEBUG:colcon.colcon_parallel_executor.executor.parallel:run_until_complete
[0.339s] INFO:colcon.colcon_ros.task.ament_cmake.build:Building ROS package in '/home/cimi/Documents/Workspace/ProjectRos2XYolo/src/pesan' with build type 'ament_cmake'
[0.339s] INFO:colcon.colcon_cmake.task.cmake.build:Building CMake package in '/home/cimi/Documents/Workspace/ProjectRos2XYolo/src/pesan'
[0.346s] INFO:colcon.colcon_core.plugin_system:Skipping extension 'colcon_core.shell.bat': Not used on non-Windows systems
[0.346s] INFO:colcon.colcon_core.shell:Skip shell extension 'powershell' for command environment: Not usable outside of PowerShell
[0.346s] DEBUG:colcon.colcon_core.shell:Skip shell extension 'dsv' for command environment
[0.354s] INFO:colcon.colcon_ros.task.ament_cmake.build:Building ROS package in '/home/cimi/Documents/Workspace/ProjectRos2XYolo/src/custom_message' with build type 'ament_cmake'
[0.354s] INFO:colcon.colcon_cmake.task.cmake.build:Building CMake package in '/home/cimi/Documents/Workspace/ProjectRos2XYolo/src/custom_message'
[0.356s] INFO:colcon.colcon_core.shell:Skip shell extension 'powershell' for command environment: Not usable outside of PowerShell
[0.357s] DEBUG:colcon.colcon_core.shell:Skip shell extension 'dsv' for command environment
[0.365s] INFO:colcon.colcon_ros.task.ament_python.build:Building ROS package in '/home/cimi/Documents/Workspace/ProjectRos2XYolo/src/cv_package' with build type 'ament_python'
[0.365s] Level 1:colcon.colcon_core.shell:create_environment_hook('cv_package', 'ament_prefix_path')
[0.368s] INFO:colcon.colcon_core.shell:Creating environment hook '/home/cimi/Documents/Workspace/ProjectRos2XYolo/install/cv_package/share/cv_package/hook/ament_prefix_path.ps1'
[0.370s] INFO:colcon.colcon_core.shell:Creating environment descriptor '/home/cimi/Documents/Workspace/ProjectRos2XYolo/install/cv_package/share/cv_package/hook/ament_prefix_path.dsv'
[0.370s] INFO:colcon.colcon_core.shell:Creating environment hook '/home/cimi/Documents/Workspace/ProjectRos2XYolo/install/cv_package/share/cv_package/hook/ament_prefix_path.sh'
[0.372s] INFO:colcon.colcon_core.shell:Skip shell extension 'powershell' for command environment: Not usable outside of PowerShell
[0.372s] DEBUG:colcon.colcon_core.shell:Skip shell extension 'dsv' for command environment
[0.388s] DEBUG:colcon.colcon_core.event_handler.log_command:Invoking command in '/home/cimi/Documents/Workspace/ProjectRos2XYolo/build/pesan': CMAKE_PREFIX_PATH=${CMAKE_PREFIX_PATH}:/home/cimi/Documents/Workspace/ProjectRos2XYolo/install/test_custom_msg:/home/cimi/Documents/Workspace/ProjectRos2XYolo/install/movement_node:/home/cimi/Documents/Workspace/ProjectRos2XYolo/install/master_node:/home/cimi/Documents/Workspace/ProjectRos2XYolo/install/movement_package:/home/cimi/Documents/Workspace/ProjectRos2XYolo/install/cv_package:/opt/ros/foxy /usr/bin/cmake --build /home/cimi/Documents/Workspace/ProjectRos2XYolo/build/pesan -- -j8 -l8
[0.399s] DEBUG:colcon.colcon_core.event_handler.log_command:Invoking command in '/home/cimi/Documents/Workspace/ProjectRos2XYolo/build/custom_message': CMAKE_PREFIX_PATH=${CMAKE_PREFIX_PATH}:/home/cimi/Documents/Workspace/ProjectRos2XYolo/install/test_custom_msg:/home/cimi/Documents/Workspace/ProjectRos2XYolo/install/movement_node:/home/cimi/Documents/Workspace/ProjectRos2XYolo/install/master_node:/home/cimi/Documents/Workspace/ProjectRos2XYolo/install/movement_package:/home/cimi/Documents/Workspace/ProjectRos2XYolo/install/cv_package:/opt/ros/foxy /usr/bin/cmake --build /home/cimi/Documents/Workspace/ProjectRos2XYolo/build/custom_message -- -j8 -l8
[0.819s] INFO:colcon.colcon_core.task.python.build:Building Python package in '/home/cimi/Documents/Workspace/ProjectRos2XYolo/src/cv_package'
[0.822s] INFO:colcon.colcon_core.shell:Skip shell extension 'powershell' for command environment: Not usable outside of PowerShell
[0.823s] DEBUG:colcon.colcon_core.shell:Skip shell extension 'dsv' for command environment
[0.857s] DEBUG:colcon.colcon_core.event_handler.log_command:Invoked command in '/home/cimi/Documents/Workspace/ProjectRos2XYolo/build/pesan' returned '0': CMAKE_PREFIX_PATH=${CMAKE_PREFIX_PATH}:/home/cimi/Documents/Workspace/ProjectRos2XYolo/install/test_custom_msg:/home/cimi/Documents/Workspace/ProjectRos2XYolo/install/movement_node:/home/cimi/Documents/Workspace/ProjectRos2XYolo/install/master_node:/home/cimi/Documents/Workspace/ProjectRos2XYolo/install/movement_package:/home/cimi/Documents/Workspace/ProjectRos2XYolo/install/cv_package:/opt/ros/foxy /usr/bin/cmake --build /home/cimi/Documents/Workspace/ProjectRos2XYolo/build/pesan -- -j8 -l8
[0.858s] DEBUG:colcon.colcon_core.event_handler.log_command:Invoked command in '/home/cimi/Documents/Workspace/ProjectRos2XYolo/build/custom_message' returned '0': CMAKE_PREFIX_PATH=${CMAKE_PREFIX_PATH}:/home/cimi/Documents/Workspace/ProjectRos2XYolo/install/test_custom_msg:/home/cimi/Documents/Workspace/ProjectRos2XYolo/install/movement_node:/home/cimi/Documents/Workspace/ProjectRos2XYolo/install/master_node:/home/cimi/Documents/Workspace/ProjectRos2XYolo/install/movement_package:/home/cimi/Documents/Workspace/ProjectRos2XYolo/install/cv_package:/opt/ros/foxy /usr/bin/cmake --build /home/cimi/Documents/Workspace/ProjectRos2XYolo/build/custom_message -- -j8 -l8
[0.948s] DEBUG:colcon.colcon_core.event_handler.log_command:Invoking command in '/home/cimi/Documents/Workspace/ProjectRos2XYolo/build/pesan': CMAKE_PREFIX_PATH=${CMAKE_PREFIX_PATH}:/home/cimi/Documents/Workspace/ProjectRos2XYolo/install/test_custom_msg:/home/cimi/Documents/Workspace/ProjectRos2XYolo/install/movement_node:/home/cimi/Documents/Workspace/ProjectRos2XYolo/install/master_node:/home/cimi/Documents/Workspace/ProjectRos2XYolo/install/movement_package:/home/cimi/Documents/Workspace/ProjectRos2XYolo/install/cv_package:/opt/ros/foxy /usr/bin/cmake --install /home/cimi/Documents/Workspace/ProjectRos2XYolo/build/pesan
[0.955s] DEBUG:colcon.colcon_core.event_handler.log_command:Invoking command in '/home/cimi/Documents/Workspace/ProjectRos2XYolo/build/custom_message': CMAKE_PREFIX_PATH=${CMAKE_PREFIX_PATH}:/home/cimi/Documents/Workspace/ProjectRos2XYolo/install/test_custom_msg:/home/cimi/Documents/Workspace/ProjectRos2XYolo/install/movement_node:/home/cimi/Documents/Workspace/ProjectRos2XYolo/install/master_node:/home/cimi/Documents/Workspace/ProjectRos2XYolo/install/movement_package:/home/cimi/Documents/Workspace/ProjectRos2XYolo/install/cv_package:/opt/ros/foxy /usr/bin/cmake --install /home/cimi/Documents/Workspace/ProjectRos2XYolo/build/custom_message
[1.050s] Level 1:colcon.colcon_core.environment:create_environment_scripts_only(pesan)
[1.052s] DEBUG:colcon.colcon_core.event_handler.log_command:Invoked command in '/home/cimi/Documents/Workspace/ProjectRos2XYolo/build/pesan' returned '0': CMAKE_PREFIX_PATH=${CMAKE_PREFIX_PATH}:/home/cimi/Documents/Workspace/ProjectRos2XYolo/install/test_custom_msg:/home/cimi/Documents/Workspace/ProjectRos2XYolo/install/movement_node:/home/cimi/Documents/Workspace/ProjectRos2XYolo/install/master_node:/home/cimi/Documents/Workspace/ProjectRos2XYolo/install/movement_package:/home/cimi/Documents/Workspace/ProjectRos2XYolo/install/cv_package:/opt/ros/foxy /usr/bin/cmake --install /home/cimi/Documents/Workspace/ProjectRos2XYolo/build/pesan
[1.059s] Level 1:colcon.colcon_core.environment:checking '/home/cimi/Documents/Workspace/ProjectRos2XYolo/install/pesan' for CMake module files
[1.059s] Level 1:colcon.colcon_core.environment:checking '/home/cimi/Documents/Workspace/ProjectRos2XYolo/install/pesan' for CMake config files
[1.060s] Level 1:colcon.colcon_core.shell:create_environment_hook('pesan', 'cmake_prefix_path')
[1.062s] INFO:colcon.colcon_core.shell:Creating environment hook '/home/cimi/Documents/Workspace/ProjectRos2XYolo/install/pesan/share/pesan/hook/cmake_prefix_path.ps1'
[1.062s] INFO:colcon.colcon_core.shell:Creating environment descriptor '/home/cimi/Documents/Workspace/ProjectRos2XYolo/install/pesan/share/pesan/hook/cmake_prefix_path.dsv'
[1.063s] INFO:colcon.colcon_core.shell:Creating environment hook '/home/cimi/Documents/Workspace/ProjectRos2XYolo/install/pesan/share/pesan/hook/cmake_prefix_path.sh'
[1.064s] Level 1:colcon.colcon_core.environment:checking '/home/cimi/Documents/Workspace/ProjectRos2XYolo/install/pesan/lib'
[1.064s] Level 1:colcon.colcon_core.shell:create_environment_hook('pesan', 'ld_library_path_lib')
[1.066s] INFO:colcon.colcon_core.shell:Creating environment hook '/home/cimi/Documents/Workspace/ProjectRos2XYolo/install/pesan/share/pesan/hook/ld_library_path_lib.ps1'
[1.066s] INFO:colcon.colcon_core.shell:Creating environment descriptor '/home/cimi/Documents/Workspace/ProjectRos2XYolo/install/pesan/share/pesan/hook/ld_library_path_lib.dsv'
[1.067s] INFO:colcon.colcon_core.shell:Creating environment hook '/home/cimi/Documents/Workspace/ProjectRos2XYolo/install/pesan/share/pesan/hook/ld_library_path_lib.sh'
[1.067s] Level 1:colcon.colcon_core.environment:checking '/home/cimi/Documents/Workspace/ProjectRos2XYolo/install/pesan/bin'
[1.067s] Level 1:colcon.colcon_core.environment:checking '/home/cimi/Documents/Workspace/ProjectRos2XYolo/install/pesan/lib/pkgconfig/pesan.pc'
[1.068s] Level 1:colcon.colcon_core.environment:checking '/home/cimi/Documents/Workspace/ProjectRos2XYolo/install/pesan/lib/python3.8/site-packages'
[1.068s] Level 1:colcon.colcon_core.shell:create_environment_hook('pesan', 'pythonpath')
[1.070s] INFO:colcon.colcon_core.shell:Creating environment hook '/home/cimi/Documents/Workspace/ProjectRos2XYolo/install/pesan/share/pesan/hook/pythonpath.ps1'
[1.070s] INFO:colcon.colcon_core.shell:Creating environment descriptor '/home/cimi/Documents/Workspace/ProjectRos2XYolo/install/pesan/share/pesan/hook/pythonpath.dsv'
[1.070s] INFO:colcon.colcon_core.shell:Creating environment hook '/home/cimi/Documents/Workspace/ProjectRos2XYolo/install/pesan/share/pesan/hook/pythonpath.sh'
[1.071s] Level 1:colcon.colcon_core.environment:checking '/home/cimi/Documents/Workspace/ProjectRos2XYolo/install/pesan/bin'
[1.073s] INFO:colcon.colcon_core.shell:Creating package script '/home/cimi/Documents/Workspace/ProjectRos2XYolo/install/pesan/share/pesan/package.ps1'
[1.074s] INFO:colcon.colcon_core.shell:Creating package descriptor '/home/cimi/Documents/Workspace/ProjectRos2XYolo/install/pesan/share/pesan/package.dsv'
[1.075s] INFO:colcon.colcon_core.shell:Creating package script '/home/cimi/Documents/Workspace/ProjectRos2XYolo/install/pesan/share/pesan/package.sh'
[1.076s] INFO:colcon.colcon_core.shell:Creating package script '/home/cimi/Documents/Workspace/ProjectRos2XYolo/install/pesan/share/pesan/package.bash'
[1.078s] INFO:colcon.colcon_core.shell:Creating package script '/home/cimi/Documents/Workspace/ProjectRos2XYolo/install/pesan/share/pesan/package.zsh'
[1.079s] Level 1:colcon.colcon_core.environment:create_file_with_runtime_dependencies(/home/cimi/Documents/Workspace/ProjectRos2XYolo/install/pesan/share/colcon-core/packages/pesan)
[1.093s] Level 1:colcon.colcon_core.environment:create_environment_scripts_only(custom_message)
[1.097s] Level 1:colcon.colcon_core.environment:checking '/home/cimi/Documents/Workspace/ProjectRos2XYolo/install/custom_message' for CMake module files
[1.099s] DEBUG:colcon.colcon_core.event_handler.log_command:Invoked command in '/home/cimi/Documents/Workspace/ProjectRos2XYolo/build/custom_message' returned '0': CMAKE_PREFIX_PATH=${CMAKE_PREFIX_PATH}:/home/cimi/Documents/Workspace/ProjectRos2XYolo/install/test_custom_msg:/home/cimi/Documents/Workspace/ProjectRos2XYolo/install/movement_node:/home/cimi/Documents/Workspace/ProjectRos2XYolo/install/master_node:/home/cimi/Documents/Workspace/ProjectRos2XYolo/install/movement_package:/home/cimi/Documents/Workspace/ProjectRos2XYolo/install/cv_package:/opt/ros/foxy /usr/bin/cmake --install /home/cimi/Documents/Workspace/ProjectRos2XYolo/build/custom_message
[1.100s] Level 1:colcon.colcon_core.environment:checking '/home/cimi/Documents/Workspace/ProjectRos2XYolo/install/custom_message' for CMake config files
[1.100s] Level 1:colcon.colcon_core.shell:create_environment_hook('custom_message', 'cmake_prefix_path')
[1.103s] INFO:colcon.colcon_core.shell:Creating environment hook '/home/cimi/Documents/Workspace/ProjectRos2XYolo/install/custom_message/share/custom_message/hook/cmake_prefix_path.ps1'
[1.104s] INFO:colcon.colcon_core.shell:Creating environment descriptor '/home/cimi/Documents/Workspace/ProjectRos2XYolo/install/custom_message/share/custom_message/hook/cmake_prefix_path.dsv'
[1.104s] INFO:colcon.colcon_core.shell:Creating environment hook '/home/cimi/Documents/Workspace/ProjectRos2XYolo/install/custom_message/share/custom_message/hook/cmake_prefix_path.sh'
[1.105s] Level 1:colcon.colcon_core.environment:checking '/home/cimi/Documents/Workspace/ProjectRos2XYolo/install/custom_message/lib'
[1.105s] Level 1:colcon.colcon_core.shell:create_environment_hook('custom_message', 'ld_library_path_lib')
[1.107s] INFO:colcon.colcon_core.shell:Creating environment hook '/home/cimi/Documents/Workspace/ProjectRos2XYolo/install/custom_message/share/custom_message/hook/ld_library_path_lib.ps1'
[1.108s] INFO:colcon.colcon_core.shell:Creating environment descriptor '/home/cimi/Documents/Workspace/ProjectRos2XYolo/install/custom_message/share/custom_message/hook/ld_library_path_lib.dsv'
[1.108s] INFO:colcon.colcon_core.shell:Creating environment hook '/home/cimi/Documents/Workspace/ProjectRos2XYolo/install/custom_message/share/custom_message/hook/ld_library_path_lib.sh'
[1.109s] Level 1:colcon.colcon_core.environment:checking '/home/cimi/Documents/Workspace/ProjectRos2XYolo/install/custom_message/bin'
[1.109s] Level 1:colcon.colcon_core.environment:checking '/home/cimi/Documents/Workspace/ProjectRos2XYolo/install/custom_message/lib/pkgconfig/custom_message.pc'
[1.109s] Level 1:colcon.colcon_core.environment:checking '/home/cimi/Documents/Workspace/ProjectRos2XYolo/install/custom_message/lib/python3.8/site-packages'
[1.109s] Level 1:colcon.colcon_core.shell:create_environment_hook('custom_message', 'pythonpath')
[1.112s] INFO:colcon.colcon_core.shell:Creating environment hook '/home/cimi/Documents/Workspace/ProjectRos2XYolo/install/custom_message/share/custom_message/hook/pythonpath.ps1'
[1.113s] INFO:colcon.colcon_core.shell:Creating environment descriptor '/home/cimi/Documents/Workspace/ProjectRos2XYolo/install/custom_message/share/custom_message/hook/pythonpath.dsv'
[1.113s] INFO:colcon.colcon_core.shell:Creating environment hook '/home/cimi/Documents/Workspace/ProjectRos2XYolo/install/custom_message/share/custom_message/hook/pythonpath.sh'
[1.114s] Level 1:colcon.colcon_core.environment:checking '/home/cimi/Documents/Workspace/ProjectRos2XYolo/install/custom_message/bin'
[1.117s] INFO:colcon.colcon_core.shell:Creating package script '/home/cimi/Documents/Workspace/ProjectRos2XYolo/install/custom_message/share/custom_message/package.ps1'
[1.117s] INFO:colcon.colcon_core.shell:Creating package descriptor '/home/cimi/Documents/Workspace/ProjectRos2XYolo/install/custom_message/share/custom_message/package.dsv'
[1.118s] INFO:colcon.colcon_core.shell:Creating package script '/home/cimi/Documents/Workspace/ProjectRos2XYolo/install/custom_message/share/custom_message/package.sh'
[1.119s] INFO:colcon.colcon_core.shell:Creating package script '/home/cimi/Documents/Workspace/ProjectRos2XYolo/install/custom_message/share/custom_message/package.bash'
[1.119s] INFO:colcon.colcon_core.shell:Creating package script '/home/cimi/Documents/Workspace/ProjectRos2XYolo/install/custom_message/share/custom_message/package.zsh'
[1.120s] Level 1:colcon.colcon_core.environment:create_file_with_runtime_dependencies(/home/cimi/Documents/Workspace/ProjectRos2XYolo/install/custom_message/share/colcon-core/packages/custom_message)
[1.169s] Level 1:colcon.colcon_core.environment:create_environment_scripts_only(pesan)
[1.173s] Level 1:colcon.colcon_core.environment:checking '/home/cimi/Documents/Workspace/ProjectRos2XYolo/install/pesan' for CMake module files
[1.173s] Level 1:colcon.colcon_core.environment:checking '/home/cimi/Documents/Workspace/ProjectRos2XYolo/install/pesan' for CMake config files
[1.174s] Level 1:colcon.colcon_core.shell:create_environment_hook('pesan', 'cmake_prefix_path')
[1.176s] INFO:colcon.colcon_core.shell:Creating environment hook '/home/cimi/Documents/Workspace/ProjectRos2XYolo/install/pesan/share/pesan/hook/cmake_prefix_path.ps1'
[1.177s] INFO:colcon.colcon_core.shell:Creating environment descriptor '/home/cimi/Documents/Workspace/ProjectRos2XYolo/install/pesan/share/pesan/hook/cmake_prefix_path.dsv'
[1.177s] INFO:colcon.colcon_core.shell:Creating environment hook '/home/cimi/Documents/Workspace/ProjectRos2XYolo/install/pesan/share/pesan/hook/cmake_prefix_path.sh'
[1.178s] Level 1:colcon.colcon_core.environment:checking '/home/cimi/Documents/Workspace/ProjectRos2XYolo/install/pesan/lib'
[1.179s] Level 1:colcon.colcon_core.shell:create_environment_hook('pesan', 'ld_library_path_lib')
[1.181s] INFO:colcon.colcon_core.shell:Creating environment hook '/home/cimi/Documents/Workspace/ProjectRos2XYolo/install/pesan/share/pesan/hook/ld_library_path_lib.ps1'
[1.181s] INFO:colcon.colcon_core.shell:Creating environment descriptor '/home/cimi/Documents/Workspace/ProjectRos2XYolo/install/pesan/share/pesan/hook/ld_library_path_lib.dsv'
[1.182s] INFO:colcon.colcon_core.shell:Creating environment hook '/home/cimi/Documents/Workspace/ProjectRos2XYolo/install/pesan/share/pesan/hook/ld_library_path_lib.sh'
[1.182s] Level 1:colcon.colcon_core.environment:checking '/home/cimi/Documents/Workspace/ProjectRos2XYolo/install/pesan/bin'
[1.182s] Level 1:colcon.colcon_core.environment:checking '/home/cimi/Documents/Workspace/ProjectRos2XYolo/install/pesan/lib/pkgconfig/pesan.pc'
[1.183s] Level 1:colcon.colcon_core.environment:checking '/home/cimi/Documents/Workspace/ProjectRos2XYolo/install/pesan/lib/python3.8/site-packages'
[1.183s] Level 1:colcon.colcon_core.shell:create_environment_hook('pesan', 'pythonpath')
[1.185s] INFO:colcon.colcon_core.shell:Creating environment hook '/home/cimi/Documents/Workspace/ProjectRos2XYolo/install/pesan/share/pesan/hook/pythonpath.ps1'
[1.185s] INFO:colcon.colcon_core.shell:Creating environment descriptor '/home/cimi/Documents/Workspace/ProjectRos2XYolo/install/pesan/share/pesan/hook/pythonpath.dsv'
[1.186s] INFO:colcon.colcon_core.shell:Creating environment hook '/home/cimi/Documents/Workspace/ProjectRos2XYolo/install/pesan/share/pesan/hook/pythonpath.sh'
[1.186s] Level 1:colcon.colcon_core.environment:checking '/home/cimi/Documents/Workspace/ProjectRos2XYolo/install/pesan/bin'
[1.188s] INFO:colcon.colcon_core.shell:Creating package script '/home/cimi/Documents/Workspace/ProjectRos2XYolo/install/pesan/share/pesan/package.ps1'
[1.189s] INFO:colcon.colcon_core.shell:Creating package descriptor '/home/cimi/Documents/Workspace/ProjectRos2XYolo/install/pesan/share/pesan/package.dsv'
[1.190s] INFO:colcon.colcon_core.shell:Creating package script '/home/cimi/Documents/Workspace/ProjectRos2XYolo/install/pesan/share/pesan/package.sh'
[1.191s] INFO:colcon.colcon_core.shell:Creating package script '/home/cimi/Documents/Workspace/ProjectRos2XYolo/install/pesan/share/pesan/package.bash'
[1.191s] INFO:colcon.colcon_core.shell:Creating package script '/home/cimi/Documents/Workspace/ProjectRos2XYolo/install/pesan/share/pesan/package.zsh'
[1.192s] Level 1:colcon.colcon_core.environment:create_file_with_runtime_dependencies(/home/cimi/Documents/Workspace/ProjectRos2XYolo/install/pesan/share/colcon-core/packages/pesan)
[1.193s] INFO:colcon.colcon_ros.task.ament_python.build:Building ROS package in '/home/cimi/Documents/Workspace/ProjectRos2XYolo/src/master_node' with build type 'ament_python'
[1.193s] Level 1:colcon.colcon_core.shell:create_environment_hook('master_node', 'ament_prefix_path')
[1.196s] INFO:colcon.colcon_core.shell:Creating environment hook '/home/cimi/Documents/Workspace/ProjectRos2XYolo/install/master_node/share/master_node/hook/ament_prefix_path.ps1'
[1.197s] INFO:colcon.colcon_core.shell:Creating environment descriptor '/home/cimi/Documents/Workspace/ProjectRos2XYolo/install/master_node/share/master_node/hook/ament_prefix_path.dsv'
[1.198s] INFO:colcon.colcon_core.shell:Creating environment hook '/home/cimi/Documents/Workspace/ProjectRos2XYolo/install/master_node/share/master_node/hook/ament_prefix_path.sh'
[1.201s] INFO:colcon.colcon_core.shell:Skip shell extension 'powershell' for command environment: Not usable outside of PowerShell
[1.201s] DEBUG:colcon.colcon_core.shell:Skip shell extension 'dsv' for command environment
[1.211s] INFO:colcon.colcon_ros.task.ament_python.build:Building ROS package in '/home/cimi/Documents/Workspace/ProjectRos2XYolo/src/movement_node' with build type 'ament_python'
[1.212s] Level 1:colcon.colcon_core.shell:create_environment_hook('movement_node', 'ament_prefix_path')
[1.215s] INFO:colcon.colcon_core.shell:Creating environment hook '/home/cimi/Documents/Workspace/ProjectRos2XYolo/install/movement_node/share/movement_node/hook/ament_prefix_path.ps1'
[1.216s] INFO:colcon.colcon_core.shell:Creating environment descriptor '/home/cimi/Documents/Workspace/ProjectRos2XYolo/install/movement_node/share/movement_node/hook/ament_prefix_path.dsv'
[1.217s] INFO:colcon.colcon_core.shell:Creating environment hook '/home/cimi/Documents/Workspace/ProjectRos2XYolo/install/movement_node/share/movement_node/hook/ament_prefix_path.sh'
[1.219s] INFO:colcon.colcon_core.shell:Skip shell extension 'powershell' for command environment: Not usable outside of PowerShell
[1.219s] DEBUG:colcon.colcon_core.shell:Skip shell extension 'dsv' for command environment
[1.231s] Level 1:colcon.colcon_core.environment:create_environment_scripts_only(custom_message)
[1.234s] Level 1:colcon.colcon_core.environment:checking '/home/cimi/Documents/Workspace/ProjectRos2XYolo/install/custom_message' for CMake module files
[1.235s] Level 1:colcon.colcon_core.environment:checking '/home/cimi/Documents/Workspace/ProjectRos2XYolo/install/custom_message' for CMake config files
[1.236s] Level 1:colcon.colcon_core.shell:create_environment_hook('custom_message', 'cmake_prefix_path')
[1.237s] INFO:colcon.colcon_core.shell:Creating environment hook '/home/cimi/Documents/Workspace/ProjectRos2XYolo/install/custom_message/share/custom_message/hook/cmake_prefix_path.ps1'
[1.238s] INFO:colcon.colcon_core.shell:Creating environment descriptor '/home/cimi/Documents/Workspace/ProjectRos2XYolo/install/custom_message/share/custom_message/hook/cmake_prefix_path.dsv'
[1.239s] INFO:colcon.colcon_core.shell:Creating environment hook '/home/cimi/Documents/Workspace/ProjectRos2XYolo/install/custom_message/share/custom_message/hook/cmake_prefix_path.sh'
[1.240s] Level 1:colcon.colcon_core.environment:checking '/home/cimi/Documents/Workspace/ProjectRos2XYolo/install/custom_message/lib'
[1.240s] Level 1:colcon.colcon_core.shell:create_environment_hook('custom_message', 'ld_library_path_lib')
[1.241s] INFO:colcon.colcon_core.shell:Creating environment hook '/home/cimi/Documents/Workspace/ProjectRos2XYolo/install/custom_message/share/custom_message/hook/ld_library_path_lib.ps1'
[1.243s] INFO:colcon.colcon_core.shell:Creating environment descriptor '/home/cimi/Documents/Workspace/ProjectRos2XYolo/install/custom_message/share/custom_message/hook/ld_library_path_lib.dsv'
[1.244s] INFO:colcon.colcon_core.shell:Creating environment hook '/home/cimi/Documents/Workspace/ProjectRos2XYolo/install/custom_message/share/custom_message/hook/ld_library_path_lib.sh'
[1.245s] Level 1:colcon.colcon_core.environment:checking '/home/cimi/Documents/Workspace/ProjectRos2XYolo/install/custom_message/bin'
[1.245s] Level 1:colcon.colcon_core.environment:checking '/home/cimi/Documents/Workspace/ProjectRos2XYolo/install/custom_message/lib/pkgconfig/custom_message.pc'
[1.245s] Level 1:colcon.colcon_core.environment:checking '/home/cimi/Documents/Workspace/ProjectRos2XYolo/install/custom_message/lib/python3.8/site-packages'
[1.245s] Level 1:colcon.colcon_core.shell:create_environment_hook('custom_message', 'pythonpath')
[1.247s] INFO:colcon.colcon_core.shell:Creating environment hook '/home/cimi/Documents/Workspace/ProjectRos2XYolo/install/custom_message/share/custom_message/hook/pythonpath.ps1'
[1.248s] INFO:colcon.colcon_core.shell:Creating environment descriptor '/home/cimi/Documents/Workspace/ProjectRos2XYolo/install/custom_message/share/custom_message/hook/pythonpath.dsv'
[1.249s] INFO:colcon.colcon_core.shell:Creating environment hook '/home/cimi/Documents/Workspace/ProjectRos2XYolo/install/custom_message/share/custom_message/hook/pythonpath.sh'
[1.249s] Level 1:colcon.colcon_core.environment:checking '/home/cimi/Documents/Workspace/ProjectRos2XYolo/install/custom_message/bin'
[1.251s] INFO:colcon.colcon_core.shell:Creating package script '/home/cimi/Documents/Workspace/ProjectRos2XYolo/install/custom_message/share/custom_message/package.ps1'
[1.252s] INFO:colcon.colcon_core.shell:Creating package descriptor '/home/cimi/Documents/Workspace/ProjectRos2XYolo/install/custom_message/share/custom_message/package.dsv'
[1.252s] INFO:colcon.colcon_core.shell:Creating package script '/home/cimi/Documents/Workspace/ProjectRos2XYolo/install/custom_message/share/custom_message/package.sh'
[1.253s] INFO:colcon.colcon_core.shell:Creating package script '/home/cimi/Documents/Workspace/ProjectRos2XYolo/install/custom_message/share/custom_message/package.bash'
[1.254s] INFO:colcon.colcon_core.shell:Creating package script '/home/cimi/Documents/Workspace/ProjectRos2XYolo/install/custom_message/share/custom_message/package.zsh'
[1.254s] Level 1:colcon.colcon_core.environment:create_file_with_runtime_dependencies(/home/cimi/Documents/Workspace/ProjectRos2XYolo/install/custom_message/share/colcon-core/packages/custom_message)
[1.547s] INFO:colcon.colcon_core.task.python.build:Building Python package in '/home/cimi/Documents/Workspace/ProjectRos2XYolo/src/master_node'
[1.549s] INFO:colcon.colcon_core.shell:Skip shell extension 'powershell' for command environment: Not usable outside of PowerShell
[1.549s] DEBUG:colcon.colcon_core.shell:Skip shell extension 'dsv' for command environment
[1.555s] INFO:colcon.colcon_ros.task.ament_python.build:Building ROS package in '/home/cimi/Documents/Workspace/ProjectRos2XYolo/src/test_custom_msg' with build type 'ament_python'
[1.556s] Level 1:colcon.colcon_core.shell:create_environment_hook('test_custom_msg', 'ament_prefix_path')
[1.558s] INFO:colcon.colcon_core.shell:Creating environment hook '/home/cimi/Documents/Workspace/ProjectRos2XYolo/install/test_custom_msg/share/test_custom_msg/hook/ament_prefix_path.ps1'
[1.560s] INFO:colcon.colcon_core.shell:Creating environment descriptor '/home/cimi/Documents/Workspace/ProjectRos2XYolo/install/test_custom_msg/share/test_custom_msg/hook/ament_prefix_path.dsv'
[1.560s] INFO:colcon.colcon_core.shell:Creating environment hook '/home/cimi/Documents/Workspace/ProjectRos2XYolo/install/test_custom_msg/share/test_custom_msg/hook/ament_prefix_path.sh'
[1.564s] INFO:colcon.colcon_core.shell:Skip shell extension 'powershell' for command environment: Not usable outside of PowerShell
[1.565s] DEBUG:colcon.colcon_core.shell:Skip shell extension 'dsv' for command environment
[1.822s] INFO:colcon.colcon_core.task.python.build:Building Python package in '/home/cimi/Documents/Workspace/ProjectRos2XYolo/src/movement_node'
[1.824s] INFO:colcon.colcon_core.shell:Skip shell extension 'powershell' for command environment: Not usable outside of PowerShell
[1.824s] DEBUG:colcon.colcon_core.shell:Skip shell extension 'dsv' for command environment
[1.835s] DEBUG:colcon.colcon_core.event_handler.log_command:Invoking command in '/home/cimi/Documents/Workspace/ProjectRos2XYolo/build/cv_package': PYTHONPATH=/home/cimi/Documents/Workspace/ProjectRos2XYolo/install/cv_package/lib/python3.8/site-packages:${PYTHONPATH} /usr/bin/python3 setup.py develop --prefix /home/cimi/Documents/Workspace/ProjectRos2XYolo/install/cv_package --uninstall --editable --build-directory /home/cimi/Documents/Workspace/ProjectRos2XYolo/build/cv_package/build
[3.086s] INFO:colcon.colcon_core.task.python.build:Building Python package in '/home/cimi/Documents/Workspace/ProjectRos2XYolo/src/test_custom_msg'
[3.109s] INFO:colcon.colcon_core.shell:Skip shell extension 'powershell' for command environment: Not usable outside of PowerShell
[3.110s] DEBUG:colcon.colcon_core.shell:Skip shell extension 'dsv' for command environment
[4.704s] DEBUG:colcon.colcon_core.event_handler.log_command:Invoked command in '/home/cimi/Documents/Workspace/ProjectRos2XYolo/build/cv_package' returned '0': PYTHONPATH=/home/cimi/Documents/Workspace/ProjectRos2XYolo/install/cv_package/lib/python3.8/site-packages:${PYTHONPATH} /usr/bin/python3 setup.py develop --prefix /home/cimi/Documents/Workspace/ProjectRos2XYolo/install/cv_package --uninstall --editable --build-directory /home/cimi/Documents/Workspace/ProjectRos2XYolo/build/cv_package/build
[4.752s] DEBUG:colcon.colcon_core.event_handler.log_command:Invoking command in '/home/cimi/Documents/Workspace/ProjectRos2XYolo/src/cv_package': PYTHONPATH=/home/cimi/Documents/Workspace/ProjectRos2XYolo/install/cv_package/lib/python3.8/site-packages:${PYTHONPATH} /usr/bin/python3 setup.py egg_info --egg-base ../../build/cv_package build --build-base /home/cimi/Documents/Workspace/ProjectRos2XYolo/build/cv_package/build install --prefix /home/cimi/Documents/Workspace/ProjectRos2XYolo/install/cv_package --record /home/cimi/Documents/Workspace/ProjectRos2XYolo/build/cv_package/install.log --single-version-externally-managed
[4.779s] DEBUG:colcon.colcon_core.event_handler.log_command:Invoking command in '/home/cimi/Documents/Workspace/ProjectRos2XYolo/src/master_node': PYTHONPATH=/home/cimi/Documents/Workspace/ProjectRos2XYolo/install/master_node/lib/python3.8/site-packages:/home/cimi/Documents/Workspace/ProjectRos2XYolo/install/pesan/lib/python3.8/site-packages:/home/cimi/Documents/Workspace/ProjectRos2XYolo/install/test_custom_msg/lib/python3.8/site-packages:/home/cimi/Documents/Workspace/ProjectRos2XYolo/install/movement_node/lib/python3.8/site-packages:/home/cimi/Documents/Workspace/ProjectRos2XYolo/install/master_node/lib/python3.8/site-packages:/home/cimi/Documents/Workspace/ProjectRos2XYolo/install/movement_package/lib/python3.8/site-packages:/home/cimi/Documents/Workspace/ProjectRos2XYolo/install/cv_package/lib/python3.8/site-packages:/home/cimi/Documents/Workspace/ProjectRos2XYolo/install/custom_message/lib/python3.8/site-packages:/opt/ros/foxy/lib/python3.8/site-packages /usr/bin/python3 setup.py egg_info --egg-base ../../build/master_node build --build-base /home/cimi/Documents/Workspace/ProjectRos2XYolo/build/master_node/build install --prefix /home/cimi/Documents/Workspace/ProjectRos2XYolo/install/master_node --record /home/cimi/Documents/Workspace/ProjectRos2XYolo/build/master_node/install.log --single-version-externally-managed
[7.023s] DEBUG:colcon.colcon_core.event_handler.log_command:Invoking command in '/home/cimi/Documents/Workspace/ProjectRos2XYolo/src/movement_node': PYTHONPATH=/home/cimi/Documents/Workspace/ProjectRos2XYolo/install/movement_node/lib/python3.8/site-packages:/home/cimi/Documents/Workspace/ProjectRos2XYolo/install/pesan/lib/python3.8/site-packages:/home/cimi/Documents/Workspace/ProjectRos2XYolo/install/test_custom_msg/lib/python3.8/site-packages:/home/cimi/Documents/Workspace/ProjectRos2XYolo/install/movement_node/lib/python3.8/site-packages:/home/cimi/Documents/Workspace/ProjectRos2XYolo/install/master_node/lib/python3.8/site-packages:/home/cimi/Documents/Workspace/ProjectRos2XYolo/install/movement_package/lib/python3.8/site-packages:/home/cimi/Documents/Workspace/ProjectRos2XYolo/install/cv_package/lib/python3.8/site-packages:/home/cimi/Documents/Workspace/ProjectRos2XYolo/install/custom_message/lib/python3.8/site-packages:/opt/ros/foxy/lib/python3.8/site-packages /usr/bin/python3 setup.py egg_info --egg-base ../../build/movement_node build --build-base /home/cimi/Documents/Workspace/ProjectRos2XYolo/build/movement_node/build install --prefix /home/cimi/Documents/Workspace/ProjectRos2XYolo/install/movement_node --record /home/cimi/Documents/Workspace/ProjectRos2XYolo/build/movement_node/install.log --single-version-externally-managed
[7.038s] DEBUG:colcon.colcon_core.event_handler.log_command:Invoking command in '/home/cimi/Documents/Workspace/ProjectRos2XYolo/build/test_custom_msg': CMAKE_PREFIX_PATH=/home/cimi/Documents/Workspace/ProjectRos2XYolo/install/custom_message:/home/cimi/Documents/Workspace/ProjectRos2XYolo/install/pesan LD_LIBRARY_PATH=/home/cimi/Documents/Workspace/ProjectRos2XYolo/install/custom_message/lib:/home/cimi/Documents/Workspace/ProjectRos2XYolo/install/pesan/lib:/opt/ros/foxy/opt/yaml_cpp_vendor/lib:/opt/ros/foxy/opt/rviz_ogre_vendor/lib:/opt/ros/foxy/lib/x86_64-linux-gnu:/opt/ros/foxy/lib PYTHONPATH=/home/cimi/Documents/Workspace/ProjectRos2XYolo/install/test_custom_msg/lib/python3.8/site-packages:/home/cimi/Documents/Workspace/ProjectRos2XYolo/install/custom_message/lib/python3.8/site-packages:/home/cimi/Documents/Workspace/ProjectRos2XYolo/install/test_custom_msg/lib/python3.8/site-packages:/home/cimi/Documents/Workspace/ProjectRos2XYolo/install/movement_node/lib/python3.8/site-packages:/home/cimi/Documents/Workspace/ProjectRos2XYolo/install/master_node/lib/python3.8/site-packages:/home/cimi/Documents/Workspace/ProjectRos2XYolo/install/pesan/lib/python3.8/site-packages:/home/cimi/Documents/Workspace/ProjectRos2XYolo/install/movement_package/lib/python3.8/site-packages:/home/cimi/Documents/Workspace/ProjectRos2XYolo/install/cv_package/lib/python3.8/site-packages:/opt/ros/foxy/lib/python3.8/site-packages /usr/bin/python3 setup.py develop --prefix /home/cimi/Documents/Workspace/ProjectRos2XYolo/install/test_custom_msg --uninstall --editable --build-directory /home/cimi/Documents/Workspace/ProjectRos2XYolo/build/test_custom_msg/build
[7.188s] Level 1:colcon.colcon_core.environment:checking '/home/cimi/Documents/Workspace/ProjectRos2XYolo/install/cv_package' for CMake module files
[7.189s] DEBUG:colcon.colcon_core.event_handler.log_command:Invoked command in '/home/cimi/Documents/Workspace/ProjectRos2XYolo/src/cv_package' returned '0': PYTHONPATH=/home/cimi/Documents/Workspace/ProjectRos2XYolo/install/cv_package/lib/python3.8/site-packages:${PYTHONPATH} /usr/bin/python3 setup.py egg_info --egg-base ../../build/cv_package build --build-base /home/cimi/Documents/Workspace/ProjectRos2XYolo/build/cv_package/build install --prefix /home/cimi/Documents/Workspace/ProjectRos2XYolo/install/cv_package --record /home/cimi/Documents/Workspace/ProjectRos2XYolo/build/cv_package/install.log --single-version-externally-managed
[7.190s] Level 1:colcon.colcon_core.environment:checking '/home/cimi/Documents/Workspace/ProjectRos2XYolo/install/cv_package' for CMake config files
[7.191s] Level 1:colcon.colcon_core.environment:checking '/home/cimi/Documents/Workspace/ProjectRos2XYolo/install/cv_package/lib'
[7.191s] Level 1:colcon.colcon_core.environment:checking '/home/cimi/Documents/Workspace/ProjectRos2XYolo/install/cv_package/bin'
[7.191s] Level 1:colcon.colcon_core.environment:checking '/home/cimi/Documents/Workspace/ProjectRos2XYolo/install/cv_package/lib/pkgconfig/cv_package.pc'
[7.192s] Level 1:colcon.colcon_core.environment:checking '/home/cimi/Documents/Workspace/ProjectRos2XYolo/install/cv_package/lib/python3.8/site-packages'
[7.192s] Level 1:colcon.colcon_core.shell:create_environment_hook('cv_package', 'pythonpath')
[7.195s] INFO:colcon.colcon_core.shell:Creating environment hook '/home/cimi/Documents/Workspace/ProjectRos2XYolo/install/cv_package/share/cv_package/hook/pythonpath.ps1'
[7.196s] INFO:colcon.colcon_core.shell:Creating environment descriptor '/home/cimi/Documents/Workspace/ProjectRos2XYolo/install/cv_package/share/cv_package/hook/pythonpath.dsv'
[7.197s] INFO:colcon.colcon_core.shell:Creating environment hook '/home/cimi/Documents/Workspace/ProjectRos2XYolo/install/cv_package/share/cv_package/hook/pythonpath.sh'
[7.198s] Level 1:colcon.colcon_core.environment:checking '/home/cimi/Documents/Workspace/ProjectRos2XYolo/install/cv_package/bin'
[7.198s] Level 1:colcon.colcon_core.environment:create_environment_scripts_only(cv_package)
[7.202s] INFO:colcon.colcon_core.shell:Creating package script '/home/cimi/Documents/Workspace/ProjectRos2XYolo/install/cv_package/share/cv_package/package.ps1'
[7.203s] INFO:colcon.colcon_core.shell:Creating package descriptor '/home/cimi/Documents/Workspace/ProjectRos2XYolo/install/cv_package/share/cv_package/package.dsv'
[7.203s] INFO:colcon.colcon_core.shell:Creating package script '/home/cimi/Documents/Workspace/ProjectRos2XYolo/install/cv_package/share/cv_package/package.sh'
[7.204s] INFO:colcon.colcon_core.shell:Creating package script '/home/cimi/Documents/Workspace/ProjectRos2XYolo/install/cv_package/share/cv_package/package.bash'
[7.205s] INFO:colcon.colcon_core.shell:Creating package script '/home/cimi/Documents/Workspace/ProjectRos2XYolo/install/cv_package/share/cv_package/package.zsh'
[7.205s] Level 1:colcon.colcon_core.environment:create_file_with_runtime_dependencies(/home/cimi/Documents/Workspace/ProjectRos2XYolo/install/cv_package/share/colcon-core/packages/cv_package)
[7.212s] Level 1:colcon.colcon_core.environment:checking '/home/cimi/Documents/Workspace/ProjectRos2XYolo/install/master_node' for CMake module files
[7.213s] DEBUG:colcon.colcon_core.event_handler.log_command:Invoked command in '/home/cimi/Documents/Workspace/ProjectRos2XYolo/src/master_node' returned '0': PYTHONPATH=/home/cimi/Documents/Workspace/ProjectRos2XYolo/install/master_node/lib/python3.8/site-packages:/home/cimi/Documents/Workspace/ProjectRos2XYolo/install/pesan/lib/python3.8/site-packages:/home/cimi/Documents/Workspace/ProjectRos2XYolo/install/test_custom_msg/lib/python3.8/site-packages:/home/cimi/Documents/Workspace/ProjectRos2XYolo/install/movement_node/lib/python3.8/site-packages:/home/cimi/Documents/Workspace/ProjectRos2XYolo/install/master_node/lib/python3.8/site-packages:/home/cimi/Documents/Workspace/ProjectRos2XYolo/install/movement_package/lib/python3.8/site-packages:/home/cimi/Documents/Workspace/ProjectRos2XYolo/install/cv_package/lib/python3.8/site-packages:/home/cimi/Documents/Workspace/ProjectRos2XYolo/install/custom_message/lib/python3.8/site-packages:/opt/ros/foxy/lib/python3.8/site-packages /usr/bin/python3 setup.py egg_info --egg-base ../../build/master_node build --build-base /home/cimi/Documents/Workspace/ProjectRos2XYolo/build/master_node/build install --prefix /home/cimi/Documents/Workspace/ProjectRos2XYolo/install/master_node --record /home/cimi/Documents/Workspace/ProjectRos2XYolo/build/master_node/install.log --single-version-externally-managed
[7.214s] Level 1:colcon.colcon_core.environment:checking '/home/cimi/Documents/Workspace/ProjectRos2XYolo/install/master_node' for CMake config files
[7.215s] Level 1:colcon.colcon_core.environment:checking '/home/cimi/Documents/Workspace/ProjectRos2XYolo/install/master_node/lib'
[7.215s] Level 1:colcon.colcon_core.environment:checking '/home/cimi/Documents/Workspace/ProjectRos2XYolo/install/master_node/bin'
[7.215s] Level 1:colcon.colcon_core.environment:checking '/home/cimi/Documents/Workspace/ProjectRos2XYolo/install/master_node/lib/pkgconfig/master_node.pc'
[7.216s] Level 1:colcon.colcon_core.environment:checking '/home/cimi/Documents/Workspace/ProjectRos2XYolo/install/master_node/lib/python3.8/site-packages'
[7.216s] Level 1:colcon.colcon_core.shell:create_environment_hook('master_node', 'pythonpath')
[7.218s] INFO:colcon.colcon_core.shell:Creating environment hook '/home/cimi/Documents/Workspace/ProjectRos2XYolo/install/master_node/share/master_node/hook/pythonpath.ps1'
[7.218s] INFO:colcon.colcon_core.shell:Creating environment descriptor '/home/cimi/Documents/Workspace/ProjectRos2XYolo/install/master_node/share/master_node/hook/pythonpath.dsv'
[7.219s] INFO:colcon.colcon_core.shell:Creating environment hook '/home/cimi/Documents/Workspace/ProjectRos2XYolo/install/master_node/share/master_node/hook/pythonpath.sh'
[7.220s] Level 1:colcon.colcon_core.environment:checking '/home/cimi/Documents/Workspace/ProjectRos2XYolo/install/master_node/bin'
[7.220s] Level 1:colcon.colcon_core.environment:create_environment_scripts_only(master_node)
[7.222s] INFO:colcon.colcon_core.shell:Creating package script '/home/cimi/Documents/Workspace/ProjectRos2XYolo/install/master_node/share/master_node/package.ps1'
[7.223s] INFO:colcon.colcon_core.shell:Creating package descriptor '/home/cimi/Documents/Workspace/ProjectRos2XYolo/install/master_node/share/master_node/package.dsv'
[7.223s] INFO:colcon.colcon_core.shell:Creating package script '/home/cimi/Documents/Workspace/ProjectRos2XYolo/install/master_node/share/master_node/package.sh'
[7.224s] INFO:colcon.colcon_core.shell:Creating package script '/home/cimi/Documents/Workspace/ProjectRos2XYolo/install/master_node/share/master_node/package.bash'
[7.224s] INFO:colcon.colcon_core.shell:Creating package script '/home/cimi/Documents/Workspace/ProjectRos2XYolo/install/master_node/share/master_node/package.zsh'
[7.225s] Level 1:colcon.colcon_core.environment:create_file_with_runtime_dependencies(/home/cimi/Documents/Workspace/ProjectRos2XYolo/install/master_node/share/colcon-core/packages/master_node)
[7.487s] Level 1:colcon.colcon_core.environment:checking '/home/cimi/Documents/Workspace/ProjectRos2XYolo/install/movement_node' for CMake module files
[7.488s] DEBUG:colcon.colcon_core.event_handler.log_command:Invoked command in '/home/cimi/Documents/Workspace/ProjectRos2XYolo/src/movement_node' returned '0': PYTHONPATH=/home/cimi/Documents/Workspace/ProjectRos2XYolo/install/movement_node/lib/python3.8/site-packages:/home/cimi/Documents/Workspace/ProjectRos2XYolo/install/pesan/lib/python3.8/site-packages:/home/cimi/Documents/Workspace/ProjectRos2XYolo/install/test_custom_msg/lib/python3.8/site-packages:/home/cimi/Documents/Workspace/ProjectRos2XYolo/install/movement_node/lib/python3.8/site-packages:/home/cimi/Documents/Workspace/ProjectRos2XYolo/install/master_node/lib/python3.8/site-packages:/home/cimi/Documents/Workspace/ProjectRos2XYolo/install/movement_package/lib/python3.8/site-packages:/home/cimi/Documents/Workspace/ProjectRos2XYolo/install/cv_package/lib/python3.8/site-packages:/home/cimi/Documents/Workspace/ProjectRos2XYolo/install/custom_message/lib/python3.8/site-packages:/opt/ros/foxy/lib/python3.8/site-packages /usr/bin/python3 setup.py egg_info --egg-base ../../build/movement_node build --build-base /home/cimi/Documents/Workspace/ProjectRos2XYolo/build/movement_node/build install --prefix /home/cimi/Documents/Workspace/ProjectRos2XYolo/install/movement_node --record /home/cimi/Documents/Workspace/ProjectRos2XYolo/build/movement_node/install.log --single-version-externally-managed
[7.488s] Level 1:colcon.colcon_core.environment:checking '/home/cimi/Documents/Workspace/ProjectRos2XYolo/install/movement_node' for CMake config files
[7.489s] Level 1:colcon.colcon_core.environment:checking '/home/cimi/Documents/Workspace/ProjectRos2XYolo/install/movement_node/lib'
[7.489s] Level 1:colcon.colcon_core.environment:checking '/home/cimi/Documents/Workspace/ProjectRos2XYolo/install/movement_node/bin'
[7.489s] Level 1:colcon.colcon_core.environment:checking '/home/cimi/Documents/Workspace/ProjectRos2XYolo/install/movement_node/lib/pkgconfig/movement_node.pc'
[7.490s] Level 1:colcon.colcon_core.environment:checking '/home/cimi/Documents/Workspace/ProjectRos2XYolo/install/movement_node/lib/python3.8/site-packages'
[7.490s] Level 1:colcon.colcon_core.shell:create_environment_hook('movement_node', 'pythonpath')
[7.491s] INFO:colcon.colcon_core.shell:Creating environment hook '/home/cimi/Documents/Workspace/ProjectRos2XYolo/install/movement_node/share/movement_node/hook/pythonpath.ps1'
[7.492s] INFO:colcon.colcon_core.shell:Creating environment descriptor '/home/cimi/Documents/Workspace/ProjectRos2XYolo/install/movement_node/share/movement_node/hook/pythonpath.dsv'
[7.493s] INFO:colcon.colcon_core.shell:Creating environment hook '/home/cimi/Documents/Workspace/ProjectRos2XYolo/install/movement_node/share/movement_node/hook/pythonpath.sh'
[7.494s] Level 1:colcon.colcon_core.environment:checking '/home/cimi/Documents/Workspace/ProjectRos2XYolo/install/movement_node/bin'
[7.494s] Level 1:colcon.colcon_core.environment:create_environment_scripts_only(movement_node)
[7.496s] INFO:colcon.colcon_core.shell:Creating package script '/home/cimi/Documents/Workspace/ProjectRos2XYolo/install/movement_node/share/movement_node/package.ps1'
[7.497s] INFO:colcon.colcon_core.shell:Creating package descriptor '/home/cimi/Documents/Workspace/ProjectRos2XYolo/install/movement_node/share/movement_node/package.dsv'
[7.497s] INFO:colcon.colcon_core.shell:Creating package script '/home/cimi/Documents/Workspace/ProjectRos2XYolo/install/movement_node/share/movement_node/package.sh'
[7.498s] INFO:colcon.colcon_core.shell:Creating package script '/home/cimi/Documents/Workspace/ProjectRos2XYolo/install/movement_node/share/movement_node/package.bash'
[7.499s] INFO:colcon.colcon_core.shell:Creating package script '/home/cimi/Documents/Workspace/ProjectRos2XYolo/install/movement_node/share/movement_node/package.zsh'
[7.499s] Level 1:colcon.colcon_core.environment:create_file_with_runtime_dependencies(/home/cimi/Documents/Workspace/ProjectRos2XYolo/install/movement_node/share/colcon-core/packages/movement_node)
[7.666s] DEBUG:colcon.colcon_core.event_handler.log_command:Invoked command in '/home/cimi/Documents/Workspace/ProjectRos2XYolo/build/test_custom_msg' returned '0': CMAKE_PREFIX_PATH=/home/cimi/Documents/Workspace/ProjectRos2XYolo/install/custom_message:/home/cimi/Documents/Workspace/ProjectRos2XYolo/install/pesan LD_LIBRARY_PATH=/home/cimi/Documents/Workspace/ProjectRos2XYolo/install/custom_message/lib:/home/cimi/Documents/Workspace/ProjectRos2XYolo/install/pesan/lib:/opt/ros/foxy/opt/yaml_cpp_vendor/lib:/opt/ros/foxy/opt/rviz_ogre_vendor/lib:/opt/ros/foxy/lib/x86_64-linux-gnu:/opt/ros/foxy/lib PYTHONPATH=/home/cimi/Documents/Workspace/ProjectRos2XYolo/install/test_custom_msg/lib/python3.8/site-packages:/home/cimi/Documents/Workspace/ProjectRos2XYolo/install/custom_message/lib/python3.8/site-packages:/home/cimi/Documents/Workspace/ProjectRos2XYolo/install/test_custom_msg/lib/python3.8/site-packages:/home/cimi/Documents/Workspace/ProjectRos2XYolo/install/movement_node/lib/python3.8/site-packages:/home/cimi/Documents/Workspace/ProjectRos2XYolo/install/master_node/lib/python3.8/site-packages:/home/cimi/Documents/Workspace/ProjectRos2XYolo/install/pesan/lib/python3.8/site-packages:/home/cimi/Documents/Workspace/ProjectRos2XYolo/install/movement_package/lib/python3.8/site-packages:/home/cimi/Documents/Workspace/ProjectRos2XYolo/install/cv_package/lib/python3.8/site-packages:/opt/ros/foxy/lib/python3.8/site-packages /usr/bin/python3 setup.py develop --prefix /home/cimi/Documents/Workspace/ProjectRos2XYolo/install/test_custom_msg --uninstall --editable --build-directory /home/cimi/Documents/Workspace/ProjectRos2XYolo/build/test_custom_msg/build
[7.670s] DEBUG:colcon.colcon_core.event_handler.log_command:Invoking command in '/home/cimi/Documents/Workspace/ProjectRos2XYolo/src/test_custom_msg': CMAKE_PREFIX_PATH=/home/cimi/Documents/Workspace/ProjectRos2XYolo/install/custom_message:/home/cimi/Documents/Workspace/ProjectRos2XYolo/install/pesan LD_LIBRARY_PATH=/home/cimi/Documents/Workspace/ProjectRos2XYolo/install/custom_message/lib:/home/cimi/Documents/Workspace/ProjectRos2XYolo/install/pesan/lib:/opt/ros/foxy/opt/yaml_cpp_vendor/lib:/opt/ros/foxy/opt/rviz_ogre_vendor/lib:/opt/ros/foxy/lib/x86_64-linux-gnu:/opt/ros/foxy/lib PYTHONPATH=/home/cimi/Documents/Workspace/ProjectRos2XYolo/install/test_custom_msg/lib/python3.8/site-packages:/home/cimi/Documents/Workspace/ProjectRos2XYolo/install/custom_message/lib/python3.8/site-packages:/home/cimi/Documents/Workspace/ProjectRos2XYolo/install/test_custom_msg/lib/python3.8/site-packages:/home/cimi/Documents/Workspace/ProjectRos2XYolo/install/movement_node/lib/python3.8/site-packages:/home/cimi/Documents/Workspace/ProjectRos2XYolo/install/master_node/lib/python3.8/site-packages:/home/cimi/Documents/Workspace/ProjectRos2XYolo/install/pesan/lib/python3.8/site-packages:/home/cimi/Documents/Workspace/ProjectRos2XYolo/install/movement_package/lib/python3.8/site-packages:/home/cimi/Documents/Workspace/ProjectRos2XYolo/install/cv_package/lib/python3.8/site-packages:/opt/ros/foxy/lib/python3.8/site-packages /usr/bin/python3 setup.py egg_info --egg-base ../../build/test_custom_msg build --build-base /home/cimi/Documents/Workspace/ProjectRos2XYolo/build/test_custom_msg/build install --prefix /home/cimi/Documents/Workspace/ProjectRos2XYolo/install/test_custom_msg --record /home/cimi/Documents/Workspace/ProjectRos2XYolo/build/test_custom_msg/install.log --single-version-externally-managed
[8.016s] Level 1:colcon.colcon_core.environment:checking '/home/cimi/Documents/Workspace/ProjectRos2XYolo/install/test_custom_msg' for CMake module files
[8.017s] DEBUG:colcon.colcon_core.event_handler.log_command:Invoked command in '/home/cimi/Documents/Workspace/ProjectRos2XYolo/src/test_custom_msg' returned '0': CMAKE_PREFIX_PATH=/home/cimi/Documents/Workspace/ProjectRos2XYolo/install/custom_message:/home/cimi/Documents/Workspace/ProjectRos2XYolo/install/pesan LD_LIBRARY_PATH=/home/cimi/Documents/Workspace/ProjectRos2XYolo/install/custom_message/lib:/home/cimi/Documents/Workspace/ProjectRos2XYolo/install/pesan/lib:/opt/ros/foxy/opt/yaml_cpp_vendor/lib:/opt/ros/foxy/opt/rviz_ogre_vendor/lib:/opt/ros/foxy/lib/x86_64-linux-gnu:/opt/ros/foxy/lib PYTHONPATH=/home/cimi/Documents/Workspace/ProjectRos2XYolo/install/test_custom_msg/lib/python3.8/site-packages:/home/cimi/Documents/Workspace/ProjectRos2XYolo/install/custom_message/lib/python3.8/site-packages:/home/cimi/Documents/Workspace/ProjectRos2XYolo/install/test_custom_msg/lib/python3.8/site-packages:/home/cimi/Documents/Workspace/ProjectRos2XYolo/install/movement_node/lib/python3.8/site-packages:/home/cimi/Documents/Workspace/ProjectRos2XYolo/install/master_node/lib/python3.8/site-packages:/home/cimi/Documents/Workspace/ProjectRos2XYolo/install/pesan/lib/python3.8/site-packages:/home/cimi/Documents/Workspace/ProjectRos2XYolo/install/movement_package/lib/python3.8/site-packages:/home/cimi/Documents/Workspace/ProjectRos2XYolo/install/cv_package/lib/python3.8/site-packages:/opt/ros/foxy/lib/python3.8/site-packages /usr/bin/python3 setup.py egg_info --egg-base ../../build/test_custom_msg build --build-base /home/cimi/Documents/Workspace/ProjectRos2XYolo/build/test_custom_msg/build install --prefix /home/cimi/Documents/Workspace/ProjectRos2XYolo/install/test_custom_msg --record /home/cimi/Documents/Workspace/ProjectRos2XYolo/build/test_custom_msg/install.log --single-version-externally-managed
[8.017s] Level 1:colcon.colcon_core.environment:checking '/home/cimi/Documents/Workspace/ProjectRos2XYolo/install/test_custom_msg' for CMake config files
[8.018s] Level 1:colcon.colcon_core.environment:checking '/home/cimi/Documents/Workspace/ProjectRos2XYolo/install/test_custom_msg/lib'
[8.018s] Level 1:colcon.colcon_core.environment:checking '/home/cimi/Documents/Workspace/ProjectRos2XYolo/install/test_custom_msg/bin'
[8.018s] Level 1:colcon.colcon_core.environment:checking '/home/cimi/Documents/Workspace/ProjectRos2XYolo/install/test_custom_msg/lib/pkgconfig/test_custom_msg.pc'
[8.018s] Level 1:colcon.colcon_core.environment:checking '/home/cimi/Documents/Workspace/ProjectRos2XYolo/install/test_custom_msg/lib/python3.8/site-packages'
[8.018s] Level 1:colcon.colcon_core.shell:create_environment_hook('test_custom_msg', 'pythonpath')
[8.020s] INFO:colcon.colcon_core.shell:Creating environment hook '/home/cimi/Documents/Workspace/ProjectRos2XYolo/install/test_custom_msg/share/test_custom_msg/hook/pythonpath.ps1'
[8.020s] INFO:colcon.colcon_core.shell:Creating environment descriptor '/home/cimi/Documents/Workspace/ProjectRos2XYolo/install/test_custom_msg/share/test_custom_msg/hook/pythonpath.dsv'
[8.021s] INFO:colcon.colcon_core.shell:Creating environment hook '/home/cimi/Documents/Workspace/ProjectRos2XYolo/install/test_custom_msg/share/test_custom_msg/hook/pythonpath.sh'
[8.021s] Level 1:colcon.colcon_core.environment:checking '/home/cimi/Documents/Workspace/ProjectRos2XYolo/install/test_custom_msg/bin'
[8.021s] Level 1:colcon.colcon_core.environment:create_environment_scripts_only(test_custom_msg)
[8.023s] INFO:colcon.colcon_core.shell:Creating package script '/home/cimi/Documents/Workspace/ProjectRos2XYolo/install/test_custom_msg/share/test_custom_msg/package.ps1'
[8.023s] INFO:colcon.colcon_core.shell:Creating package descriptor '/home/cimi/Documents/Workspace/ProjectRos2XYolo/install/test_custom_msg/share/test_custom_msg/package.dsv'
[8.024s] INFO:colcon.colcon_core.shell:Creating package script '/home/cimi/Documents/Workspace/ProjectRos2XYolo/install/test_custom_msg/share/test_custom_msg/package.sh'
[8.025s] INFO:colcon.colcon_core.shell:Creating package script '/home/cimi/Documents/Workspace/ProjectRos2XYolo/install/test_custom_msg/share/test_custom_msg/package.bash'
[8.025s] INFO:colcon.colcon_core.shell:Creating package script '/home/cimi/Documents/Workspace/ProjectRos2XYolo/install/test_custom_msg/share/test_custom_msg/package.zsh'
[8.026s] Level 1:colcon.colcon_core.environment:create_file_with_runtime_dependencies(/home/cimi/Documents/Workspace/ProjectRos2XYolo/install/test_custom_msg/share/colcon-core/packages/test_custom_msg)
[8.026s] DEBUG:colcon.colcon_parallel_executor.executor.parallel:closing loop
[8.027s] DEBUG:colcon.colcon_parallel_executor.executor.parallel:loop closed
[8.028s] DEBUG:colcon.colcon_parallel_executor.executor.parallel:run_until_complete finished with '0'
[8.028s] DEBUG:colcon.colcon_core.event_reactor:joining thread
[8.039s] INFO:colcon.colcon_core.plugin_system:Skipping extension 'colcon_notification.desktop_notification.terminal_notifier': Not used on non-Darwin systems
[8.039s] INFO:colcon.colcon_core.plugin_system:Skipping extension 'colcon_notification.desktop_notification.win32': Not used on non-Windows systems
[8.039s] INFO:colcon.colcon_notification.desktop_notification:Sending desktop notification using 'notify2'
[8.058s] DEBUG:colcon.colcon_core.event_reactor:joined thread
[8.060s] INFO:colcon.colcon_core.shell:Creating prefix script '/home/cimi/Documents/Workspace/ProjectRos2XYolo/install/local_setup.ps1'
[8.061s] INFO:colcon.colcon_core.shell:Creating prefix util module '/home/cimi/Documents/Workspace/ProjectRos2XYolo/install/_local_setup_util_ps1.py'
[8.062s] INFO:colcon.colcon_core.shell:Creating prefix chain script '/home/cimi/Documents/Workspace/ProjectRos2XYolo/install/setup.ps1'
[8.065s] INFO:colcon.colcon_core.shell:Creating prefix script '/home/cimi/Documents/Workspace/ProjectRos2XYolo/install/local_setup.sh'
[8.066s] INFO:colcon.colcon_core.shell:Creating prefix util module '/home/cimi/Documents/Workspace/ProjectRos2XYolo/install/_local_setup_util_sh.py'
[8.066s] INFO:colcon.colcon_core.shell:Creating prefix chain script '/home/cimi/Documents/Workspace/ProjectRos2XYolo/install/setup.sh'
[8.068s] INFO:colcon.colcon_core.shell:Creating prefix script '/home/cimi/Documents/Workspace/ProjectRos2XYolo/install/local_setup.bash'
[8.069s] INFO:colcon.colcon_core.shell:Creating prefix chain script '/home/cimi/Documents/Workspace/ProjectRos2XYolo/install/setup.bash'
[8.071s] INFO:colcon.colcon_core.shell:Creating prefix script '/home/cimi/Documents/Workspace/ProjectRos2XYolo/install/local_setup.zsh'
[8.072s] INFO:colcon.colcon_core.shell:Creating prefix chain script '/home/cimi/Documents/Workspace/ProjectRos2XYolo/install/setup.zsh'
