[0.158s] DEBUG:colcon:Command line arguments: ['/usr/bin/colcon', 'build']
[0.158s] DEBUG:colcon:Parsed command line arguments: Namespace(allow_overriding=[], ament_cmake_args=None, base_paths=['.'], build_base='build', catkin_cmake_args=None, catkin_skip_building_tests=False, cmake_args=None, cmake_clean_cache=False, cmake_clean_first=False, cmake_force_configure=False, cmake_target=None, cmake_target_skip_unavailable=False, continue_on_error=False, event_handlers=None, executor='parallel', ignore_user_meta=False, install_base='install', log_base=None, log_level=None, main=<bound method BuildVerb.main of <colcon_core.verb.build.BuildVerb object at 0x7f4fceb97130>>, merge_install=False, metas=['./colcon.meta'], packages_above=None, packages_above_and_dependencies=None, packages_above_depth=None, packages_end=None, packages_ignore=None, packages_ignore_regex=None, packages_select=None, packages_select_build_failed=False, packages_select_by_dep=None, packages_select_regex=None, packages_select_test_failures=False, packages_skip=None, packages_skip_build_finished=False, packages_skip_by_dep=None, packages_skip_regex=None, packages_skip_test_passed=False, packages_skip_up_to=None, packages_start=None, packages_up_to=None, packages_up_to_regex=None, parallel_workers=8, paths=None, symlink_install=False, test_result_base=None, verb_extension=<colcon_core.verb.build.BuildVerb object at 0x7f4fceb97130>, verb_name='build', verb_parser=<colcon_defaults.argument_parser.defaults.DefaultArgumentsDecorator object at 0x7f4fceb97670>)
[0.184s] Level 1:colcon.colcon_core.package_discovery:discover_packages(colcon_meta) check parameters
[0.184s] Level 1:colcon.colcon_core.package_discovery:discover_packages(recursive) check parameters
[0.184s] Level 1:colcon.colcon_core.package_discovery:discover_packages(ignore) check parameters
[0.185s] Level 1:colcon.colcon_core.package_discovery:discover_packages(path) check parameters
[0.185s] Level 1:colcon.colcon_core.package_discovery:discover_packages(colcon_meta) discover
[0.185s] Level 1:colcon.colcon_core.package_discovery:discover_packages(recursive) discover
[0.185s] INFO:colcon.colcon_core.package_discovery:Crawling recursively for packages in '/home/cimi/Documents/Workspace/ProjectRos2XYolo'
[0.185s] Level 1:colcon.colcon_core.package_identification:_identify(.) by extensions ['ignore', 'ignore_ament_install']
[0.185s] Level 1:colcon.colcon_core.package_identification:_identify(.) by extension 'ignore'
[0.185s] Level 1:colcon.colcon_core.package_identification:_identify(.) by extension 'ignore_ament_install'
[0.186s] Level 1:colcon.colcon_core.package_identification:_identify(.) by extensions ['colcon_pkg']
[0.186s] Level 1:colcon.colcon_core.package_identification:_identify(.) by extension 'colcon_pkg'
[0.186s] Level 1:colcon.colcon_core.package_identification:_identify(.) by extensions ['colcon_meta']
[0.186s] Level 1:colcon.colcon_core.package_identification:_identify(.) by extension 'colcon_meta'
[0.186s] Level 1:colcon.colcon_core.package_identification:_identify(.) by extensions ['ros']
[0.186s] Level 1:colcon.colcon_core.package_identification:_identify(.) by extension 'ros'
[0.198s] Level 1:colcon.colcon_core.package_identification:_identify(.) by extensions ['cmake', 'python']
[0.198s] Level 1:colcon.colcon_core.package_identification:_identify(.) by extension 'cmake'
[0.198s] Level 1:colcon.colcon_core.package_identification:_identify(.) by extension 'python'
[0.199s] Level 1:colcon.colcon_core.package_identification:_identify(.) by extensions ['python_setup_py']
[0.199s] Level 1:colcon.colcon_core.package_identification:_identify(.) by extension 'python_setup_py'
[0.199s] Level 1:colcon.colcon_core.package_identification:_identify(build) by extensions ['ignore', 'ignore_ament_install']
[0.199s] Level 1:colcon.colcon_core.package_identification:_identify(build) by extension 'ignore'
[0.199s] Level 1:colcon.colcon_core.package_identification:_identify(build) ignored
[0.200s] Level 1:colcon.colcon_core.package_identification:_identify(install) by extensions ['ignore', 'ignore_ament_install']
[0.200s] Level 1:colcon.colcon_core.package_identification:_identify(install) by extension 'ignore'
[0.200s] Level 1:colcon.colcon_core.package_identification:_identify(install) ignored
[0.200s] Level 1:colcon.colcon_core.package_identification:_identify(log) by extensions ['ignore', 'ignore_ament_install']
[0.200s] Level 1:colcon.colcon_core.package_identification:_identify(log) by extension 'ignore'
[0.200s] Level 1:colcon.colcon_core.package_identification:_identify(log) ignored
[0.200s] Level 1:colcon.colcon_core.package_identification:_identify(src) by extensions ['ignore', 'ignore_ament_install']
[0.201s] Level 1:colcon.colcon_core.package_identification:_identify(src) by extension 'ignore'
[0.201s] Level 1:colcon.colcon_core.package_identification:_identify(src) by extension 'ignore_ament_install'
[0.201s] Level 1:colcon.colcon_core.package_identification:_identify(src) by extensions ['colcon_pkg']
[0.201s] Level 1:colcon.colcon_core.package_identification:_identify(src) by extension 'colcon_pkg'
[0.201s] Level 1:colcon.colcon_core.package_identification:_identify(src) by extensions ['colcon_meta']
[0.201s] Level 1:colcon.colcon_core.package_identification:_identify(src) by extension 'colcon_meta'
[0.201s] Level 1:colcon.colcon_core.package_identification:_identify(src) by extensions ['ros']
[0.201s] Level 1:colcon.colcon_core.package_identification:_identify(src) by extension 'ros'
[0.201s] Level 1:colcon.colcon_core.package_identification:_identify(src) by extensions ['cmake', 'python']
[0.201s] Level 1:colcon.colcon_core.package_identification:_identify(src) by extension 'cmake'
[0.201s] Level 1:colcon.colcon_core.package_identification:_identify(src) by extension 'python'
[0.201s] Level 1:colcon.colcon_core.package_identification:_identify(src) by extensions ['python_setup_py']
[0.201s] Level 1:colcon.colcon_core.package_identification:_identify(src) by extension 'python_setup_py'
[0.202s] Level 1:colcon.colcon_core.package_identification:_identify(src/custom_message) by extensions ['ignore', 'ignore_ament_install']
[0.202s] Level 1:colcon.colcon_core.package_identification:_identify(src/custom_message) by extension 'ignore'
[0.202s] Level 1:colcon.colcon_core.package_identification:_identify(src/custom_message) by extension 'ignore_ament_install'
[0.202s] Level 1:colcon.colcon_core.package_identification:_identify(src/custom_message) by extensions ['colcon_pkg']
[0.202s] Level 1:colcon.colcon_core.package_identification:_identify(src/custom_message) by extension 'colcon_pkg'
[0.202s] Level 1:colcon.colcon_core.package_identification:_identify(src/custom_message) by extensions ['colcon_meta']
[0.202s] Level 1:colcon.colcon_core.package_identification:_identify(src/custom_message) by extension 'colcon_meta'
[0.202s] Level 1:colcon.colcon_core.package_identification:_identify(src/custom_message) by extensions ['ros']
[0.202s] Level 1:colcon.colcon_core.package_identification:_identify(src/custom_message) by extension 'ros'
[0.205s] DEBUG:colcon.colcon_core.package_identification:Package 'src/custom_message' with type 'ros.ament_cmake' and name 'custom_message'
[0.205s] Level 1:colcon.colcon_core.package_identification:_identify(src/cv_package) by extensions ['ignore', 'ignore_ament_install']
[0.213s] Level 1:colcon.colcon_core.package_identification:_identify(src/cv_package) by extension 'ignore'
[0.214s] Level 1:colcon.colcon_core.package_identification:_identify(src/cv_package) by extension 'ignore_ament_install'
[0.214s] Level 1:colcon.colcon_core.package_identification:_identify(src/cv_package) by extensions ['colcon_pkg']
[0.214s] Level 1:colcon.colcon_core.package_identification:_identify(src/cv_package) by extension 'colcon_pkg'
[0.214s] Level 1:colcon.colcon_core.package_identification:_identify(src/cv_package) by extensions ['colcon_meta']
[0.214s] Level 1:colcon.colcon_core.package_identification:_identify(src/cv_package) by extension 'colcon_meta'
[0.214s] Level 1:colcon.colcon_core.package_identification:_identify(src/cv_package) by extensions ['ros']
[0.214s] Level 1:colcon.colcon_core.package_identification:_identify(src/cv_package) by extension 'ros'
[0.215s] DEBUG:colcon.colcon_core.package_identification:Package 'src/cv_package' with type 'ros.ament_python' and name 'cv_package'
[0.215s] Level 1:colcon.colcon_core.package_identification:_identify(src/master_node) by extensions ['ignore', 'ignore_ament_install']
[0.215s] Level 1:colcon.colcon_core.package_identification:_identify(src/master_node) by extension 'ignore'
[0.215s] Level 1:colcon.colcon_core.package_identification:_identify(src/master_node) by extension 'ignore_ament_install'
[0.216s] Level 1:colcon.colcon_core.package_identification:_identify(src/master_node) by extensions ['colcon_pkg']
[0.216s] Level 1:colcon.colcon_core.package_identification:_identify(src/master_node) by extension 'colcon_pkg'
[0.216s] Level 1:colcon.colcon_core.package_identification:_identify(src/master_node) by extensions ['colcon_meta']
[0.216s] Level 1:colcon.colcon_core.package_identification:_identify(src/master_node) by extension 'colcon_meta'
[0.216s] Level 1:colcon.colcon_core.package_identification:_identify(src/master_node) by extensions ['ros']
[0.216s] Level 1:colcon.colcon_core.package_identification:_identify(src/master_node) by extension 'ros'
[0.217s] DEBUG:colcon.colcon_core.package_identification:Package 'src/master_node' with type 'ros.ament_python' and name 'master_node'
[0.217s] Level 1:colcon.colcon_core.package_identification:_identify(src/movement_node) by extensions ['ignore', 'ignore_ament_install']
[0.217s] Level 1:colcon.colcon_core.package_identification:_identify(src/movement_node) by extension 'ignore'
[0.217s] Level 1:colcon.colcon_core.package_identification:_identify(src/movement_node) by extension 'ignore_ament_install'
[0.217s] Level 1:colcon.colcon_core.package_identification:_identify(src/movement_node) by extensions ['colcon_pkg']
[0.218s] Level 1:colcon.colcon_core.package_identification:_identify(src/movement_node) by extension 'colcon_pkg'
[0.218s] Level 1:colcon.colcon_core.package_identification:_identify(src/movement_node) by extensions ['colcon_meta']
[0.218s] Level 1:colcon.colcon_core.package_identification:_identify(src/movement_node) by extension 'colcon_meta'
[0.218s] Level 1:colcon.colcon_core.package_identification:_identify(src/movement_node) by extensions ['ros']
[0.218s] Level 1:colcon.colcon_core.package_identification:_identify(src/movement_node) by extension 'ros'
[0.219s] DEBUG:colcon.colcon_core.package_identification:Package 'src/movement_node' with type 'ros.ament_python' and name 'movement_node'
[0.219s] Level 1:colcon.colcon_core.package_identification:_identify(src/pesan) by extensions ['ignore', 'ignore_ament_install']
[0.219s] Level 1:colcon.colcon_core.package_identification:_identify(src/pesan) by extension 'ignore'
[0.219s] Level 1:colcon.colcon_core.package_identification:_identify(src/pesan) by extension 'ignore_ament_install'
[0.219s] Level 1:colcon.colcon_core.package_identification:_identify(src/pesan) by extensions ['colcon_pkg']
[0.219s] Level 1:colcon.colcon_core.package_identification:_identify(src/pesan) by extension 'colcon_pkg'
[0.219s] Level 1:colcon.colcon_core.package_identification:_identify(src/pesan) by extensions ['colcon_meta']
[0.219s] Level 1:colcon.colcon_core.package_identification:_identify(src/pesan) by extension 'colcon_meta'
[0.219s] Level 1:colcon.colcon_core.package_identification:_identify(src/pesan) by extensions ['ros']
[0.220s] Level 1:colcon.colcon_core.package_identification:_identify(src/pesan) by extension 'ros'
[0.220s] DEBUG:colcon.colcon_core.package_identification:Package 'src/pesan' with type 'ros.ament_cmake' and name 'pesan'
[0.220s] Level 1:colcon.colcon_core.package_identification:_identify(src/test_custom_msg) by extensions ['ignore', 'ignore_ament_install']
[0.220s] Level 1:colcon.colcon_core.package_identification:_identify(src/test_custom_msg) by extension 'ignore'
[0.221s] Level 1:colcon.colcon_core.package_identification:_identify(src/test_custom_msg) by extension 'ignore_ament_install'
[0.221s] Level 1:colcon.colcon_core.package_identification:_identify(src/test_custom_msg) by extensions ['colcon_pkg']
[0.221s] Level 1:colcon.colcon_core.package_identification:_identify(src/test_custom_msg) by extension 'colcon_pkg'
[0.221s] Level 1:colcon.colcon_core.package_identification:_identify(src/test_custom_msg) by extensions ['colcon_meta']
[0.221s] Level 1:colcon.colcon_core.package_identification:_identify(src/test_custom_msg) by extension 'colcon_meta'
[0.221s] Level 1:colcon.colcon_core.package_identification:_identify(src/test_custom_msg) by extensions ['ros']
[0.221s] Level 1:colcon.colcon_core.package_identification:_identify(src/test_custom_msg) by extension 'ros'
[0.222s] DEBUG:colcon.colcon_core.package_identification:Package 'src/test_custom_msg' with type 'ros.ament_python' and name 'test_custom_msg'
[0.222s] Level 1:colcon.colcon_core.package_discovery:discover_packages(recursive) using defaults
[0.222s] Level 1:colcon.colcon_core.package_discovery:discover_packages(ignore) discover
[0.222s] Level 1:colcon.colcon_core.package_discovery:discover_packages(ignore) using defaults
[0.222s] Level 1:colcon.colcon_core.package_discovery:discover_packages(path) discover
[0.222s] Level 1:colcon.colcon_core.package_discovery:discover_packages(path) using defaults
[0.244s] Level 1:colcon.colcon_core.package_discovery:discover_packages(prefix_path) check parameters
[0.244s] Level 1:colcon.colcon_core.package_discovery:discover_packages(prefix_path) discover
[0.247s] DEBUG:colcon.colcon_installed_package_information.package_discovery:Found 7 installed packages in /home/cimi/Documents/Workspace/ProjectRos2XYolo/install
[0.250s] DEBUG:colcon.colcon_installed_package_information.package_discovery:Found 256 installed packages in /opt/ros/foxy
[0.251s] Level 1:colcon.colcon_core.package_discovery:discover_packages(prefix_path) using defaults
[0.321s] Level 5:colcon.colcon_core.verb:set package 'custom_message' build argument 'cmake_args' from command line to 'None'
[0.321s] Level 5:colcon.colcon_core.verb:set package 'custom_message' build argument 'cmake_target' from command line to 'None'
[0.321s] Level 5:colcon.colcon_core.verb:set package 'custom_message' build argument 'cmake_target_skip_unavailable' from command line to 'False'
[0.321s] Level 5:colcon.colcon_core.verb:set package 'custom_message' build argument 'cmake_clean_cache' from command line to 'False'
[0.321s] Level 5:colcon.colcon_core.verb:set package 'custom_message' build argument 'cmake_clean_first' from command line to 'False'
[0.321s] Level 5:colcon.colcon_core.verb:set package 'custom_message' build argument 'cmake_force_configure' from command line to 'False'
[0.321s] Level 5:colcon.colcon_core.verb:set package 'custom_message' build argument 'ament_cmake_args' from command line to 'None'
[0.321s] Level 5:colcon.colcon_core.verb:set package 'custom_message' build argument 'catkin_cmake_args' from command line to 'None'
[0.321s] Level 5:colcon.colcon_core.verb:set package 'custom_message' build argument 'catkin_skip_building_tests' from command line to 'False'
[0.321s] DEBUG:colcon.colcon_core.verb:Building package 'custom_message' with the following arguments: {'ament_cmake_args': None, 'build_base': '/home/cimi/Documents/Workspace/ProjectRos2XYolo/build/custom_message', 'catkin_cmake_args': None, 'catkin_skip_building_tests': False, 'cmake_args': None, 'cmake_clean_cache': False, 'cmake_clean_first': False, 'cmake_force_configure': False, 'cmake_target': None, 'cmake_target_skip_unavailable': False, 'install_base': '/home/cimi/Documents/Workspace/ProjectRos2XYolo/install/custom_message', 'merge_install': False, 'path': '/home/cimi/Documents/Workspace/ProjectRos2XYolo/src/custom_message', 'symlink_install': False, 'test_result_base': None}
[0.323s] Level 5:colcon.colcon_core.verb:set package 'cv_package' build argument 'cmake_args' from command line to 'None'
[0.323s] Level 5:colcon.colcon_core.verb:set package 'cv_package' build argument 'cmake_target' from command line to 'None'
[0.323s] Level 5:colcon.colcon_core.verb:set package 'cv_package' build argument 'cmake_target_skip_unavailable' from command line to 'False'
[0.323s] Level 5:colcon.colcon_core.verb:set package 'cv_package' build argument 'cmake_clean_cache' from command line to 'False'
[0.323s] Level 5:colcon.colcon_core.verb:set package 'cv_package' build argument 'cmake_clean_first' from command line to 'False'
[0.323s] Level 5:colcon.colcon_core.verb:set package 'cv_package' build argument 'cmake_force_configure' from command line to 'False'
[0.323s] Level 5:colcon.colcon_core.verb:set package 'cv_package' build argument 'ament_cmake_args' from command line to 'None'
[0.323s] Level 5:colcon.colcon_core.verb:set package 'cv_package' build argument 'catkin_cmake_args' from command line to 'None'
[0.323s] Level 5:colcon.colcon_core.verb:set package 'cv_package' build argument 'catkin_skip_building_tests' from command line to 'False'
[0.323s] DEBUG:colcon.colcon_core.verb:Building package 'cv_package' with the following arguments: {'ament_cmake_args': None, 'build_base': '/home/cimi/Documents/Workspace/ProjectRos2XYolo/build/cv_package', 'catkin_cmake_args': None, 'catkin_skip_building_tests': False, 'cmake_args': None, 'cmake_clean_cache': False, 'cmake_clean_first': False, 'cmake_force_configure': False, 'cmake_target': None, 'cmake_target_skip_unavailable': False, 'install_base': '/home/cimi/Documents/Workspace/ProjectRos2XYolo/install/cv_package', 'merge_install': False, 'path': '/home/cimi/Documents/Workspace/ProjectRos2XYolo/src/cv_package', 'symlink_install': False, 'test_result_base': None}
[0.324s] Level 5:colcon.colcon_core.verb:set package 'pesan' build argument 'cmake_args' from command line to 'None'
[0.324s] Level 5:colcon.colcon_core.verb:set package 'pesan' build argument 'cmake_target' from command line to 'None'
[0.324s] Level 5:colcon.colcon_core.verb:set package 'pesan' build argument 'cmake_target_skip_unavailable' from command line to 'False'
[0.324s] Level 5:colcon.colcon_core.verb:set package 'pesan' build argument 'cmake_clean_cache' from command line to 'False'
[0.324s] Level 5:colcon.colcon_core.verb:set package 'pesan' build argument 'cmake_clean_first' from command line to 'False'
[0.324s] Level 5:colcon.colcon_core.verb:set package 'pesan' build argument 'cmake_force_configure' from command line to 'False'
[0.325s] Level 5:colcon.colcon_core.verb:set package 'pesan' build argument 'ament_cmake_args' from command line to 'None'
[0.325s] Level 5:colcon.colcon_core.verb:set package 'pesan' build argument 'catkin_cmake_args' from command line to 'None'
[0.325s] Level 5:colcon.colcon_core.verb:set package 'pesan' build argument 'catkin_skip_building_tests' from command line to 'False'
[0.325s] DEBUG:colcon.colcon_core.verb:Building package 'pesan' with the following arguments: {'ament_cmake_args': None, 'build_base': '/home/cimi/Documents/Workspace/ProjectRos2XYolo/build/pesan', 'catkin_cmake_args': None, 'catkin_skip_building_tests': False, 'cmake_args': None, 'cmake_clean_cache': False, 'cmake_clean_first': False, 'cmake_force_configure': False, 'cmake_target': None, 'cmake_target_skip_unavailable': False, 'install_base': '/home/cimi/Documents/Workspace/ProjectRos2XYolo/install/pesan', 'merge_install': False, 'path': '/home/cimi/Documents/Workspace/ProjectRos2XYolo/src/pesan', 'symlink_install': False, 'test_result_base': None}
[0.326s] Level 5:colcon.colcon_core.verb:set package 'master_node' build argument 'cmake_args' from command line to 'None'
[0.326s] Level 5:colcon.colcon_core.verb:set package 'master_node' build argument 'cmake_target' from command line to 'None'
[0.326s] Level 5:colcon.colcon_core.verb:set package 'master_node' build argument 'cmake_target_skip_unavailable' from command line to 'False'
[0.326s] Level 5:colcon.colcon_core.verb:set package 'master_node' build argument 'cmake_clean_cache' from command line to 'False'
[0.326s] Level 5:colcon.colcon_core.verb:set package 'master_node' build argument 'cmake_clean_first' from command line to 'False'
[0.326s] Level 5:colcon.colcon_core.verb:set package 'master_node' build argument 'cmake_force_configure' from command line to 'False'
[0.326s] Level 5:colcon.colcon_core.verb:set package 'master_node' build argument 'ament_cmake_args' from command line to 'None'
[0.326s] Level 5:colcon.colcon_core.verb:set package 'master_node' build argument 'catkin_cmake_args' from command line to 'None'
[0.326s] Level 5:colcon.colcon_core.verb:set package 'master_node' build argument 'catkin_skip_building_tests' from command line to 'False'
[0.327s] DEBUG:colcon.colcon_core.verb:Building package 'master_node' with the following arguments: {'ament_cmake_args': None, 'build_base': '/home/cimi/Documents/Workspace/ProjectRos2XYolo/build/master_node', 'catkin_cmake_args': None, 'catkin_skip_building_tests': False, 'cmake_args': None, 'cmake_clean_cache': False, 'cmake_clean_first': False, 'cmake_force_configure': False, 'cmake_target': None, 'cmake_target_skip_unavailable': False, 'install_base': '/home/cimi/Documents/Workspace/ProjectRos2XYolo/install/master_node', 'merge_install': False, 'path': '/home/cimi/Documents/Workspace/ProjectRos2XYolo/src/master_node', 'symlink_install': False, 'test_result_base': None}
[0.328s] Level 5:colcon.colcon_core.verb:set package 'movement_node' build argument 'cmake_args' from command line to 'None'
[0.328s] Level 5:colcon.colcon_core.verb:set package 'movement_node' build argument 'cmake_target' from command line to 'None'
[0.328s] Level 5:colcon.colcon_core.verb:set package 'movement_node' build argument 'cmake_target_skip_unavailable' from command line to 'False'
[0.328s] Level 5:colcon.colcon_core.verb:set package 'movement_node' build argument 'cmake_clean_cache' from command line to 'False'
[0.328s] Level 5:colcon.colcon_core.verb:set package 'movement_node' build argument 'cmake_clean_first' from command line to 'False'
[0.328s] Level 5:colcon.colcon_core.verb:set package 'movement_node' build argument 'cmake_force_configure' from command line to 'False'
[0.328s] Level 5:colcon.colcon_core.verb:set package 'movement_node' build argument 'ament_cmake_args' from command line to 'None'
[0.328s] Level 5:colcon.colcon_core.verb:set package 'movement_node' build argument 'catkin_cmake_args' from command line to 'None'
[0.328s] Level 5:colcon.colcon_core.verb:set package 'movement_node' build argument 'catkin_skip_building_tests' from command line to 'False'
[0.328s] DEBUG:colcon.colcon_core.verb:Building package 'movement_node' with the following arguments: {'ament_cmake_args': None, 'build_base': '/home/cimi/Documents/Workspace/ProjectRos2XYolo/build/movement_node', 'catkin_cmake_args': None, 'catkin_skip_building_tests': False, 'cmake_args': None, 'cmake_clean_cache': False, 'cmake_clean_first': False, 'cmake_force_configure': False, 'cmake_target': None, 'cmake_target_skip_unavailable': False, 'install_base': '/home/cimi/Documents/Workspace/ProjectRos2XYolo/install/movement_node', 'merge_install': False, 'path': '/home/cimi/Documents/Workspace/ProjectRos2XYolo/src/movement_node', 'symlink_install': False, 'test_result_base': None}
[0.329s] Level 5:colcon.colcon_core.verb:set package 'test_custom_msg' build argument 'cmake_args' from command line to 'None'
[0.330s] Level 5:colcon.colcon_core.verb:set package 'test_custom_msg' build argument 'cmake_target' from command line to 'None'
[0.330s] Level 5:colcon.colcon_core.verb:set package 'test_custom_msg' build argument 'cmake_target_skip_unavailable' from command line to 'False'
[0.330s] Level 5:colcon.colcon_core.verb:set package 'test_custom_msg' build argument 'cmake_clean_cache' from command line to 'False'
[0.330s] Level 5:colcon.colcon_core.verb:set package 'test_custom_msg' build argument 'cmake_clean_first' from command line to 'False'
[0.330s] Level 5:colcon.colcon_core.verb:set package 'test_custom_msg' build argument 'cmake_force_configure' from command line to 'False'
[0.330s] Level 5:colcon.colcon_core.verb:set package 'test_custom_msg' build argument 'ament_cmake_args' from command line to 'None'
[0.330s] Level 5:colcon.colcon_core.verb:set package 'test_custom_msg' build argument 'catkin_cmake_args' from command line to 'None'
[0.330s] Level 5:colcon.colcon_core.verb:set package 'test_custom_msg' build argument 'catkin_skip_building_tests' from command line to 'False'
[0.330s] DEBUG:colcon.colcon_core.verb:Building package 'test_custom_msg' with the following arguments: {'ament_cmake_args': None, 'build_base': '/home/cimi/Documents/Workspace/ProjectRos2XYolo/build/test_custom_msg', 'catkin_cmake_args': None, 'catkin_skip_building_tests': False, 'cmake_args': None, 'cmake_clean_cache': False, 'cmake_clean_first': False, 'cmake_force_configure': False, 'cmake_target': None, 'cmake_target_skip_unavailable': False, 'install_base': '/home/cimi/Documents/Workspace/ProjectRos2XYolo/install/test_custom_msg', 'merge_install': False, 'path': '/home/cimi/Documents/Workspace/ProjectRos2XYolo/src/test_custom_msg', 'symlink_install': False, 'test_result_base': None}
[0.331s] INFO:colcon.colcon_core.executor:Executing jobs using 'parallel' executor
[0.336s] DEBUG:colcon.colcon_parallel_executor.executor.parallel:run_until_complete
[0.336s] INFO:colcon.colcon_ros.task.ament_cmake.build:Building ROS package in '/home/cimi/Documents/Workspace/ProjectRos2XYolo/src/pesan' with build type 'ament_cmake'
[0.337s] INFO:colcon.colcon_cmake.task.cmake.build:Building CMake package in '/home/cimi/Documents/Workspace/ProjectRos2XYolo/src/pesan'
[0.342s] INFO:colcon.colcon_core.plugin_system:Skipping extension 'colcon_core.shell.bat': Not used on non-Windows systems
[0.342s] INFO:colcon.colcon_core.shell:Skip shell extension 'powershell' for command environment: Not usable outside of PowerShell
[0.342s] DEBUG:colcon.colcon_core.shell:Skip shell extension 'dsv' for command environment
[0.350s] INFO:colcon.colcon_ros.task.ament_cmake.build:Building ROS package in '/home/cimi/Documents/Workspace/ProjectRos2XYolo/src/custom_message' with build type 'ament_cmake'
[0.351s] INFO:colcon.colcon_cmake.task.cmake.build:Building CMake package in '/home/cimi/Documents/Workspace/ProjectRos2XYolo/src/custom_message'
[0.353s] INFO:colcon.colcon_core.shell:Skip shell extension 'powershell' for command environment: Not usable outside of PowerShell
[0.354s] DEBUG:colcon.colcon_core.shell:Skip shell extension 'dsv' for command environment
[0.363s] INFO:colcon.colcon_ros.task.ament_python.build:Building ROS package in '/home/cimi/Documents/Workspace/ProjectRos2XYolo/src/cv_package' with build type 'ament_python'
[0.364s] Level 1:colcon.colcon_core.shell:create_environment_hook('cv_package', 'ament_prefix_path')
[0.368s] INFO:colcon.colcon_core.shell:Creating environment hook '/home/cimi/Documents/Workspace/ProjectRos2XYolo/install/cv_package/share/cv_package/hook/ament_prefix_path.ps1'
[0.369s] INFO:colcon.colcon_core.shell:Creating environment descriptor '/home/cimi/Documents/Workspace/ProjectRos2XYolo/install/cv_package/share/cv_package/hook/ament_prefix_path.dsv'
[0.370s] INFO:colcon.colcon_core.shell:Creating environment hook '/home/cimi/Documents/Workspace/ProjectRos2XYolo/install/cv_package/share/cv_package/hook/ament_prefix_path.sh'
[0.372s] INFO:colcon.colcon_core.shell:Skip shell extension 'powershell' for command environment: Not usable outside of PowerShell
[0.373s] DEBUG:colcon.colcon_core.shell:Skip shell extension 'dsv' for command environment
[0.387s] DEBUG:colcon.colcon_core.event_handler.log_command:Invoking command in '/home/cimi/Documents/Workspace/ProjectRos2XYolo/build/pesan': CMAKE_PREFIX_PATH=${CMAKE_PREFIX_PATH}:/home/cimi/Documents/Workspace/ProjectRos2XYolo/install/test_custom_msg:/home/cimi/Documents/Workspace/ProjectRos2XYolo/install/movement_node:/home/cimi/Documents/Workspace/ProjectRos2XYolo/install/master_node:/home/cimi/Documents/Workspace/ProjectRos2XYolo/install/movement_package:/home/cimi/Documents/Workspace/ProjectRos2XYolo/install/cv_package:/opt/ros/foxy /usr/bin/cmake --build /home/cimi/Documents/Workspace/ProjectRos2XYolo/build/pesan -- -j8 -l8
[0.401s] DEBUG:colcon.colcon_core.event_handler.log_command:Invoking command in '/home/cimi/Documents/Workspace/ProjectRos2XYolo/build/custom_message': CMAKE_PREFIX_PATH=${CMAKE_PREFIX_PATH}:/home/cimi/Documents/Workspace/ProjectRos2XYolo/install/test_custom_msg:/home/cimi/Documents/Workspace/ProjectRos2XYolo/install/movement_node:/home/cimi/Documents/Workspace/ProjectRos2XYolo/install/master_node:/home/cimi/Documents/Workspace/ProjectRos2XYolo/install/movement_package:/home/cimi/Documents/Workspace/ProjectRos2XYolo/install/cv_package:/opt/ros/foxy /usr/bin/cmake --build /home/cimi/Documents/Workspace/ProjectRos2XYolo/build/custom_message -- -j8 -l8
[0.853s] INFO:colcon.colcon_core.task.python.build:Building Python package in '/home/cimi/Documents/Workspace/ProjectRos2XYolo/src/cv_package'
[0.855s] INFO:colcon.colcon_core.shell:Skip shell extension 'powershell' for command environment: Not usable outside of PowerShell
[0.855s] DEBUG:colcon.colcon_core.shell:Skip shell extension 'dsv' for command environment
[0.891s] DEBUG:colcon.colcon_core.event_handler.log_command:Invoked command in '/home/cimi/Documents/Workspace/ProjectRos2XYolo/build/pesan' returned '0': CMAKE_PREFIX_PATH=${CMAKE_PREFIX_PATH}:/home/cimi/Documents/Workspace/ProjectRos2XYolo/install/test_custom_msg:/home/cimi/Documents/Workspace/ProjectRos2XYolo/install/movement_node:/home/cimi/Documents/Workspace/ProjectRos2XYolo/install/master_node:/home/cimi/Documents/Workspace/ProjectRos2XYolo/install/movement_package:/home/cimi/Documents/Workspace/ProjectRos2XYolo/install/cv_package:/opt/ros/foxy /usr/bin/cmake --build /home/cimi/Documents/Workspace/ProjectRos2XYolo/build/pesan -- -j8 -l8
[0.892s] DEBUG:colcon.colcon_core.event_handler.log_command:Invoked command in '/home/cimi/Documents/Workspace/ProjectRos2XYolo/build/custom_message' returned '0': CMAKE_PREFIX_PATH=${CMAKE_PREFIX_PATH}:/home/cimi/Documents/Workspace/ProjectRos2XYolo/install/test_custom_msg:/home/cimi/Documents/Workspace/ProjectRos2XYolo/install/movement_node:/home/cimi/Documents/Workspace/ProjectRos2XYolo/install/master_node:/home/cimi/Documents/Workspace/ProjectRos2XYolo/install/movement_package:/home/cimi/Documents/Workspace/ProjectRos2XYolo/install/cv_package:/opt/ros/foxy /usr/bin/cmake --build /home/cimi/Documents/Workspace/ProjectRos2XYolo/build/custom_message -- -j8 -l8
[0.975s] DEBUG:colcon.colcon_core.event_handler.log_command:Invoking command in '/home/cimi/Documents/Workspace/ProjectRos2XYolo/build/pesan': CMAKE_PREFIX_PATH=${CMAKE_PREFIX_PATH}:/home/cimi/Documents/Workspace/ProjectRos2XYolo/install/test_custom_msg:/home/cimi/Documents/Workspace/ProjectRos2XYolo/install/movement_node:/home/cimi/Documents/Workspace/ProjectRos2XYolo/install/master_node:/home/cimi/Documents/Workspace/ProjectRos2XYolo/install/movement_package:/home/cimi/Documents/Workspace/ProjectRos2XYolo/install/cv_package:/opt/ros/foxy /usr/bin/cmake --install /home/cimi/Documents/Workspace/ProjectRos2XYolo/build/pesan
[0.982s] DEBUG:colcon.colcon_core.event_handler.log_command:Invoking command in '/home/cimi/Documents/Workspace/ProjectRos2XYolo/build/custom_message': CMAKE_PREFIX_PATH=${CMAKE_PREFIX_PATH}:/home/cimi/Documents/Workspace/ProjectRos2XYolo/install/test_custom_msg:/home/cimi/Documents/Workspace/ProjectRos2XYolo/install/movement_node:/home/cimi/Documents/Workspace/ProjectRos2XYolo/install/master_node:/home/cimi/Documents/Workspace/ProjectRos2XYolo/install/movement_package:/home/cimi/Documents/Workspace/ProjectRos2XYolo/install/cv_package:/opt/ros/foxy /usr/bin/cmake --install /home/cimi/Documents/Workspace/ProjectRos2XYolo/build/custom_message
[1.076s] Level 1:colcon.colcon_core.environment:create_environment_scripts_only(pesan)
[1.080s] DEBUG:colcon.colcon_core.event_handler.log_command:Invoked command in '/home/cimi/Documents/Workspace/ProjectRos2XYolo/build/pesan' returned '0': CMAKE_PREFIX_PATH=${CMAKE_PREFIX_PATH}:/home/cimi/Documents/Workspace/ProjectRos2XYolo/install/test_custom_msg:/home/cimi/Documents/Workspace/ProjectRos2XYolo/install/movement_node:/home/cimi/Documents/Workspace/ProjectRos2XYolo/install/master_node:/home/cimi/Documents/Workspace/ProjectRos2XYolo/install/movement_package:/home/cimi/Documents/Workspace/ProjectRos2XYolo/install/cv_package:/opt/ros/foxy /usr/bin/cmake --install /home/cimi/Documents/Workspace/ProjectRos2XYolo/build/pesan
[1.088s] Level 1:colcon.colcon_core.environment:checking '/home/cimi/Documents/Workspace/ProjectRos2XYolo/install/pesan' for CMake module files
[1.089s] Level 1:colcon.colcon_core.environment:checking '/home/cimi/Documents/Workspace/ProjectRos2XYolo/install/pesan' for CMake config files
[1.090s] Level 1:colcon.colcon_core.shell:create_environment_hook('pesan', 'cmake_prefix_path')
[1.093s] INFO:colcon.colcon_core.shell:Creating environment hook '/home/cimi/Documents/Workspace/ProjectRos2XYolo/install/pesan/share/pesan/hook/cmake_prefix_path.ps1'
[1.093s] INFO:colcon.colcon_core.shell:Creating environment descriptor '/home/cimi/Documents/Workspace/ProjectRos2XYolo/install/pesan/share/pesan/hook/cmake_prefix_path.dsv'
[1.094s] INFO:colcon.colcon_core.shell:Creating environment hook '/home/cimi/Documents/Workspace/ProjectRos2XYolo/install/pesan/share/pesan/hook/cmake_prefix_path.sh'
[1.095s] Level 1:colcon.colcon_core.environment:checking '/home/cimi/Documents/Workspace/ProjectRos2XYolo/install/pesan/lib'
[1.095s] Level 1:colcon.colcon_core.shell:create_environment_hook('pesan', 'ld_library_path_lib')
[1.098s] INFO:colcon.colcon_core.shell:Creating environment hook '/home/cimi/Documents/Workspace/ProjectRos2XYolo/install/pesan/share/pesan/hook/ld_library_path_lib.ps1'
[1.099s] INFO:colcon.colcon_core.shell:Creating environment descriptor '/home/cimi/Documents/Workspace/ProjectRos2XYolo/install/pesan/share/pesan/hook/ld_library_path_lib.dsv'
[1.099s] INFO:colcon.colcon_core.shell:Creating environment hook '/home/cimi/Documents/Workspace/ProjectRos2XYolo/install/pesan/share/pesan/hook/ld_library_path_lib.sh'
[1.100s] Level 1:colcon.colcon_core.environment:checking '/home/cimi/Documents/Workspace/ProjectRos2XYolo/install/pesan/bin'
[1.100s] Level 1:colcon.colcon_core.environment:checking '/home/cimi/Documents/Workspace/ProjectRos2XYolo/install/pesan/lib/pkgconfig/pesan.pc'
[1.101s] Level 1:colcon.colcon_core.environment:checking '/home/cimi/Documents/Workspace/ProjectRos2XYolo/install/pesan/lib/python3.8/site-packages'
[1.101s] Level 1:colcon.colcon_core.shell:create_environment_hook('pesan', 'pythonpath')
[1.103s] INFO:colcon.colcon_core.shell:Creating environment hook '/home/cimi/Documents/Workspace/ProjectRos2XYolo/install/pesan/share/pesan/hook/pythonpath.ps1'
[1.103s] INFO:colcon.colcon_core.shell:Creating environment descriptor '/home/cimi/Documents/Workspace/ProjectRos2XYolo/install/pesan/share/pesan/hook/pythonpath.dsv'
[1.104s] INFO:colcon.colcon_core.shell:Creating environment hook '/home/cimi/Documents/Workspace/ProjectRos2XYolo/install/pesan/share/pesan/hook/pythonpath.sh'
[1.105s] Level 1:colcon.colcon_core.environment:checking '/home/cimi/Documents/Workspace/ProjectRos2XYolo/install/pesan/bin'
[1.107s] INFO:colcon.colcon_core.shell:Creating package script '/home/cimi/Documents/Workspace/ProjectRos2XYolo/install/pesan/share/pesan/package.ps1'
[1.108s] INFO:colcon.colcon_core.shell:Creating package descriptor '/home/cimi/Documents/Workspace/ProjectRos2XYolo/install/pesan/share/pesan/package.dsv'
[1.109s] INFO:colcon.colcon_core.shell:Creating package script '/home/cimi/Documents/Workspace/ProjectRos2XYolo/install/pesan/share/pesan/package.sh'
[1.109s] INFO:colcon.colcon_core.shell:Creating package script '/home/cimi/Documents/Workspace/ProjectRos2XYolo/install/pesan/share/pesan/package.bash'
[1.112s] INFO:colcon.colcon_core.shell:Creating package script '/home/cimi/Documents/Workspace/ProjectRos2XYolo/install/pesan/share/pesan/package.zsh'
[1.115s] Level 1:colcon.colcon_core.environment:create_file_with_runtime_dependencies(/home/cimi/Documents/Workspace/ProjectRos2XYolo/install/pesan/share/colcon-core/packages/pesan)
[1.122s] Level 1:colcon.colcon_core.environment:create_environment_scripts_only(custom_message)
[1.128s] Level 1:colcon.colcon_core.environment:checking '/home/cimi/Documents/Workspace/ProjectRos2XYolo/install/custom_message' for CMake module files
[1.129s] DEBUG:colcon.colcon_core.event_handler.log_command:Invoked command in '/home/cimi/Documents/Workspace/ProjectRos2XYolo/build/custom_message' returned '0': CMAKE_PREFIX_PATH=${CMAKE_PREFIX_PATH}:/home/cimi/Documents/Workspace/ProjectRos2XYolo/install/test_custom_msg:/home/cimi/Documents/Workspace/ProjectRos2XYolo/install/movement_node:/home/cimi/Documents/Workspace/ProjectRos2XYolo/install/master_node:/home/cimi/Documents/Workspace/ProjectRos2XYolo/install/movement_package:/home/cimi/Documents/Workspace/ProjectRos2XYolo/install/cv_package:/opt/ros/foxy /usr/bin/cmake --install /home/cimi/Documents/Workspace/ProjectRos2XYolo/build/custom_message
[1.130s] Level 1:colcon.colcon_core.environment:checking '/home/cimi/Documents/Workspace/ProjectRos2XYolo/install/custom_message' for CMake config files
[1.131s] Level 1:colcon.colcon_core.shell:create_environment_hook('custom_message', 'cmake_prefix_path')
[1.135s] INFO:colcon.colcon_core.shell:Creating environment hook '/home/cimi/Documents/Workspace/ProjectRos2XYolo/install/custom_message/share/custom_message/hook/cmake_prefix_path.ps1'
[1.136s] INFO:colcon.colcon_core.shell:Creating environment descriptor '/home/cimi/Documents/Workspace/ProjectRos2XYolo/install/custom_message/share/custom_message/hook/cmake_prefix_path.dsv'
[1.137s] INFO:colcon.colcon_core.shell:Creating environment hook '/home/cimi/Documents/Workspace/ProjectRos2XYolo/install/custom_message/share/custom_message/hook/cmake_prefix_path.sh'
[1.138s] Level 1:colcon.colcon_core.environment:checking '/home/cimi/Documents/Workspace/ProjectRos2XYolo/install/custom_message/lib'
[1.138s] Level 1:colcon.colcon_core.shell:create_environment_hook('custom_message', 'ld_library_path_lib')
[1.140s] INFO:colcon.colcon_core.shell:Creating environment hook '/home/cimi/Documents/Workspace/ProjectRos2XYolo/install/custom_message/share/custom_message/hook/ld_library_path_lib.ps1'
[1.141s] INFO:colcon.colcon_core.shell:Creating environment descriptor '/home/cimi/Documents/Workspace/ProjectRos2XYolo/install/custom_message/share/custom_message/hook/ld_library_path_lib.dsv'
[1.141s] INFO:colcon.colcon_core.shell:Creating environment hook '/home/cimi/Documents/Workspace/ProjectRos2XYolo/install/custom_message/share/custom_message/hook/ld_library_path_lib.sh'
[1.142s] Level 1:colcon.colcon_core.environment:checking '/home/cimi/Documents/Workspace/ProjectRos2XYolo/install/custom_message/bin'
[1.142s] Level 1:colcon.colcon_core.environment:checking '/home/cimi/Documents/Workspace/ProjectRos2XYolo/install/custom_message/lib/pkgconfig/custom_message.pc'
[1.142s] Level 1:colcon.colcon_core.environment:checking '/home/cimi/Documents/Workspace/ProjectRos2XYolo/install/custom_message/lib/python3.8/site-packages'
[1.142s] Level 1:colcon.colcon_core.shell:create_environment_hook('custom_message', 'pythonpath')
[1.144s] INFO:colcon.colcon_core.shell:Creating environment hook '/home/cimi/Documents/Workspace/ProjectRos2XYolo/install/custom_message/share/custom_message/hook/pythonpath.ps1'
[1.145s] INFO:colcon.colcon_core.shell:Creating environment descriptor '/home/cimi/Documents/Workspace/ProjectRos2XYolo/install/custom_message/share/custom_message/hook/pythonpath.dsv'
[1.145s] INFO:colcon.colcon_core.shell:Creating environment hook '/home/cimi/Documents/Workspace/ProjectRos2XYolo/install/custom_message/share/custom_message/hook/pythonpath.sh'
[1.146s] Level 1:colcon.colcon_core.environment:checking '/home/cimi/Documents/Workspace/ProjectRos2XYolo/install/custom_message/bin'
[1.148s] INFO:colcon.colcon_core.shell:Creating package script '/home/cimi/Documents/Workspace/ProjectRos2XYolo/install/custom_message/share/custom_message/package.ps1'
[1.148s] INFO:colcon.colcon_core.shell:Creating package descriptor '/home/cimi/Documents/Workspace/ProjectRos2XYolo/install/custom_message/share/custom_message/package.dsv'
[1.149s] INFO:colcon.colcon_core.shell:Creating package script '/home/cimi/Documents/Workspace/ProjectRos2XYolo/install/custom_message/share/custom_message/package.sh'
[1.150s] INFO:colcon.colcon_core.shell:Creating package script '/home/cimi/Documents/Workspace/ProjectRos2XYolo/install/custom_message/share/custom_message/package.bash'
[1.151s] INFO:colcon.colcon_core.shell:Creating package script '/home/cimi/Documents/Workspace/ProjectRos2XYolo/install/custom_message/share/custom_message/package.zsh'
[1.151s] Level 1:colcon.colcon_core.environment:create_file_with_runtime_dependencies(/home/cimi/Documents/Workspace/ProjectRos2XYolo/install/custom_message/share/colcon-core/packages/custom_message)
[1.204s] Level 1:colcon.colcon_core.environment:create_environment_scripts_only(pesan)
[1.207s] Level 1:colcon.colcon_core.environment:checking '/home/cimi/Documents/Workspace/ProjectRos2XYolo/install/pesan' for CMake module files
[1.208s] Level 1:colcon.colcon_core.environment:checking '/home/cimi/Documents/Workspace/ProjectRos2XYolo/install/pesan' for CMake config files
[1.209s] Level 1:colcon.colcon_core.shell:create_environment_hook('pesan', 'cmake_prefix_path')
[1.212s] INFO:colcon.colcon_core.shell:Creating environment hook '/home/cimi/Documents/Workspace/ProjectRos2XYolo/install/pesan/share/pesan/hook/cmake_prefix_path.ps1'
[1.213s] INFO:colcon.colcon_core.shell:Creating environment descriptor '/home/cimi/Documents/Workspace/ProjectRos2XYolo/install/pesan/share/pesan/hook/cmake_prefix_path.dsv'
[1.213s] INFO:colcon.colcon_core.shell:Creating environment hook '/home/cimi/Documents/Workspace/ProjectRos2XYolo/install/pesan/share/pesan/hook/cmake_prefix_path.sh'
[1.214s] Level 1:colcon.colcon_core.environment:checking '/home/cimi/Documents/Workspace/ProjectRos2XYolo/install/pesan/lib'
[1.214s] Level 1:colcon.colcon_core.shell:create_environment_hook('pesan', 'ld_library_path_lib')
[1.218s] INFO:colcon.colcon_core.shell:Creating environment hook '/home/cimi/Documents/Workspace/ProjectRos2XYolo/install/pesan/share/pesan/hook/ld_library_path_lib.ps1'
[1.218s] INFO:colcon.colcon_core.shell:Creating environment descriptor '/home/cimi/Documents/Workspace/ProjectRos2XYolo/install/pesan/share/pesan/hook/ld_library_path_lib.dsv'
[1.219s] INFO:colcon.colcon_core.shell:Creating environment hook '/home/cimi/Documents/Workspace/ProjectRos2XYolo/install/pesan/share/pesan/hook/ld_library_path_lib.sh'
[1.219s] Level 1:colcon.colcon_core.environment:checking '/home/cimi/Documents/Workspace/ProjectRos2XYolo/install/pesan/bin'
[1.219s] Level 1:colcon.colcon_core.environment:checking '/home/cimi/Documents/Workspace/ProjectRos2XYolo/install/pesan/lib/pkgconfig/pesan.pc'
[1.220s] Level 1:colcon.colcon_core.environment:checking '/home/cimi/Documents/Workspace/ProjectRos2XYolo/install/pesan/lib/python3.8/site-packages'
[1.220s] Level 1:colcon.colcon_core.shell:create_environment_hook('pesan', 'pythonpath')
[1.222s] INFO:colcon.colcon_core.shell:Creating environment hook '/home/cimi/Documents/Workspace/ProjectRos2XYolo/install/pesan/share/pesan/hook/pythonpath.ps1'
[1.222s] INFO:colcon.colcon_core.shell:Creating environment descriptor '/home/cimi/Documents/Workspace/ProjectRos2XYolo/install/pesan/share/pesan/hook/pythonpath.dsv'
[1.223s] INFO:colcon.colcon_core.shell:Creating environment hook '/home/cimi/Documents/Workspace/ProjectRos2XYolo/install/pesan/share/pesan/hook/pythonpath.sh'
[1.223s] Level 1:colcon.colcon_core.environment:checking '/home/cimi/Documents/Workspace/ProjectRos2XYolo/install/pesan/bin'
[1.225s] INFO:colcon.colcon_core.shell:Creating package script '/home/cimi/Documents/Workspace/ProjectRos2XYolo/install/pesan/share/pesan/package.ps1'
[1.226s] INFO:colcon.colcon_core.shell:Creating package descriptor '/home/cimi/Documents/Workspace/ProjectRos2XYolo/install/pesan/share/pesan/package.dsv'
[1.227s] INFO:colcon.colcon_core.shell:Creating package script '/home/cimi/Documents/Workspace/ProjectRos2XYolo/install/pesan/share/pesan/package.sh'
[1.227s] INFO:colcon.colcon_core.shell:Creating package script '/home/cimi/Documents/Workspace/ProjectRos2XYolo/install/pesan/share/pesan/package.bash'
[1.228s] INFO:colcon.colcon_core.shell:Creating package script '/home/cimi/Documents/Workspace/ProjectRos2XYolo/install/pesan/share/pesan/package.zsh'
[1.229s] Level 1:colcon.colcon_core.environment:create_file_with_runtime_dependencies(/home/cimi/Documents/Workspace/ProjectRos2XYolo/install/pesan/share/colcon-core/packages/pesan)
[1.230s] INFO:colcon.colcon_ros.task.ament_python.build:Building ROS package in '/home/cimi/Documents/Workspace/ProjectRos2XYolo/src/master_node' with build type 'ament_python'
[1.230s] Level 1:colcon.colcon_core.shell:create_environment_hook('master_node', 'ament_prefix_path')
[1.232s] INFO:colcon.colcon_core.shell:Creating environment hook '/home/cimi/Documents/Workspace/ProjectRos2XYolo/install/master_node/share/master_node/hook/ament_prefix_path.ps1'
[1.233s] INFO:colcon.colcon_core.shell:Creating environment descriptor '/home/cimi/Documents/Workspace/ProjectRos2XYolo/install/master_node/share/master_node/hook/ament_prefix_path.dsv'
[1.234s] INFO:colcon.colcon_core.shell:Creating environment hook '/home/cimi/Documents/Workspace/ProjectRos2XYolo/install/master_node/share/master_node/hook/ament_prefix_path.sh'
[1.236s] INFO:colcon.colcon_core.shell:Skip shell extension 'powershell' for command environment: Not usable outside of PowerShell
[1.236s] DEBUG:colcon.colcon_core.shell:Skip shell extension 'dsv' for command environment
[1.246s] INFO:colcon.colcon_ros.task.ament_python.build:Building ROS package in '/home/cimi/Documents/Workspace/ProjectRos2XYolo/src/movement_node' with build type 'ament_python'
[1.247s] Level 1:colcon.colcon_core.shell:create_environment_hook('movement_node', 'ament_prefix_path')
[1.250s] INFO:colcon.colcon_core.shell:Creating environment hook '/home/cimi/Documents/Workspace/ProjectRos2XYolo/install/movement_node/share/movement_node/hook/ament_prefix_path.ps1'
[1.251s] INFO:colcon.colcon_core.shell:Creating environment descriptor '/home/cimi/Documents/Workspace/ProjectRos2XYolo/install/movement_node/share/movement_node/hook/ament_prefix_path.dsv'
[1.251s] INFO:colcon.colcon_core.shell:Creating environment hook '/home/cimi/Documents/Workspace/ProjectRos2XYolo/install/movement_node/share/movement_node/hook/ament_prefix_path.sh'
[1.254s] INFO:colcon.colcon_core.shell:Skip shell extension 'powershell' for command environment: Not usable outside of PowerShell
[1.254s] DEBUG:colcon.colcon_core.shell:Skip shell extension 'dsv' for command environment
[1.268s] Level 1:colcon.colcon_core.environment:create_environment_scripts_only(custom_message)
[1.271s] Level 1:colcon.colcon_core.environment:checking '/home/cimi/Documents/Workspace/ProjectRos2XYolo/install/custom_message' for CMake module files
[1.272s] Level 1:colcon.colcon_core.environment:checking '/home/cimi/Documents/Workspace/ProjectRos2XYolo/install/custom_message' for CMake config files
[1.273s] Level 1:colcon.colcon_core.shell:create_environment_hook('custom_message', 'cmake_prefix_path')
[1.274s] INFO:colcon.colcon_core.shell:Creating environment hook '/home/cimi/Documents/Workspace/ProjectRos2XYolo/install/custom_message/share/custom_message/hook/cmake_prefix_path.ps1'
[1.275s] INFO:colcon.colcon_core.shell:Creating environment descriptor '/home/cimi/Documents/Workspace/ProjectRos2XYolo/install/custom_message/share/custom_message/hook/cmake_prefix_path.dsv'
[1.276s] INFO:colcon.colcon_core.shell:Creating environment hook '/home/cimi/Documents/Workspace/ProjectRos2XYolo/install/custom_message/share/custom_message/hook/cmake_prefix_path.sh'
[1.276s] Level 1:colcon.colcon_core.environment:checking '/home/cimi/Documents/Workspace/ProjectRos2XYolo/install/custom_message/lib'
[1.277s] Level 1:colcon.colcon_core.shell:create_environment_hook('custom_message', 'ld_library_path_lib')
[1.279s] INFO:colcon.colcon_core.shell:Creating environment hook '/home/cimi/Documents/Workspace/ProjectRos2XYolo/install/custom_message/share/custom_message/hook/ld_library_path_lib.ps1'
[1.279s] INFO:colcon.colcon_core.shell:Creating environment descriptor '/home/cimi/Documents/Workspace/ProjectRos2XYolo/install/custom_message/share/custom_message/hook/ld_library_path_lib.dsv'
[1.280s] INFO:colcon.colcon_core.shell:Creating environment hook '/home/cimi/Documents/Workspace/ProjectRos2XYolo/install/custom_message/share/custom_message/hook/ld_library_path_lib.sh'
[1.280s] Level 1:colcon.colcon_core.environment:checking '/home/cimi/Documents/Workspace/ProjectRos2XYolo/install/custom_message/bin'
[1.281s] Level 1:colcon.colcon_core.environment:checking '/home/cimi/Documents/Workspace/ProjectRos2XYolo/install/custom_message/lib/pkgconfig/custom_message.pc'
[1.281s] Level 1:colcon.colcon_core.environment:checking '/home/cimi/Documents/Workspace/ProjectRos2XYolo/install/custom_message/lib/python3.8/site-packages'
[1.281s] Level 1:colcon.colcon_core.shell:create_environment_hook('custom_message', 'pythonpath')
[1.283s] INFO:colcon.colcon_core.shell:Creating environment hook '/home/cimi/Documents/Workspace/ProjectRos2XYolo/install/custom_message/share/custom_message/hook/pythonpath.ps1'
[1.284s] INFO:colcon.colcon_core.shell:Creating environment descriptor '/home/cimi/Documents/Workspace/ProjectRos2XYolo/install/custom_message/share/custom_message/hook/pythonpath.dsv'
[1.284s] INFO:colcon.colcon_core.shell:Creating environment hook '/home/cimi/Documents/Workspace/ProjectRos2XYolo/install/custom_message/share/custom_message/hook/pythonpath.sh'
[1.285s] Level 1:colcon.colcon_core.environment:checking '/home/cimi/Documents/Workspace/ProjectRos2XYolo/install/custom_message/bin'
[1.287s] INFO:colcon.colcon_core.shell:Creating package script '/home/cimi/Documents/Workspace/ProjectRos2XYolo/install/custom_message/share/custom_message/package.ps1'
[1.288s] INFO:colcon.colcon_core.shell:Creating package descriptor '/home/cimi/Documents/Workspace/ProjectRos2XYolo/install/custom_message/share/custom_message/package.dsv'
[1.289s] INFO:colcon.colcon_core.shell:Creating package script '/home/cimi/Documents/Workspace/ProjectRos2XYolo/install/custom_message/share/custom_message/package.sh'
[1.290s] INFO:colcon.colcon_core.shell:Creating package script '/home/cimi/Documents/Workspace/ProjectRos2XYolo/install/custom_message/share/custom_message/package.bash'
[1.290s] INFO:colcon.colcon_core.shell:Creating package script '/home/cimi/Documents/Workspace/ProjectRos2XYolo/install/custom_message/share/custom_message/package.zsh'
[1.291s] Level 1:colcon.colcon_core.environment:create_file_with_runtime_dependencies(/home/cimi/Documents/Workspace/ProjectRos2XYolo/install/custom_message/share/colcon-core/packages/custom_message)
[1.578s] INFO:colcon.colcon_core.task.python.build:Building Python package in '/home/cimi/Documents/Workspace/ProjectRos2XYolo/src/master_node'
[1.580s] INFO:colcon.colcon_core.shell:Skip shell extension 'powershell' for command environment: Not usable outside of PowerShell
[1.580s] DEBUG:colcon.colcon_core.shell:Skip shell extension 'dsv' for command environment
[1.586s] INFO:colcon.colcon_ros.task.ament_python.build:Building ROS package in '/home/cimi/Documents/Workspace/ProjectRos2XYolo/src/test_custom_msg' with build type 'ament_python'
[1.587s] Level 1:colcon.colcon_core.shell:create_environment_hook('test_custom_msg', 'ament_prefix_path')
[1.589s] INFO:colcon.colcon_core.shell:Creating environment hook '/home/cimi/Documents/Workspace/ProjectRos2XYolo/install/test_custom_msg/share/test_custom_msg/hook/ament_prefix_path.ps1'
[1.591s] INFO:colcon.colcon_core.shell:Creating environment descriptor '/home/cimi/Documents/Workspace/ProjectRos2XYolo/install/test_custom_msg/share/test_custom_msg/hook/ament_prefix_path.dsv'
[1.591s] INFO:colcon.colcon_core.shell:Creating environment hook '/home/cimi/Documents/Workspace/ProjectRos2XYolo/install/test_custom_msg/share/test_custom_msg/hook/ament_prefix_path.sh'
[1.593s] INFO:colcon.colcon_core.shell:Skip shell extension 'powershell' for command environment: Not usable outside of PowerShell
[1.593s] DEBUG:colcon.colcon_core.shell:Skip shell extension 'dsv' for command environment
[1.839s] INFO:colcon.colcon_core.task.python.build:Building Python package in '/home/cimi/Documents/Workspace/ProjectRos2XYolo/src/movement_node'
[1.840s] INFO:colcon.colcon_core.shell:Skip shell extension 'powershell' for command environment: Not usable outside of PowerShell
[1.841s] DEBUG:colcon.colcon_core.shell:Skip shell extension 'dsv' for command environment
[1.852s] DEBUG:colcon.colcon_core.event_handler.log_command:Invoking command in '/home/cimi/Documents/Workspace/ProjectRos2XYolo/build/cv_package': PYTHONPATH=/home/cimi/Documents/Workspace/ProjectRos2XYolo/install/cv_package/lib/python3.8/site-packages:${PYTHONPATH} /usr/bin/python3 setup.py develop --prefix /home/cimi/Documents/Workspace/ProjectRos2XYolo/install/cv_package --uninstall --editable --build-directory /home/cimi/Documents/Workspace/ProjectRos2XYolo/build/cv_package/build
[2.158s] INFO:colcon.colcon_core.task.python.build:Building Python package in '/home/cimi/Documents/Workspace/ProjectRos2XYolo/src/test_custom_msg'
[2.161s] INFO:colcon.colcon_core.shell:Skip shell extension 'powershell' for command environment: Not usable outside of PowerShell
[2.161s] DEBUG:colcon.colcon_core.shell:Skip shell extension 'dsv' for command environment
[2.377s] DEBUG:colcon.colcon_core.event_handler.log_command:Invoking command in '/home/cimi/Documents/Workspace/ProjectRos2XYolo/src/master_node': PYTHONPATH=/home/cimi/Documents/Workspace/ProjectRos2XYolo/install/master_node/lib/python3.8/site-packages:/home/cimi/Documents/Workspace/ProjectRos2XYolo/install/pesan/lib/python3.8/site-packages:/home/cimi/Documents/Workspace/ProjectRos2XYolo/install/test_custom_msg/lib/python3.8/site-packages:/home/cimi/Documents/Workspace/ProjectRos2XYolo/install/movement_node/lib/python3.8/site-packages:/home/cimi/Documents/Workspace/ProjectRos2XYolo/install/master_node/lib/python3.8/site-packages:/home/cimi/Documents/Workspace/ProjectRos2XYolo/install/movement_package/lib/python3.8/site-packages:/home/cimi/Documents/Workspace/ProjectRos2XYolo/install/cv_package/lib/python3.8/site-packages:/home/cimi/Documents/Workspace/ProjectRos2XYolo/install/custom_message/lib/python3.8/site-packages:/opt/ros/foxy/lib/python3.8/site-packages /usr/bin/python3 setup.py egg_info --egg-base ../../build/master_node build --build-base /home/cimi/Documents/Workspace/ProjectRos2XYolo/build/master_node/build install --prefix /home/cimi/Documents/Workspace/ProjectRos2XYolo/install/master_node --record /home/cimi/Documents/Workspace/ProjectRos2XYolo/build/master_node/install.log --single-version-externally-managed
[2.389s] DEBUG:colcon.colcon_core.event_handler.log_command:Invoked command in '/home/cimi/Documents/Workspace/ProjectRos2XYolo/build/cv_package' returned '0': PYTHONPATH=/home/cimi/Documents/Workspace/ProjectRos2XYolo/install/cv_package/lib/python3.8/site-packages:${PYTHONPATH} /usr/bin/python3 setup.py develop --prefix /home/cimi/Documents/Workspace/ProjectRos2XYolo/install/cv_package --uninstall --editable --build-directory /home/cimi/Documents/Workspace/ProjectRos2XYolo/build/cv_package/build
[2.393s] DEBUG:colcon.colcon_core.event_handler.log_command:Invoking command in '/home/cimi/Documents/Workspace/ProjectRos2XYolo/src/cv_package': PYTHONPATH=/home/cimi/Documents/Workspace/ProjectRos2XYolo/install/cv_package/lib/python3.8/site-packages:${PYTHONPATH} /usr/bin/python3 setup.py egg_info --egg-base ../../build/cv_package build --build-base /home/cimi/Documents/Workspace/ProjectRos2XYolo/build/cv_package/build install --prefix /home/cimi/Documents/Workspace/ProjectRos2XYolo/install/cv_package --record /home/cimi/Documents/Workspace/ProjectRos2XYolo/build/cv_package/install.log --single-version-externally-managed
[2.738s] DEBUG:colcon.colcon_core.event_handler.log_command:Invoking command in '/home/cimi/Documents/Workspace/ProjectRos2XYolo/src/movement_node': PYTHONPATH=/home/cimi/Documents/Workspace/ProjectRos2XYolo/install/movement_node/lib/python3.8/site-packages:/home/cimi/Documents/Workspace/ProjectRos2XYolo/install/pesan/lib/python3.8/site-packages:/home/cimi/Documents/Workspace/ProjectRos2XYolo/install/test_custom_msg/lib/python3.8/site-packages:/home/cimi/Documents/Workspace/ProjectRos2XYolo/install/movement_node/lib/python3.8/site-packages:/home/cimi/Documents/Workspace/ProjectRos2XYolo/install/master_node/lib/python3.8/site-packages:/home/cimi/Documents/Workspace/ProjectRos2XYolo/install/movement_package/lib/python3.8/site-packages:/home/cimi/Documents/Workspace/ProjectRos2XYolo/install/cv_package/lib/python3.8/site-packages:/home/cimi/Documents/Workspace/ProjectRos2XYolo/install/custom_message/lib/python3.8/site-packages:/opt/ros/foxy/lib/python3.8/site-packages /usr/bin/python3 setup.py egg_info --egg-base ../../build/movement_node build --build-base /home/cimi/Documents/Workspace/ProjectRos2XYolo/build/movement_node/build install --prefix /home/cimi/Documents/Workspace/ProjectRos2XYolo/install/movement_node --record /home/cimi/Documents/Workspace/ProjectRos2XYolo/build/movement_node/install.log --single-version-externally-managed
[2.773s] DEBUG:colcon.colcon_core.event_handler.log_command:Invoking command in '/home/cimi/Documents/Workspace/ProjectRos2XYolo/build/test_custom_msg': CMAKE_PREFIX_PATH=/home/cimi/Documents/Workspace/ProjectRos2XYolo/install/custom_message:/home/cimi/Documents/Workspace/ProjectRos2XYolo/install/pesan LD_LIBRARY_PATH=/home/cimi/Documents/Workspace/ProjectRos2XYolo/install/custom_message/lib:/home/cimi/Documents/Workspace/ProjectRos2XYolo/install/pesan/lib:/opt/ros/foxy/opt/yaml_cpp_vendor/lib:/opt/ros/foxy/opt/rviz_ogre_vendor/lib:/opt/ros/foxy/lib/x86_64-linux-gnu:/opt/ros/foxy/lib PYTHONPATH=/home/cimi/Documents/Workspace/ProjectRos2XYolo/install/test_custom_msg/lib/python3.8/site-packages:/home/cimi/Documents/Workspace/ProjectRos2XYolo/install/custom_message/lib/python3.8/site-packages:/home/cimi/Documents/Workspace/ProjectRos2XYolo/install/test_custom_msg/lib/python3.8/site-packages:/home/cimi/Documents/Workspace/ProjectRos2XYolo/install/movement_node/lib/python3.8/site-packages:/home/cimi/Documents/Workspace/ProjectRos2XYolo/install/master_node/lib/python3.8/site-packages:/home/cimi/Documents/Workspace/ProjectRos2XYolo/install/pesan/lib/python3.8/site-packages:/home/cimi/Documents/Workspace/ProjectRos2XYolo/install/movement_package/lib/python3.8/site-packages:/home/cimi/Documents/Workspace/ProjectRos2XYolo/install/cv_package/lib/python3.8/site-packages:/opt/ros/foxy/lib/python3.8/site-packages /usr/bin/python3 setup.py develop --prefix /home/cimi/Documents/Workspace/ProjectRos2XYolo/install/test_custom_msg --uninstall --editable --build-directory /home/cimi/Documents/Workspace/ProjectRos2XYolo/build/test_custom_msg/build
[3.271s] DEBUG:colcon.colcon_core.event_handler.log_command:Invoked command in '/home/cimi/Documents/Workspace/ProjectRos2XYolo/src/master_node' returned '0': PYTHONPATH=/home/cimi/Documents/Workspace/ProjectRos2XYolo/install/master_node/lib/python3.8/site-packages:/home/cimi/Documents/Workspace/ProjectRos2XYolo/install/pesan/lib/python3.8/site-packages:/home/cimi/Documents/Workspace/ProjectRos2XYolo/install/test_custom_msg/lib/python3.8/site-packages:/home/cimi/Documents/Workspace/ProjectRos2XYolo/install/movement_node/lib/python3.8/site-packages:/home/cimi/Documents/Workspace/ProjectRos2XYolo/install/master_node/lib/python3.8/site-packages:/home/cimi/Documents/Workspace/ProjectRos2XYolo/install/movement_package/lib/python3.8/site-packages:/home/cimi/Documents/Workspace/ProjectRos2XYolo/install/cv_package/lib/python3.8/site-packages:/home/cimi/Documents/Workspace/ProjectRos2XYolo/install/custom_message/lib/python3.8/site-packages:/opt/ros/foxy/lib/python3.8/site-packages /usr/bin/python3 setup.py egg_info --egg-base ../../build/master_node build --build-base /home/cimi/Documents/Workspace/ProjectRos2XYolo/build/master_node/build install --prefix /home/cimi/Documents/Workspace/ProjectRos2XYolo/install/master_node --record /home/cimi/Documents/Workspace/ProjectRos2XYolo/build/master_node/install.log --single-version-externally-managed
[3.287s] Level 1:colcon.colcon_core.environment:checking '/home/cimi/Documents/Workspace/ProjectRos2XYolo/install/master_node' for CMake module files
[3.294s] Level 1:colcon.colcon_core.environment:checking '/home/cimi/Documents/Workspace/ProjectRos2XYolo/install/master_node' for CMake config files
[3.301s] Level 1:colcon.colcon_core.environment:checking '/home/cimi/Documents/Workspace/ProjectRos2XYolo/install/master_node/lib'
[3.304s] Level 1:colcon.colcon_core.environment:checking '/home/cimi/Documents/Workspace/ProjectRos2XYolo/install/master_node/bin'
[3.305s] Level 1:colcon.colcon_core.environment:checking '/home/cimi/Documents/Workspace/ProjectRos2XYolo/install/master_node/lib/pkgconfig/master_node.pc'
[3.308s] Level 1:colcon.colcon_core.environment:checking '/home/cimi/Documents/Workspace/ProjectRos2XYolo/install/master_node/lib/python3.8/site-packages'
[3.309s] Level 1:colcon.colcon_core.shell:create_environment_hook('master_node', 'pythonpath')
[3.330s] INFO:colcon.colcon_core.shell:Creating environment hook '/home/cimi/Documents/Workspace/ProjectRos2XYolo/install/master_node/share/master_node/hook/pythonpath.ps1'
[3.336s] INFO:colcon.colcon_core.shell:Creating environment descriptor '/home/cimi/Documents/Workspace/ProjectRos2XYolo/install/master_node/share/master_node/hook/pythonpath.dsv'
[3.340s] INFO:colcon.colcon_core.shell:Creating environment hook '/home/cimi/Documents/Workspace/ProjectRos2XYolo/install/master_node/share/master_node/hook/pythonpath.sh'
[3.346s] Level 1:colcon.colcon_core.environment:checking '/home/cimi/Documents/Workspace/ProjectRos2XYolo/install/master_node/bin'
[3.347s] Level 1:colcon.colcon_core.environment:create_environment_scripts_only(master_node)
[3.369s] INFO:colcon.colcon_core.shell:Creating package script '/home/cimi/Documents/Workspace/ProjectRos2XYolo/install/master_node/share/master_node/package.ps1'
[3.375s] INFO:colcon.colcon_core.shell:Creating package descriptor '/home/cimi/Documents/Workspace/ProjectRos2XYolo/install/master_node/share/master_node/package.dsv'
[3.380s] INFO:colcon.colcon_core.shell:Creating package script '/home/cimi/Documents/Workspace/ProjectRos2XYolo/install/master_node/share/master_node/package.sh'
[3.386s] INFO:colcon.colcon_core.shell:Creating package script '/home/cimi/Documents/Workspace/ProjectRos2XYolo/install/master_node/share/master_node/package.bash'
[3.390s] INFO:colcon.colcon_core.shell:Creating package script '/home/cimi/Documents/Workspace/ProjectRos2XYolo/install/master_node/share/master_node/package.zsh'
[3.394s] Level 1:colcon.colcon_core.environment:create_file_with_runtime_dependencies(/home/cimi/Documents/Workspace/ProjectRos2XYolo/install/master_node/share/colcon-core/packages/master_node)
[3.431s] Level 1:colcon.colcon_core.environment:checking '/home/cimi/Documents/Workspace/ProjectRos2XYolo/install/cv_package' for CMake module files
[3.436s] DEBUG:colcon.colcon_core.event_handler.log_command:Invoked command in '/home/cimi/Documents/Workspace/ProjectRos2XYolo/src/cv_package' returned '0': PYTHONPATH=/home/cimi/Documents/Workspace/ProjectRos2XYolo/install/cv_package/lib/python3.8/site-packages:${PYTHONPATH} /usr/bin/python3 setup.py egg_info --egg-base ../../build/cv_package build --build-base /home/cimi/Documents/Workspace/ProjectRos2XYolo/build/cv_package/build install --prefix /home/cimi/Documents/Workspace/ProjectRos2XYolo/install/cv_package --record /home/cimi/Documents/Workspace/ProjectRos2XYolo/build/cv_package/install.log --single-version-externally-managed
[3.440s] Level 1:colcon.colcon_core.environment:checking '/home/cimi/Documents/Workspace/ProjectRos2XYolo/install/cv_package' for CMake config files
[3.445s] Level 1:colcon.colcon_core.environment:checking '/home/cimi/Documents/Workspace/ProjectRos2XYolo/install/cv_package/lib'
[3.445s] Level 1:colcon.colcon_core.environment:checking '/home/cimi/Documents/Workspace/ProjectRos2XYolo/install/cv_package/bin'
[3.446s] Level 1:colcon.colcon_core.environment:checking '/home/cimi/Documents/Workspace/ProjectRos2XYolo/install/cv_package/lib/pkgconfig/cv_package.pc'
[3.448s] Level 1:colcon.colcon_core.environment:checking '/home/cimi/Documents/Workspace/ProjectRos2XYolo/install/cv_package/lib/python3.8/site-packages'
[3.449s] Level 1:colcon.colcon_core.shell:create_environment_hook('cv_package', 'pythonpath')
[3.465s] INFO:colcon.colcon_core.shell:Creating environment hook '/home/cimi/Documents/Workspace/ProjectRos2XYolo/install/cv_package/share/cv_package/hook/pythonpath.ps1'
[3.468s] INFO:colcon.colcon_core.shell:Creating environment descriptor '/home/cimi/Documents/Workspace/ProjectRos2XYolo/install/cv_package/share/cv_package/hook/pythonpath.dsv'
[3.472s] INFO:colcon.colcon_core.shell:Creating environment hook '/home/cimi/Documents/Workspace/ProjectRos2XYolo/install/cv_package/share/cv_package/hook/pythonpath.sh'
[3.478s] Level 1:colcon.colcon_core.environment:checking '/home/cimi/Documents/Workspace/ProjectRos2XYolo/install/cv_package/bin'
[3.479s] Level 1:colcon.colcon_core.environment:create_environment_scripts_only(cv_package)
[3.494s] INFO:colcon.colcon_core.shell:Creating package script '/home/cimi/Documents/Workspace/ProjectRos2XYolo/install/cv_package/share/cv_package/package.ps1'
[3.499s] INFO:colcon.colcon_core.shell:Creating package descriptor '/home/cimi/Documents/Workspace/ProjectRos2XYolo/install/cv_package/share/cv_package/package.dsv'
[3.503s] INFO:colcon.colcon_core.shell:Creating package script '/home/cimi/Documents/Workspace/ProjectRos2XYolo/install/cv_package/share/cv_package/package.sh'
[3.507s] INFO:colcon.colcon_core.shell:Creating package script '/home/cimi/Documents/Workspace/ProjectRos2XYolo/install/cv_package/share/cv_package/package.bash'
[3.511s] INFO:colcon.colcon_core.shell:Creating package script '/home/cimi/Documents/Workspace/ProjectRos2XYolo/install/cv_package/share/cv_package/package.zsh'
[3.515s] Level 1:colcon.colcon_core.environment:create_file_with_runtime_dependencies(/home/cimi/Documents/Workspace/ProjectRos2XYolo/install/cv_package/share/colcon-core/packages/cv_package)
[6.252s] DEBUG:colcon.colcon_core.event_handler.log_command:Invoked command in '/home/cimi/Documents/Workspace/ProjectRos2XYolo/src/movement_node' returned '0': PYTHONPATH=/home/cimi/Documents/Workspace/ProjectRos2XYolo/install/movement_node/lib/python3.8/site-packages:/home/cimi/Documents/Workspace/ProjectRos2XYolo/install/pesan/lib/python3.8/site-packages:/home/cimi/Documents/Workspace/ProjectRos2XYolo/install/test_custom_msg/lib/python3.8/site-packages:/home/cimi/Documents/Workspace/ProjectRos2XYolo/install/movement_node/lib/python3.8/site-packages:/home/cimi/Documents/Workspace/ProjectRos2XYolo/install/master_node/lib/python3.8/site-packages:/home/cimi/Documents/Workspace/ProjectRos2XYolo/install/movement_package/lib/python3.8/site-packages:/home/cimi/Documents/Workspace/ProjectRos2XYolo/install/cv_package/lib/python3.8/site-packages:/home/cimi/Documents/Workspace/ProjectRos2XYolo/install/custom_message/lib/python3.8/site-packages:/opt/ros/foxy/lib/python3.8/site-packages /usr/bin/python3 setup.py egg_info --egg-base ../../build/movement_node build --build-base /home/cimi/Documents/Workspace/ProjectRos2XYolo/build/movement_node/build install --prefix /home/cimi/Documents/Workspace/ProjectRos2XYolo/install/movement_node --record /home/cimi/Documents/Workspace/ProjectRos2XYolo/build/movement_node/install.log --single-version-externally-managed
[6.254s] Level 1:colcon.colcon_core.environment:checking '/home/cimi/Documents/Workspace/ProjectRos2XYolo/install/movement_node' for CMake module files
[6.261s] Level 1:colcon.colcon_core.environment:checking '/home/cimi/Documents/Workspace/ProjectRos2XYolo/install/movement_node' for CMake config files
[6.267s] Level 1:colcon.colcon_core.environment:checking '/home/cimi/Documents/Workspace/ProjectRos2XYolo/install/movement_node/lib'
[6.268s] Level 1:colcon.colcon_core.environment:checking '/home/cimi/Documents/Workspace/ProjectRos2XYolo/install/movement_node/bin'
[6.269s] Level 1:colcon.colcon_core.environment:checking '/home/cimi/Documents/Workspace/ProjectRos2XYolo/install/movement_node/lib/pkgconfig/movement_node.pc'
[6.271s] Level 1:colcon.colcon_core.environment:checking '/home/cimi/Documents/Workspace/ProjectRos2XYolo/install/movement_node/lib/python3.8/site-packages'
[6.271s] Level 1:colcon.colcon_core.shell:create_environment_hook('movement_node', 'pythonpath')
[6.283s] INFO:colcon.colcon_core.shell:Creating environment hook '/home/cimi/Documents/Workspace/ProjectRos2XYolo/install/movement_node/share/movement_node/hook/pythonpath.ps1'
[6.286s] INFO:colcon.colcon_core.shell:Creating environment descriptor '/home/cimi/Documents/Workspace/ProjectRos2XYolo/install/movement_node/share/movement_node/hook/pythonpath.dsv'
[6.289s] INFO:colcon.colcon_core.shell:Creating environment hook '/home/cimi/Documents/Workspace/ProjectRos2XYolo/install/movement_node/share/movement_node/hook/pythonpath.sh'
[6.294s] Level 1:colcon.colcon_core.environment:checking '/home/cimi/Documents/Workspace/ProjectRos2XYolo/install/movement_node/bin'
[6.295s] Level 1:colcon.colcon_core.environment:create_environment_scripts_only(movement_node)
[6.309s] INFO:colcon.colcon_core.shell:Creating package script '/home/cimi/Documents/Workspace/ProjectRos2XYolo/install/movement_node/share/movement_node/package.ps1'
[6.313s] INFO:colcon.colcon_core.shell:Creating package descriptor '/home/cimi/Documents/Workspace/ProjectRos2XYolo/install/movement_node/share/movement_node/package.dsv'
[6.318s] INFO:colcon.colcon_core.shell:Creating package script '/home/cimi/Documents/Workspace/ProjectRos2XYolo/install/movement_node/share/movement_node/package.sh'
[6.323s] INFO:colcon.colcon_core.shell:Creating package script '/home/cimi/Documents/Workspace/ProjectRos2XYolo/install/movement_node/share/movement_node/package.bash'
[6.326s] INFO:colcon.colcon_core.shell:Creating package script '/home/cimi/Documents/Workspace/ProjectRos2XYolo/install/movement_node/share/movement_node/package.zsh'
[6.330s] Level 1:colcon.colcon_core.environment:create_file_with_runtime_dependencies(/home/cimi/Documents/Workspace/ProjectRos2XYolo/install/movement_node/share/colcon-core/packages/movement_node)
[7.088s] DEBUG:colcon.colcon_core.event_handler.log_command:Invoked command in '/home/cimi/Documents/Workspace/ProjectRos2XYolo/build/test_custom_msg' returned '0': CMAKE_PREFIX_PATH=/home/cimi/Documents/Workspace/ProjectRos2XYolo/install/custom_message:/home/cimi/Documents/Workspace/ProjectRos2XYolo/install/pesan LD_LIBRARY_PATH=/home/cimi/Documents/Workspace/ProjectRos2XYolo/install/custom_message/lib:/home/cimi/Documents/Workspace/ProjectRos2XYolo/install/pesan/lib:/opt/ros/foxy/opt/yaml_cpp_vendor/lib:/opt/ros/foxy/opt/rviz_ogre_vendor/lib:/opt/ros/foxy/lib/x86_64-linux-gnu:/opt/ros/foxy/lib PYTHONPATH=/home/cimi/Documents/Workspace/ProjectRos2XYolo/install/test_custom_msg/lib/python3.8/site-packages:/home/cimi/Documents/Workspace/ProjectRos2XYolo/install/custom_message/lib/python3.8/site-packages:/home/cimi/Documents/Workspace/ProjectRos2XYolo/install/test_custom_msg/lib/python3.8/site-packages:/home/cimi/Documents/Workspace/ProjectRos2XYolo/install/movement_node/lib/python3.8/site-packages:/home/cimi/Documents/Workspace/ProjectRos2XYolo/install/master_node/lib/python3.8/site-packages:/home/cimi/Documents/Workspace/ProjectRos2XYolo/install/pesan/lib/python3.8/site-packages:/home/cimi/Documents/Workspace/ProjectRos2XYolo/install/movement_package/lib/python3.8/site-packages:/home/cimi/Documents/Workspace/ProjectRos2XYolo/install/cv_package/lib/python3.8/site-packages:/opt/ros/foxy/lib/python3.8/site-packages /usr/bin/python3 setup.py develop --prefix /home/cimi/Documents/Workspace/ProjectRos2XYolo/install/test_custom_msg --uninstall --editable --build-directory /home/cimi/Documents/Workspace/ProjectRos2XYolo/build/test_custom_msg/build
[7.108s] DEBUG:colcon.colcon_core.event_handler.log_command:Invoking command in '/home/cimi/Documents/Workspace/ProjectRos2XYolo/src/test_custom_msg': CMAKE_PREFIX_PATH=/home/cimi/Documents/Workspace/ProjectRos2XYolo/install/custom_message:/home/cimi/Documents/Workspace/ProjectRos2XYolo/install/pesan LD_LIBRARY_PATH=/home/cimi/Documents/Workspace/ProjectRos2XYolo/install/custom_message/lib:/home/cimi/Documents/Workspace/ProjectRos2XYolo/install/pesan/lib:/opt/ros/foxy/opt/yaml_cpp_vendor/lib:/opt/ros/foxy/opt/rviz_ogre_vendor/lib:/opt/ros/foxy/lib/x86_64-linux-gnu:/opt/ros/foxy/lib PYTHONPATH=/home/cimi/Documents/Workspace/ProjectRos2XYolo/install/test_custom_msg/lib/python3.8/site-packages:/home/cimi/Documents/Workspace/ProjectRos2XYolo/install/custom_message/lib/python3.8/site-packages:/home/cimi/Documents/Workspace/ProjectRos2XYolo/install/test_custom_msg/lib/python3.8/site-packages:/home/cimi/Documents/Workspace/ProjectRos2XYolo/install/movement_node/lib/python3.8/site-packages:/home/cimi/Documents/Workspace/ProjectRos2XYolo/install/master_node/lib/python3.8/site-packages:/home/cimi/Documents/Workspace/ProjectRos2XYolo/install/pesan/lib/python3.8/site-packages:/home/cimi/Documents/Workspace/ProjectRos2XYolo/install/movement_package/lib/python3.8/site-packages:/home/cimi/Documents/Workspace/ProjectRos2XYolo/install/cv_package/lib/python3.8/site-packages:/opt/ros/foxy/lib/python3.8/site-packages /usr/bin/python3 setup.py egg_info --egg-base ../../build/test_custom_msg build --build-base /home/cimi/Documents/Workspace/ProjectRos2XYolo/build/test_custom_msg/build install --prefix /home/cimi/Documents/Workspace/ProjectRos2XYolo/install/test_custom_msg --record /home/cimi/Documents/Workspace/ProjectRos2XYolo/build/test_custom_msg/install.log --single-version-externally-managed
[7.979s] Level 1:colcon.colcon_core.environment:checking '/home/cimi/Documents/Workspace/ProjectRos2XYolo/install/test_custom_msg' for CMake module files
[7.980s] DEBUG:colcon.colcon_core.event_handler.log_command:Invoked command in '/home/cimi/Documents/Workspace/ProjectRos2XYolo/src/test_custom_msg' returned '0': CMAKE_PREFIX_PATH=/home/cimi/Documents/Workspace/ProjectRos2XYolo/install/custom_message:/home/cimi/Documents/Workspace/ProjectRos2XYolo/install/pesan LD_LIBRARY_PATH=/home/cimi/Documents/Workspace/ProjectRos2XYolo/install/custom_message/lib:/home/cimi/Documents/Workspace/ProjectRos2XYolo/install/pesan/lib:/opt/ros/foxy/opt/yaml_cpp_vendor/lib:/opt/ros/foxy/opt/rviz_ogre_vendor/lib:/opt/ros/foxy/lib/x86_64-linux-gnu:/opt/ros/foxy/lib PYTHONPATH=/home/cimi/Documents/Workspace/ProjectRos2XYolo/install/test_custom_msg/lib/python3.8/site-packages:/home/cimi/Documents/Workspace/ProjectRos2XYolo/install/custom_message/lib/python3.8/site-packages:/home/cimi/Documents/Workspace/ProjectRos2XYolo/install/test_custom_msg/lib/python3.8/site-packages:/home/cimi/Documents/Workspace/ProjectRos2XYolo/install/movement_node/lib/python3.8/site-packages:/home/cimi/Documents/Workspace/ProjectRos2XYolo/install/master_node/lib/python3.8/site-packages:/home/cimi/Documents/Workspace/ProjectRos2XYolo/install/pesan/lib/python3.8/site-packages:/home/cimi/Documents/Workspace/ProjectRos2XYolo/install/movement_package/lib/python3.8/site-packages:/home/cimi/Documents/Workspace/ProjectRos2XYolo/install/cv_package/lib/python3.8/site-packages:/opt/ros/foxy/lib/python3.8/site-packages /usr/bin/python3 setup.py egg_info --egg-base ../../build/test_custom_msg build --build-base /home/cimi/Documents/Workspace/ProjectRos2XYolo/build/test_custom_msg/build install --prefix /home/cimi/Documents/Workspace/ProjectRos2XYolo/install/test_custom_msg --record /home/cimi/Documents/Workspace/ProjectRos2XYolo/build/test_custom_msg/install.log --single-version-externally-managed
[7.980s] Level 1:colcon.colcon_core.environment:checking '/home/cimi/Documents/Workspace/ProjectRos2XYolo/install/test_custom_msg' for CMake config files
[7.981s] Level 1:colcon.colcon_core.environment:checking '/home/cimi/Documents/Workspace/ProjectRos2XYolo/install/test_custom_msg/lib'
[7.981s] Level 1:colcon.colcon_core.environment:checking '/home/cimi/Documents/Workspace/ProjectRos2XYolo/install/test_custom_msg/bin'
[7.981s] Level 1:colcon.colcon_core.environment:checking '/home/cimi/Documents/Workspace/ProjectRos2XYolo/install/test_custom_msg/lib/pkgconfig/test_custom_msg.pc'
[7.982s] Level 1:colcon.colcon_core.environment:checking '/home/cimi/Documents/Workspace/ProjectRos2XYolo/install/test_custom_msg/lib/python3.8/site-packages'
[7.982s] Level 1:colcon.colcon_core.shell:create_environment_hook('test_custom_msg', 'pythonpath')
[7.983s] INFO:colcon.colcon_core.shell:Creating environment hook '/home/cimi/Documents/Workspace/ProjectRos2XYolo/install/test_custom_msg/share/test_custom_msg/hook/pythonpath.ps1'
[7.984s] INFO:colcon.colcon_core.shell:Creating environment descriptor '/home/cimi/Documents/Workspace/ProjectRos2XYolo/install/test_custom_msg/share/test_custom_msg/hook/pythonpath.dsv'
[7.984s] INFO:colcon.colcon_core.shell:Creating environment hook '/home/cimi/Documents/Workspace/ProjectRos2XYolo/install/test_custom_msg/share/test_custom_msg/hook/pythonpath.sh'
[7.985s] Level 1:colcon.colcon_core.environment:checking '/home/cimi/Documents/Workspace/ProjectRos2XYolo/install/test_custom_msg/bin'
[7.985s] Level 1:colcon.colcon_core.environment:create_environment_scripts_only(test_custom_msg)
[7.986s] INFO:colcon.colcon_core.shell:Creating package script '/home/cimi/Documents/Workspace/ProjectRos2XYolo/install/test_custom_msg/share/test_custom_msg/package.ps1'
[7.987s] INFO:colcon.colcon_core.shell:Creating package descriptor '/home/cimi/Documents/Workspace/ProjectRos2XYolo/install/test_custom_msg/share/test_custom_msg/package.dsv'
[7.987s] INFO:colcon.colcon_core.shell:Creating package script '/home/cimi/Documents/Workspace/ProjectRos2XYolo/install/test_custom_msg/share/test_custom_msg/package.sh'
[7.988s] INFO:colcon.colcon_core.shell:Creating package script '/home/cimi/Documents/Workspace/ProjectRos2XYolo/install/test_custom_msg/share/test_custom_msg/package.bash'
[7.988s] INFO:colcon.colcon_core.shell:Creating package script '/home/cimi/Documents/Workspace/ProjectRos2XYolo/install/test_custom_msg/share/test_custom_msg/package.zsh'
[7.988s] Level 1:colcon.colcon_core.environment:create_file_with_runtime_dependencies(/home/cimi/Documents/Workspace/ProjectRos2XYolo/install/test_custom_msg/share/colcon-core/packages/test_custom_msg)
[7.989s] DEBUG:colcon.colcon_parallel_executor.executor.parallel:closing loop
[7.989s] DEBUG:colcon.colcon_parallel_executor.executor.parallel:loop closed
[7.990s] DEBUG:colcon.colcon_parallel_executor.executor.parallel:run_until_complete finished with '0'
[7.990s] DEBUG:colcon.colcon_core.event_reactor:joining thread
[7.999s] INFO:colcon.colcon_core.plugin_system:Skipping extension 'colcon_notification.desktop_notification.terminal_notifier': Not used on non-Darwin systems
[7.999s] INFO:colcon.colcon_core.plugin_system:Skipping extension 'colcon_notification.desktop_notification.win32': Not used on non-Windows systems
[7.999s] INFO:colcon.colcon_notification.desktop_notification:Sending desktop notification using 'notify2'
[8.018s] DEBUG:colcon.colcon_core.event_reactor:joined thread
[8.020s] INFO:colcon.colcon_core.shell:Creating prefix script '/home/cimi/Documents/Workspace/ProjectRos2XYolo/install/local_setup.ps1'
[8.022s] INFO:colcon.colcon_core.shell:Creating prefix util module '/home/cimi/Documents/Workspace/ProjectRos2XYolo/install/_local_setup_util_ps1.py'
[8.023s] INFO:colcon.colcon_core.shell:Creating prefix chain script '/home/cimi/Documents/Workspace/ProjectRos2XYolo/install/setup.ps1'
[8.026s] INFO:colcon.colcon_core.shell:Creating prefix script '/home/cimi/Documents/Workspace/ProjectRos2XYolo/install/local_setup.sh'
[8.026s] INFO:colcon.colcon_core.shell:Creating prefix util module '/home/cimi/Documents/Workspace/ProjectRos2XYolo/install/_local_setup_util_sh.py'
[8.027s] INFO:colcon.colcon_core.shell:Creating prefix chain script '/home/cimi/Documents/Workspace/ProjectRos2XYolo/install/setup.sh'
[8.030s] INFO:colcon.colcon_core.shell:Creating prefix script '/home/cimi/Documents/Workspace/ProjectRos2XYolo/install/local_setup.bash'
[8.031s] INFO:colcon.colcon_core.shell:Creating prefix chain script '/home/cimi/Documents/Workspace/ProjectRos2XYolo/install/setup.bash'
[8.033s] INFO:colcon.colcon_core.shell:Creating prefix script '/home/cimi/Documents/Workspace/ProjectRos2XYolo/install/local_setup.zsh'
[8.034s] INFO:colcon.colcon_core.shell:Creating prefix chain script '/home/cimi/Documents/Workspace/ProjectRos2XYolo/install/setup.zsh'
