-- Found ament_cmake: 0.9.11 (/opt/ros/foxy/share/ament_cmake/cmake)
-- Found PythonInterp: /usr/bin/python3 (found suitable version "3.8.10", minimum required is "3") 
-- Using PYTHON_EXECUTABLE: /usr/bin/python3
-- Found geometry_msgs: 2.0.5 (/opt/ros/foxy/share/geometry_msgs/cmake)
-- Using all available rosidl_typesupport_c: rosidl_typesupport_fastrtps_c;rosidl_typesupport_introspection_c
-- Found rosidl_adapter: 1.3.0 (/opt/ros/foxy/share/rosidl_adapter/cmake)
-- Using all available rosidl_typesupport_cpp: rosidl_typesupport_fastrtps_cpp;rosidl_typesupport_introspection_cpp
-- Found rosidl_default_generators: 1.0.1 (/opt/ros/foxy/share/rosidl_default_generators/cmake)
-- Found PythonInterp: /usr/bin/python3 (found version "3.8.10") 
-- Found ament_cmake_ros: 0.9.2 (/opt/ros/foxy/share/ament_cmake_ros/cmake)
-- Using all available rosidl_typesupport_c: rosidl_typesupport_fastrtps_c;rosidl_typesupport_introspection_c
-- Using all available rosidl_typesupport_cpp: rosidl_typesupport_fastrtps_cpp;rosidl_typesupport_introspection_cpp
-- Found PythonInterp: /usr/bin/python3 (found suitable version "3.8.10", minimum required is "3.5") 
-- Found python_cmake_module: 0.8.1 (/opt/ros/foxy/share/python_cmake_module/cmake)
-- Using PYTHON_EXECUTABLE: /usr/bin/python3
-- Using PYTHON_INCLUDE_DIRS: /usr/include/python3.8
-- Using PYTHON_LIBRARIES: /usr/lib/x86_64-linux-gnu/libpython3.8.so
-- Found ament_lint_auto: 0.9.7 (/opt/ros/foxy/share/ament_lint_auto/cmake)
-- Added test 'copyright' to check source files copyright and LICENSE
-- Added test 'lint_cmake' to check CMake code style
-- Added test 'xmllint' to check XML markup files
-- Configuring done
-- Generating done
-- Build files have been written to: /home/cimi/Documents/Workspace/belajar_ros2/ProjectRos2XYolo/build/custom_message
[35m[1mScanning dependencies of target custom_message__cpp[0m
[  2%] [34m[1mGenerating C code for ROS interfaces[0m
[  5%] [34m[1mGenerating C++ code for ROS interfaces[0m
[  5%] Built target custom_message__cpp
[  7%] [34m[1mGenerating C++ type support for eProsima Fast-RTPS[0m
[ 10%] [34m[1mGenerating C++ type support dispatch for ROS interfaces[0m
[ 12%] [34m[1mGenerating C++ introspection for ROS interfaces[0m
[35m[1mScanning dependencies of target custom_message__rosidl_generator_c[0m
[ 15%] [32mBuilding C object CMakeFiles/custom_message__rosidl_generator_c.dir/rosidl_generator_c/custom_message/msg/detail/sphere__functions.c.o[0m
[ 17%] [32mBuilding C object CMakeFiles/custom_message__rosidl_generator_c.dir/rosidl_generator_c/custom_message/msg/detail/num__functions.c.o[0m
[ 20%] [32m[1mLinking C shared library libcustom_message__rosidl_generator_c.so[0m
[ 20%] Built target custom_message__rosidl_generator_c
[ 23%] [34m[1mGenerating C type support dispatch for ROS interfaces[0m
[ 25%] [34m[1mGenerating C introspection for ROS interfaces[0m
[35m[1mScanning dependencies of target custom_message__rosidl_typesupport_cpp[0m
[ 28%] [32mBuilding CXX object CMakeFiles/custom_message__rosidl_typesupport_cpp.dir/rosidl_typesupport_cpp/custom_message/msg/num__type_support.cpp.o[0m
[ 30%] [32mBuilding CXX object CMakeFiles/custom_message__rosidl_typesupport_cpp.dir/rosidl_typesupport_cpp/custom_message/msg/sphere__type_support.cpp.o[0m
[35m[1mScanning dependencies of target custom_message__rosidl_typesupport_fastrtps_cpp[0m
[35m[1mScanning dependencies of target custom_message__rosidl_typesupport_introspection_cpp[0m
[ 33%] [32mBuilding CXX object CMakeFiles/custom_message__rosidl_typesupport_fastrtps_cpp.dir/rosidl_typesupport_fastrtps_cpp/custom_message/msg/detail/dds_fastrtps/num__type_support.cpp.o[0m
[ 35%] [32mBuilding CXX object CMakeFiles/custom_message__rosidl_typesupport_fastrtps_cpp.dir/rosidl_typesupport_fastrtps_cpp/custom_message/msg/detail/dds_fastrtps/sphere__type_support.cpp.o[0m
[ 38%] [32mBuilding CXX object CMakeFiles/custom_message__rosidl_typesupport_introspection_cpp.dir/rosidl_typesupport_introspection_cpp/custom_message/msg/detail/sphere__type_support.cpp.o[0m
[ 41%] [32mBuilding CXX object CMakeFiles/custom_message__rosidl_typesupport_introspection_cpp.dir/rosidl_typesupport_introspection_cpp/custom_message/msg/detail/num__type_support.cpp.o[0m
[35m[1mScanning dependencies of target custom_message__rosidl_typesupport_c[0m
[ 43%] [32mBuilding CXX object CMakeFiles/custom_message__rosidl_typesupport_c.dir/rosidl_typesupport_c/custom_message/msg/num__type_support.cpp.o[0m
[ 46%] [32mBuilding CXX object CMakeFiles/custom_message__rosidl_typesupport_c.dir/rosidl_typesupport_c/custom_message/msg/sphere__type_support.cpp.o[0m
[35m[1mScanning dependencies of target custom_message__rosidl_typesupport_introspection_c[0m
[ 48%] [32mBuilding C object CMakeFiles/custom_message__rosidl_typesupport_introspection_c.dir/rosidl_typesupport_introspection_c/custom_message/msg/detail/num__type_support.c.o[0m
[ 51%] [32m[1mLinking CXX shared library libcustom_message__rosidl_typesupport_c.so[0m
[ 53%] [32mBuilding C object CMakeFiles/custom_message__rosidl_typesupport_introspection_c.dir/rosidl_typesupport_introspection_c/custom_message/msg/detail/sphere__type_support.c.o[0m
[ 53%] Built target custom_message__rosidl_typesupport_c
[ 56%] [32m[1mLinking C shared library libcustom_message__rosidl_typesupport_introspection_c.so[0m
[ 58%] [32m[1mLinking CXX shared library libcustom_message__rosidl_typesupport_cpp.so[0m
[ 58%] Built target custom_message__rosidl_typesupport_introspection_c
[ 61%] [32m[1mLinking CXX shared library libcustom_message__rosidl_typesupport_introspection_cpp.so[0m
[ 61%] Built target custom_message__rosidl_typesupport_cpp
[ 61%] Built target custom_message__rosidl_typesupport_introspection_cpp
[ 64%] [32m[1mLinking CXX shared library libcustom_message__rosidl_typesupport_fastrtps_cpp.so[0m
[ 64%] Built target custom_message__rosidl_typesupport_fastrtps_cpp
[ 66%] [34m[1mGenerating C type support for eProsima Fast-RTPS[0m
[35m[1mScanning dependencies of target custom_message__rosidl_typesupport_fastrtps_c[0m
[ 69%] [32mBuilding CXX object CMakeFiles/custom_message__rosidl_typesupport_fastrtps_c.dir/rosidl_typesupport_fastrtps_c/custom_message/msg/detail/num__type_support_c.cpp.o[0m
[ 71%] [32mBuilding CXX object CMakeFiles/custom_message__rosidl_typesupport_fastrtps_c.dir/rosidl_typesupport_fastrtps_c/custom_message/msg/detail/sphere__type_support_c.cpp.o[0m
[ 74%] [32m[1mLinking CXX shared library libcustom_message__rosidl_typesupport_fastrtps_c.so[0m
[ 74%] Built target custom_message__rosidl_typesupport_fastrtps_c
[35m[1mScanning dependencies of target custom_message[0m
[ 74%] Built target custom_message
[35m[1mScanning dependencies of target custom_message__py[0m
[ 76%] [34m[1mGenerating Python code for ROS interfaces[0m
[ 76%] Built target custom_message__py
[35m[1mScanning dependencies of target custom_message__python[0m
[ 79%] [32mBuilding C object CMakeFiles/custom_message__python.dir/rosidl_generator_py/custom_message/msg/_num_s.c.o[0m
[ 82%] [32mBuilding C object CMakeFiles/custom_message__python.dir/rosidl_generator_py/custom_message/msg/_sphere_s.c.o[0m
[ 84%] [32m[1mLinking C shared library rosidl_generator_py/custom_message/libcustom_message__python.so[0m
[ 84%] Built target custom_message__python
[35m[1mScanning dependencies of target custom_message__rosidl_typesupport_introspection_c__pyext[0m
[35m[1mScanning dependencies of target custom_message__rosidl_typesupport_c__pyext[0m
[35m[1mScanning dependencies of target custom_message__rosidl_typesupport_fastrtps_c__pyext[0m
[ 87%] [32mBuilding C object CMakeFiles/custom_message__rosidl_typesupport_introspection_c__pyext.dir/rosidl_generator_py/custom_message/_custom_message_s.ep.rosidl_typesupport_introspection_c.c.o[0m
[ 89%] [32mBuilding C object CMakeFiles/custom_message__rosidl_typesupport_c__pyext.dir/rosidl_generator_py/custom_message/_custom_message_s.ep.rosidl_typesupport_c.c.o[0m
[ 92%] [32mBuilding C object CMakeFiles/custom_message__rosidl_typesupport_fastrtps_c__pyext.dir/rosidl_generator_py/custom_message/_custom_message_s.ep.rosidl_typesupport_fastrtps_c.c.o[0m
[ 94%] [32m[1mLinking C shared library rosidl_generator_py/custom_message/custom_message_s__rosidl_typesupport_introspection_c.cpython-38-x86_64-linux-gnu.so[0m
[ 97%] [32m[1mLinking C shared library rosidl_generator_py/custom_message/custom_message_s__rosidl_typesupport_c.cpython-38-x86_64-linux-gnu.so[0m
[100%] [32m[1mLinking CXX shared library rosidl_generator_py/custom_message/custom_message_s__rosidl_typesupport_fastrtps_c.cpython-38-x86_64-linux-gnu.so[0m
[100%] Built target custom_message__rosidl_typesupport_c__pyext
[100%] Built target custom_message__rosidl_typesupport_introspection_c__pyext
[100%] Built target custom_message__rosidl_typesupport_fastrtps_c__pyext
-- Install configuration: ""
-- Installing: /home/cimi/Documents/Workspace/belajar_ros2/ProjectRos2XYolo/install/custom_message/share/ament_index/resource_index/rosidl_interfaces/custom_message
-- Up-to-date: /home/cimi/Documents/Workspace/belajar_ros2/ProjectRos2XYolo/install/custom_message/include/custom_message
-- Up-to-date: /home/cimi/Documents/Workspace/belajar_ros2/ProjectRos2XYolo/install/custom_message/include/custom_message/msg
-- Installing: /home/cimi/Documents/Workspace/belajar_ros2/ProjectRos2XYolo/install/custom_message/include/custom_message/msg/sphere.h
-- Up-to-date: /home/cimi/Documents/Workspace/belajar_ros2/ProjectRos2XYolo/install/custom_message/include/custom_message/msg/rosidl_generator_c__visibility_control.h
-- Installing: /home/cimi/Documents/Workspace/belajar_ros2/ProjectRos2XYolo/install/custom_message/include/custom_message/msg/num.h
-- Up-to-date: /home/cimi/Documents/Workspace/belajar_ros2/ProjectRos2XYolo/install/custom_message/include/custom_message/msg/detail
-- Installing: /home/cimi/Documents/Workspace/belajar_ros2/ProjectRos2XYolo/install/custom_message/include/custom_message/msg/detail/sphere__type_support.h
-- Installing: /home/cimi/Documents/Workspace/belajar_ros2/ProjectRos2XYolo/install/custom_message/include/custom_message/msg/detail/sphere__functions.c
-- Installing: /home/cimi/Documents/Workspace/belajar_ros2/ProjectRos2XYolo/install/custom_message/include/custom_message/msg/detail/sphere__struct.h
-- Installing: /home/cimi/Documents/Workspace/belajar_ros2/ProjectRos2XYolo/install/custom_message/include/custom_message/msg/detail/num__struct.h
-- Installing: /home/cimi/Documents/Workspace/belajar_ros2/ProjectRos2XYolo/install/custom_message/include/custom_message/msg/detail/num__functions.h
-- Installing: /home/cimi/Documents/Workspace/belajar_ros2/ProjectRos2XYolo/install/custom_message/include/custom_message/msg/detail/num__functions.c
-- Installing: /home/cimi/Documents/Workspace/belajar_ros2/ProjectRos2XYolo/install/custom_message/include/custom_message/msg/detail/num__type_support.h
-- Installing: /home/cimi/Documents/Workspace/belajar_ros2/ProjectRos2XYolo/install/custom_message/include/custom_message/msg/detail/sphere__functions.h
-- Up-to-date: /home/cimi/Documents/Workspace/belajar_ros2/ProjectRos2XYolo/install/custom_message/share/custom_message/environment/library_path.sh
-- Installing: /home/cimi/Documents/Workspace/belajar_ros2/ProjectRos2XYolo/install/custom_message/share/custom_message/environment/library_path.dsv
-- Installing: /home/cimi/Documents/Workspace/belajar_ros2/ProjectRos2XYolo/install/custom_message/lib/libcustom_message__rosidl_generator_c.so
-- Set runtime path of "/home/cimi/Documents/Workspace/belajar_ros2/ProjectRos2XYolo/install/custom_message/lib/libcustom_message__rosidl_generator_c.so" to ""
-- Up-to-date: /home/cimi/Documents/Workspace/belajar_ros2/ProjectRos2XYolo/install/custom_message/include/custom_message
-- Up-to-date: /home/cimi/Documents/Workspace/belajar_ros2/ProjectRos2XYolo/install/custom_message/include/custom_message/msg
-- Up-to-date: /home/cimi/Documents/Workspace/belajar_ros2/ProjectRos2XYolo/install/custom_message/include/custom_message/msg/rosidl_typesupport_fastrtps_c__visibility_control.h
-- Up-to-date: /home/cimi/Documents/Workspace/belajar_ros2/ProjectRos2XYolo/install/custom_message/include/custom_message/msg/detail
-- Installing: /home/cimi/Documents/Workspace/belajar_ros2/ProjectRos2XYolo/install/custom_message/include/custom_message/msg/detail/num__rosidl_typesupport_fastrtps_c.h
-- Installing: /home/cimi/Documents/Workspace/belajar_ros2/ProjectRos2XYolo/install/custom_message/include/custom_message/msg/detail/sphere__rosidl_typesupport_fastrtps_c.h
-- Installing: /home/cimi/Documents/Workspace/belajar_ros2/ProjectRos2XYolo/install/custom_message/lib/libcustom_message__rosidl_typesupport_fastrtps_c.so
-- Set runtime path of "/home/cimi/Documents/Workspace/belajar_ros2/ProjectRos2XYolo/install/custom_message/lib/libcustom_message__rosidl_typesupport_fastrtps_c.so" to ""
-- Up-to-date: /home/cimi/Documents/Workspace/belajar_ros2/ProjectRos2XYolo/install/custom_message/include/custom_message
-- Up-to-date: /home/cimi/Documents/Workspace/belajar_ros2/ProjectRos2XYolo/install/custom_message/include/custom_message/msg
-- Up-to-date: /home/cimi/Documents/Workspace/belajar_ros2/ProjectRos2XYolo/install/custom_message/include/custom_message/msg/detail
-- Installing: /home/cimi/Documents/Workspace/belajar_ros2/ProjectRos2XYolo/install/custom_message/include/custom_message/msg/detail/sphere__rosidl_typesupport_fastrtps_cpp.hpp
-- Installing: /home/cimi/Documents/Workspace/belajar_ros2/ProjectRos2XYolo/install/custom_message/include/custom_message/msg/detail/num__rosidl_typesupport_fastrtps_cpp.hpp
-- Up-to-date: /home/cimi/Documents/Workspace/belajar_ros2/ProjectRos2XYolo/install/custom_message/include/custom_message/msg/detail/dds_fastrtps
-- Up-to-date: /home/cimi/Documents/Workspace/belajar_ros2/ProjectRos2XYolo/install/custom_message/include/custom_message/msg/rosidl_typesupport_fastrtps_cpp__visibility_control.h
-- Installing: /home/cimi/Documents/Workspace/belajar_ros2/ProjectRos2XYolo/install/custom_message/lib/libcustom_message__rosidl_typesupport_fastrtps_cpp.so
-- Set runtime path of "/home/cimi/Documents/Workspace/belajar_ros2/ProjectRos2XYolo/install/custom_message/lib/libcustom_message__rosidl_typesupport_fastrtps_cpp.so" to ""
-- Up-to-date: /home/cimi/Documents/Workspace/belajar_ros2/ProjectRos2XYolo/install/custom_message/include/custom_message
-- Up-to-date: /home/cimi/Documents/Workspace/belajar_ros2/ProjectRos2XYolo/install/custom_message/include/custom_message/msg
-- Up-to-date: /home/cimi/Documents/Workspace/belajar_ros2/ProjectRos2XYolo/install/custom_message/include/custom_message/msg/detail
-- Installing: /home/cimi/Documents/Workspace/belajar_ros2/ProjectRos2XYolo/install/custom_message/include/custom_message/msg/detail/num__rosidl_typesupport_introspection_c.h
-- Installing: /home/cimi/Documents/Workspace/belajar_ros2/ProjectRos2XYolo/install/custom_message/include/custom_message/msg/detail/num__type_support.c
-- Installing: /home/cimi/Documents/Workspace/belajar_ros2/ProjectRos2XYolo/install/custom_message/include/custom_message/msg/detail/sphere__type_support.c
-- Installing: /home/cimi/Documents/Workspace/belajar_ros2/ProjectRos2XYolo/install/custom_message/include/custom_message/msg/detail/sphere__rosidl_typesupport_introspection_c.h
-- Up-to-date: /home/cimi/Documents/Workspace/belajar_ros2/ProjectRos2XYolo/install/custom_message/include/custom_message/msg/rosidl_typesupport_introspection_c__visibility_control.h
-- Installing: /home/cimi/Documents/Workspace/belajar_ros2/ProjectRos2XYolo/install/custom_message/lib/libcustom_message__rosidl_typesupport_introspection_c.so
-- Set runtime path of "/home/cimi/Documents/Workspace/belajar_ros2/ProjectRos2XYolo/install/custom_message/lib/libcustom_message__rosidl_typesupport_introspection_c.so" to ""
-- Installing: /home/cimi/Documents/Workspace/belajar_ros2/ProjectRos2XYolo/install/custom_message/lib/libcustom_message__rosidl_typesupport_c.so
-- Set runtime path of "/home/cimi/Documents/Workspace/belajar_ros2/ProjectRos2XYolo/install/custom_message/lib/libcustom_message__rosidl_typesupport_c.so" to ""
-- Up-to-date: /home/cimi/Documents/Workspace/belajar_ros2/ProjectRos2XYolo/install/custom_message/include/custom_message
-- Up-to-date: /home/cimi/Documents/Workspace/belajar_ros2/ProjectRos2XYolo/install/custom_message/include/custom_message/msg
-- Installing: /home/cimi/Documents/Workspace/belajar_ros2/ProjectRos2XYolo/install/custom_message/include/custom_message/msg/sphere.hpp
-- Installing: /home/cimi/Documents/Workspace/belajar_ros2/ProjectRos2XYolo/install/custom_message/include/custom_message/msg/num.hpp
-- Up-to-date: /home/cimi/Documents/Workspace/belajar_ros2/ProjectRos2XYolo/install/custom_message/include/custom_message/msg/detail
-- Installing: /home/cimi/Documents/Workspace/belajar_ros2/ProjectRos2XYolo/install/custom_message/include/custom_message/msg/detail/num__traits.hpp
-- Installing: /home/cimi/Documents/Workspace/belajar_ros2/ProjectRos2XYolo/install/custom_message/include/custom_message/msg/detail/sphere__traits.hpp
-- Installing: /home/cimi/Documents/Workspace/belajar_ros2/ProjectRos2XYolo/install/custom_message/include/custom_message/msg/detail/num__struct.hpp
-- Installing: /home/cimi/Documents/Workspace/belajar_ros2/ProjectRos2XYolo/install/custom_message/include/custom_message/msg/detail/sphere__builder.hpp
-- Installing: /home/cimi/Documents/Workspace/belajar_ros2/ProjectRos2XYolo/install/custom_message/include/custom_message/msg/detail/num__builder.hpp
-- Installing: /home/cimi/Documents/Workspace/belajar_ros2/ProjectRos2XYolo/install/custom_message/include/custom_message/msg/detail/sphere__struct.hpp
-- Up-to-date: /home/cimi/Documents/Workspace/belajar_ros2/ProjectRos2XYolo/install/custom_message/include/custom_message
-- Up-to-date: /home/cimi/Documents/Workspace/belajar_ros2/ProjectRos2XYolo/install/custom_message/include/custom_message/msg
-- Up-to-date: /home/cimi/Documents/Workspace/belajar_ros2/ProjectRos2XYolo/install/custom_message/include/custom_message/msg/detail
-- Installing: /home/cimi/Documents/Workspace/belajar_ros2/ProjectRos2XYolo/install/custom_message/include/custom_message/msg/detail/num__type_support.cpp
-- Installing: /home/cimi/Documents/Workspace/belajar_ros2/ProjectRos2XYolo/install/custom_message/include/custom_message/msg/detail/num__rosidl_typesupport_introspection_cpp.hpp
-- Installing: /home/cimi/Documents/Workspace/belajar_ros2/ProjectRos2XYolo/install/custom_message/include/custom_message/msg/detail/sphere__rosidl_typesupport_introspection_cpp.hpp
-- Installing: /home/cimi/Documents/Workspace/belajar_ros2/ProjectRos2XYolo/install/custom_message/include/custom_message/msg/detail/sphere__type_support.cpp
-- Installing: /home/cimi/Documents/Workspace/belajar_ros2/ProjectRos2XYolo/install/custom_message/lib/libcustom_message__rosidl_typesupport_introspection_cpp.so
-- Set runtime path of "/home/cimi/Documents/Workspace/belajar_ros2/ProjectRos2XYolo/install/custom_message/lib/libcustom_message__rosidl_typesupport_introspection_cpp.so" to ""
-- Installing: /home/cimi/Documents/Workspace/belajar_ros2/ProjectRos2XYolo/install/custom_message/lib/libcustom_message__rosidl_typesupport_cpp.so
-- Set runtime path of "/home/cimi/Documents/Workspace/belajar_ros2/ProjectRos2XYolo/install/custom_message/lib/libcustom_message__rosidl_typesupport_cpp.so" to ""
-- Up-to-date: /home/cimi/Documents/Workspace/belajar_ros2/ProjectRos2XYolo/install/custom_message/share/custom_message/environment/pythonpath.sh
-- Installing: /home/cimi/Documents/Workspace/belajar_ros2/ProjectRos2XYolo/install/custom_message/share/custom_message/environment/pythonpath.dsv
-- Installing: /home/cimi/Documents/Workspace/belajar_ros2/ProjectRos2XYolo/install/custom_message/lib/python3.8/site-packages/custom_message/__init__.py
Compiling '/home/cimi/Documents/Workspace/belajar_ros2/ProjectRos2XYolo/install/custom_message/lib/python3.8/site-packages/custom_message/__init__.py'...
-- Up-to-date: /home/cimi/Documents/Workspace/belajar_ros2/ProjectRos2XYolo/install/custom_message/lib/python3.8/site-packages/custom_message/msg
-- Installing: /home/cimi/Documents/Workspace/belajar_ros2/ProjectRos2XYolo/install/custom_message/lib/python3.8/site-packages/custom_message/msg/_num_s.c
-- Installing: /home/cimi/Documents/Workspace/belajar_ros2/ProjectRos2XYolo/install/custom_message/lib/python3.8/site-packages/custom_message/msg/__init__.py
-- Installing: /home/cimi/Documents/Workspace/belajar_ros2/ProjectRos2XYolo/install/custom_message/lib/python3.8/site-packages/custom_message/msg/_sphere.py
-- Installing: /home/cimi/Documents/Workspace/belajar_ros2/ProjectRos2XYolo/install/custom_message/lib/python3.8/site-packages/custom_message/msg/_sphere_s.c
-- Installing: /home/cimi/Documents/Workspace/belajar_ros2/ProjectRos2XYolo/install/custom_message/lib/python3.8/site-packages/custom_message/msg/_num.py
-- Installing: /home/cimi/Documents/Workspace/belajar_ros2/ProjectRos2XYolo/install/custom_message/lib/python3.8/site-packages/custom_message/custom_message_s__rosidl_typesupport_fastrtps_c.cpython-38-x86_64-linux-gnu.so
-- Set runtime path of "/home/cimi/Documents/Workspace/belajar_ros2/ProjectRos2XYolo/install/custom_message/lib/python3.8/site-packages/custom_message/custom_message_s__rosidl_typesupport_fastrtps_c.cpython-38-x86_64-linux-gnu.so" to ""
-- Installing: /home/cimi/Documents/Workspace/belajar_ros2/ProjectRos2XYolo/install/custom_message/lib/python3.8/site-packages/custom_message/custom_message_s__rosidl_typesupport_introspection_c.cpython-38-x86_64-linux-gnu.so
-- Set runtime path of "/home/cimi/Documents/Workspace/belajar_ros2/ProjectRos2XYolo/install/custom_message/lib/python3.8/site-packages/custom_message/custom_message_s__rosidl_typesupport_introspection_c.cpython-38-x86_64-linux-gnu.so" to ""
-- Installing: /home/cimi/Documents/Workspace/belajar_ros2/ProjectRos2XYolo/install/custom_message/lib/python3.8/site-packages/custom_message/custom_message_s__rosidl_typesupport_c.cpython-38-x86_64-linux-gnu.so
-- Set runtime path of "/home/cimi/Documents/Workspace/belajar_ros2/ProjectRos2XYolo/install/custom_message/lib/python3.8/site-packages/custom_message/custom_message_s__rosidl_typesupport_c.cpython-38-x86_64-linux-gnu.so" to ""
-- Installing: /home/cimi/Documents/Workspace/belajar_ros2/ProjectRos2XYolo/install/custom_message/lib/libcustom_message__python.so
-- Set runtime path of "/home/cimi/Documents/Workspace/belajar_ros2/ProjectRos2XYolo/install/custom_message/lib/libcustom_message__python.so" to ""
-- Installing: /home/cimi/Documents/Workspace/belajar_ros2/ProjectRos2XYolo/install/custom_message/share/custom_message/msg/Num.idl
-- Up-to-date: /home/cimi/Documents/Workspace/belajar_ros2/ProjectRos2XYolo/install/custom_message/share/custom_message/msg/Sphere.idl
-- Installing: /home/cimi/Documents/Workspace/belajar_ros2/ProjectRos2XYolo/install/custom_message/share/custom_message/msg/Num.msg
-- Up-to-date: /home/cimi/Documents/Workspace/belajar_ros2/ProjectRos2XYolo/install/custom_message/share/custom_message/msg/Sphere.msg
-- Up-to-date: /home/cimi/Documents/Workspace/belajar_ros2/ProjectRos2XYolo/install/custom_message/share/ament_index/resource_index/package_run_dependencies/custom_message
-- Up-to-date: /home/cimi/Documents/Workspace/belajar_ros2/ProjectRos2XYolo/install/custom_message/share/ament_index/resource_index/parent_prefix_path/custom_message
-- Up-to-date: /home/cimi/Documents/Workspace/belajar_ros2/ProjectRos2XYolo/install/custom_message/share/custom_message/environment/ament_prefix_path.sh
-- Installing: /home/cimi/Documents/Workspace/belajar_ros2/ProjectRos2XYolo/install/custom_message/share/custom_message/environment/ament_prefix_path.dsv
-- Up-to-date: /home/cimi/Documents/Workspace/belajar_ros2/ProjectRos2XYolo/install/custom_message/share/custom_message/environment/path.sh
-- Installing: /home/cimi/Documents/Workspace/belajar_ros2/ProjectRos2XYolo/install/custom_message/share/custom_message/environment/path.dsv
-- Up-to-date: /home/cimi/Documents/Workspace/belajar_ros2/ProjectRos2XYolo/install/custom_message/share/custom_message/local_setup.bash
-- Up-to-date: /home/cimi/Documents/Workspace/belajar_ros2/ProjectRos2XYolo/install/custom_message/share/custom_message/local_setup.sh
-- Up-to-date: /home/cimi/Documents/Workspace/belajar_ros2/ProjectRos2XYolo/install/custom_message/share/custom_message/local_setup.zsh
-- Installing: /home/cimi/Documents/Workspace/belajar_ros2/ProjectRos2XYolo/install/custom_message/share/custom_message/local_setup.dsv
-- Installing: /home/cimi/Documents/Workspace/belajar_ros2/ProjectRos2XYolo/install/custom_message/share/custom_message/package.dsv
-- Up-to-date: /home/cimi/Documents/Workspace/belajar_ros2/ProjectRos2XYolo/install/custom_message/share/ament_index/resource_index/packages/custom_message
-- Installing: /home/cimi/Documents/Workspace/belajar_ros2/ProjectRos2XYolo/install/custom_message/share/custom_message/cmake/custom_message__rosidl_generator_cExport.cmake
-- Installing: /home/cimi/Documents/Workspace/belajar_ros2/ProjectRos2XYolo/install/custom_message/share/custom_message/cmake/custom_message__rosidl_generator_cExport-noconfig.cmake
-- Installing: /home/cimi/Documents/Workspace/belajar_ros2/ProjectRos2XYolo/install/custom_message/share/custom_message/cmake/custom_message__rosidl_typesupport_introspection_cExport.cmake
-- Installing: /home/cimi/Documents/Workspace/belajar_ros2/ProjectRos2XYolo/install/custom_message/share/custom_message/cmake/custom_message__rosidl_typesupport_introspection_cExport-noconfig.cmake
-- Installing: /home/cimi/Documents/Workspace/belajar_ros2/ProjectRos2XYolo/install/custom_message/share/custom_message/cmake/custom_message__rosidl_typesupport_cExport.cmake
-- Installing: /home/cimi/Documents/Workspace/belajar_ros2/ProjectRos2XYolo/install/custom_message/share/custom_message/cmake/custom_message__rosidl_typesupport_cExport-noconfig.cmake
-- Installing: /home/cimi/Documents/Workspace/belajar_ros2/ProjectRos2XYolo/install/custom_message/share/custom_message/cmake/custom_message__rosidl_generator_cppExport.cmake
-- Installing: /home/cimi/Documents/Workspace/belajar_ros2/ProjectRos2XYolo/install/custom_message/share/custom_message/cmake/custom_message__rosidl_typesupport_introspection_cppExport.cmake
-- Installing: /home/cimi/Documents/Workspace/belajar_ros2/ProjectRos2XYolo/install/custom_message/share/custom_message/cmake/custom_message__rosidl_typesupport_introspection_cppExport-noconfig.cmake
-- Installing: /home/cimi/Documents/Workspace/belajar_ros2/ProjectRos2XYolo/install/custom_message/share/custom_message/cmake/custom_message__rosidl_typesupport_cppExport.cmake
-- Installing: /home/cimi/Documents/Workspace/belajar_ros2/ProjectRos2XYolo/install/custom_message/share/custom_message/cmake/custom_message__rosidl_typesupport_cppExport-noconfig.cmake
-- Installing: /home/cimi/Documents/Workspace/belajar_ros2/ProjectRos2XYolo/install/custom_message/share/custom_message/cmake/rosidl_cmake-extras.cmake
-- Up-to-date: /home/cimi/Documents/Workspace/belajar_ros2/ProjectRos2XYolo/install/custom_message/share/custom_message/cmake/ament_cmake_export_dependencies-extras.cmake
-- Installing: /home/cimi/Documents/Workspace/belajar_ros2/ProjectRos2XYolo/install/custom_message/share/custom_message/cmake/ament_cmake_export_libraries-extras.cmake
-- Installing: /home/cimi/Documents/Workspace/belajar_ros2/ProjectRos2XYolo/install/custom_message/share/custom_message/cmake/ament_cmake_export_targets-extras.cmake
-- Up-to-date: /home/cimi/Documents/Workspace/belajar_ros2/ProjectRos2XYolo/install/custom_message/share/custom_message/cmake/ament_cmake_export_include_directories-extras.cmake
-- Installing: /home/cimi/Documents/Workspace/belajar_ros2/ProjectRos2XYolo/install/custom_message/share/custom_message/cmake/rosidl_cmake_export_typesupport_libraries-extras.cmake
-- Installing: /home/cimi/Documents/Workspace/belajar_ros2/ProjectRos2XYolo/install/custom_message/share/custom_message/cmake/rosidl_cmake_export_typesupport_targets-extras.cmake
-- Up-to-date: /home/cimi/Documents/Workspace/belajar_ros2/ProjectRos2XYolo/install/custom_message/share/custom_message/cmake/custom_messageConfig.cmake
-- Up-to-date: /home/cimi/Documents/Workspace/belajar_ros2/ProjectRos2XYolo/install/custom_message/share/custom_message/cmake/custom_messageConfig-version.cmake
-- Up-to-date: /home/cimi/Documents/Workspace/belajar_ros2/ProjectRos2XYolo/install/custom_message/share/custom_message/package.xml
