[1.814s] Invoking command in '/home/hisan/Documents/Banyubramanta/ProjectRos2XYolo/src/movement_package': PYTHONPATH=/home/hisan/Documents/Banyubramanta/ProjectRos2XYolo/install/movement_package/lib/python3.8/site-packages:${PYTHONPATH} /usr/bin/python3 setup.py egg_info --egg-base ../../build/movement_package build --build-base /home/hisan/Documents/Banyubramanta/ProjectRos2XYolo/build/movement_package/build install --prefix /home/hisan/Documents/Banyubramanta/ProjectRos2XYolo/install/movement_package --record /home/hisan/Documents/Banyubramanta/ProjectRos2XYolo/build/movement_package/install.log --single-version-externally-managed
[2.261s] running egg_info
[2.263s] writing ../../build/movement_package/movement_package.egg-info/PKG-INFO
[2.263s] writing dependency_links to ../../build/movement_package/movement_package.egg-info/dependency_links.txt
[2.264s] writing entry points to ../../build/movement_package/movement_package.egg-info/entry_points.txt
[2.264s] writing requirements to ../../build/movement_package/movement_package.egg-info/requires.txt
[2.264s] writing top-level names to ../../build/movement_package/movement_package.egg-info/top_level.txt
[2.328s] reading manifest file '../../build/movement_package/movement_package.egg-info/SOURCES.txt'
[2.329s] writing manifest file '../../build/movement_package/movement_package.egg-info/SOURCES.txt'
[2.330s] running build
[2.330s] running build_py
[2.330s] running install
[2.332s] running install_lib
[2.334s] running install_data
[2.336s] running install_egg_info
[2.340s] removing '/home/hisan/Documents/Banyubramanta/ProjectRos2XYolo/install/movement_package/lib/python3.8/site-packages/movement_package-0.0.0-py3.8.egg-info' (and everything under it)
[2.340s] Copying ../../build/movement_package/movement_package.egg-info to /home/hisan/Documents/Banyubramanta/ProjectRos2XYolo/install/movement_package/lib/python3.8/site-packages/movement_package-0.0.0-py3.8.egg-info
[2.342s] running install_scripts
[2.372s] Installing kecepatan script to /home/hisan/Documents/Banyubramanta/ProjectRos2XYolo/install/movement_package/lib/movement_package
[2.373s] writing list of installed files to '/home/hisan/Documents/Banyubramanta/ProjectRos2XYolo/build/movement_package/install.log'
[2.444s] Invoked command in '/home/hisan/Documents/Banyubramanta/ProjectRos2XYolo/src/movement_package' returned '0': PYTHONPATH=/home/hisan/Documents/Banyubramanta/ProjectRos2XYolo/install/movement_package/lib/python3.8/site-packages:${PYTHONPATH} /usr/bin/python3 setup.py egg_info --egg-base ../../build/movement_package build --build-base /home/hisan/Documents/Banyubramanta/ProjectRos2XYolo/build/movement_package/build install --prefix /home/hisan/Documents/Banyubramanta/ProjectRos2XYolo/install/movement_package --record /home/hisan/Documents/Banyubramanta/ProjectRos2XYolo/build/movement_package/install.log --single-version-externally-managed
