[1.914s] Invoking command in '/home/hisan/Documents/Banyubramanta/ProjectRos2XYolo/src/cv_package': PYTHONPATH=/home/hisan/Documents/Banyubramanta/ProjectRos2XYolo/install/cv_package/lib/python3.8/site-packages:${PYTHONPATH} /usr/bin/python3 setup.py egg_info --egg-base ../../build/cv_package build --build-base /home/hisan/Documents/Banyubramanta/ProjectRos2XYolo/build/cv_package/build install --prefix /home/hisan/Documents/Banyubramanta/ProjectRos2XYolo/install/cv_package --record /home/hisan/Documents/Banyubramanta/ProjectRos2XYolo/build/cv_package/install.log --single-version-externally-managed
[2.376s] running egg_info
[2.378s] writing ../../build/cv_package/cv_package.egg-info/PKG-INFO
[2.378s] writing dependency_links to ../../build/cv_package/cv_package.egg-info/dependency_links.txt
[2.378s] writing entry points to ../../build/cv_package/cv_package.egg-info/entry_points.txt
[2.379s] writing requirements to ../../build/cv_package/cv_package.egg-info/requires.txt
[2.379s] writing top-level names to ../../build/cv_package/cv_package.egg-info/top_level.txt
[2.444s] reading manifest file '../../build/cv_package/cv_package.egg-info/SOURCES.txt'
[2.445s] writing manifest file '../../build/cv_package/cv_package.egg-info/SOURCES.txt'
[2.446s] running build
[2.446s] running build_py
[2.446s] running install
[2.448s] running install_lib
[2.451s] running install_data
[2.452s] running install_egg_info
[2.455s] removing '/home/hisan/Documents/Banyubramanta/ProjectRos2XYolo/install/cv_package/lib/python3.8/site-packages/cv_package-0.0.0-py3.8.egg-info' (and everything under it)
[2.455s] Copying ../../build/cv_package/cv_package.egg-info to /home/hisan/Documents/Banyubramanta/ProjectRos2XYolo/install/cv_package/lib/python3.8/site-packages/cv_package-0.0.0-py3.8.egg-info
[2.456s] running install_scripts
[2.488s] Installing eye script to /home/hisan/Documents/Banyubramanta/ProjectRos2XYolo/install/cv_package/lib/cv_package
[2.489s] writing list of installed files to '/home/hisan/Documents/Banyubramanta/ProjectRos2XYolo/build/cv_package/install.log'
[2.591s] Invoked command in '/home/hisan/Documents/Banyubramanta/ProjectRos2XYolo/src/cv_package' returned '0': PYTHONPATH=/home/hisan/Documents/Banyubramanta/ProjectRos2XYolo/install/cv_package/lib/python3.8/site-packages:${PYTHONPATH} /usr/bin/python3 setup.py egg_info --egg-base ../../build/cv_package build --build-base /home/hisan/Documents/Banyubramanta/ProjectRos2XYolo/build/cv_package/build install --prefix /home/hisan/Documents/Banyubramanta/ProjectRos2XYolo/install/cv_package --record /home/hisan/Documents/Banyubramanta/ProjectRos2XYolo/build/cv_package/install.log --single-version-externally-managed
