[2.648s] Invoking command in '/home/hisan/Documents/Banyubramanta/ProjectRos2XYolo/src/movement_package': PYTHONPATH=/home/hisan/Documents/Banyubramanta/ProjectRos2XYolo/install/movement_package/lib/python3.8/site-packages:${PYTHONPATH} /usr/bin/python3 setup.py egg_info --egg-base ../../build/movement_package build --build-base /home/hisan/Documents/Banyubramanta/ProjectRos2XYolo/build/movement_package/build install --prefix /home/hisan/Documents/Banyubramanta/ProjectRos2XYolo/install/movement_package --record /home/hisan/Documents/Banyubramanta/ProjectRos2XYolo/build/movement_package/install.log --single-version-externally-managed
[2.998s] running egg_info
[2.999s] creating ../../build/movement_package/movement_package.egg-info
[2.999s] writing ../../build/movement_package/movement_package.egg-info/PKG-INFO
[2.999s] writing dependency_links to ../../build/movement_package/movement_package.egg-info/dependency_links.txt
[3.000s] writing entry points to ../../build/movement_package/movement_package.egg-info/entry_points.txt
[3.000s] writing requirements to ../../build/movement_package/movement_package.egg-info/requires.txt
[3.000s] writing top-level names to ../../build/movement_package/movement_package.egg-info/top_level.txt
[3.036s] writing manifest file '../../build/movement_package/movement_package.egg-info/SOURCES.txt'
[3.092s] reading manifest file '../../build/movement_package/movement_package.egg-info/SOURCES.txt'
[3.093s] writing manifest file '../../build/movement_package/movement_package.egg-info/SOURCES.txt'
[3.094s] running build
[3.094s] running build_py
[3.094s] creating /home/hisan/Documents/Banyubramanta/ProjectRos2XYolo/build/movement_package/build
[3.095s] creating /home/hisan/Documents/Banyubramanta/ProjectRos2XYolo/build/movement_package/build/lib
[3.095s] creating /home/hisan/Documents/Banyubramanta/ProjectRos2XYolo/build/movement_package/build/lib/movement_package
[3.095s] copying movement_package/__init__.py -> /home/hisan/Documents/Banyubramanta/ProjectRos2XYolo/build/movement_package/build/lib/movement_package
[3.096s] copying movement_package/movement_node.py -> /home/hisan/Documents/Banyubramanta/ProjectRos2XYolo/build/movement_package/build/lib/movement_package
[3.096s] running install
[3.096s] running install_lib
[3.097s] creating /home/hisan/Documents/Banyubramanta/ProjectRos2XYolo/install/movement_package/lib/python3.8/site-packages/movement_package
[3.097s] copying /home/hisan/Documents/Banyubramanta/ProjectRos2XYolo/build/movement_package/build/lib/movement_package/__init__.py -> /home/hisan/Documents/Banyubramanta/ProjectRos2XYolo/install/movement_package/lib/python3.8/site-packages/movement_package
[3.098s] copying /home/hisan/Documents/Banyubramanta/ProjectRos2XYolo/build/movement_package/build/lib/movement_package/movement_node.py -> /home/hisan/Documents/Banyubramanta/ProjectRos2XYolo/install/movement_package/lib/python3.8/site-packages/movement_package
[3.098s] byte-compiling /home/hisan/Documents/Banyubramanta/ProjectRos2XYolo/install/movement_package/lib/python3.8/site-packages/movement_package/__init__.py to __init__.cpython-38.pyc
[3.099s] byte-compiling /home/hisan/Documents/Banyubramanta/ProjectRos2XYolo/install/movement_package/lib/python3.8/site-packages/movement_package/movement_node.py to movement_node.cpython-38.pyc
[3.100s] running install_data
[3.101s] creating /home/hisan/Documents/Banyubramanta/ProjectRos2XYolo/install/movement_package/share/ament_index
[3.101s] creating /home/hisan/Documents/Banyubramanta/ProjectRos2XYolo/install/movement_package/share/ament_index/resource_index
[3.101s] creating /home/hisan/Documents/Banyubramanta/ProjectRos2XYolo/install/movement_package/share/ament_index/resource_index/packages
[3.102s] copying resource/movement_package -> /home/hisan/Documents/Banyubramanta/ProjectRos2XYolo/install/movement_package/share/ament_index/resource_index/packages
[3.102s] copying package.xml -> /home/hisan/Documents/Banyubramanta/ProjectRos2XYolo/install/movement_package/share/movement_package
[3.102s] running install_egg_info
[3.103s] Copying ../../build/movement_package/movement_package.egg-info to /home/hisan/Documents/Banyubramanta/ProjectRos2XYolo/install/movement_package/lib/python3.8/site-packages/movement_package-0.0.0-py3.8.egg-info
[3.104s] running install_scripts
[3.128s] writing list of installed files to '/home/hisan/Documents/Banyubramanta/ProjectRos2XYolo/build/movement_package/install.log'
[3.275s] Invoked command in '/home/hisan/Documents/Banyubramanta/ProjectRos2XYolo/src/movement_package' returned '0': PYTHONPATH=/home/hisan/Documents/Banyubramanta/ProjectRos2XYolo/install/movement_package/lib/python3.8/site-packages:${PYTHONPATH} /usr/bin/python3 setup.py egg_info --egg-base ../../build/movement_package build --build-base /home/hisan/Documents/Banyubramanta/ProjectRos2XYolo/build/movement_package/build install --prefix /home/hisan/Documents/Banyubramanta/ProjectRos2XYolo/install/movement_package --record /home/hisan/Documents/Banyubramanta/ProjectRos2XYolo/build/movement_package/install.log --single-version-externally-managed
