[1.563s] Invoking command in '/home/cimi/Documents/Workspace/belajar_ros2/ProjectRos2XYolo/src/cv_package': PYTHONPATH=/home/cimi/Documents/Workspace/belajar_ros2/ProjectRos2XYolo/install/cv_package/lib/python3.8/site-packages:${PYTHONPATH} /usr/bin/python3 setup.py egg_info --egg-base ../../build/cv_package build --build-base /home/cimi/Documents/Workspace/belajar_ros2/ProjectRos2XYolo/build/cv_package/build install --prefix /home/cimi/Documents/Workspace/belajar_ros2/ProjectRos2XYolo/install/cv_package --record /home/cimi/Documents/Workspace/belajar_ros2/ProjectRos2XYolo/build/cv_package/install.log --single-version-externally-managed
[1.752s] running egg_info
[1.753s] writing ../../build/cv_package/cv_package.egg-info/PKG-INFO
[1.753s] writing dependency_links to ../../build/cv_package/cv_package.egg-info/dependency_links.txt
[1.753s] writing entry points to ../../build/cv_package/cv_package.egg-info/entry_points.txt
[1.753s] writing requirements to ../../build/cv_package/cv_package.egg-info/requires.txt
[1.753s] writing top-level names to ../../build/cv_package/cv_package.egg-info/top_level.txt
[1.781s] reading manifest file '../../build/cv_package/cv_package.egg-info/SOURCES.txt'
[1.782s] writing manifest file '../../build/cv_package/cv_package.egg-info/SOURCES.txt'
[1.782s] running build
[1.782s] running build_py
[1.783s] copying cv_package/subscriber.py -> /home/cimi/Documents/Workspace/belajar_ros2/ProjectRos2XYolo/build/cv_package/build/lib/cv_package
[1.783s] running install
[1.783s] running install_lib
[1.785s] copying /home/cimi/Documents/Workspace/belajar_ros2/ProjectRos2XYolo/build/cv_package/build/lib/cv_package/subscriber.py -> /home/cimi/Documents/Workspace/belajar_ros2/ProjectRos2XYolo/install/cv_package/lib/python3.8/site-packages/cv_package
[1.785s] byte-compiling /home/cimi/Documents/Workspace/belajar_ros2/ProjectRos2XYolo/install/cv_package/lib/python3.8/site-packages/cv_package/subscriber.py to subscriber.cpython-38.pyc
[1.787s] running install_data
[1.788s] running install_egg_info
[1.789s] removing '/home/cimi/Documents/Workspace/belajar_ros2/ProjectRos2XYolo/install/cv_package/lib/python3.8/site-packages/cv_package-0.0.0-py3.8.egg-info' (and everything under it)
[1.789s] Copying ../../build/cv_package/cv_package.egg-info to /home/cimi/Documents/Workspace/belajar_ros2/ProjectRos2XYolo/install/cv_package/lib/python3.8/site-packages/cv_package-0.0.0-py3.8.egg-info
[1.790s] running install_scripts
[1.805s] Installing eye script to /home/cimi/Documents/Workspace/belajar_ros2/ProjectRos2XYolo/install/cv_package/lib/cv_package
[1.805s] writing list of installed files to '/home/cimi/Documents/Workspace/belajar_ros2/ProjectRos2XYolo/build/cv_package/install.log'
[1.822s] Invoked command in '/home/cimi/Documents/Workspace/belajar_ros2/ProjectRos2XYolo/src/cv_package' returned '0': PYTHONPATH=/home/cimi/Documents/Workspace/belajar_ros2/ProjectRos2XYolo/install/cv_package/lib/python3.8/site-packages:${PYTHONPATH} /usr/bin/python3 setup.py egg_info --egg-base ../../build/cv_package build --build-base /home/cimi/Documents/Workspace/belajar_ros2/ProjectRos2XYolo/build/cv_package/build install --prefix /home/cimi/Documents/Workspace/belajar_ros2/ProjectRos2XYolo/install/cv_package --record /home/cimi/Documents/Workspace/belajar_ros2/ProjectRos2XYolo/build/cv_package/install.log --single-version-externally-managed
