[0.524s] Invoking command in '/home/cimi/Documents/Workspace/ProjectRos2XYolo/build/pesan': CMAKE_PREFIX_PATH=${CMAKE_PREFIX_PATH}:/home/cimi/Documents/Workspace/ProjectRos2XYolo/install/test_custom_msg:/home/cimi/Documents/Workspace/ProjectRos2XYolo/install/movement_package:/home/cimi/Documents/Workspace/ProjectRos2XYolo/install/cv_package:/opt/ros/foxy /usr/bin/cmake /home/cimi/Documents/Workspace/ProjectRos2XYolo/src/pesan -DCMAKE_INSTALL_PREFIX=/home/cimi/Documents/Workspace/ProjectRos2XYolo/install/pesan
[0.675s] -- The C compiler identification is GNU 9.4.0
[0.746s] -- The CXX compiler identification is GNU 9.4.0
[0.755s] -- Check for working C compiler: /usr/bin/cc
[0.872s] -- Check for working C compiler: /usr/bin/cc -- works
[0.874s] -- Detecting C compiler ABI info
[0.961s] -- Detecting C compiler ABI info - done
[0.984s] -- Detecting C compile features
[0.985s] -- Detecting C compile features - done
[0.990s] -- Check for working CXX compiler: /usr/bin/c++
[1.127s] -- Check for working CXX compiler: /usr/bin/c++ -- works
[1.129s] -- Detecting CXX compiler ABI info
[1.231s] -- Detecting CXX compiler ABI info - done
[1.254s] -- Detecting CXX compile features
[1.255s] -- Detecting CXX compile features - done
[1.258s] -- Found ament_cmake: 0.9.11 (/opt/ros/foxy/share/ament_cmake/cmake)
[1.298s] -- Found PythonInterp: /usr/bin/python3 (found suitable version "3.8.10", minimum required is "3") 
[1.298s] -- Using PYTHON_EXECUTABLE: /usr/bin/python3
[1.630s] -- Found std_msgs: 2.0.5 (/opt/ros/foxy/share/std_msgs/cmake)
[1.680s] -- Using all available rosidl_typesupport_c: rosidl_typesupport_fastrtps_c;rosidl_typesupport_introspection_c
[1.689s] -- Found rosidl_adapter: 1.3.0 (/opt/ros/foxy/share/rosidl_adapter/cmake)
[1.776s] -- Found OpenSSL: /usr/lib/x86_64-linux-gnu/libcrypto.so (found version "1.1.1f")  
[1.809s] -- Found FastRTPS: /opt/ros/foxy/include  
[1.947s] -- Using all available rosidl_typesupport_cpp: rosidl_typesupport_fastrtps_cpp;rosidl_typesupport_introspection_cpp
[2.448s] -- Found rosidl_default_generators: 1.0.1 (/opt/ros/foxy/share/rosidl_default_generators/cmake)
[2.949s] -- Found PythonInterp: /usr/bin/python3 (found version "3.8.10") 
[4.960s] -- Found ament_cmake_ros: 0.9.2 (/opt/ros/foxy/share/ament_cmake_ros/cmake)
[6.691s] -- Using all available rosidl_typesupport_c: rosidl_typesupport_fastrtps_c;rosidl_typesupport_introspection_c
[7.044s] -- Using all available rosidl_typesupport_cpp: rosidl_typesupport_fastrtps_cpp;rosidl_typesupport_introspection_cpp
[7.080s] -- Found PythonInterp: /usr/bin/python3 (found suitable version "3.8.10", minimum required is "3.5") 
[7.081s] -- Found python_cmake_module: 0.8.1 (/opt/ros/foxy/share/python_cmake_module/cmake)
[7.118s] -- Found PythonLibs: /usr/lib/x86_64-linux-gnu/libpython3.8.so (found suitable version "3.8.10", minimum required is "3.5") 
[7.118s] -- Using PYTHON_EXECUTABLE: /usr/bin/python3
[7.118s] -- Using PYTHON_INCLUDE_DIRS: /usr/include/python3.8
[7.118s] -- Using PYTHON_LIBRARIES: /usr/lib/x86_64-linux-gnu/libpython3.8.so
[7.149s] -- Found PythonExtra: .so  
[7.222s] -- Found ament_lint_auto: 0.9.7 (/opt/ros/foxy/share/ament_lint_auto/cmake)
[7.243s] -- Added test 'copyright' to check source files copyright and LICENSE
[7.245s] -- Added test 'lint_cmake' to check CMake code style
[7.247s] -- Added test 'xmllint' to check XML markup files
[7.252s] -- Configuring done
[7.306s] -- Generating done
[7.311s] -- Build files have been written to: /home/cimi/Documents/Workspace/ProjectRos2XYolo/build/pesan
[7.320s] Invoked command in '/home/cimi/Documents/Workspace/ProjectRos2XYolo/build/pesan' returned '0': CMAKE_PREFIX_PATH=${CMAKE_PREFIX_PATH}:/home/cimi/Documents/Workspace/ProjectRos2XYolo/install/test_custom_msg:/home/cimi/Documents/Workspace/ProjectRos2XYolo/install/movement_package:/home/cimi/Documents/Workspace/ProjectRos2XYolo/install/cv_package:/opt/ros/foxy /usr/bin/cmake /home/cimi/Documents/Workspace/ProjectRos2XYolo/src/pesan -DCMAKE_INSTALL_PREFIX=/home/cimi/Documents/Workspace/ProjectRos2XYolo/install/pesan
[7.322s] Invoking command in '/home/cimi/Documents/Workspace/ProjectRos2XYolo/build/pesan': CMAKE_PREFIX_PATH=${CMAKE_PREFIX_PATH}:/home/cimi/Documents/Workspace/ProjectRos2XYolo/install/test_custom_msg:/home/cimi/Documents/Workspace/ProjectRos2XYolo/install/movement_package:/home/cimi/Documents/Workspace/ProjectRos2XYolo/install/cv_package:/opt/ros/foxy /usr/bin/cmake --build /home/cimi/Documents/Workspace/ProjectRos2XYolo/build/pesan -- -j8 -l8
[7.369s] [  2%] [34m[1mGenerating C code for ROS interfaces[0m
[7.370s] [35m[1mScanning dependencies of target pesan__cpp[0m
[7.382s] [  5%] [34m[1mGenerating C++ code for ROS interfaces[0m
[7.705s] [35m[1mScanning dependencies of target pesan__rosidl_generator_c[0m
[7.716s] [  5%] Built target pesan__cpp
[7.727s] [ 12%] [34m[1mGenerating C++ type support for eProsima Fast-RTPS[0m
[7.728s] [ 12%] [34m[1mGenerating C++ introspection for ROS interfaces[0m
[7.728s] [ 12%] [34m[1mGenerating C++ type support dispatch for ROS interfaces[0m
[7.765s] [ 17%] [32mBuilding C object CMakeFiles/pesan__rosidl_generator_c.dir/rosidl_generator_c/pesan/msg/detail/movement__functions.c.o[0m
[7.765s] [ 17%] [32mBuilding C object CMakeFiles/pesan__rosidl_generator_c.dir/rosidl_generator_c/pesan/msg/detail/mission__functions.c.o[0m
[7.855s] [ 20%] [32m[1mLinking C shared library libpesan__rosidl_generator_c.so[0m
[7.922s] [ 20%] Built target pesan__rosidl_generator_c
[7.941s] [ 25%] [34m[1mGenerating C type support dispatch for ROS interfaces[0m
[7.941s] [ 25%] [34m[1mGenerating C introspection for ROS interfaces[0m
[8.066s] [35m[1mScanning dependencies of target pesan__rosidl_typesupport_introspection_cpp[0m
[8.072s] [35m[1mScanning dependencies of target pesan__rosidl_typesupport_cpp[0m
[8.089s] [ 30%] [32mBuilding CXX object CMakeFiles/pesan__rosidl_typesupport_introspection_cpp.dir/rosidl_typesupport_introspection_cpp/pesan/msg/detail/movement__type_support.cpp.o[0m
[8.089s] [ 30%] [32mBuilding CXX object CMakeFiles/pesan__rosidl_typesupport_introspection_cpp.dir/rosidl_typesupport_introspection_cpp/pesan/msg/detail/mission__type_support.cpp.o[0m
[8.097s] [ 33%] [32mBuilding CXX object CMakeFiles/pesan__rosidl_typesupport_cpp.dir/rosidl_typesupport_cpp/pesan/msg/mission__type_support.cpp.o[0m
[8.104s] [ 35%] [32mBuilding CXX object CMakeFiles/pesan__rosidl_typesupport_cpp.dir/rosidl_typesupport_cpp/pesan/msg/movement__type_support.cpp.o[0m
[8.125s] [35m[1mScanning dependencies of target pesan__rosidl_typesupport_fastrtps_cpp[0m
[8.148s] [ 41%] [32mBuilding CXX object CMakeFiles/pesan__rosidl_typesupport_fastrtps_cpp.dir/rosidl_typesupport_fastrtps_cpp/pesan/msg/detail/dds_fastrtps/mission__type_support.cpp.o[0m
[8.149s] [ 41%] [32mBuilding CXX object CMakeFiles/pesan__rosidl_typesupport_fastrtps_cpp.dir/rosidl_typesupport_fastrtps_cpp/pesan/msg/detail/dds_fastrtps/movement__type_support.cpp.o[0m
[8.503s] [35m[1mScanning dependencies of target pesan__rosidl_typesupport_c[0m
[8.557s] [ 43%] [32mBuilding CXX object CMakeFiles/pesan__rosidl_typesupport_c.dir/rosidl_typesupport_c/pesan/msg/movement__type_support.cpp.o[0m
[8.588s] [35m[1mScanning dependencies of target pesan__rosidl_typesupport_introspection_c[0m
[8.722s] [ 46%] [32mBuilding CXX object CMakeFiles/pesan__rosidl_typesupport_c.dir/rosidl_typesupport_c/pesan/msg/mission__type_support.cpp.o[0m
[8.723s] [ 48%] [32mBuilding C object CMakeFiles/pesan__rosidl_typesupport_introspection_c.dir/rosidl_typesupport_introspection_c/pesan/msg/detail/movement__type_support.c.o[0m
[8.725s] [ 51%] [32m[1mLinking CXX shared library libpesan__rosidl_typesupport_introspection_cpp.so[0m
[8.741s] [ 53%] [32mBuilding C object CMakeFiles/pesan__rosidl_typesupport_introspection_c.dir/rosidl_typesupport_introspection_c/pesan/msg/detail/mission__type_support.c.o[0m
[8.786s] [ 56%] [32m[1mLinking CXX shared library libpesan__rosidl_typesupport_c.so[0m
[8.804s] [ 58%] [32m[1mLinking C shared library libpesan__rosidl_typesupport_introspection_c.so[0m
[8.814s] [ 61%] [32m[1mLinking CXX shared library libpesan__rosidl_typesupport_cpp.so[0m
[8.864s] [ 61%] Built target pesan__rosidl_typesupport_introspection_cpp
[8.865s] [ 61%] Built target pesan__rosidl_typesupport_introspection_c
[8.867s] [ 61%] Built target pesan__rosidl_typesupport_c
[8.887s] [ 61%] Built target pesan__rosidl_typesupport_cpp
[9.639s] [ 64%] [32m[1mLinking CXX shared library libpesan__rosidl_typesupport_fastrtps_cpp.so[0m
[10.389s] [ 64%] Built target pesan__rosidl_typesupport_fastrtps_cpp
[10.477s] [ 66%] [34m[1mGenerating C type support for eProsima Fast-RTPS[0m
[12.561s] [35m[1mScanning dependencies of target pesan__rosidl_typesupport_fastrtps_c[0m
[12.693s] [ 69%] [32mBuilding CXX object CMakeFiles/pesan__rosidl_typesupport_fastrtps_c.dir/rosidl_typesupport_fastrtps_c/pesan/msg/detail/movement__type_support_c.cpp.o[0m
[12.700s] [ 71%] [32mBuilding CXX object CMakeFiles/pesan__rosidl_typesupport_fastrtps_c.dir/rosidl_typesupport_fastrtps_c/pesan/msg/detail/mission__type_support_c.cpp.o[0m
[14.170s] [ 74%] [32m[1mLinking CXX shared library libpesan__rosidl_typesupport_fastrtps_c.so[0m
[14.245s] [ 74%] Built target pesan__rosidl_typesupport_fastrtps_c
[14.254s] [35m[1mScanning dependencies of target pesan[0m
[14.264s] [ 74%] Built target pesan
[14.273s] [35m[1mScanning dependencies of target pesan__py[0m
[14.282s] [ 76%] [34m[1mGenerating Python code for ROS interfaces[0m
[15.271s] [ 76%] Built target pesan__py
[15.281s] [35m[1mScanning dependencies of target pesan__python[0m
[15.299s] [ 82%] [32mBuilding C object CMakeFiles/pesan__python.dir/rosidl_generator_py/pesan/msg/_movement_s.c.o[0m
[15.299s] [ 82%] [32mBuilding C object CMakeFiles/pesan__python.dir/rosidl_generator_py/pesan/msg/_mission_s.c.o[0m
[15.380s] [ 84%] [32m[1mLinking C shared library rosidl_generator_py/pesan/libpesan__python.so[0m
[15.417s] [ 84%] Built target pesan__python
[15.428s] [35m[1mScanning dependencies of target pesan__rosidl_typesupport_c__pyext[0m
[15.428s] [35m[1mScanning dependencies of target pesan__rosidl_typesupport_introspection_c__pyext[0m
[15.428s] [35m[1mScanning dependencies of target pesan__rosidl_typesupport_fastrtps_c__pyext[0m
[15.450s] [ 87%] [32mBuilding C object CMakeFiles/pesan__rosidl_typesupport_fastrtps_c__pyext.dir/rosidl_generator_py/pesan/_pesan_s.ep.rosidl_typesupport_fastrtps_c.c.o[0m
[15.451s] [ 92%] [32mBuilding C object CMakeFiles/pesan__rosidl_typesupport_c__pyext.dir/rosidl_generator_py/pesan/_pesan_s.ep.rosidl_typesupport_c.c.o[0m
[15.451s] [ 92%] [32mBuilding C object CMakeFiles/pesan__rosidl_typesupport_introspection_c__pyext.dir/rosidl_generator_py/pesan/_pesan_s.ep.rosidl_typesupport_introspection_c.c.o[0m
[15.537s] [ 97%] [32m[1mLinking C shared library rosidl_generator_py/pesan/pesan_s__rosidl_typesupport_introspection_c.cpython-38-x86_64-linux-gnu.so[0m
[15.537s] [ 97%] [32m[1mLinking C shared library rosidl_generator_py/pesan/pesan_s__rosidl_typesupport_c.cpython-38-x86_64-linux-gnu.so[0m
[15.539s] [100%] [32m[1mLinking CXX shared library rosidl_generator_py/pesan/pesan_s__rosidl_typesupport_fastrtps_c.cpython-38-x86_64-linux-gnu.so[0m
[15.578s] [100%] Built target pesan__rosidl_typesupport_c__pyext
[15.579s] [100%] Built target pesan__rosidl_typesupport_introspection_c__pyext
[15.606s] [100%] Built target pesan__rosidl_typesupport_fastrtps_c__pyext
[15.619s] Invoked command in '/home/cimi/Documents/Workspace/ProjectRos2XYolo/build/pesan' returned '0': CMAKE_PREFIX_PATH=${CMAKE_PREFIX_PATH}:/home/cimi/Documents/Workspace/ProjectRos2XYolo/install/test_custom_msg:/home/cimi/Documents/Workspace/ProjectRos2XYolo/install/movement_package:/home/cimi/Documents/Workspace/ProjectRos2XYolo/install/cv_package:/opt/ros/foxy /usr/bin/cmake --build /home/cimi/Documents/Workspace/ProjectRos2XYolo/build/pesan -- -j8 -l8
[15.680s] Invoking command in '/home/cimi/Documents/Workspace/ProjectRos2XYolo/build/pesan': CMAKE_PREFIX_PATH=${CMAKE_PREFIX_PATH}:/home/cimi/Documents/Workspace/ProjectRos2XYolo/install/test_custom_msg:/home/cimi/Documents/Workspace/ProjectRos2XYolo/install/movement_package:/home/cimi/Documents/Workspace/ProjectRos2XYolo/install/cv_package:/opt/ros/foxy /usr/bin/cmake --install /home/cimi/Documents/Workspace/ProjectRos2XYolo/build/pesan
[15.688s] -- Install configuration: ""
[15.689s] -- Installing: /home/cimi/Documents/Workspace/ProjectRos2XYolo/install/pesan/share/ament_index/resource_index/rosidl_interfaces/pesan
[15.690s] -- Installing: /home/cimi/Documents/Workspace/ProjectRos2XYolo/install/pesan/include/pesan
[15.691s] -- Installing: /home/cimi/Documents/Workspace/ProjectRos2XYolo/install/pesan/include/pesan/msg
[15.691s] -- Installing: /home/cimi/Documents/Workspace/ProjectRos2XYolo/install/pesan/include/pesan/msg/rosidl_generator_c__visibility_control.h
[15.692s] -- Installing: /home/cimi/Documents/Workspace/ProjectRos2XYolo/install/pesan/include/pesan/msg/movement.h
[15.692s] -- Installing: /home/cimi/Documents/Workspace/ProjectRos2XYolo/install/pesan/include/pesan/msg/detail
[15.693s] -- Installing: /home/cimi/Documents/Workspace/ProjectRos2XYolo/install/pesan/include/pesan/msg/detail/movement__struct.h
[15.693s] -- Installing: /home/cimi/Documents/Workspace/ProjectRos2XYolo/install/pesan/include/pesan/msg/detail/movement__type_support.h
[15.694s] -- Installing: /home/cimi/Documents/Workspace/ProjectRos2XYolo/install/pesan/include/pesan/msg/detail/mission__functions.h
[15.694s] -- Installing: /home/cimi/Documents/Workspace/ProjectRos2XYolo/install/pesan/include/pesan/msg/detail/mission__functions.c
[15.694s] -- Installing: /home/cimi/Documents/Workspace/ProjectRos2XYolo/install/pesan/include/pesan/msg/detail/mission__type_support.h
[15.695s] -- Installing: /home/cimi/Documents/Workspace/ProjectRos2XYolo/install/pesan/include/pesan/msg/detail/mission__struct.h
[15.695s] -- Installing: /home/cimi/Documents/Workspace/ProjectRos2XYolo/install/pesan/include/pesan/msg/detail/movement__functions.h
[15.696s] -- Installing: /home/cimi/Documents/Workspace/ProjectRos2XYolo/install/pesan/include/pesan/msg/detail/movement__functions.c
[15.696s] -- Installing: /home/cimi/Documents/Workspace/ProjectRos2XYolo/install/pesan/include/pesan/msg/mission.h
[15.696s] -- Installing: /home/cimi/Documents/Workspace/ProjectRos2XYolo/install/pesan/share/pesan/environment/library_path.sh
[15.697s] -- Installing: /home/cimi/Documents/Workspace/ProjectRos2XYolo/install/pesan/share/pesan/environment/library_path.dsv
[15.697s] -- Installing: /home/cimi/Documents/Workspace/ProjectRos2XYolo/install/pesan/lib/libpesan__rosidl_generator_c.so
[15.698s] -- Set runtime path of "/home/cimi/Documents/Workspace/ProjectRos2XYolo/install/pesan/lib/libpesan__rosidl_generator_c.so" to ""
[15.698s] -- Up-to-date: /home/cimi/Documents/Workspace/ProjectRos2XYolo/install/pesan/include/pesan
[15.698s] -- Up-to-date: /home/cimi/Documents/Workspace/ProjectRos2XYolo/install/pesan/include/pesan/msg
[15.699s] -- Installing: /home/cimi/Documents/Workspace/ProjectRos2XYolo/install/pesan/include/pesan/msg/rosidl_typesupport_fastrtps_c__visibility_control.h
[15.699s] -- Up-to-date: /home/cimi/Documents/Workspace/ProjectRos2XYolo/install/pesan/include/pesan/msg/detail
[15.700s] -- Installing: /home/cimi/Documents/Workspace/ProjectRos2XYolo/install/pesan/include/pesan/msg/detail/movement__rosidl_typesupport_fastrtps_c.h
[15.700s] -- Installing: /home/cimi/Documents/Workspace/ProjectRos2XYolo/install/pesan/include/pesan/msg/detail/mission__rosidl_typesupport_fastrtps_c.h
[15.700s] -- Installing: /home/cimi/Documents/Workspace/ProjectRos2XYolo/install/pesan/lib/libpesan__rosidl_typesupport_fastrtps_c.so
[15.701s] -- Set runtime path of "/home/cimi/Documents/Workspace/ProjectRos2XYolo/install/pesan/lib/libpesan__rosidl_typesupport_fastrtps_c.so" to ""
[15.702s] -- Up-to-date: /home/cimi/Documents/Workspace/ProjectRos2XYolo/install/pesan/include/pesan
[15.702s] -- Up-to-date: /home/cimi/Documents/Workspace/ProjectRos2XYolo/install/pesan/include/pesan/msg
[15.702s] -- Up-to-date: /home/cimi/Documents/Workspace/ProjectRos2XYolo/install/pesan/include/pesan/msg/detail
[15.703s] -- Installing: /home/cimi/Documents/Workspace/ProjectRos2XYolo/install/pesan/include/pesan/msg/detail/movement__rosidl_typesupport_fastrtps_cpp.hpp
[15.703s] -- Installing: /home/cimi/Documents/Workspace/ProjectRos2XYolo/install/pesan/include/pesan/msg/detail/dds_fastrtps
[15.703s] -- Installing: /home/cimi/Documents/Workspace/ProjectRos2XYolo/install/pesan/include/pesan/msg/detail/mission__rosidl_typesupport_fastrtps_cpp.hpp
[15.703s] -- Installing: /home/cimi/Documents/Workspace/ProjectRos2XYolo/install/pesan/include/pesan/msg/rosidl_typesupport_fastrtps_cpp__visibility_control.h
[15.704s] -- Installing: /home/cimi/Documents/Workspace/ProjectRos2XYolo/install/pesan/lib/libpesan__rosidl_typesupport_fastrtps_cpp.so
[15.704s] -- Set runtime path of "/home/cimi/Documents/Workspace/ProjectRos2XYolo/install/pesan/lib/libpesan__rosidl_typesupport_fastrtps_cpp.so" to ""
[15.704s] -- Up-to-date: /home/cimi/Documents/Workspace/ProjectRos2XYolo/install/pesan/include/pesan
[15.705s] -- Up-to-date: /home/cimi/Documents/Workspace/ProjectRos2XYolo/install/pesan/include/pesan/msg
[15.705s] -- Up-to-date: /home/cimi/Documents/Workspace/ProjectRos2XYolo/install/pesan/include/pesan/msg/detail
[15.705s] -- Installing: /home/cimi/Documents/Workspace/ProjectRos2XYolo/install/pesan/include/pesan/msg/detail/mission__type_support.c
[15.706s] -- Installing: /home/cimi/Documents/Workspace/ProjectRos2XYolo/install/pesan/include/pesan/msg/detail/movement__rosidl_typesupport_introspection_c.h
[15.706s] -- Installing: /home/cimi/Documents/Workspace/ProjectRos2XYolo/install/pesan/include/pesan/msg/detail/movement__type_support.c
[15.706s] -- Installing: /home/cimi/Documents/Workspace/ProjectRos2XYolo/install/pesan/include/pesan/msg/detail/mission__rosidl_typesupport_introspection_c.h
[15.707s] -- Installing: /home/cimi/Documents/Workspace/ProjectRos2XYolo/install/pesan/include/pesan/msg/rosidl_typesupport_introspection_c__visibility_control.h
[15.707s] -- Installing: /home/cimi/Documents/Workspace/ProjectRos2XYolo/install/pesan/lib/libpesan__rosidl_typesupport_introspection_c.so
[15.707s] -- Set runtime path of "/home/cimi/Documents/Workspace/ProjectRos2XYolo/install/pesan/lib/libpesan__rosidl_typesupport_introspection_c.so" to ""
[15.707s] -- Installing: /home/cimi/Documents/Workspace/ProjectRos2XYolo/install/pesan/lib/libpesan__rosidl_typesupport_c.so
[15.708s] -- Set runtime path of "/home/cimi/Documents/Workspace/ProjectRos2XYolo/install/pesan/lib/libpesan__rosidl_typesupport_c.so" to ""
[15.708s] -- Up-to-date: /home/cimi/Documents/Workspace/ProjectRos2XYolo/install/pesan/include/pesan
[15.708s] -- Up-to-date: /home/cimi/Documents/Workspace/ProjectRos2XYolo/install/pesan/include/pesan/msg
[15.708s] -- Installing: /home/cimi/Documents/Workspace/ProjectRos2XYolo/install/pesan/include/pesan/msg/movement.hpp
[15.709s] -- Up-to-date: /home/cimi/Documents/Workspace/ProjectRos2XYolo/install/pesan/include/pesan/msg/detail
[15.709s] -- Installing: /home/cimi/Documents/Workspace/ProjectRos2XYolo/install/pesan/include/pesan/msg/detail/movement__traits.hpp
[15.709s] -- Installing: /home/cimi/Documents/Workspace/ProjectRos2XYolo/install/pesan/include/pesan/msg/detail/movement__struct.hpp
[15.709s] -- Installing: /home/cimi/Documents/Workspace/ProjectRos2XYolo/install/pesan/include/pesan/msg/detail/mission__builder.hpp
[15.710s] -- Installing: /home/cimi/Documents/Workspace/ProjectRos2XYolo/install/pesan/include/pesan/msg/detail/mission__struct.hpp
[15.710s] -- Installing: /home/cimi/Documents/Workspace/ProjectRos2XYolo/install/pesan/include/pesan/msg/detail/mission__traits.hpp
[15.710s] -- Installing: /home/cimi/Documents/Workspace/ProjectRos2XYolo/install/pesan/include/pesan/msg/detail/movement__builder.hpp
[15.710s] -- Installing: /home/cimi/Documents/Workspace/ProjectRos2XYolo/install/pesan/include/pesan/msg/mission.hpp
[15.710s] -- Up-to-date: /home/cimi/Documents/Workspace/ProjectRos2XYolo/install/pesan/include/pesan
[15.710s] -- Up-to-date: /home/cimi/Documents/Workspace/ProjectRos2XYolo/install/pesan/include/pesan/msg
[15.711s] -- Up-to-date: /home/cimi/Documents/Workspace/ProjectRos2XYolo/install/pesan/include/pesan/msg/detail
[15.711s] -- Installing: /home/cimi/Documents/Workspace/ProjectRos2XYolo/install/pesan/include/pesan/msg/detail/movement__rosidl_typesupport_introspection_cpp.hpp
[15.711s] -- Installing: /home/cimi/Documents/Workspace/ProjectRos2XYolo/install/pesan/include/pesan/msg/detail/movement__type_support.cpp
[15.711s] -- Installing: /home/cimi/Documents/Workspace/ProjectRos2XYolo/install/pesan/include/pesan/msg/detail/mission__type_support.cpp
[15.711s] -- Installing: /home/cimi/Documents/Workspace/ProjectRos2XYolo/install/pesan/include/pesan/msg/detail/mission__rosidl_typesupport_introspection_cpp.hpp
[15.712s] -- Installing: /home/cimi/Documents/Workspace/ProjectRos2XYolo/install/pesan/lib/libpesan__rosidl_typesupport_introspection_cpp.so
[15.712s] -- Set runtime path of "/home/cimi/Documents/Workspace/ProjectRos2XYolo/install/pesan/lib/libpesan__rosidl_typesupport_introspection_cpp.so" to ""
[15.712s] -- Installing: /home/cimi/Documents/Workspace/ProjectRos2XYolo/install/pesan/lib/libpesan__rosidl_typesupport_cpp.so
[15.712s] -- Set runtime path of "/home/cimi/Documents/Workspace/ProjectRos2XYolo/install/pesan/lib/libpesan__rosidl_typesupport_cpp.so" to ""
[15.712s] -- Installing: /home/cimi/Documents/Workspace/ProjectRos2XYolo/install/pesan/share/pesan/environment/pythonpath.sh
[15.712s] -- Installing: /home/cimi/Documents/Workspace/ProjectRos2XYolo/install/pesan/share/pesan/environment/pythonpath.dsv
[15.713s] -- Installing: /home/cimi/Documents/Workspace/ProjectRos2XYolo/install/pesan/lib/python3.8/site-packages/pesan/__init__.py
[15.746s] Compiling '/home/cimi/Documents/Workspace/ProjectRos2XYolo/install/pesan/lib/python3.8/site-packages/pesan/__init__.py'...
[15.750s] -- Installing: /home/cimi/Documents/Workspace/ProjectRos2XYolo/install/pesan/lib/python3.8/site-packages/pesan/msg
[15.751s] -- Installing: /home/cimi/Documents/Workspace/ProjectRos2XYolo/install/pesan/lib/python3.8/site-packages/pesan/msg/_mission_s.c
[15.751s] -- Installing: /home/cimi/Documents/Workspace/ProjectRos2XYolo/install/pesan/lib/python3.8/site-packages/pesan/msg/__init__.py
[15.751s] -- Installing: /home/cimi/Documents/Workspace/ProjectRos2XYolo/install/pesan/lib/python3.8/site-packages/pesan/msg/_mission.py
[15.751s] -- Installing: /home/cimi/Documents/Workspace/ProjectRos2XYolo/install/pesan/lib/python3.8/site-packages/pesan/msg/_movement_s.c
[15.751s] -- Installing: /home/cimi/Documents/Workspace/ProjectRos2XYolo/install/pesan/lib/python3.8/site-packages/pesan/msg/_movement.py
[15.751s] -- Installing: /home/cimi/Documents/Workspace/ProjectRos2XYolo/install/pesan/lib/python3.8/site-packages/pesan/pesan_s__rosidl_typesupport_fastrtps_c.cpython-38-x86_64-linux-gnu.so
[15.752s] -- Set runtime path of "/home/cimi/Documents/Workspace/ProjectRos2XYolo/install/pesan/lib/python3.8/site-packages/pesan/pesan_s__rosidl_typesupport_fastrtps_c.cpython-38-x86_64-linux-gnu.so" to ""
[15.752s] -- Installing: /home/cimi/Documents/Workspace/ProjectRos2XYolo/install/pesan/lib/python3.8/site-packages/pesan/pesan_s__rosidl_typesupport_introspection_c.cpython-38-x86_64-linux-gnu.so
[15.753s] -- Set runtime path of "/home/cimi/Documents/Workspace/ProjectRos2XYolo/install/pesan/lib/python3.8/site-packages/pesan/pesan_s__rosidl_typesupport_introspection_c.cpython-38-x86_64-linux-gnu.so" to ""
[15.753s] -- Installing: /home/cimi/Documents/Workspace/ProjectRos2XYolo/install/pesan/lib/python3.8/site-packages/pesan/pesan_s__rosidl_typesupport_c.cpython-38-x86_64-linux-gnu.so
[15.754s] -- Set runtime path of "/home/cimi/Documents/Workspace/ProjectRos2XYolo/install/pesan/lib/python3.8/site-packages/pesan/pesan_s__rosidl_typesupport_c.cpython-38-x86_64-linux-gnu.so" to ""
[15.754s] -- Installing: /home/cimi/Documents/Workspace/ProjectRos2XYolo/install/pesan/lib/libpesan__python.so
[15.754s] -- Set runtime path of "/home/cimi/Documents/Workspace/ProjectRos2XYolo/install/pesan/lib/libpesan__python.so" to ""
[15.755s] -- Installing: /home/cimi/Documents/Workspace/ProjectRos2XYolo/install/pesan/share/pesan/msg/Movement.idl
[15.755s] -- Installing: /home/cimi/Documents/Workspace/ProjectRos2XYolo/install/pesan/share/pesan/msg/Mission.idl
[15.755s] -- Installing: /home/cimi/Documents/Workspace/ProjectRos2XYolo/install/pesan/share/pesan/msg/Movement.msg
[15.755s] -- Installing: /home/cimi/Documents/Workspace/ProjectRos2XYolo/install/pesan/share/pesan/msg/Mission.msg
[15.755s] -- Installing: /home/cimi/Documents/Workspace/ProjectRos2XYolo/install/pesan/share/ament_index/resource_index/package_run_dependencies/pesan
[15.756s] -- Installing: /home/cimi/Documents/Workspace/ProjectRos2XYolo/install/pesan/share/ament_index/resource_index/parent_prefix_path/pesan
[15.756s] -- Installing: /home/cimi/Documents/Workspace/ProjectRos2XYolo/install/pesan/share/pesan/environment/ament_prefix_path.sh
[15.756s] -- Installing: /home/cimi/Documents/Workspace/ProjectRos2XYolo/install/pesan/share/pesan/environment/ament_prefix_path.dsv
[15.756s] -- Installing: /home/cimi/Documents/Workspace/ProjectRos2XYolo/install/pesan/share/pesan/environment/path.sh
[15.756s] -- Installing: /home/cimi/Documents/Workspace/ProjectRos2XYolo/install/pesan/share/pesan/environment/path.dsv
[15.756s] -- Installing: /home/cimi/Documents/Workspace/ProjectRos2XYolo/install/pesan/share/pesan/local_setup.bash
[15.757s] -- Installing: /home/cimi/Documents/Workspace/ProjectRos2XYolo/install/pesan/share/pesan/local_setup.sh
[15.757s] -- Installing: /home/cimi/Documents/Workspace/ProjectRos2XYolo/install/pesan/share/pesan/local_setup.zsh
[15.757s] -- Installing: /home/cimi/Documents/Workspace/ProjectRos2XYolo/install/pesan/share/pesan/local_setup.dsv
[15.757s] -- Installing: /home/cimi/Documents/Workspace/ProjectRos2XYolo/install/pesan/share/pesan/package.dsv
[15.757s] -- Installing: /home/cimi/Documents/Workspace/ProjectRos2XYolo/install/pesan/share/ament_index/resource_index/packages/pesan
[15.758s] -- Installing: /home/cimi/Documents/Workspace/ProjectRos2XYolo/install/pesan/share/pesan/cmake/pesan__rosidl_generator_cExport.cmake
[15.758s] -- Installing: /home/cimi/Documents/Workspace/ProjectRos2XYolo/install/pesan/share/pesan/cmake/pesan__rosidl_generator_cExport-noconfig.cmake
[15.758s] -- Installing: /home/cimi/Documents/Workspace/ProjectRos2XYolo/install/pesan/share/pesan/cmake/pesan__rosidl_typesupport_introspection_cExport.cmake
[15.758s] -- Installing: /home/cimi/Documents/Workspace/ProjectRos2XYolo/install/pesan/share/pesan/cmake/pesan__rosidl_typesupport_introspection_cExport-noconfig.cmake
[15.758s] -- Installing: /home/cimi/Documents/Workspace/ProjectRos2XYolo/install/pesan/share/pesan/cmake/pesan__rosidl_typesupport_cExport.cmake
[15.759s] -- Installing: /home/cimi/Documents/Workspace/ProjectRos2XYolo/install/pesan/share/pesan/cmake/pesan__rosidl_typesupport_cExport-noconfig.cmake
[15.759s] -- Installing: /home/cimi/Documents/Workspace/ProjectRos2XYolo/install/pesan/share/pesan/cmake/pesan__rosidl_generator_cppExport.cmake
[15.759s] -- Installing: /home/cimi/Documents/Workspace/ProjectRos2XYolo/install/pesan/share/pesan/cmake/pesan__rosidl_typesupport_introspection_cppExport.cmake
[15.759s] -- Installing: /home/cimi/Documents/Workspace/ProjectRos2XYolo/install/pesan/share/pesan/cmake/pesan__rosidl_typesupport_introspection_cppExport-noconfig.cmake
[15.759s] -- Installing: /home/cimi/Documents/Workspace/ProjectRos2XYolo/install/pesan/share/pesan/cmake/pesan__rosidl_typesupport_cppExport.cmake
[15.760s] -- Installing: /home/cimi/Documents/Workspace/ProjectRos2XYolo/install/pesan/share/pesan/cmake/pesan__rosidl_typesupport_cppExport-noconfig.cmake
[15.760s] -- Installing: /home/cimi/Documents/Workspace/ProjectRos2XYolo/install/pesan/share/pesan/cmake/rosidl_cmake-extras.cmake
[15.760s] -- Installing: /home/cimi/Documents/Workspace/ProjectRos2XYolo/install/pesan/share/pesan/cmake/ament_cmake_export_dependencies-extras.cmake
[15.760s] -- Installing: /home/cimi/Documents/Workspace/ProjectRos2XYolo/install/pesan/share/pesan/cmake/ament_cmake_export_libraries-extras.cmake
[15.760s] -- Installing: /home/cimi/Documents/Workspace/ProjectRos2XYolo/install/pesan/share/pesan/cmake/ament_cmake_export_targets-extras.cmake
[15.761s] -- Installing: /home/cimi/Documents/Workspace/ProjectRos2XYolo/install/pesan/share/pesan/cmake/ament_cmake_export_include_directories-extras.cmake
[15.761s] -- Installing: /home/cimi/Documents/Workspace/ProjectRos2XYolo/install/pesan/share/pesan/cmake/rosidl_cmake_export_typesupport_libraries-extras.cmake
[15.761s] -- Installing: /home/cimi/Documents/Workspace/ProjectRos2XYolo/install/pesan/share/pesan/cmake/rosidl_cmake_export_typesupport_targets-extras.cmake
[15.761s] -- Installing: /home/cimi/Documents/Workspace/ProjectRos2XYolo/install/pesan/share/pesan/cmake/pesanConfig.cmake
[15.761s] -- Installing: /home/cimi/Documents/Workspace/ProjectRos2XYolo/install/pesan/share/pesan/cmake/pesanConfig-version.cmake
[15.761s] -- Installing: /home/cimi/Documents/Workspace/ProjectRos2XYolo/install/pesan/share/pesan/package.xml
[15.769s] Invoked command in '/home/cimi/Documents/Workspace/ProjectRos2XYolo/build/pesan' returned '0': CMAKE_PREFIX_PATH=${CMAKE_PREFIX_PATH}:/home/cimi/Documents/Workspace/ProjectRos2XYolo/install/test_custom_msg:/home/cimi/Documents/Workspace/ProjectRos2XYolo/install/movement_package:/home/cimi/Documents/Workspace/ProjectRos2XYolo/install/cv_package:/opt/ros/foxy /usr/bin/cmake --install /home/cimi/Documents/Workspace/ProjectRos2XYolo/build/pesan
