[1.476s] Invoking command in '/home/hisan/Documents/Banyubramanta/ProjectRos2XYolo/src/movement_package': PYTHONPATH=/home/hisan/Documents/Banyubramanta/ProjectRos2XYolo/install/movement_package/lib/python3.8/site-packages:${PYTHONPATH} /usr/bin/python3 setup.py egg_info --egg-base ../../build/movement_package build --build-base /home/hisan/Documents/Banyubramanta/ProjectRos2XYolo/build/movement_package/build install --prefix /home/hisan/Documents/Banyubramanta/ProjectRos2XYolo/install/movement_package --record /home/hisan/Documents/Banyubramanta/ProjectRos2XYolo/build/movement_package/install.log --single-version-externally-managed
[1.841s] running egg_info
[1.841s] writing ../../build/movement_package/movement_package.egg-info/PKG-INFO
[1.842s] writing dependency_links to ../../build/movement_package/movement_package.egg-info/dependency_links.txt
[1.842s] writing entry points to ../../build/movement_package/movement_package.egg-info/entry_points.txt
[1.842s] writing requirements to ../../build/movement_package/movement_package.egg-info/requires.txt
[1.843s] writing top-level names to ../../build/movement_package/movement_package.egg-info/top_level.txt
[1.889s] reading manifest file '../../build/movement_package/movement_package.egg-info/SOURCES.txt'
[1.890s] writing manifest file '../../build/movement_package/movement_package.egg-info/SOURCES.txt'
[1.891s] running build
[1.891s] running build_py
[1.891s] running install
[1.892s] running install_lib
[1.894s] running install_data
[1.895s] running install_egg_info
[1.897s] removing '/home/hisan/Documents/Banyubramanta/ProjectRos2XYolo/install/movement_package/lib/python3.8/site-packages/movement_package-0.0.0-py3.8.egg-info' (and everything under it)
[1.898s] Copying ../../build/movement_package/movement_package.egg-info to /home/hisan/Documents/Banyubramanta/ProjectRos2XYolo/install/movement_package/lib/python3.8/site-packages/movement_package-0.0.0-py3.8.egg-info
[1.899s] running install_scripts
[1.922s] writing list of installed files to '/home/hisan/Documents/Banyubramanta/ProjectRos2XYolo/build/movement_package/install.log'
[1.974s] Invoked command in '/home/hisan/Documents/Banyubramanta/ProjectRos2XYolo/src/movement_package' returned '0': PYTHONPATH=/home/hisan/Documents/Banyubramanta/ProjectRos2XYolo/install/movement_package/lib/python3.8/site-packages:${PYTHONPATH} /usr/bin/python3 setup.py egg_info --egg-base ../../build/movement_package build --build-base /home/hisan/Documents/Banyubramanta/ProjectRos2XYolo/build/movement_package/build install --prefix /home/hisan/Documents/Banyubramanta/ProjectRos2XYolo/install/movement_package --record /home/hisan/Documents/Banyubramanta/ProjectRos2XYolo/build/movement_package/install.log --single-version-externally-managed
