[1.082s] Invoking command in '/home/cimi/Documents/Workspace/ProjectRos2XYolo/src/cv_package': PYTHONPATH=/home/cimi/Documents/Workspace/ProjectRos2XYolo/install/cv_package/lib/python3.8/site-packages:${PYTHONPATH} /usr/bin/python3 setup.py egg_info --egg-base ../../build/cv_package build --build-base /home/cimi/Documents/Workspace/ProjectRos2XYolo/build/cv_package/build install --prefix /home/cimi/Documents/Workspace/ProjectRos2XYolo/install/cv_package --record /home/cimi/Documents/Workspace/ProjectRos2XYolo/build/cv_package/install.log --single-version-externally-managed
[1.325s] running egg_info
[1.326s] writing ../../build/cv_package/cv_package.egg-info/PKG-INFO
[1.326s] writing dependency_links to ../../build/cv_package/cv_package.egg-info/dependency_links.txt
[1.326s] writing entry points to ../../build/cv_package/cv_package.egg-info/entry_points.txt
[1.327s] writing requirements to ../../build/cv_package/cv_package.egg-info/requires.txt
[1.327s] writing top-level names to ../../build/cv_package/cv_package.egg-info/top_level.txt
[1.366s] reading manifest file '../../build/cv_package/cv_package.egg-info/SOURCES.txt'
[1.369s] writing manifest file '../../build/cv_package/cv_package.egg-info/SOURCES.txt'
[1.369s] running build
[1.369s] running build_py
[1.369s] running install
[1.370s] running install_lib
[1.371s] running install_data
[1.372s] running install_egg_info
[1.374s] removing '/home/cimi/Documents/Workspace/ProjectRos2XYolo/install/cv_package/lib/python3.8/site-packages/cv_package-0.0.0-py3.8.egg-info' (and everything under it)
[1.375s] Copying ../../build/cv_package/cv_package.egg-info to /home/cimi/Documents/Workspace/ProjectRos2XYolo/install/cv_package/lib/python3.8/site-packages/cv_package-0.0.0-py3.8.egg-info
[1.376s] running install_scripts
[1.395s] Installing eye script to /home/cimi/Documents/Workspace/ProjectRos2XYolo/install/cv_package/lib/cv_package
[1.395s] Installing yolo script to /home/cimi/Documents/Workspace/ProjectRos2XYolo/install/cv_package/lib/cv_package
[1.396s] writing list of installed files to '/home/cimi/Documents/Workspace/ProjectRos2XYolo/build/cv_package/install.log'
[1.435s] Invoked command in '/home/cimi/Documents/Workspace/ProjectRos2XYolo/src/cv_package' returned '0': PYTHONPATH=/home/cimi/Documents/Workspace/ProjectRos2XYolo/install/cv_package/lib/python3.8/site-packages:${PYTHONPATH} /usr/bin/python3 setup.py egg_info --egg-base ../../build/cv_package build --build-base /home/cimi/Documents/Workspace/ProjectRos2XYolo/build/cv_package/build install --prefix /home/cimi/Documents/Workspace/ProjectRos2XYolo/install/cv_package --record /home/cimi/Documents/Workspace/ProjectRos2XYolo/build/cv_package/install.log --single-version-externally-managed
