[0.540s] Invoking command in '/home/cimi/Documents/Workspace/belajar_ros2/ProjectRos2XYolo/src/cv_package': PYTHONPATH=/home/cimi/Documents/Workspace/belajar_ros2/ProjectRos2XYolo/install/cv_package/lib/python3.8/site-packages:${PYTHONPATH} /usr/bin/python3 setup.py egg_info --egg-base ../../build/cv_package build --build-base /home/cimi/Documents/Workspace/belajar_ros2/ProjectRos2XYolo/build/cv_package/build install --prefix /home/cimi/Documents/Workspace/belajar_ros2/ProjectRos2XYolo/install/cv_package --record /home/cimi/Documents/Workspace/belajar_ros2/ProjectRos2XYolo/build/cv_package/install.log --single-version-externally-managed
[0.739s] running egg_info
[0.739s] writing ../../build/cv_package/cv_package.egg-info/PKG-INFO
[0.740s] writing dependency_links to ../../build/cv_package/cv_package.egg-info/dependency_links.txt
[0.740s] writing entry points to ../../build/cv_package/cv_package.egg-info/entry_points.txt
[0.740s] writing requirements to ../../build/cv_package/cv_package.egg-info/requires.txt
[0.740s] writing top-level names to ../../build/cv_package/cv_package.egg-info/top_level.txt
[0.768s] reading manifest file '../../build/cv_package/cv_package.egg-info/SOURCES.txt'
[0.769s] writing manifest file '../../build/cv_package/cv_package.egg-info/SOURCES.txt'
[0.769s] running build
[0.769s] running build_py
[0.769s] copying cv_package/subscriber.py -> /home/cimi/Documents/Workspace/belajar_ros2/ProjectRos2XYolo/build/cv_package/build/lib/cv_package
[0.769s] running install
[0.770s] running install_lib
[0.771s] copying /home/cimi/Documents/Workspace/belajar_ros2/ProjectRos2XYolo/build/cv_package/build/lib/cv_package/subscriber.py -> /home/cimi/Documents/Workspace/belajar_ros2/ProjectRos2XYolo/install/cv_package/lib/python3.8/site-packages/cv_package
[0.771s] byte-compiling /home/cimi/Documents/Workspace/belajar_ros2/ProjectRos2XYolo/install/cv_package/lib/python3.8/site-packages/cv_package/subscriber.py to subscriber.cpython-38.pyc
[0.772s] running install_data
[0.773s] running install_egg_info
[0.774s] removing '/home/cimi/Documents/Workspace/belajar_ros2/ProjectRos2XYolo/install/cv_package/lib/python3.8/site-packages/cv_package-0.0.0-py3.8.egg-info' (and everything under it)
[0.774s] Copying ../../build/cv_package/cv_package.egg-info to /home/cimi/Documents/Workspace/belajar_ros2/ProjectRos2XYolo/install/cv_package/lib/python3.8/site-packages/cv_package-0.0.0-py3.8.egg-info
[0.775s] running install_scripts
[0.789s] Installing eye script to /home/cimi/Documents/Workspace/belajar_ros2/ProjectRos2XYolo/install/cv_package/lib/cv_package
[0.789s] writing list of installed files to '/home/cimi/Documents/Workspace/belajar_ros2/ProjectRos2XYolo/build/cv_package/install.log'
[0.807s] Invoked command in '/home/cimi/Documents/Workspace/belajar_ros2/ProjectRos2XYolo/src/cv_package' returned '0': PYTHONPATH=/home/cimi/Documents/Workspace/belajar_ros2/ProjectRos2XYolo/install/cv_package/lib/python3.8/site-packages:${PYTHONPATH} /usr/bin/python3 setup.py egg_info --egg-base ../../build/cv_package build --build-base /home/cimi/Documents/Workspace/belajar_ros2/ProjectRos2XYolo/build/cv_package/build install --prefix /home/cimi/Documents/Workspace/belajar_ros2/ProjectRos2XYolo/install/cv_package --record /home/cimi/Documents/Workspace/belajar_ros2/ProjectRos2XYolo/build/cv_package/install.log --single-version-externally-managed
