[0.041s] Invoking command in '/home/cimi/Documents/Workspace/ProjectRos2XYolo/build/custom_message': CMAKE_PREFIX_PATH=${CMAKE_PREFIX_PATH}:/home/cimi/Documents/Workspace/ProjectRos2XYolo/install/test_custom_msg:/home/cimi/Documents/Workspace/ProjectRos2XYolo/install/movement_node:/home/cimi/Documents/Workspace/ProjectRos2XYolo/install/master_node:/home/cimi/Documents/Workspace/ProjectRos2XYolo/install/movement_package:/home/cimi/Documents/Workspace/ProjectRos2XYolo/install/cv_package:/opt/ros/foxy /usr/bin/cmake --build /home/cimi/Documents/Workspace/ProjectRos2XYolo/build/custom_message -- -j8 -l8
[0.111s] [  2%] Built target custom_message__cpp
[0.122s] [ 12%] Built target custom_message__rosidl_generator_c
[0.167s] [ 23%] Built target custom_message__rosidl_typesupport_cpp
[0.174s] [ 33%] Built target custom_message__rosidl_typesupport_introspection_cpp
[0.182s] [ 43%] Built target custom_message__rosidl_typesupport_c
[0.185s] [ 53%] Built target custom_message__rosidl_typesupport_fastrtps_cpp
[0.194s] [ 64%] Built target custom_message__rosidl_typesupport_introspection_c
[0.228s] [ 74%] Built target custom_message__rosidl_typesupport_fastrtps_c
[0.257s] [ 74%] Built target custom_message
[0.292s] [ 76%] Built target custom_message__py
[0.330s] [ 84%] Built target custom_message__python
[0.385s] [ 89%] Built target custom_message__rosidl_typesupport_introspection_c__pyext
[0.387s] [ 94%] Built target custom_message__rosidl_typesupport_c__pyext
[0.389s] [100%] Built target custom_message__rosidl_typesupport_fastrtps_c__pyext
[0.481s] Invoked command in '/home/cimi/Documents/Workspace/ProjectRos2XYolo/build/custom_message' returned '0': CMAKE_PREFIX_PATH=${CMAKE_PREFIX_PATH}:/home/cimi/Documents/Workspace/ProjectRos2XYolo/install/test_custom_msg:/home/cimi/Documents/Workspace/ProjectRos2XYolo/install/movement_node:/home/cimi/Documents/Workspace/ProjectRos2XYolo/install/master_node:/home/cimi/Documents/Workspace/ProjectRos2XYolo/install/movement_package:/home/cimi/Documents/Workspace/ProjectRos2XYolo/install/cv_package:/opt/ros/foxy /usr/bin/cmake --build /home/cimi/Documents/Workspace/ProjectRos2XYolo/build/custom_message -- -j8 -l8
[0.596s] Invoking command in '/home/cimi/Documents/Workspace/ProjectRos2XYolo/build/custom_message': CMAKE_PREFIX_PATH=${CMAKE_PREFIX_PATH}:/home/cimi/Documents/Workspace/ProjectRos2XYolo/install/test_custom_msg:/home/cimi/Documents/Workspace/ProjectRos2XYolo/install/movement_node:/home/cimi/Documents/Workspace/ProjectRos2XYolo/install/master_node:/home/cimi/Documents/Workspace/ProjectRos2XYolo/install/movement_package:/home/cimi/Documents/Workspace/ProjectRos2XYolo/install/cv_package:/opt/ros/foxy /usr/bin/cmake --install /home/cimi/Documents/Workspace/ProjectRos2XYolo/build/custom_message
[0.608s] -- Install configuration: ""
[0.609s] -- Execute custom install script
[0.610s] -- Up-to-date symlink: /home/cimi/Documents/Workspace/ProjectRos2XYolo/install/custom_message/share/ament_index/resource_index/rosidl_interfaces/custom_message
[0.611s] -- Up-to-date symlink: /home/cimi/Documents/Workspace/ProjectRos2XYolo/install/custom_message/include/custom_message/msg/detail/num__functions.h
[0.612s] -- Up-to-date symlink: /home/cimi/Documents/Workspace/ProjectRos2XYolo/install/custom_message/include/custom_message/msg/detail/num__struct.h
[0.612s] -- Up-to-date symlink: /home/cimi/Documents/Workspace/ProjectRos2XYolo/install/custom_message/include/custom_message/msg/detail/num__type_support.h
[0.612s] -- Up-to-date symlink: /home/cimi/Documents/Workspace/ProjectRos2XYolo/install/custom_message/include/custom_message/msg/detail/sphere__functions.h
[0.613s] -- Up-to-date symlink: /home/cimi/Documents/Workspace/ProjectRos2XYolo/install/custom_message/include/custom_message/msg/detail/sphere__struct.h
[0.613s] -- Up-to-date symlink: /home/cimi/Documents/Workspace/ProjectRos2XYolo/install/custom_message/include/custom_message/msg/detail/sphere__type_support.h
[0.614s] -- Up-to-date symlink: /home/cimi/Documents/Workspace/ProjectRos2XYolo/install/custom_message/include/custom_message/msg/num.h
[0.614s] -- Up-to-date symlink: /home/cimi/Documents/Workspace/ProjectRos2XYolo/install/custom_message/include/custom_message/msg/rosidl_generator_c__visibility_control.h
[0.614s] -- Up-to-date symlink: /home/cimi/Documents/Workspace/ProjectRos2XYolo/install/custom_message/include/custom_message/msg/sphere.h
[0.615s] -- Up-to-date symlink: /home/cimi/Documents/Workspace/ProjectRos2XYolo/install/custom_message/share/custom_message/environment/library_path.sh
[0.616s] -- Up-to-date symlink: /home/cimi/Documents/Workspace/ProjectRos2XYolo/install/custom_message/share/custom_message/environment/library_path.dsv
[0.619s] -- Up-to-date symlink: /home/cimi/Documents/Workspace/ProjectRos2XYolo/install/custom_message/include/custom_message/msg/detail/num__rosidl_typesupport_fastrtps_c.h
[0.621s] -- Up-to-date symlink: /home/cimi/Documents/Workspace/ProjectRos2XYolo/install/custom_message/include/custom_message/msg/detail/sphere__rosidl_typesupport_fastrtps_c.h
[0.623s] -- Up-to-date symlink: /home/cimi/Documents/Workspace/ProjectRos2XYolo/install/custom_message/include/custom_message/msg/rosidl_typesupport_fastrtps_c__visibility_control.h
[0.625s] -- Up-to-date symlink: /home/cimi/Documents/Workspace/ProjectRos2XYolo/install/custom_message/lib/libcustom_message__rosidl_typesupport_fastrtps_c.so
[0.628s] -- Up-to-date symlink: /home/cimi/Documents/Workspace/ProjectRos2XYolo/install/custom_message/include/custom_message/msg/detail/num__rosidl_typesupport_fastrtps_cpp.hpp
[0.628s] -- Up-to-date symlink: /home/cimi/Documents/Workspace/ProjectRos2XYolo/install/custom_message/include/custom_message/msg/detail/sphere__rosidl_typesupport_fastrtps_cpp.hpp
[0.629s] -- Up-to-date symlink: /home/cimi/Documents/Workspace/ProjectRos2XYolo/install/custom_message/include/custom_message/msg/rosidl_typesupport_fastrtps_cpp__visibility_control.h
[0.631s] -- Up-to-date symlink: /home/cimi/Documents/Workspace/ProjectRos2XYolo/install/custom_message/lib/libcustom_message__rosidl_typesupport_fastrtps_cpp.so
[0.632s] -- Up-to-date symlink: /home/cimi/Documents/Workspace/ProjectRos2XYolo/install/custom_message/include/custom_message/msg/detail/num__rosidl_typesupport_introspection_c.h
[0.634s] -- Up-to-date symlink: /home/cimi/Documents/Workspace/ProjectRos2XYolo/install/custom_message/include/custom_message/msg/detail/sphere__rosidl_typesupport_introspection_c.h
[0.636s] -- Up-to-date symlink: /home/cimi/Documents/Workspace/ProjectRos2XYolo/install/custom_message/include/custom_message/msg/rosidl_typesupport_introspection_c__visibility_control.h
[0.636s] -- Up-to-date symlink: /home/cimi/Documents/Workspace/ProjectRos2XYolo/install/custom_message/include/custom_message/msg/detail/num__builder.hpp
[0.637s] -- Up-to-date symlink: /home/cimi/Documents/Workspace/ProjectRos2XYolo/install/custom_message/include/custom_message/msg/detail/num__struct.hpp
[0.637s] -- Up-to-date symlink: /home/cimi/Documents/Workspace/ProjectRos2XYolo/install/custom_message/include/custom_message/msg/detail/num__traits.hpp
[0.638s] -- Up-to-date symlink: /home/cimi/Documents/Workspace/ProjectRos2XYolo/install/custom_message/include/custom_message/msg/detail/sphere__builder.hpp
[0.638s] -- Up-to-date symlink: /home/cimi/Documents/Workspace/ProjectRos2XYolo/install/custom_message/include/custom_message/msg/detail/sphere__struct.hpp
[0.638s] -- Up-to-date symlink: /home/cimi/Documents/Workspace/ProjectRos2XYolo/install/custom_message/include/custom_message/msg/detail/sphere__traits.hpp
[0.638s] -- Up-to-date symlink: /home/cimi/Documents/Workspace/ProjectRos2XYolo/install/custom_message/include/custom_message/msg/num.hpp
[0.639s] -- Up-to-date symlink: /home/cimi/Documents/Workspace/ProjectRos2XYolo/install/custom_message/include/custom_message/msg/sphere.hpp
[0.639s] -- Up-to-date symlink: /home/cimi/Documents/Workspace/ProjectRos2XYolo/install/custom_message/include/custom_message/msg/detail/num__rosidl_typesupport_introspection_cpp.hpp
[0.639s] -- Up-to-date symlink: /home/cimi/Documents/Workspace/ProjectRos2XYolo/install/custom_message/include/custom_message/msg/detail/sphere__rosidl_typesupport_introspection_cpp.hpp
[0.639s] -- Up-to-date symlink: /home/cimi/Documents/Workspace/ProjectRos2XYolo/install/custom_message/share/custom_message/environment/pythonpath.sh
[0.640s] -- Up-to-date symlink: /home/cimi/Documents/Workspace/ProjectRos2XYolo/install/custom_message/share/custom_message/environment/pythonpath.dsv
[0.640s] -- Up-to-date symlink: /home/cimi/Documents/Workspace/ProjectRos2XYolo/install/custom_message/lib/python3.8/site-packages/custom_message/__init__.py
[0.640s] -- Up-to-date symlink: /home/cimi/Documents/Workspace/ProjectRos2XYolo/install/custom_message/lib/python3.8/site-packages/custom_message/msg/__init__.py
[0.640s] -- Up-to-date symlink: /home/cimi/Documents/Workspace/ProjectRos2XYolo/install/custom_message/lib/python3.8/site-packages/custom_message/msg/_num.py
[0.640s] -- Up-to-date symlink: /home/cimi/Documents/Workspace/ProjectRos2XYolo/install/custom_message/lib/python3.8/site-packages/custom_message/msg/_sphere.py
[0.641s] -- Up-to-date symlink: /home/cimi/Documents/Workspace/ProjectRos2XYolo/install/custom_message/lib/python3.8/site-packages/custom_message/custom_message_s__rosidl_typesupport_fastrtps_c.cpython-38-x86_64-linux-gnu.so
[0.641s] -- Up-to-date symlink: /home/cimi/Documents/Workspace/ProjectRos2XYolo/install/custom_message/lib/python3.8/site-packages/custom_message/custom_message_s__rosidl_typesupport_introspection_c.cpython-38-x86_64-linux-gnu.so
[0.641s] -- Up-to-date symlink: /home/cimi/Documents/Workspace/ProjectRos2XYolo/install/custom_message/lib/python3.8/site-packages/custom_message/custom_message_s__rosidl_typesupport_c.cpython-38-x86_64-linux-gnu.so
[0.641s] -- Up-to-date symlink: /home/cimi/Documents/Workspace/ProjectRos2XYolo/install/custom_message/lib/libcustom_message__python.so
[0.642s] -- Up-to-date symlink: /home/cimi/Documents/Workspace/ProjectRos2XYolo/install/custom_message/share/custom_message/msg/Num.idl
[0.642s] -- Up-to-date symlink: /home/cimi/Documents/Workspace/ProjectRos2XYolo/install/custom_message/share/custom_message/msg/Sphere.idl
[0.642s] -- Up-to-date symlink: /home/cimi/Documents/Workspace/ProjectRos2XYolo/install/custom_message/share/custom_message/msg/Num.msg
[0.643s] -- Up-to-date symlink: /home/cimi/Documents/Workspace/ProjectRos2XYolo/install/custom_message/share/custom_message/msg/Sphere.msg
[0.643s] -- Up-to-date symlink: /home/cimi/Documents/Workspace/ProjectRos2XYolo/install/custom_message/share/ament_index/resource_index/package_run_dependencies/custom_message
[0.644s] -- Up-to-date symlink: /home/cimi/Documents/Workspace/ProjectRos2XYolo/install/custom_message/share/ament_index/resource_index/parent_prefix_path/custom_message
[0.644s] -- Up-to-date symlink: /home/cimi/Documents/Workspace/ProjectRos2XYolo/install/custom_message/share/custom_message/environment/ament_prefix_path.sh
[0.645s] -- Up-to-date symlink: /home/cimi/Documents/Workspace/ProjectRos2XYolo/install/custom_message/share/custom_message/environment/ament_prefix_path.dsv
[0.645s] -- Up-to-date symlink: /home/cimi/Documents/Workspace/ProjectRos2XYolo/install/custom_message/share/custom_message/environment/path.sh
[0.646s] -- Up-to-date symlink: /home/cimi/Documents/Workspace/ProjectRos2XYolo/install/custom_message/share/custom_message/environment/path.dsv
[0.647s] -- Up-to-date symlink: /home/cimi/Documents/Workspace/ProjectRos2XYolo/install/custom_message/share/custom_message/local_setup.bash
[0.647s] -- Up-to-date symlink: /home/cimi/Documents/Workspace/ProjectRos2XYolo/install/custom_message/share/custom_message/local_setup.sh
[0.648s] -- Up-to-date symlink: /home/cimi/Documents/Workspace/ProjectRos2XYolo/install/custom_message/share/custom_message/local_setup.zsh
[0.648s] -- Up-to-date symlink: /home/cimi/Documents/Workspace/ProjectRos2XYolo/install/custom_message/share/custom_message/local_setup.dsv
[0.648s] -- Symlinking: /home/cimi/Documents/Workspace/ProjectRos2XYolo/install/custom_message/share/custom_message/package.dsv
[0.662s] -- Up-to-date symlink: /home/cimi/Documents/Workspace/ProjectRos2XYolo/install/custom_message/share/ament_index/resource_index/packages/custom_message
[0.663s] -- Up-to-date symlink: /home/cimi/Documents/Workspace/ProjectRos2XYolo/install/custom_message/share/custom_message/cmake/rosidl_cmake-extras.cmake
[0.663s] -- Up-to-date symlink: /home/cimi/Documents/Workspace/ProjectRos2XYolo/install/custom_message/share/custom_message/cmake/ament_cmake_export_dependencies-extras.cmake
[0.664s] -- Up-to-date symlink: /home/cimi/Documents/Workspace/ProjectRos2XYolo/install/custom_message/share/custom_message/cmake/ament_cmake_export_libraries-extras.cmake
[0.664s] -- Up-to-date symlink: /home/cimi/Documents/Workspace/ProjectRos2XYolo/install/custom_message/share/custom_message/cmake/ament_cmake_export_targets-extras.cmake
[0.665s] -- Up-to-date symlink: /home/cimi/Documents/Workspace/ProjectRos2XYolo/install/custom_message/share/custom_message/cmake/ament_cmake_export_include_directories-extras.cmake
[0.665s] -- Up-to-date symlink: /home/cimi/Documents/Workspace/ProjectRos2XYolo/install/custom_message/share/custom_message/cmake/rosidl_cmake_export_typesupport_libraries-extras.cmake
[0.666s] -- Up-to-date symlink: /home/cimi/Documents/Workspace/ProjectRos2XYolo/install/custom_message/share/custom_message/cmake/rosidl_cmake_export_typesupport_targets-extras.cmake
[0.666s] -- Up-to-date symlink: /home/cimi/Documents/Workspace/ProjectRos2XYolo/install/custom_message/share/custom_message/cmake/custom_messageConfig.cmake
[0.667s] -- Up-to-date symlink: /home/cimi/Documents/Workspace/ProjectRos2XYolo/install/custom_message/share/custom_message/cmake/custom_messageConfig-version.cmake
[0.667s] -- Up-to-date symlink: /home/cimi/Documents/Workspace/ProjectRos2XYolo/install/custom_message/share/custom_message/package.xml
[0.668s] -- Up-to-date: /home/cimi/Documents/Workspace/ProjectRos2XYolo/install/custom_message/lib/libcustom_message__rosidl_generator_c.so
[0.668s] -- Up-to-date: /home/cimi/Documents/Workspace/ProjectRos2XYolo/install/custom_message/lib/libcustom_message__rosidl_typesupport_introspection_c.so
[0.669s] -- Up-to-date: /home/cimi/Documents/Workspace/ProjectRos2XYolo/install/custom_message/lib/libcustom_message__rosidl_typesupport_c.so
[0.670s] -- Up-to-date: /home/cimi/Documents/Workspace/ProjectRos2XYolo/install/custom_message/lib/libcustom_message__rosidl_typesupport_introspection_cpp.so
[0.671s] -- Up-to-date: /home/cimi/Documents/Workspace/ProjectRos2XYolo/install/custom_message/lib/libcustom_message__rosidl_typesupport_cpp.so
[0.735s] -- Up-to-date: /home/cimi/Documents/Workspace/ProjectRos2XYolo/install/custom_message/share/custom_message/cmake/custom_message__rosidl_generator_cExport.cmake
[0.736s] -- Up-to-date: /home/cimi/Documents/Workspace/ProjectRos2XYolo/install/custom_message/share/custom_message/cmake/custom_message__rosidl_generator_cExport-noconfig.cmake
[0.736s] -- Up-to-date: /home/cimi/Documents/Workspace/ProjectRos2XYolo/install/custom_message/share/custom_message/cmake/custom_message__rosidl_typesupport_introspection_cExport.cmake
[0.737s] -- Up-to-date: /home/cimi/Documents/Workspace/ProjectRos2XYolo/install/custom_message/share/custom_message/cmake/custom_message__rosidl_typesupport_introspection_cExport-noconfig.cmake
[0.737s] -- Up-to-date: /home/cimi/Documents/Workspace/ProjectRos2XYolo/install/custom_message/share/custom_message/cmake/custom_message__rosidl_typesupport_cExport.cmake
[0.737s] -- Up-to-date: /home/cimi/Documents/Workspace/ProjectRos2XYolo/install/custom_message/share/custom_message/cmake/custom_message__rosidl_typesupport_cExport-noconfig.cmake
[0.741s] -- Up-to-date: /home/cimi/Documents/Workspace/ProjectRos2XYolo/install/custom_message/share/custom_message/cmake/custom_message__rosidl_generator_cppExport.cmake
[0.743s] -- Up-to-date: /home/cimi/Documents/Workspace/ProjectRos2XYolo/install/custom_message/share/custom_message/cmake/custom_message__rosidl_typesupport_introspection_cppExport.cmake
[0.743s] -- Up-to-date: /home/cimi/Documents/Workspace/ProjectRos2XYolo/install/custom_message/share/custom_message/cmake/custom_message__rosidl_typesupport_introspection_cppExport-noconfig.cmake
[0.743s] -- Up-to-date: /home/cimi/Documents/Workspace/ProjectRos2XYolo/install/custom_message/share/custom_message/cmake/custom_message__rosidl_typesupport_cppExport.cmake
[0.744s] -- Up-to-date: /home/cimi/Documents/Workspace/ProjectRos2XYolo/install/custom_message/share/custom_message/cmake/custom_message__rosidl_typesupport_cppExport-noconfig.cmake
[0.758s] Invoked command in '/home/cimi/Documents/Workspace/ProjectRos2XYolo/build/custom_message' returned '0': CMAKE_PREFIX_PATH=${CMAKE_PREFIX_PATH}:/home/cimi/Documents/Workspace/ProjectRos2XYolo/install/test_custom_msg:/home/cimi/Documents/Workspace/ProjectRos2XYolo/install/movement_node:/home/cimi/Documents/Workspace/ProjectRos2XYolo/install/master_node:/home/cimi/Documents/Workspace/ProjectRos2XYolo/install/movement_package:/home/cimi/Documents/Workspace/ProjectRos2XYolo/install/cv_package:/opt/ros/foxy /usr/bin/cmake --install /home/cimi/Documents/Workspace/ProjectRos2XYolo/build/custom_message
