running egg_info
writing ../../build/cv_package/cv_package.egg-info/PKG-INFO
writing dependency_links to ../../build/cv_package/cv_package.egg-info/dependency_links.txt
writing entry points to ../../build/cv_package/cv_package.egg-info/entry_points.txt
writing requirements to ../../build/cv_package/cv_package.egg-info/requires.txt
writing top-level names to ../../build/cv_package/cv_package.egg-info/top_level.txt
reading manifest file '../../build/cv_package/cv_package.egg-info/SOURCES.txt'
writing manifest file '../../build/cv_package/cv_package.egg-info/SOURCES.txt'
running build
running build_py
running install
running install_lib
running install_data
copying package.xml -> /home/hisan/Documents/Banyubramanta/ProjectRos2XYolo/install/cv_package/share/cv_package
running install_egg_info
removing '/home/hisan/Documents/Banyubramanta/ProjectRos2XYolo/install/cv_package/lib/python3.8/site-packages/cv_package-0.0.0-py3.8.egg-info' (and everything under it)
Copying ../../build/cv_package/cv_package.egg-info to /home/hisan/Documents/Banyubramanta/ProjectRos2XYolo/install/cv_package/lib/python3.8/site-packages/cv_package-0.0.0-py3.8.egg-info
running install_scripts
Installing eye script to /home/hisan/Documents/Banyubramanta/ProjectRos2XYolo/install/cv_package/lib/cv_package
writing list of installed files to '/home/hisan/Documents/Banyubramanta/ProjectRos2XYolo/build/cv_package/install.log'
