[1.455s] Invoking command in '/home/hisan/Documents/Banyubramanta/ProjectRos2XYolo/src/cv_package': PYTHONPATH=/home/hisan/Documents/Banyubramanta/ProjectRos2XYolo/install/cv_package/lib/python3.8/site-packages:${PYTHONPATH} /usr/bin/python3 setup.py egg_info --egg-base ../../build/cv_package build --build-base /home/hisan/Documents/Banyubramanta/ProjectRos2XYolo/build/cv_package/build install --prefix /home/hisan/Documents/Banyubramanta/ProjectRos2XYolo/install/cv_package --record /home/hisan/Documents/Banyubramanta/ProjectRos2XYolo/build/cv_package/install.log --single-version-externally-managed
[1.830s] running egg_info
[1.831s] writing ../../build/cv_package/cv_package.egg-info/PKG-INFO
[1.832s] writing dependency_links to ../../build/cv_package/cv_package.egg-info/dependency_links.txt
[1.832s] writing entry points to ../../build/cv_package/cv_package.egg-info/entry_points.txt
[1.832s] writing requirements to ../../build/cv_package/cv_package.egg-info/requires.txt
[1.833s] writing top-level names to ../../build/cv_package/cv_package.egg-info/top_level.txt
[1.877s] reading manifest file '../../build/cv_package/cv_package.egg-info/SOURCES.txt'
[1.879s] writing manifest file '../../build/cv_package/cv_package.egg-info/SOURCES.txt'
[1.880s] running build
[1.880s] running build_py
[1.880s] running install
[1.881s] running install_lib
[1.883s] running install_data
[1.884s] copying package.xml -> /home/hisan/Documents/Banyubramanta/ProjectRos2XYolo/install/cv_package/share/cv_package
[1.884s] running install_egg_info
[1.886s] removing '/home/hisan/Documents/Banyubramanta/ProjectRos2XYolo/install/cv_package/lib/python3.8/site-packages/cv_package-0.0.0-py3.8.egg-info' (and everything under it)
[1.886s] Copying ../../build/cv_package/cv_package.egg-info to /home/hisan/Documents/Banyubramanta/ProjectRos2XYolo/install/cv_package/lib/python3.8/site-packages/cv_package-0.0.0-py3.8.egg-info
[1.887s] running install_scripts
[1.905s] Installing eye script to /home/hisan/Documents/Banyubramanta/ProjectRos2XYolo/install/cv_package/lib/cv_package
[1.905s] writing list of installed files to '/home/hisan/Documents/Banyubramanta/ProjectRos2XYolo/build/cv_package/install.log'
[1.949s] Invoked command in '/home/hisan/Documents/Banyubramanta/ProjectRos2XYolo/src/cv_package' returned '0': PYTHONPATH=/home/hisan/Documents/Banyubramanta/ProjectRos2XYolo/install/cv_package/lib/python3.8/site-packages:${PYTHONPATH} /usr/bin/python3 setup.py egg_info --egg-base ../../build/cv_package build --build-base /home/hisan/Documents/Banyubramanta/ProjectRos2XYolo/build/cv_package/build install --prefix /home/hisan/Documents/Banyubramanta/ProjectRos2XYolo/install/cv_package --record /home/hisan/Documents/Banyubramanta/ProjectRos2XYolo/build/cv_package/install.log --single-version-externally-managed
