[5.811s] Invoking command in '/home/cimi/Documents/Workspace/ProjectRos2XYolo/src/movement_node': PYTHONPATH=/home/cimi/Documents/Workspace/ProjectRos2XYolo/install/movement_node/lib/python3.8/site-packages:/home/cimi/Documents/Workspace/ProjectRos2XYolo/install/pesan/lib/python3.8/site-packages:/home/cimi/Documents/Workspace/ProjectRos2XYolo/install/test_custom_msg/lib/python3.8/site-packages:/home/cimi/Documents/Workspace/ProjectRos2XYolo/install/movement_node/lib/python3.8/site-packages:/home/cimi/Documents/Workspace/ProjectRos2XYolo/install/master_node/lib/python3.8/site-packages:/home/cimi/Documents/Workspace/ProjectRos2XYolo/install/movement_package/lib/python3.8/site-packages:/home/cimi/Documents/Workspace/ProjectRos2XYolo/install/cv_package/lib/python3.8/site-packages:/home/cimi/Documents/Workspace/ProjectRos2XYolo/install/custom_message/lib/python3.8/site-packages:/opt/ros/foxy/lib/python3.8/site-packages /usr/bin/python3 setup.py egg_info --egg-base ../../build/movement_node build --build-base /home/cimi/Documents/Workspace/ProjectRos2XYolo/build/movement_node/build install --prefix /home/cimi/Documents/Workspace/ProjectRos2XYolo/install/movement_node --record /home/cimi/Documents/Workspace/ProjectRos2XYolo/build/movement_node/install.log --single-version-externally-managed
[6.165s] running egg_info
[6.167s] writing ../../build/movement_node/movement_node.egg-info/PKG-INFO
[6.167s] writing dependency_links to ../../build/movement_node/movement_node.egg-info/dependency_links.txt
[6.168s] writing entry points to ../../build/movement_node/movement_node.egg-info/entry_points.txt
[6.168s] writing requirements to ../../build/movement_node/movement_node.egg-info/requires.txt
[6.168s] writing top-level names to ../../build/movement_node/movement_node.egg-info/top_level.txt
[6.212s] reading manifest file '../../build/movement_node/movement_node.egg-info/SOURCES.txt'
[6.213s] writing manifest file '../../build/movement_node/movement_node.egg-info/SOURCES.txt'
[6.213s] running build
[6.213s] running build_py
[6.214s] running install
[6.215s] running install_lib
[6.217s] running install_data
[6.218s] running install_egg_info
[6.221s] removing '/home/cimi/Documents/Workspace/ProjectRos2XYolo/install/movement_node/lib/python3.8/site-packages/movement_node-0.0.0-py3.8.egg-info' (and everything under it)
[6.221s] Copying ../../build/movement_node/movement_node.egg-info to /home/cimi/Documents/Workspace/ProjectRos2XYolo/install/movement_node/lib/python3.8/site-packages/movement_node-0.0.0-py3.8.egg-info
[6.223s] running install_scripts
[6.246s] Installing movement script to /home/cimi/Documents/Workspace/ProjectRos2XYolo/install/movement_node/lib/movement_node
[6.247s] writing list of installed files to '/home/cimi/Documents/Workspace/ProjectRos2XYolo/build/movement_node/install.log'
[6.275s] Invoked command in '/home/cimi/Documents/Workspace/ProjectRos2XYolo/src/movement_node' returned '0': PYTHONPATH=/home/cimi/Documents/Workspace/ProjectRos2XYolo/install/movement_node/lib/python3.8/site-packages:/home/cimi/Documents/Workspace/ProjectRos2XYolo/install/pesan/lib/python3.8/site-packages:/home/cimi/Documents/Workspace/ProjectRos2XYolo/install/test_custom_msg/lib/python3.8/site-packages:/home/cimi/Documents/Workspace/ProjectRos2XYolo/install/movement_node/lib/python3.8/site-packages:/home/cimi/Documents/Workspace/ProjectRos2XYolo/install/master_node/lib/python3.8/site-packages:/home/cimi/Documents/Workspace/ProjectRos2XYolo/install/movement_package/lib/python3.8/site-packages:/home/cimi/Documents/Workspace/ProjectRos2XYolo/install/cv_package/lib/python3.8/site-packages:/home/cimi/Documents/Workspace/ProjectRos2XYolo/install/custom_message/lib/python3.8/site-packages:/opt/ros/foxy/lib/python3.8/site-packages /usr/bin/python3 setup.py egg_info --egg-base ../../build/movement_node build --build-base /home/cimi/Documents/Workspace/ProjectRos2XYolo/build/movement_node/build install --prefix /home/cimi/Documents/Workspace/ProjectRos2XYolo/install/movement_node --record /home/cimi/Documents/Workspace/ProjectRos2XYolo/build/movement_node/install.log --single-version-externally-managed
