[0.976s] Invoking command in '/home/cimi/Documents/Workspace/ProjectRos2XYolo/src/cv_package': PYTHONPATH=/home/cimi/Documents/Workspace/ProjectRos2XYolo/install/cv_package/lib/python3.8/site-packages:${PYTHONPATH} /usr/bin/python3 setup.py egg_info --egg-base ../../build/cv_package build --build-base /home/cimi/Documents/Workspace/ProjectRos2XYolo/build/cv_package/build install --prefix /home/cimi/Documents/Workspace/ProjectRos2XYolo/install/cv_package --record /home/cimi/Documents/Workspace/ProjectRos2XYolo/build/cv_package/install.log --single-version-externally-managed
[1.226s] running egg_info
[1.226s] creating ../../build/cv_package/cv_package.egg-info
[1.227s] writing ../../build/cv_package/cv_package.egg-info/PKG-INFO
[1.227s] writing dependency_links to ../../build/cv_package/cv_package.egg-info/dependency_links.txt
[1.227s] writing entry points to ../../build/cv_package/cv_package.egg-info/entry_points.txt
[1.227s] writing requirements to ../../build/cv_package/cv_package.egg-info/requires.txt
[1.228s] writing top-level names to ../../build/cv_package/cv_package.egg-info/top_level.txt
[1.229s] writing manifest file '../../build/cv_package/cv_package.egg-info/SOURCES.txt'
[1.271s] reading manifest file '../../build/cv_package/cv_package.egg-info/SOURCES.txt'
[1.272s] writing manifest file '../../build/cv_package/cv_package.egg-info/SOURCES.txt'
[1.272s] running build
[1.273s] running build_py
[1.273s] creating /home/cimi/Documents/Workspace/ProjectRos2XYolo/build/cv_package/build
[1.273s] creating /home/cimi/Documents/Workspace/ProjectRos2XYolo/build/cv_package/build/lib
[1.273s] creating /home/cimi/Documents/Workspace/ProjectRos2XYolo/build/cv_package/build/lib/cv_package
[1.274s] copying cv_package/__init__.py -> /home/cimi/Documents/Workspace/ProjectRos2XYolo/build/cv_package/build/lib/cv_package
[1.274s] copying cv_package/subscriber.py -> /home/cimi/Documents/Workspace/ProjectRos2XYolo/build/cv_package/build/lib/cv_package
[1.274s] running install
[1.275s] running install_lib
[1.276s] creating /home/cimi/Documents/Workspace/ProjectRos2XYolo/install/cv_package/lib/python3.8/site-packages/cv_package
[1.276s] copying /home/cimi/Documents/Workspace/ProjectRos2XYolo/build/cv_package/build/lib/cv_package/__init__.py -> /home/cimi/Documents/Workspace/ProjectRos2XYolo/install/cv_package/lib/python3.8/site-packages/cv_package
[1.276s] copying /home/cimi/Documents/Workspace/ProjectRos2XYolo/build/cv_package/build/lib/cv_package/subscriber.py -> /home/cimi/Documents/Workspace/ProjectRos2XYolo/install/cv_package/lib/python3.8/site-packages/cv_package
[1.277s] byte-compiling /home/cimi/Documents/Workspace/ProjectRos2XYolo/install/cv_package/lib/python3.8/site-packages/cv_package/__init__.py to __init__.cpython-38.pyc
[1.278s] byte-compiling /home/cimi/Documents/Workspace/ProjectRos2XYolo/install/cv_package/lib/python3.8/site-packages/cv_package/subscriber.py to subscriber.cpython-38.pyc
[1.279s] running install_data
[1.280s] creating /home/cimi/Documents/Workspace/ProjectRos2XYolo/install/cv_package/share/ament_index
[1.280s] creating /home/cimi/Documents/Workspace/ProjectRos2XYolo/install/cv_package/share/ament_index/resource_index
[1.280s] creating /home/cimi/Documents/Workspace/ProjectRos2XYolo/install/cv_package/share/ament_index/resource_index/packages
[1.280s] copying resource/cv_package -> /home/cimi/Documents/Workspace/ProjectRos2XYolo/install/cv_package/share/ament_index/resource_index/packages
[1.280s] copying package.xml -> /home/cimi/Documents/Workspace/ProjectRos2XYolo/install/cv_package/share/cv_package
[1.280s] running install_egg_info
[1.282s] Copying ../../build/cv_package/cv_package.egg-info to /home/cimi/Documents/Workspace/ProjectRos2XYolo/install/cv_package/lib/python3.8/site-packages/cv_package-0.0.0-py3.8.egg-info
[1.283s] running install_scripts
[1.303s] Installing eye script to /home/cimi/Documents/Workspace/ProjectRos2XYolo/install/cv_package/lib/cv_package
[1.304s] Installing yolo script to /home/cimi/Documents/Workspace/ProjectRos2XYolo/install/cv_package/lib/cv_package
[1.304s] writing list of installed files to '/home/cimi/Documents/Workspace/ProjectRos2XYolo/build/cv_package/install.log'
[1.356s] Invoked command in '/home/cimi/Documents/Workspace/ProjectRos2XYolo/src/cv_package' returned '0': PYTHONPATH=/home/cimi/Documents/Workspace/ProjectRos2XYolo/install/cv_package/lib/python3.8/site-packages:${PYTHONPATH} /usr/bin/python3 setup.py egg_info --egg-base ../../build/cv_package build --build-base /home/cimi/Documents/Workspace/ProjectRos2XYolo/build/cv_package/build install --prefix /home/cimi/Documents/Workspace/ProjectRos2XYolo/install/cv_package --record /home/cimi/Documents/Workspace/ProjectRos2XYolo/build/cv_package/install.log --single-version-externally-managed
