[0.361s] DEBUG:colcon:Command line arguments: ['/usr/bin/colcon', 'build']
[0.361s] DEBUG:colcon:Parsed command line arguments: Namespace(allow_overriding=[], ament_cmake_args=None, base_paths=['.'], build_base='build', catkin_cmake_args=None, catkin_skip_building_tests=False, cmake_args=None, cmake_clean_cache=False, cmake_clean_first=False, cmake_force_configure=False, cmake_target=None, cmake_target_skip_unavailable=False, continue_on_error=False, event_handlers=None, executor='parallel', ignore_user_meta=False, install_base='install', log_base=None, log_level=None, main=<bound method BuildVerb.main of <colcon_core.verb.build.BuildVerb object at 0x7f51e438d490>>, merge_install=False, metas=['./colcon.meta'], packages_above=None, packages_above_and_dependencies=None, packages_above_depth=None, packages_end=None, packages_ignore=None, packages_ignore_regex=None, packages_select=None, packages_select_build_failed=False, packages_select_by_dep=None, packages_select_regex=None, packages_select_test_failures=False, packages_skip=None, packages_skip_build_finished=False, packages_skip_by_dep=None, packages_skip_regex=None, packages_skip_test_passed=False, packages_skip_up_to=None, packages_start=None, packages_up_to=None, packages_up_to_regex=None, parallel_workers=8, paths=None, symlink_install=False, test_result_base=None, verb_extension=<colcon_core.verb.build.BuildVerb object at 0x7f51e438d490>, verb_name='build', verb_parser=<colcon_defaults.argument_parser.defaults.DefaultArgumentsDecorator object at 0x7f51e438d9d0>)
[0.428s] Level 1:colcon.colcon_core.package_discovery:discover_packages(colcon_meta) check parameters
[0.429s] Level 1:colcon.colcon_core.package_discovery:discover_packages(recursive) check parameters
[0.430s] Level 1:colcon.colcon_core.package_discovery:discover_packages(ignore) check parameters
[0.430s] Level 1:colcon.colcon_core.package_discovery:discover_packages(path) check parameters
[0.430s] Level 1:colcon.colcon_core.package_discovery:discover_packages(colcon_meta) discover
[0.430s] Level 1:colcon.colcon_core.package_discovery:discover_packages(recursive) discover
[0.430s] INFO:colcon.colcon_core.package_discovery:Crawling recursively for packages in '/home/cimi/Documents/Workspace/belajar_ros2/ProjectRos2XYolo'
[0.430s] Level 1:colcon.colcon_core.package_identification:_identify(.) by extensions ['ignore', 'ignore_ament_install']
[0.431s] Level 1:colcon.colcon_core.package_identification:_identify(.) by extension 'ignore'
[0.431s] Level 1:colcon.colcon_core.package_identification:_identify(.) by extension 'ignore_ament_install'
[0.431s] Level 1:colcon.colcon_core.package_identification:_identify(.) by extensions ['colcon_pkg']
[0.431s] Level 1:colcon.colcon_core.package_identification:_identify(.) by extension 'colcon_pkg'
[0.431s] Level 1:colcon.colcon_core.package_identification:_identify(.) by extensions ['colcon_meta']
[0.431s] Level 1:colcon.colcon_core.package_identification:_identify(.) by extension 'colcon_meta'
[0.431s] Level 1:colcon.colcon_core.package_identification:_identify(.) by extensions ['ros']
[0.431s] Level 1:colcon.colcon_core.package_identification:_identify(.) by extension 'ros'
[0.448s] Level 1:colcon.colcon_core.package_identification:_identify(.) by extensions ['cmake', 'python']
[0.448s] Level 1:colcon.colcon_core.package_identification:_identify(.) by extension 'cmake'
[0.448s] Level 1:colcon.colcon_core.package_identification:_identify(.) by extension 'python'
[0.448s] Level 1:colcon.colcon_core.package_identification:_identify(.) by extensions ['python_setup_py']
[0.448s] Level 1:colcon.colcon_core.package_identification:_identify(.) by extension 'python_setup_py'
[0.448s] Level 1:colcon.colcon_core.package_identification:_identify(build) by extensions ['ignore', 'ignore_ament_install']
[0.449s] Level 1:colcon.colcon_core.package_identification:_identify(build) by extension 'ignore'
[0.449s] Level 1:colcon.colcon_core.package_identification:_identify(build) ignored
[0.449s] Level 1:colcon.colcon_core.package_identification:_identify(install) by extensions ['ignore', 'ignore_ament_install']
[0.449s] Level 1:colcon.colcon_core.package_identification:_identify(install) by extension 'ignore'
[0.449s] Level 1:colcon.colcon_core.package_identification:_identify(install) ignored
[0.450s] Level 1:colcon.colcon_core.package_identification:_identify(log) by extensions ['ignore', 'ignore_ament_install']
[0.450s] Level 1:colcon.colcon_core.package_identification:_identify(log) by extension 'ignore'
[0.450s] Level 1:colcon.colcon_core.package_identification:_identify(log) ignored
[0.450s] Level 1:colcon.colcon_core.package_identification:_identify(src) by extensions ['ignore', 'ignore_ament_install']
[0.451s] Level 1:colcon.colcon_core.package_identification:_identify(src) by extension 'ignore'
[0.451s] Level 1:colcon.colcon_core.package_identification:_identify(src) by extension 'ignore_ament_install'
[0.451s] Level 1:colcon.colcon_core.package_identification:_identify(src) by extensions ['colcon_pkg']
[0.451s] Level 1:colcon.colcon_core.package_identification:_identify(src) by extension 'colcon_pkg'
[0.451s] Level 1:colcon.colcon_core.package_identification:_identify(src) by extensions ['colcon_meta']
[0.451s] Level 1:colcon.colcon_core.package_identification:_identify(src) by extension 'colcon_meta'
[0.451s] Level 1:colcon.colcon_core.package_identification:_identify(src) by extensions ['ros']
[0.451s] Level 1:colcon.colcon_core.package_identification:_identify(src) by extension 'ros'
[0.451s] Level 1:colcon.colcon_core.package_identification:_identify(src) by extensions ['cmake', 'python']
[0.452s] Level 1:colcon.colcon_core.package_identification:_identify(src) by extension 'cmake'
[0.452s] Level 1:colcon.colcon_core.package_identification:_identify(src) by extension 'python'
[0.452s] Level 1:colcon.colcon_core.package_identification:_identify(src) by extensions ['python_setup_py']
[0.452s] Level 1:colcon.colcon_core.package_identification:_identify(src) by extension 'python_setup_py'
[0.452s] Level 1:colcon.colcon_core.package_identification:_identify(src/cv_package) by extensions ['ignore', 'ignore_ament_install']
[0.452s] Level 1:colcon.colcon_core.package_identification:_identify(src/cv_package) by extension 'ignore'
[0.452s] Level 1:colcon.colcon_core.package_identification:_identify(src/cv_package) by extension 'ignore_ament_install'
[0.453s] Level 1:colcon.colcon_core.package_identification:_identify(src/cv_package) by extensions ['colcon_pkg']
[0.453s] Level 1:colcon.colcon_core.package_identification:_identify(src/cv_package) by extension 'colcon_pkg'
[0.453s] Level 1:colcon.colcon_core.package_identification:_identify(src/cv_package) by extensions ['colcon_meta']
[0.453s] Level 1:colcon.colcon_core.package_identification:_identify(src/cv_package) by extension 'colcon_meta'
[0.453s] Level 1:colcon.colcon_core.package_identification:_identify(src/cv_package) by extensions ['ros']
[0.453s] Level 1:colcon.colcon_core.package_identification:_identify(src/cv_package) by extension 'ros'
[0.458s] DEBUG:colcon.colcon_core.package_identification:Package 'src/cv_package' with type 'ros.ament_python' and name 'cv_package'
[0.458s] Level 1:colcon.colcon_core.package_discovery:discover_packages(recursive) using defaults
[0.458s] Level 1:colcon.colcon_core.package_discovery:discover_packages(ignore) discover
[0.459s] Level 1:colcon.colcon_core.package_discovery:discover_packages(ignore) using defaults
[0.459s] Level 1:colcon.colcon_core.package_discovery:discover_packages(path) discover
[0.459s] Level 1:colcon.colcon_core.package_discovery:discover_packages(path) using defaults
[0.556s] Level 1:colcon.colcon_core.package_discovery:discover_packages(prefix_path) check parameters
[0.556s] Level 1:colcon.colcon_core.package_discovery:discover_packages(prefix_path) discover
[0.564s] DEBUG:colcon.colcon_installed_package_information.package_discovery:Found 1 installed packages in /home/cimi/Documents/Workspace/belajar_ros2/ProjectRos2XYolo/install
[0.568s] DEBUG:colcon.colcon_installed_package_information.package_discovery:Found 256 installed packages in /opt/ros/foxy
[0.572s] Level 1:colcon.colcon_core.package_discovery:discover_packages(prefix_path) using defaults
[0.722s] Level 5:colcon.colcon_core.verb:set package 'cv_package' build argument 'cmake_args' from command line to 'None'
[0.722s] Level 5:colcon.colcon_core.verb:set package 'cv_package' build argument 'cmake_target' from command line to 'None'
[0.722s] Level 5:colcon.colcon_core.verb:set package 'cv_package' build argument 'cmake_target_skip_unavailable' from command line to 'False'
[0.722s] Level 5:colcon.colcon_core.verb:set package 'cv_package' build argument 'cmake_clean_cache' from command line to 'False'
[0.722s] Level 5:colcon.colcon_core.verb:set package 'cv_package' build argument 'cmake_clean_first' from command line to 'False'
[0.722s] Level 5:colcon.colcon_core.verb:set package 'cv_package' build argument 'cmake_force_configure' from command line to 'False'
[0.722s] Level 5:colcon.colcon_core.verb:set package 'cv_package' build argument 'ament_cmake_args' from command line to 'None'
[0.722s] Level 5:colcon.colcon_core.verb:set package 'cv_package' build argument 'catkin_cmake_args' from command line to 'None'
[0.722s] Level 5:colcon.colcon_core.verb:set package 'cv_package' build argument 'catkin_skip_building_tests' from command line to 'False'
[0.722s] DEBUG:colcon.colcon_core.verb:Building package 'cv_package' with the following arguments: {'ament_cmake_args': None, 'build_base': '/home/cimi/Documents/Workspace/belajar_ros2/ProjectRos2XYolo/build/cv_package', 'catkin_cmake_args': None, 'catkin_skip_building_tests': False, 'cmake_args': None, 'cmake_clean_cache': False, 'cmake_clean_first': False, 'cmake_force_configure': False, 'cmake_target': None, 'cmake_target_skip_unavailable': False, 'install_base': '/home/cimi/Documents/Workspace/belajar_ros2/ProjectRos2XYolo/install/cv_package', 'merge_install': False, 'path': '/home/cimi/Documents/Workspace/belajar_ros2/ProjectRos2XYolo/src/cv_package', 'symlink_install': False, 'test_result_base': None}
[0.724s] INFO:colcon.colcon_core.executor:Executing jobs using 'parallel' executor
[0.733s] DEBUG:colcon.colcon_parallel_executor.executor.parallel:run_until_complete
[0.733s] INFO:colcon.colcon_ros.task.ament_python.build:Building ROS package in '/home/cimi/Documents/Workspace/belajar_ros2/ProjectRos2XYolo/src/cv_package' with build type 'ament_python'
[0.733s] Level 1:colcon.colcon_core.shell:create_environment_hook('cv_package', 'ament_prefix_path')
[0.742s] INFO:colcon.colcon_core.plugin_system:Skipping extension 'colcon_core.shell.bat': Not used on non-Windows systems
[0.742s] INFO:colcon.colcon_core.shell:Creating environment hook '/home/cimi/Documents/Workspace/belajar_ros2/ProjectRos2XYolo/install/cv_package/share/cv_package/hook/ament_prefix_path.ps1'
[0.743s] INFO:colcon.colcon_core.shell:Creating environment descriptor '/home/cimi/Documents/Workspace/belajar_ros2/ProjectRos2XYolo/install/cv_package/share/cv_package/hook/ament_prefix_path.dsv'
[0.744s] INFO:colcon.colcon_core.shell:Creating environment hook '/home/cimi/Documents/Workspace/belajar_ros2/ProjectRos2XYolo/install/cv_package/share/cv_package/hook/ament_prefix_path.sh'
[0.748s] INFO:colcon.colcon_core.shell:Skip shell extension 'powershell' for command environment: Not usable outside of PowerShell
[0.748s] DEBUG:colcon.colcon_core.shell:Skip shell extension 'dsv' for command environment
[1.254s] INFO:colcon.colcon_core.task.python.build:Building Python package in '/home/cimi/Documents/Workspace/belajar_ros2/ProjectRos2XYolo/src/cv_package'
[1.260s] INFO:colcon.colcon_core.shell:Skip shell extension 'powershell' for command environment: Not usable outside of PowerShell
[1.260s] DEBUG:colcon.colcon_core.shell:Skip shell extension 'dsv' for command environment
[2.080s] DEBUG:colcon.colcon_core.event_handler.log_command:Invoking command in '/home/cimi/Documents/Workspace/belajar_ros2/ProjectRos2XYolo/src/cv_package': PYTHONPATH=/home/cimi/Documents/Workspace/belajar_ros2/ProjectRos2XYolo/install/cv_package/lib/python3.8/site-packages:${PYTHONPATH} /usr/bin/python3 setup.py egg_info --egg-base ../../build/cv_package build --build-base /home/cimi/Documents/Workspace/belajar_ros2/ProjectRos2XYolo/build/cv_package/build install --prefix /home/cimi/Documents/Workspace/belajar_ros2/ProjectRos2XYolo/install/cv_package --record /home/cimi/Documents/Workspace/belajar_ros2/ProjectRos2XYolo/build/cv_package/install.log --single-version-externally-managed
[3.180s] DEBUG:colcon.colcon_core.event_handler.log_command:Invoked command in '/home/cimi/Documents/Workspace/belajar_ros2/ProjectRos2XYolo/src/cv_package' returned '0': PYTHONPATH=/home/cimi/Documents/Workspace/belajar_ros2/ProjectRos2XYolo/install/cv_package/lib/python3.8/site-packages:${PYTHONPATH} /usr/bin/python3 setup.py egg_info --egg-base ../../build/cv_package build --build-base /home/cimi/Documents/Workspace/belajar_ros2/ProjectRos2XYolo/build/cv_package/build install --prefix /home/cimi/Documents/Workspace/belajar_ros2/ProjectRos2XYolo/install/cv_package --record /home/cimi/Documents/Workspace/belajar_ros2/ProjectRos2XYolo/build/cv_package/install.log --single-version-externally-managed
[3.244s] Level 1:colcon.colcon_core.environment:checking '/home/cimi/Documents/Workspace/belajar_ros2/ProjectRos2XYolo/install/cv_package' for CMake module files
[3.251s] Level 1:colcon.colcon_core.environment:checking '/home/cimi/Documents/Workspace/belajar_ros2/ProjectRos2XYolo/install/cv_package' for CMake config files
[3.260s] Level 1:colcon.colcon_core.environment:checking '/home/cimi/Documents/Workspace/belajar_ros2/ProjectRos2XYolo/install/cv_package/lib'
[3.262s] Level 1:colcon.colcon_core.environment:checking '/home/cimi/Documents/Workspace/belajar_ros2/ProjectRos2XYolo/install/cv_package/bin'
[3.263s] Level 1:colcon.colcon_core.environment:checking '/home/cimi/Documents/Workspace/belajar_ros2/ProjectRos2XYolo/install/cv_package/lib/pkgconfig/cv_package.pc'
[3.267s] Level 1:colcon.colcon_core.environment:checking '/home/cimi/Documents/Workspace/belajar_ros2/ProjectRos2XYolo/install/cv_package/lib/python3.8/site-packages'
[3.268s] Level 1:colcon.colcon_core.shell:create_environment_hook('cv_package', 'pythonpath')
[3.287s] INFO:colcon.colcon_core.shell:Creating environment hook '/home/cimi/Documents/Workspace/belajar_ros2/ProjectRos2XYolo/install/cv_package/share/cv_package/hook/pythonpath.ps1'
[3.293s] INFO:colcon.colcon_core.shell:Creating environment descriptor '/home/cimi/Documents/Workspace/belajar_ros2/ProjectRos2XYolo/install/cv_package/share/cv_package/hook/pythonpath.dsv'
[3.299s] INFO:colcon.colcon_core.shell:Creating environment hook '/home/cimi/Documents/Workspace/belajar_ros2/ProjectRos2XYolo/install/cv_package/share/cv_package/hook/pythonpath.sh'
[3.305s] Level 1:colcon.colcon_core.environment:checking '/home/cimi/Documents/Workspace/belajar_ros2/ProjectRos2XYolo/install/cv_package/bin'
[3.306s] Level 1:colcon.colcon_core.environment:create_environment_scripts_only(cv_package)
[3.328s] INFO:colcon.colcon_core.shell:Creating package script '/home/cimi/Documents/Workspace/belajar_ros2/ProjectRos2XYolo/install/cv_package/share/cv_package/package.ps1'
[3.339s] INFO:colcon.colcon_core.shell:Creating package descriptor '/home/cimi/Documents/Workspace/belajar_ros2/ProjectRos2XYolo/install/cv_package/share/cv_package/package.dsv'
[3.346s] INFO:colcon.colcon_core.shell:Creating package script '/home/cimi/Documents/Workspace/belajar_ros2/ProjectRos2XYolo/install/cv_package/share/cv_package/package.sh'
[3.357s] INFO:colcon.colcon_core.shell:Creating package script '/home/cimi/Documents/Workspace/belajar_ros2/ProjectRos2XYolo/install/cv_package/share/cv_package/package.bash'
[3.367s] INFO:colcon.colcon_core.shell:Creating package script '/home/cimi/Documents/Workspace/belajar_ros2/ProjectRos2XYolo/install/cv_package/share/cv_package/package.zsh'
[3.377s] Level 1:colcon.colcon_core.environment:create_file_with_runtime_dependencies(/home/cimi/Documents/Workspace/belajar_ros2/ProjectRos2XYolo/install/cv_package/share/colcon-core/packages/cv_package)
[3.383s] DEBUG:colcon.colcon_parallel_executor.executor.parallel:closing loop
[3.386s] DEBUG:colcon.colcon_parallel_executor.executor.parallel:loop closed
[3.387s] DEBUG:colcon.colcon_parallel_executor.executor.parallel:run_until_complete finished with '0'
[3.388s] DEBUG:colcon.colcon_core.event_reactor:joining thread
[3.508s] INFO:colcon.colcon_core.plugin_system:Skipping extension 'colcon_notification.desktop_notification.terminal_notifier': Not used on non-Darwin systems
[3.509s] INFO:colcon.colcon_core.plugin_system:Skipping extension 'colcon_notification.desktop_notification.win32': Not used on non-Windows systems
[3.510s] INFO:colcon.colcon_notification.desktop_notification:Sending desktop notification using 'notify2'
[3.659s] DEBUG:colcon.colcon_core.event_reactor:joined thread
[3.677s] INFO:colcon.colcon_core.shell:Creating prefix script '/home/cimi/Documents/Workspace/belajar_ros2/ProjectRos2XYolo/install/local_setup.ps1'
[3.687s] INFO:colcon.colcon_core.shell:Creating prefix util module '/home/cimi/Documents/Workspace/belajar_ros2/ProjectRos2XYolo/install/_local_setup_util_ps1.py'
[3.699s] INFO:colcon.colcon_core.shell:Creating prefix chain script '/home/cimi/Documents/Workspace/belajar_ros2/ProjectRos2XYolo/install/setup.ps1'
[3.715s] INFO:colcon.colcon_core.shell:Creating prefix script '/home/cimi/Documents/Workspace/belajar_ros2/ProjectRos2XYolo/install/local_setup.sh'
[3.722s] INFO:colcon.colcon_core.shell:Creating prefix util module '/home/cimi/Documents/Workspace/belajar_ros2/ProjectRos2XYolo/install/_local_setup_util_sh.py'
[3.728s] INFO:colcon.colcon_core.shell:Creating prefix chain script '/home/cimi/Documents/Workspace/belajar_ros2/ProjectRos2XYolo/install/setup.sh'
[3.743s] INFO:colcon.colcon_core.shell:Creating prefix script '/home/cimi/Documents/Workspace/belajar_ros2/ProjectRos2XYolo/install/local_setup.bash'
[3.749s] INFO:colcon.colcon_core.shell:Creating prefix chain script '/home/cimi/Documents/Workspace/belajar_ros2/ProjectRos2XYolo/install/setup.bash'
[3.768s] INFO:colcon.colcon_core.shell:Creating prefix script '/home/cimi/Documents/Workspace/belajar_ros2/ProjectRos2XYolo/install/local_setup.zsh'
[3.774s] INFO:colcon.colcon_core.shell:Creating prefix chain script '/home/cimi/Documents/Workspace/belajar_ros2/ProjectRos2XYolo/install/setup.zsh'
