[0.033s] Invoking command in '/home/cimi/Documents/Workspace/belajar_ros2/ProjectRos2XYolo/build/custom_message': CMAKE_PREFIX_PATH=/home/cimi/Documents/Workspace/belajar_ros2/ProjectRos2XYolo/install/movement_package:/home/cimi/Documents/Workspace/belajar_ros2/ProjectRos2XYolo/install/master_package:/home/cimi/Documents/Workspace/belajar_ros2/ProjectRos2XYolo/install/cv_package:/opt/ros/foxy /usr/bin/cmake /home/cimi/Documents/Workspace/belajar_ros2/ProjectRos2XYolo/src/custom_message -DCMAKE_INSTALL_PREFIX=/home/cimi/Documents/Workspace/belajar_ros2/ProjectRos2XYolo/install/custom_message
[0.056s] -- Found ament_cmake: 0.9.11 (/opt/ros/foxy/share/ament_cmake/cmake)
[0.089s] -- Found PythonInterp: /usr/bin/python3 (found suitable version "3.8.10", minimum required is "3") 
[0.089s] -- Using PYTHON_EXECUTABLE: /usr/bin/python3
[0.352s] -- Found geometry_msgs: 2.0.5 (/opt/ros/foxy/share/geometry_msgs/cmake)
[0.385s] -- Using all available rosidl_typesupport_c: rosidl_typesupport_fastrtps_c;rosidl_typesupport_introspection_c
[0.388s] -- Found rosidl_adapter: 1.3.0 (/opt/ros/foxy/share/rosidl_adapter/cmake)
[0.561s] -- Using all available rosidl_typesupport_cpp: rosidl_typesupport_fastrtps_cpp;rosidl_typesupport_introspection_cpp
[0.675s] -- Found rosidl_default_generators: 1.0.1 (/opt/ros/foxy/share/rosidl_default_generators/cmake)
[0.716s] -- Found PythonInterp: /usr/bin/python3 (found version "3.8.10") 
[1.394s] -- Found ament_cmake_ros: 0.9.2 (/opt/ros/foxy/share/ament_cmake_ros/cmake)
[1.842s] -- Using all available rosidl_typesupport_c: rosidl_typesupport_fastrtps_c;rosidl_typesupport_introspection_c
[1.994s] -- Using all available rosidl_typesupport_cpp: rosidl_typesupport_fastrtps_cpp;rosidl_typesupport_introspection_cpp
[2.044s] -- Found PythonInterp: /usr/bin/python3 (found suitable version "3.8.10", minimum required is "3.5") 
[2.059s] -- Found python_cmake_module: 0.8.1 (/opt/ros/foxy/share/python_cmake_module/cmake)
[2.186s] -- Found PythonLibs: /usr/lib/x86_64-linux-gnu/libpython3.8.so (found suitable version "3.8.10", minimum required is "3.5") 
[2.186s] -- Using PYTHON_EXECUTABLE: /usr/bin/python3
[2.187s] -- Using PYTHON_INCLUDE_DIRS: /usr/include/python3.8
[2.188s] -- Using PYTHON_LIBRARIES: /usr/lib/x86_64-linux-gnu/libpython3.8.so
[2.236s] -- Found PythonExtra: .so  
[2.386s] -- Found ament_lint_auto: 0.9.7 (/opt/ros/foxy/share/ament_lint_auto/cmake)
[2.457s] -- Added test 'copyright' to check source files copyright and LICENSE
[2.461s] -- Added test 'lint_cmake' to check CMake code style
[2.464s] -- Added test 'xmllint' to check XML markup files
[2.475s] -- Configuring done
[2.801s] -- Generating done
[2.807s] -- Build files have been written to: /home/cimi/Documents/Workspace/belajar_ros2/ProjectRos2XYolo/build/custom_message
[2.816s] Invoked command in '/home/cimi/Documents/Workspace/belajar_ros2/ProjectRos2XYolo/build/custom_message' returned '0': CMAKE_PREFIX_PATH=/home/cimi/Documents/Workspace/belajar_ros2/ProjectRos2XYolo/install/movement_package:/home/cimi/Documents/Workspace/belajar_ros2/ProjectRos2XYolo/install/master_package:/home/cimi/Documents/Workspace/belajar_ros2/ProjectRos2XYolo/install/cv_package:/opt/ros/foxy /usr/bin/cmake /home/cimi/Documents/Workspace/belajar_ros2/ProjectRos2XYolo/src/custom_message -DCMAKE_INSTALL_PREFIX=/home/cimi/Documents/Workspace/belajar_ros2/ProjectRos2XYolo/install/custom_message
[2.820s] Invoking command in '/home/cimi/Documents/Workspace/belajar_ros2/ProjectRos2XYolo/build/custom_message': CMAKE_PREFIX_PATH=/home/cimi/Documents/Workspace/belajar_ros2/ProjectRos2XYolo/install/movement_package:/home/cimi/Documents/Workspace/belajar_ros2/ProjectRos2XYolo/install/master_package:/home/cimi/Documents/Workspace/belajar_ros2/ProjectRos2XYolo/install/cv_package:/opt/ros/foxy /usr/bin/cmake --build /home/cimi/Documents/Workspace/belajar_ros2/ProjectRos2XYolo/build/custom_message -- -j8 -l8
[2.873s] [35m[1mScanning dependencies of target msg.Num.msg__cpp[0m
[2.873s] [  3%] [34m[1mGenerating C code for ROS interfaces[0m
[2.887s] [  6%] [34m[1mGenerating C++ code for ROS interfaces[0m
[3.459s] [  6%] Built target msg.Num.msg__cpp
[3.477s] [  9%] [34m[1mGenerating C++ type support for eProsima Fast-RTPS[0m
[3.477s] [ 12%] [34m[1mGenerating C++ type support dispatch for ROS interfaces[0m
[3.481s] [ 16%] [34m[1mGenerating C++ introspection for ROS interfaces[0m
[3.492s] [35m[1mScanning dependencies of target msg.Num.msg__rosidl_generator_c[0m
[3.656s] [ 19%] [32mBuilding C object CMakeFiles/msg.Num.msg__rosidl_generator_c.dir/rosidl_generator_c/custom_message/msg/detail/sphere__functions.c.o[0m
[3.789s] [35m[1mScanning dependencies of target msg.Num.msg__rosidl_typesupport_fastrtps_cpp[0m
[3.827s] [35m[1mScanning dependencies of target msg.Num.msg__rosidl_typesupport_introspection_cpp[0m
[3.846s] [35m[1mScanning dependencies of target msg.Num.msg__rosidl_typesupport_cpp[0m
[3.958s] [ 22%] [32mBuilding CXX object CMakeFiles/msg.Num.msg__rosidl_typesupport_cpp.dir/rosidl_typesupport_cpp/custom_message/msg/sphere__type_support.cpp.o[0m
[4.033s] [ 25%] [32mBuilding CXX object CMakeFiles/msg.Num.msg__rosidl_typesupport_introspection_cpp.dir/rosidl_typesupport_introspection_cpp/custom_message/msg/detail/sphere__type_support.cpp.o[0m
[4.043s] [ 29%] [32mBuilding CXX object CMakeFiles/msg.Num.msg__rosidl_typesupport_fastrtps_cpp.dir/rosidl_typesupport_fastrtps_cpp/custom_message/msg/detail/dds_fastrtps/sphere__type_support.cpp.o[0m
[4.229s] [ 32%] [32m[1mLinking C shared library libmsg.Num.msg__rosidl_generator_c.so[0m
[4.723s] [ 32%] Built target msg.Num.msg__rosidl_generator_c
[4.738s] [ 35%] [34m[1mGenerating C introspection for ROS interfaces[0m
[4.738s] [ 38%] [34m[1mGenerating C type support dispatch for ROS interfaces[0m
[5.042s] [35m[1mScanning dependencies of target msg.Num.msg__rosidl_typesupport_c[0m
[5.072s] [ 41%] [32mBuilding CXX object CMakeFiles/msg.Num.msg__rosidl_typesupport_c.dir/rosidl_typesupport_c/custom_message/msg/sphere__type_support.cpp.o[0m
[5.125s] [35m[1mScanning dependencies of target msg.Num.msg__rosidl_typesupport_introspection_c[0m
[5.154s] [ 45%] [32m[1mLinking CXX shared library libmsg.Num.msg__rosidl_typesupport_c.so[0m
[5.163s] [ 48%] [32m[1mLinking CXX shared library libmsg.Num.msg__rosidl_typesupport_introspection_cpp.so[0m
[5.183s] [ 51%] [32mBuilding C object CMakeFiles/msg.Num.msg__rosidl_typesupport_introspection_c.dir/rosidl_typesupport_introspection_c/custom_message/msg/detail/sphere__type_support.c.o[0m
[5.189s] [ 54%] [32m[1mLinking CXX shared library libmsg.Num.msg__rosidl_typesupport_cpp.so[0m
[5.235s] [ 54%] Built target msg.Num.msg__rosidl_typesupport_c
[5.244s] [ 58%] [32m[1mLinking C shared library libmsg.Num.msg__rosidl_typesupport_introspection_c.so[0m
[5.258s] [ 58%] Built target msg.Num.msg__rosidl_typesupport_cpp
[5.273s] [ 58%] Built target msg.Num.msg__rosidl_typesupport_introspection_cpp
[5.290s] [ 58%] Built target msg.Num.msg__rosidl_typesupport_introspection_c
[5.432s] [ 61%] [32m[1mLinking CXX shared library libmsg.Num.msg__rosidl_typesupport_fastrtps_cpp.so[0m
[5.694s] [ 61%] Built target msg.Num.msg__rosidl_typesupport_fastrtps_cpp
[5.708s] [ 64%] [34m[1mGenerating C type support for eProsima Fast-RTPS[0m
[5.970s] [35m[1mScanning dependencies of target msg.Num.msg__rosidl_typesupport_fastrtps_c[0m
[6.022s] [ 67%] [32mBuilding CXX object CMakeFiles/msg.Num.msg__rosidl_typesupport_fastrtps_c.dir/rosidl_typesupport_fastrtps_c/custom_message/msg/detail/sphere__type_support_c.cpp.o[0m
[6.447s] [ 70%] [32m[1mLinking CXX shared library libmsg.Num.msg__rosidl_typesupport_fastrtps_c.so[0m
[6.785s] [ 70%] Built target msg.Num.msg__rosidl_typesupport_fastrtps_c
[6.798s] [35m[1mScanning dependencies of target msg.Num.msg[0m
[6.813s] [ 70%] Built target msg.Num.msg
[6.829s] [35m[1mScanning dependencies of target msg.Num.msg__py[0m
[6.845s] [ 74%] [34m[1mGenerating Python code for ROS interfaces[0m
[8.231s] [ 74%] Built target msg.Num.msg__py
[8.243s] [35m[1mScanning dependencies of target msg.Num.msg__python[0m
[9.235s] [ 77%] [32mBuilding C object CMakeFiles/msg.Num.msg__python.dir/rosidl_generator_py/custom_message/msg/_sphere_s.c.o[0m
[9.609s] [ 80%] [32m[1mLinking C shared library rosidl_generator_py/custom_message/libmsg.Num.msg__python.so[0m
[9.707s] [ 80%] Built target msg.Num.msg__python
[9.721s] [35m[1mScanning dependencies of target custom_message__rosidl_typesupport_c__pyext[0m
[9.721s] [35m[1mScanning dependencies of target custom_message__rosidl_typesupport_introspection_c__pyext[0m
[9.722s] [35m[1mScanning dependencies of target custom_message__rosidl_typesupport_fastrtps_c__pyext[0m
[9.767s] [ 83%] [32mBuilding C object CMakeFiles/custom_message__rosidl_typesupport_fastrtps_c__pyext.dir/rosidl_generator_py/custom_message/_custom_message_s.ep.rosidl_typesupport_fastrtps_c.c.o[0m
[9.768s] [ 87%] [32mBuilding C object CMakeFiles/custom_message__rosidl_typesupport_c__pyext.dir/rosidl_generator_py/custom_message/_custom_message_s.ep.rosidl_typesupport_c.c.o[0m
[9.771s] [ 90%] [32mBuilding C object CMakeFiles/custom_message__rosidl_typesupport_introspection_c__pyext.dir/rosidl_generator_py/custom_message/_custom_message_s.ep.rosidl_typesupport_introspection_c.c.o[0m
[9.877s] [ 96%] [32m[1mLinking C shared library rosidl_generator_py/custom_message/custom_message_s__rosidl_typesupport_introspection_c.cpython-38-x86_64-linux-gnu.so[0m
[9.877s] [ 96%] [32m[1mLinking C shared library rosidl_generator_py/custom_message/custom_message_s__rosidl_typesupport_c.cpython-38-x86_64-linux-gnu.so[0m
[9.885s] [100%] [32m[1mLinking CXX shared library rosidl_generator_py/custom_message/custom_message_s__rosidl_typesupport_fastrtps_c.cpython-38-x86_64-linux-gnu.so[0m
[9.931s] [100%] Built target custom_message__rosidl_typesupport_c__pyext
[9.931s] [100%] Built target custom_message__rosidl_typesupport_introspection_c__pyext
[9.983s] [100%] Built target custom_message__rosidl_typesupport_fastrtps_c__pyext
[9.999s] Invoked command in '/home/cimi/Documents/Workspace/belajar_ros2/ProjectRos2XYolo/build/custom_message' returned '0': CMAKE_PREFIX_PATH=/home/cimi/Documents/Workspace/belajar_ros2/ProjectRos2XYolo/install/movement_package:/home/cimi/Documents/Workspace/belajar_ros2/ProjectRos2XYolo/install/master_package:/home/cimi/Documents/Workspace/belajar_ros2/ProjectRos2XYolo/install/cv_package:/opt/ros/foxy /usr/bin/cmake --build /home/cimi/Documents/Workspace/belajar_ros2/ProjectRos2XYolo/build/custom_message -- -j8 -l8
[10.083s] Invoking command in '/home/cimi/Documents/Workspace/belajar_ros2/ProjectRos2XYolo/build/custom_message': CMAKE_PREFIX_PATH=/home/cimi/Documents/Workspace/belajar_ros2/ProjectRos2XYolo/install/movement_package:/home/cimi/Documents/Workspace/belajar_ros2/ProjectRos2XYolo/install/master_package:/home/cimi/Documents/Workspace/belajar_ros2/ProjectRos2XYolo/install/cv_package:/opt/ros/foxy /usr/bin/cmake --install /home/cimi/Documents/Workspace/belajar_ros2/ProjectRos2XYolo/build/custom_message
[10.096s] -- Install configuration: ""
[10.096s] -- Installing: /home/cimi/Documents/Workspace/belajar_ros2/ProjectRos2XYolo/install/custom_message/share/ament_index/resource_index/rosidl_interfaces/custom_message
[10.096s] -- Installing: /home/cimi/Documents/Workspace/belajar_ros2/ProjectRos2XYolo/install/custom_message/include/custom_message
[10.096s] -- Installing: /home/cimi/Documents/Workspace/belajar_ros2/ProjectRos2XYolo/install/custom_message/include/custom_message/msg
[10.096s] -- Installing: /home/cimi/Documents/Workspace/belajar_ros2/ProjectRos2XYolo/install/custom_message/include/custom_message/msg/sphere.h
[10.097s] -- Installing: /home/cimi/Documents/Workspace/belajar_ros2/ProjectRos2XYolo/install/custom_message/include/custom_message/msg/rosidl_generator_c__visibility_control.h
[10.097s] -- Installing: /home/cimi/Documents/Workspace/belajar_ros2/ProjectRos2XYolo/install/custom_message/include/custom_message/msg/detail
[10.097s] -- Installing: /home/cimi/Documents/Workspace/belajar_ros2/ProjectRos2XYolo/install/custom_message/include/custom_message/msg/detail/sphere__type_support.h
[10.097s] -- Installing: /home/cimi/Documents/Workspace/belajar_ros2/ProjectRos2XYolo/install/custom_message/include/custom_message/msg/detail/sphere__functions.c
[10.098s] -- Installing: /home/cimi/Documents/Workspace/belajar_ros2/ProjectRos2XYolo/install/custom_message/include/custom_message/msg/detail/sphere__struct.h
[10.098s] -- Installing: /home/cimi/Documents/Workspace/belajar_ros2/ProjectRos2XYolo/install/custom_message/include/custom_message/msg/detail/sphere__functions.h
[10.098s] -- Installing: /home/cimi/Documents/Workspace/belajar_ros2/ProjectRos2XYolo/install/custom_message/share/custom_message/environment/library_path.sh
[10.098s] -- Installing: /home/cimi/Documents/Workspace/belajar_ros2/ProjectRos2XYolo/install/custom_message/share/custom_message/environment/library_path.dsv
[10.099s] -- Installing: /home/cimi/Documents/Workspace/belajar_ros2/ProjectRos2XYolo/install/custom_message/lib/libmsg.Num.msg__rosidl_generator_c.so
[10.099s] -- Set runtime path of "/home/cimi/Documents/Workspace/belajar_ros2/ProjectRos2XYolo/install/custom_message/lib/libmsg.Num.msg__rosidl_generator_c.so" to ""
[10.099s] -- Up-to-date: /home/cimi/Documents/Workspace/belajar_ros2/ProjectRos2XYolo/install/custom_message/include/custom_message
[10.100s] -- Up-to-date: /home/cimi/Documents/Workspace/belajar_ros2/ProjectRos2XYolo/install/custom_message/include/custom_message/msg
[10.100s] -- Installing: /home/cimi/Documents/Workspace/belajar_ros2/ProjectRos2XYolo/install/custom_message/include/custom_message/msg/rosidl_typesupport_fastrtps_c__visibility_control.h
[10.100s] -- Up-to-date: /home/cimi/Documents/Workspace/belajar_ros2/ProjectRos2XYolo/install/custom_message/include/custom_message/msg/detail
[10.100s] -- Installing: /home/cimi/Documents/Workspace/belajar_ros2/ProjectRos2XYolo/install/custom_message/include/custom_message/msg/detail/sphere__rosidl_typesupport_fastrtps_c.h
[10.100s] -- Installing: /home/cimi/Documents/Workspace/belajar_ros2/ProjectRos2XYolo/install/custom_message/lib/libmsg.Num.msg__rosidl_typesupport_fastrtps_c.so
[10.101s] -- Set runtime path of "/home/cimi/Documents/Workspace/belajar_ros2/ProjectRos2XYolo/install/custom_message/lib/libmsg.Num.msg__rosidl_typesupport_fastrtps_c.so" to ""
[10.101s] -- Up-to-date: /home/cimi/Documents/Workspace/belajar_ros2/ProjectRos2XYolo/install/custom_message/include/custom_message
[10.101s] -- Up-to-date: /home/cimi/Documents/Workspace/belajar_ros2/ProjectRos2XYolo/install/custom_message/include/custom_message/msg
[10.102s] -- Up-to-date: /home/cimi/Documents/Workspace/belajar_ros2/ProjectRos2XYolo/install/custom_message/include/custom_message/msg/detail
[10.102s] -- Installing: /home/cimi/Documents/Workspace/belajar_ros2/ProjectRos2XYolo/install/custom_message/include/custom_message/msg/detail/sphere__rosidl_typesupport_fastrtps_cpp.hpp
[10.102s] -- Installing: /home/cimi/Documents/Workspace/belajar_ros2/ProjectRos2XYolo/install/custom_message/include/custom_message/msg/detail/dds_fastrtps
[10.102s] -- Installing: /home/cimi/Documents/Workspace/belajar_ros2/ProjectRos2XYolo/install/custom_message/include/custom_message/msg/rosidl_typesupport_fastrtps_cpp__visibility_control.h
[10.102s] -- Installing: /home/cimi/Documents/Workspace/belajar_ros2/ProjectRos2XYolo/install/custom_message/lib/libmsg.Num.msg__rosidl_typesupport_fastrtps_cpp.so
[10.102s] -- Set runtime path of "/home/cimi/Documents/Workspace/belajar_ros2/ProjectRos2XYolo/install/custom_message/lib/libmsg.Num.msg__rosidl_typesupport_fastrtps_cpp.so" to ""
[10.103s] -- Up-to-date: /home/cimi/Documents/Workspace/belajar_ros2/ProjectRos2XYolo/install/custom_message/include/custom_message
[10.103s] -- Up-to-date: /home/cimi/Documents/Workspace/belajar_ros2/ProjectRos2XYolo/install/custom_message/include/custom_message/msg
[10.103s] -- Up-to-date: /home/cimi/Documents/Workspace/belajar_ros2/ProjectRos2XYolo/install/custom_message/include/custom_message/msg/detail
[10.103s] -- Installing: /home/cimi/Documents/Workspace/belajar_ros2/ProjectRos2XYolo/install/custom_message/include/custom_message/msg/detail/sphere__type_support.c
[10.104s] -- Installing: /home/cimi/Documents/Workspace/belajar_ros2/ProjectRos2XYolo/install/custom_message/include/custom_message/msg/detail/sphere__rosidl_typesupport_introspection_c.h
[10.104s] -- Installing: /home/cimi/Documents/Workspace/belajar_ros2/ProjectRos2XYolo/install/custom_message/include/custom_message/msg/rosidl_typesupport_introspection_c__visibility_control.h
[10.104s] -- Installing: /home/cimi/Documents/Workspace/belajar_ros2/ProjectRos2XYolo/install/custom_message/lib/libmsg.Num.msg__rosidl_typesupport_introspection_c.so
[10.104s] -- Set runtime path of "/home/cimi/Documents/Workspace/belajar_ros2/ProjectRos2XYolo/install/custom_message/lib/libmsg.Num.msg__rosidl_typesupport_introspection_c.so" to ""
[10.105s] -- Installing: /home/cimi/Documents/Workspace/belajar_ros2/ProjectRos2XYolo/install/custom_message/lib/libmsg.Num.msg__rosidl_typesupport_c.so
[10.105s] -- Set runtime path of "/home/cimi/Documents/Workspace/belajar_ros2/ProjectRos2XYolo/install/custom_message/lib/libmsg.Num.msg__rosidl_typesupport_c.so" to ""
[10.106s] -- Up-to-date: /home/cimi/Documents/Workspace/belajar_ros2/ProjectRos2XYolo/install/custom_message/include/custom_message
[10.106s] -- Up-to-date: /home/cimi/Documents/Workspace/belajar_ros2/ProjectRos2XYolo/install/custom_message/include/custom_message/msg
[10.106s] -- Installing: /home/cimi/Documents/Workspace/belajar_ros2/ProjectRos2XYolo/install/custom_message/include/custom_message/msg/sphere.hpp
[10.107s] -- Up-to-date: /home/cimi/Documents/Workspace/belajar_ros2/ProjectRos2XYolo/install/custom_message/include/custom_message/msg/detail
[10.107s] -- Installing: /home/cimi/Documents/Workspace/belajar_ros2/ProjectRos2XYolo/install/custom_message/include/custom_message/msg/detail/sphere__traits.hpp
[10.107s] -- Installing: /home/cimi/Documents/Workspace/belajar_ros2/ProjectRos2XYolo/install/custom_message/include/custom_message/msg/detail/sphere__builder.hpp
[10.108s] -- Installing: /home/cimi/Documents/Workspace/belajar_ros2/ProjectRos2XYolo/install/custom_message/include/custom_message/msg/detail/sphere__struct.hpp
[10.108s] -- Up-to-date: /home/cimi/Documents/Workspace/belajar_ros2/ProjectRos2XYolo/install/custom_message/include/custom_message
[10.108s] -- Up-to-date: /home/cimi/Documents/Workspace/belajar_ros2/ProjectRos2XYolo/install/custom_message/include/custom_message/msg
[10.108s] -- Up-to-date: /home/cimi/Documents/Workspace/belajar_ros2/ProjectRos2XYolo/install/custom_message/include/custom_message/msg/detail
[10.108s] -- Installing: /home/cimi/Documents/Workspace/belajar_ros2/ProjectRos2XYolo/install/custom_message/include/custom_message/msg/detail/sphere__rosidl_typesupport_introspection_cpp.hpp
[10.108s] -- Installing: /home/cimi/Documents/Workspace/belajar_ros2/ProjectRos2XYolo/install/custom_message/include/custom_message/msg/detail/sphere__type_support.cpp
[10.109s] -- Installing: /home/cimi/Documents/Workspace/belajar_ros2/ProjectRos2XYolo/install/custom_message/lib/libmsg.Num.msg__rosidl_typesupport_introspection_cpp.so
[10.109s] -- Set runtime path of "/home/cimi/Documents/Workspace/belajar_ros2/ProjectRos2XYolo/install/custom_message/lib/libmsg.Num.msg__rosidl_typesupport_introspection_cpp.so" to ""
[10.109s] -- Installing: /home/cimi/Documents/Workspace/belajar_ros2/ProjectRos2XYolo/install/custom_message/lib/libmsg.Num.msg__rosidl_typesupport_cpp.so
[10.109s] -- Set runtime path of "/home/cimi/Documents/Workspace/belajar_ros2/ProjectRos2XYolo/install/custom_message/lib/libmsg.Num.msg__rosidl_typesupport_cpp.so" to ""
[10.109s] -- Installing: /home/cimi/Documents/Workspace/belajar_ros2/ProjectRos2XYolo/install/custom_message/share/custom_message/environment/pythonpath.sh
[10.110s] -- Installing: /home/cimi/Documents/Workspace/belajar_ros2/ProjectRos2XYolo/install/custom_message/share/custom_message/environment/pythonpath.dsv
[10.110s] -- Installing: /home/cimi/Documents/Workspace/belajar_ros2/ProjectRos2XYolo/install/custom_message/lib/python3.8/site-packages/custom_message/__init__.py
[10.173s] Compiling '/home/cimi/Documents/Workspace/belajar_ros2/ProjectRos2XYolo/install/custom_message/lib/python3.8/site-packages/custom_message/__init__.py'...
[10.178s] -- Installing: /home/cimi/Documents/Workspace/belajar_ros2/ProjectRos2XYolo/install/custom_message/lib/python3.8/site-packages/custom_message/msg
[10.178s] -- Installing: /home/cimi/Documents/Workspace/belajar_ros2/ProjectRos2XYolo/install/custom_message/lib/python3.8/site-packages/custom_message/msg/__init__.py
[10.179s] -- Installing: /home/cimi/Documents/Workspace/belajar_ros2/ProjectRos2XYolo/install/custom_message/lib/python3.8/site-packages/custom_message/msg/_sphere.py
[10.179s] -- Installing: /home/cimi/Documents/Workspace/belajar_ros2/ProjectRos2XYolo/install/custom_message/lib/python3.8/site-packages/custom_message/msg/_sphere_s.c
[10.179s] -- Installing: /home/cimi/Documents/Workspace/belajar_ros2/ProjectRos2XYolo/install/custom_message/lib/python3.8/site-packages/custom_message/custom_message_s__rosidl_typesupport_fastrtps_c.cpython-38-x86_64-linux-gnu.so
[10.180s] -- Set runtime path of "/home/cimi/Documents/Workspace/belajar_ros2/ProjectRos2XYolo/install/custom_message/lib/python3.8/site-packages/custom_message/custom_message_s__rosidl_typesupport_fastrtps_c.cpython-38-x86_64-linux-gnu.so" to ""
[10.181s] -- Installing: /home/cimi/Documents/Workspace/belajar_ros2/ProjectRos2XYolo/install/custom_message/lib/python3.8/site-packages/custom_message/custom_message_s__rosidl_typesupport_introspection_c.cpython-38-x86_64-linux-gnu.so
[10.182s] -- Set runtime path of "/home/cimi/Documents/Workspace/belajar_ros2/ProjectRos2XYolo/install/custom_message/lib/python3.8/site-packages/custom_message/custom_message_s__rosidl_typesupport_introspection_c.cpython-38-x86_64-linux-gnu.so" to ""
[10.182s] -- Installing: /home/cimi/Documents/Workspace/belajar_ros2/ProjectRos2XYolo/install/custom_message/lib/python3.8/site-packages/custom_message/custom_message_s__rosidl_typesupport_c.cpython-38-x86_64-linux-gnu.so
[10.183s] -- Set runtime path of "/home/cimi/Documents/Workspace/belajar_ros2/ProjectRos2XYolo/install/custom_message/lib/python3.8/site-packages/custom_message/custom_message_s__rosidl_typesupport_c.cpython-38-x86_64-linux-gnu.so" to ""
[10.183s] -- Installing: /home/cimi/Documents/Workspace/belajar_ros2/ProjectRos2XYolo/install/custom_message/lib/libmsg.Num.msg__python.so
[10.184s] -- Set runtime path of "/home/cimi/Documents/Workspace/belajar_ros2/ProjectRos2XYolo/install/custom_message/lib/libmsg.Num.msg__python.so" to ""
[10.185s] -- Installing: /home/cimi/Documents/Workspace/belajar_ros2/ProjectRos2XYolo/install/custom_message/share/custom_message/msg/Sphere.idl
[10.185s] -- Installing: /home/cimi/Documents/Workspace/belajar_ros2/ProjectRos2XYolo/install/custom_message/share/custom_message/msg/Sphere.msg
[10.185s] -- Installing: /home/cimi/Documents/Workspace/belajar_ros2/ProjectRos2XYolo/install/custom_message/share/ament_index/resource_index/package_run_dependencies/custom_message
[10.186s] -- Installing: /home/cimi/Documents/Workspace/belajar_ros2/ProjectRos2XYolo/install/custom_message/share/ament_index/resource_index/parent_prefix_path/custom_message
[10.186s] -- Installing: /home/cimi/Documents/Workspace/belajar_ros2/ProjectRos2XYolo/install/custom_message/share/custom_message/environment/ament_prefix_path.sh
[10.187s] -- Installing: /home/cimi/Documents/Workspace/belajar_ros2/ProjectRos2XYolo/install/custom_message/share/custom_message/environment/ament_prefix_path.dsv
[10.187s] -- Installing: /home/cimi/Documents/Workspace/belajar_ros2/ProjectRos2XYolo/install/custom_message/share/custom_message/environment/path.sh
[10.187s] -- Installing: /home/cimi/Documents/Workspace/belajar_ros2/ProjectRos2XYolo/install/custom_message/share/custom_message/environment/path.dsv
[10.187s] -- Installing: /home/cimi/Documents/Workspace/belajar_ros2/ProjectRos2XYolo/install/custom_message/share/custom_message/local_setup.bash
[10.188s] -- Installing: /home/cimi/Documents/Workspace/belajar_ros2/ProjectRos2XYolo/install/custom_message/share/custom_message/local_setup.sh
[10.188s] -- Installing: /home/cimi/Documents/Workspace/belajar_ros2/ProjectRos2XYolo/install/custom_message/share/custom_message/local_setup.zsh
[10.189s] -- Installing: /home/cimi/Documents/Workspace/belajar_ros2/ProjectRos2XYolo/install/custom_message/share/custom_message/local_setup.dsv
[10.189s] -- Installing: /home/cimi/Documents/Workspace/belajar_ros2/ProjectRos2XYolo/install/custom_message/share/custom_message/package.dsv
[10.190s] -- Installing: /home/cimi/Documents/Workspace/belajar_ros2/ProjectRos2XYolo/install/custom_message/share/ament_index/resource_index/packages/custom_message
[10.190s] -- Installing: /home/cimi/Documents/Workspace/belajar_ros2/ProjectRos2XYolo/install/custom_message/share/custom_message/cmake/msg.Num.msg__rosidl_generator_cExport.cmake
[10.190s] -- Installing: /home/cimi/Documents/Workspace/belajar_ros2/ProjectRos2XYolo/install/custom_message/share/custom_message/cmake/msg.Num.msg__rosidl_generator_cExport-noconfig.cmake
[10.191s] -- Installing: /home/cimi/Documents/Workspace/belajar_ros2/ProjectRos2XYolo/install/custom_message/share/custom_message/cmake/msg.Num.msg__rosidl_typesupport_introspection_cExport.cmake
[10.191s] -- Installing: /home/cimi/Documents/Workspace/belajar_ros2/ProjectRos2XYolo/install/custom_message/share/custom_message/cmake/msg.Num.msg__rosidl_typesupport_introspection_cExport-noconfig.cmake
[10.191s] -- Installing: /home/cimi/Documents/Workspace/belajar_ros2/ProjectRos2XYolo/install/custom_message/share/custom_message/cmake/msg.Num.msg__rosidl_typesupport_cExport.cmake
[10.191s] -- Installing: /home/cimi/Documents/Workspace/belajar_ros2/ProjectRos2XYolo/install/custom_message/share/custom_message/cmake/msg.Num.msg__rosidl_typesupport_cExport-noconfig.cmake
[10.192s] -- Installing: /home/cimi/Documents/Workspace/belajar_ros2/ProjectRos2XYolo/install/custom_message/share/custom_message/cmake/msg.Num.msg__rosidl_generator_cppExport.cmake
[10.192s] -- Installing: /home/cimi/Documents/Workspace/belajar_ros2/ProjectRos2XYolo/install/custom_message/share/custom_message/cmake/msg.Num.msg__rosidl_typesupport_introspection_cppExport.cmake
[10.192s] -- Installing: /home/cimi/Documents/Workspace/belajar_ros2/ProjectRos2XYolo/install/custom_message/share/custom_message/cmake/msg.Num.msg__rosidl_typesupport_introspection_cppExport-noconfig.cmake
[10.193s] -- Installing: /home/cimi/Documents/Workspace/belajar_ros2/ProjectRos2XYolo/install/custom_message/share/custom_message/cmake/msg.Num.msg__rosidl_typesupport_cppExport.cmake
[10.193s] -- Installing: /home/cimi/Documents/Workspace/belajar_ros2/ProjectRos2XYolo/install/custom_message/share/custom_message/cmake/msg.Num.msg__rosidl_typesupport_cppExport-noconfig.cmake
[10.193s] -- Installing: /home/cimi/Documents/Workspace/belajar_ros2/ProjectRos2XYolo/install/custom_message/share/custom_message/cmake/rosidl_cmake-extras.cmake
[10.193s] -- Installing: /home/cimi/Documents/Workspace/belajar_ros2/ProjectRos2XYolo/install/custom_message/share/custom_message/cmake/ament_cmake_export_dependencies-extras.cmake
[10.194s] -- Installing: /home/cimi/Documents/Workspace/belajar_ros2/ProjectRos2XYolo/install/custom_message/share/custom_message/cmake/ament_cmake_export_libraries-extras.cmake
[10.194s] -- Installing: /home/cimi/Documents/Workspace/belajar_ros2/ProjectRos2XYolo/install/custom_message/share/custom_message/cmake/ament_cmake_export_targets-extras.cmake
[10.194s] -- Installing: /home/cimi/Documents/Workspace/belajar_ros2/ProjectRos2XYolo/install/custom_message/share/custom_message/cmake/ament_cmake_export_include_directories-extras.cmake
[10.194s] -- Installing: /home/cimi/Documents/Workspace/belajar_ros2/ProjectRos2XYolo/install/custom_message/share/custom_message/cmake/rosidl_cmake_export_typesupport_libraries-extras.cmake
[10.195s] -- Installing: /home/cimi/Documents/Workspace/belajar_ros2/ProjectRos2XYolo/install/custom_message/share/custom_message/cmake/rosidl_cmake_export_typesupport_targets-extras.cmake
[10.195s] -- Installing: /home/cimi/Documents/Workspace/belajar_ros2/ProjectRos2XYolo/install/custom_message/share/custom_message/cmake/custom_messageConfig.cmake
[10.195s] -- Installing: /home/cimi/Documents/Workspace/belajar_ros2/ProjectRos2XYolo/install/custom_message/share/custom_message/cmake/custom_messageConfig-version.cmake
[10.195s] -- Installing: /home/cimi/Documents/Workspace/belajar_ros2/ProjectRos2XYolo/install/custom_message/share/custom_message/package.xml
[10.203s] Invoked command in '/home/cimi/Documents/Workspace/belajar_ros2/ProjectRos2XYolo/build/custom_message' returned '0': CMAKE_PREFIX_PATH=/home/cimi/Documents/Workspace/belajar_ros2/ProjectRos2XYolo/install/movement_package:/home/cimi/Documents/Workspace/belajar_ros2/ProjectRos2XYolo/install/master_package:/home/cimi/Documents/Workspace/belajar_ros2/ProjectRos2XYolo/install/cv_package:/opt/ros/foxy /usr/bin/cmake --install /home/cimi/Documents/Workspace/belajar_ros2/ProjectRos2XYolo/build/custom_message
