[0.034s] Invoking command in '/home/cimi/Documents/Workspace/belajar_ros2/ProjectRos2XYolo/build/custom_message': CMAKE_PREFIX_PATH=/home/cimi/Documents/Workspace/belajar_ros2/ProjectRos2XYolo/install/movement_package:/home/cimi/Documents/Workspace/belajar_ros2/ProjectRos2XYolo/install/master_package:/home/cimi/Documents/Workspace/belajar_ros2/ProjectRos2XYolo/install/cv_package:/opt/ros/foxy /usr/bin/cmake /home/cimi/Documents/Workspace/belajar_ros2/ProjectRos2XYolo/src/custom_message -DCMAKE_INSTALL_PREFIX=/home/cimi/Documents/Workspace/belajar_ros2/ProjectRos2XYolo/install/custom_message
[0.055s] -- Found ament_cmake: 0.9.11 (/opt/ros/foxy/share/ament_cmake/cmake)
[0.086s] -- Using PYTHON_EXECUTABLE: /usr/bin/python3
[0.354s] -- Found geometry_msgs: 2.0.5 (/opt/ros/foxy/share/geometry_msgs/cmake)
[0.384s] -- Using all available rosidl_typesupport_c: rosidl_typesupport_fastrtps_c;rosidl_typesupport_introspection_c
[0.388s] -- Found rosidl_adapter: 1.3.0 (/opt/ros/foxy/share/rosidl_adapter/cmake)
[0.563s] -- Using all available rosidl_typesupport_cpp: rosidl_typesupport_fastrtps_cpp;rosidl_typesupport_introspection_cpp
[0.685s] -- Found rosidl_default_generators: 1.0.1 (/opt/ros/foxy/share/rosidl_default_generators/cmake)
[0.729s] -- Found PythonInterp: /usr/bin/python3 (found version "3.8.10") 
[0.852s] CMake Error at /opt/ros/foxy/share/rosidl_cmake/cmake/rosidl_generate_interfaces.cmake:213 (add_custom_target):
[0.853s]   add_custom_target called with invalid target name "msg/Num.msg".  Target
[0.853s]   names may not contain a slash.  Use ADD_CUSTOM_COMMAND to generate files.
[0.853s] Call Stack (most recent call first):
[0.853s]   CMakeLists.txt:24 (rosidl_generate_interfaces)
[0.853s] 
[0.853s] 
[0.867s] -- Found ament_lint_auto: 0.9.7 (/opt/ros/foxy/share/ament_lint_auto/cmake)
[1.165s] -- Added test 'copyright' to check source files copyright and LICENSE
[1.169s] -- Added test 'lint_cmake' to check CMake code style
[1.172s] -- Added test 'xmllint' to check XML markup files
[1.214s] -- Configuring incomplete, errors occurred!
[1.214s] See also "/home/cimi/Documents/Workspace/belajar_ros2/ProjectRos2XYolo/build/custom_message/CMakeFiles/CMakeOutput.log".
[1.223s] Invoked command in '/home/cimi/Documents/Workspace/belajar_ros2/ProjectRos2XYolo/build/custom_message' returned '1': CMAKE_PREFIX_PATH=/home/cimi/Documents/Workspace/belajar_ros2/ProjectRos2XYolo/install/movement_package:/home/cimi/Documents/Workspace/belajar_ros2/ProjectRos2XYolo/install/master_package:/home/cimi/Documents/Workspace/belajar_ros2/ProjectRos2XYolo/install/cv_package:/opt/ros/foxy /usr/bin/cmake /home/cimi/Documents/Workspace/belajar_ros2/ProjectRos2XYolo/src/custom_message -DCMAKE_INSTALL_PREFIX=/home/cimi/Documents/Workspace/belajar_ros2/ProjectRos2XYolo/install/custom_message
