[0.973s] Invoking command in '/home/cimi/Documents/Workspace/ProjectRos2XYolo/src/movement_package': PYTHONPATH=/home/cimi/Documents/Workspace/ProjectRos2XYolo/install/movement_package/lib/python3.8/site-packages:${PYTHONPATH} /usr/bin/python3 setup.py egg_info --egg-base ../../build/movement_package build --build-base /home/cimi/Documents/Workspace/ProjectRos2XYolo/build/movement_package/build install --prefix /home/cimi/Documents/Workspace/ProjectRos2XYolo/install/movement_package --record /home/cimi/Documents/Workspace/ProjectRos2XYolo/build/movement_package/install.log --single-version-externally-managed
[1.215s] running egg_info
[1.215s] creating ../../build/movement_package/movement_package.egg-info
[1.215s] writing ../../build/movement_package/movement_package.egg-info/PKG-INFO
[1.216s] writing dependency_links to ../../build/movement_package/movement_package.egg-info/dependency_links.txt
[1.216s] writing entry points to ../../build/movement_package/movement_package.egg-info/entry_points.txt
[1.216s] writing requirements to ../../build/movement_package/movement_package.egg-info/requires.txt
[1.216s] writing top-level names to ../../build/movement_package/movement_package.egg-info/top_level.txt
[1.218s] writing manifest file '../../build/movement_package/movement_package.egg-info/SOURCES.txt'
[1.257s] reading manifest file '../../build/movement_package/movement_package.egg-info/SOURCES.txt'
[1.257s] writing manifest file '../../build/movement_package/movement_package.egg-info/SOURCES.txt'
[1.258s] running build
[1.258s] running build_py
[1.258s] creating /home/cimi/Documents/Workspace/ProjectRos2XYolo/build/movement_package/build
[1.258s] creating /home/cimi/Documents/Workspace/ProjectRos2XYolo/build/movement_package/build/lib
[1.259s] creating /home/cimi/Documents/Workspace/ProjectRos2XYolo/build/movement_package/build/lib/movement_package
[1.259s] copying movement_package/__init__.py -> /home/cimi/Documents/Workspace/ProjectRos2XYolo/build/movement_package/build/lib/movement_package
[1.259s] copying movement_package/movement_node.py -> /home/cimi/Documents/Workspace/ProjectRos2XYolo/build/movement_package/build/lib/movement_package
[1.259s] running install
[1.260s] running install_lib
[1.261s] creating /home/cimi/Documents/Workspace/ProjectRos2XYolo/install/movement_package/lib/python3.8/site-packages/movement_package
[1.261s] copying /home/cimi/Documents/Workspace/ProjectRos2XYolo/build/movement_package/build/lib/movement_package/__init__.py -> /home/cimi/Documents/Workspace/ProjectRos2XYolo/install/movement_package/lib/python3.8/site-packages/movement_package
[1.261s] copying /home/cimi/Documents/Workspace/ProjectRos2XYolo/build/movement_package/build/lib/movement_package/movement_node.py -> /home/cimi/Documents/Workspace/ProjectRos2XYolo/install/movement_package/lib/python3.8/site-packages/movement_package
[1.262s] byte-compiling /home/cimi/Documents/Workspace/ProjectRos2XYolo/install/movement_package/lib/python3.8/site-packages/movement_package/__init__.py to __init__.cpython-38.pyc
[1.263s] byte-compiling /home/cimi/Documents/Workspace/ProjectRos2XYolo/install/movement_package/lib/python3.8/site-packages/movement_package/movement_node.py to movement_node.cpython-38.pyc
[1.264s] running install_data
[1.265s] creating /home/cimi/Documents/Workspace/ProjectRos2XYolo/install/movement_package/share/ament_index
[1.265s] creating /home/cimi/Documents/Workspace/ProjectRos2XYolo/install/movement_package/share/ament_index/resource_index
[1.265s] creating /home/cimi/Documents/Workspace/ProjectRos2XYolo/install/movement_package/share/ament_index/resource_index/packages
[1.266s] copying resource/movement_package -> /home/cimi/Documents/Workspace/ProjectRos2XYolo/install/movement_package/share/ament_index/resource_index/packages
[1.266s] copying package.xml -> /home/cimi/Documents/Workspace/ProjectRos2XYolo/install/movement_package/share/movement_package
[1.266s] running install_egg_info
[1.267s] Copying ../../build/movement_package/movement_package.egg-info to /home/cimi/Documents/Workspace/ProjectRos2XYolo/install/movement_package/lib/python3.8/site-packages/movement_package-0.0.0-py3.8.egg-info
[1.268s] running install_scripts
[1.288s] Installing kecepatan script to /home/cimi/Documents/Workspace/ProjectRos2XYolo/install/movement_package/lib/movement_package
[1.288s] writing list of installed files to '/home/cimi/Documents/Workspace/ProjectRos2XYolo/build/movement_package/install.log'
[1.316s] Invoked command in '/home/cimi/Documents/Workspace/ProjectRos2XYolo/src/movement_package' returned '0': PYTHONPATH=/home/cimi/Documents/Workspace/ProjectRos2XYolo/install/movement_package/lib/python3.8/site-packages:${PYTHONPATH} /usr/bin/python3 setup.py egg_info --egg-base ../../build/movement_package build --build-base /home/cimi/Documents/Workspace/ProjectRos2XYolo/build/movement_package/build install --prefix /home/cimi/Documents/Workspace/ProjectRos2XYolo/install/movement_package --record /home/cimi/Documents/Workspace/ProjectRos2XYolo/build/movement_package/install.log --single-version-externally-managed
