[0.207s] Invoking command in '/home/cimi/Documents/Workspace/belajar_ros2/ProjectRos2XYolo/build/custom_message': CMAKE_PREFIX_PATH=/home/cimi/Documents/Workspace/belajar_ros2/ProjectRos2XYolo/install/movement_package:/home/cimi/Documents/Workspace/belajar_ros2/ProjectRos2XYolo/install/master_package:/home/cimi/Documents/Workspace/belajar_ros2/ProjectRos2XYolo/install/cv_package:/opt/ros/foxy /usr/bin/cmake /home/cimi/Documents/Workspace/belajar_ros2/ProjectRos2XYolo/src/custom_message -DCMAKE_INSTALL_PREFIX=/home/cimi/Documents/Workspace/belajar_ros2/ProjectRos2XYolo/install/custom_message
[2.896s] -- The C compiler identification is GNU 9.4.0
[5.082s] -- The CXX compiler identification is GNU 9.4.0
[5.142s] -- Check for working C compiler: /usr/bin/cc
[5.345s] -- Check for working C compiler: /usr/bin/cc -- works
[5.366s] -- Detecting C compiler ABI info
[5.465s] -- Detecting C compiler ABI info - done
[5.485s] -- Detecting C compile features
[5.487s] -- Detecting C compile features - done
[5.491s] -- Check for working CXX compiler: /usr/bin/c++
[5.594s] -- Check for working CXX compiler: /usr/bin/c++ -- works
[5.596s] -- Detecting CXX compiler ABI info
[5.691s] -- Detecting CXX compiler ABI info - done
[5.708s] -- Detecting CXX compile features
[5.709s] -- Detecting CXX compile features - done
[6.036s] -- Found ament_cmake: 0.9.11 (/opt/ros/foxy/share/ament_cmake/cmake)
[6.300s] -- Found PythonInterp: /usr/bin/python3 (found suitable version "3.8.10", minimum required is "3") 
[6.300s] -- Using PYTHON_EXECUTABLE: /usr/bin/python3
[7.039s] -- Found geometry_msgs: 2.0.5 (/opt/ros/foxy/share/geometry_msgs/cmake)
[7.345s] -- Using all available rosidl_typesupport_c: rosidl_typesupport_fastrtps_c;rosidl_typesupport_introspection_c
[7.451s] -- Found rosidl_adapter: 1.3.0 (/opt/ros/foxy/share/rosidl_adapter/cmake)
[8.146s] -- Found OpenSSL: /usr/lib/x86_64-linux-gnu/libcrypto.so (found version "1.1.1f")  
[8.263s] -- Found FastRTPS: /opt/ros/foxy/include  
[8.534s] -- Using all available rosidl_typesupport_cpp: rosidl_typesupport_fastrtps_cpp;rosidl_typesupport_introspection_cpp
[8.813s] -- Found rosidl_default_generators: 1.0.1 (/opt/ros/foxy/share/rosidl_default_generators/cmake)
[8.904s] CMake Error at /opt/ros/foxy/share/rosidl_cmake/cmake/rosidl_generate_interfaces.cmake:93 (message):
[8.904s]   rosidl_generate_interfaces() the passed file 'srv/AddThreeInts.srv' doesn't
[8.905s]   exist relative to the CMAKE_CURRENT_SOURCE_DIR
[8.905s]   '/home/cimi/Documents/Workspace/belajar_ros2/ProjectRos2XYolo/src/custom_message'
[8.905s] Call Stack (most recent call first):
[8.905s]   CMakeLists.txt:24 (rosidl_generate_interfaces)
[8.906s] 
[8.906s] 
[8.908s] -- Configuring incomplete, errors occurred!
[8.908s] See also "/home/cimi/Documents/Workspace/belajar_ros2/ProjectRos2XYolo/build/custom_message/CMakeFiles/CMakeOutput.log".
[8.921s] Invoked command in '/home/cimi/Documents/Workspace/belajar_ros2/ProjectRos2XYolo/build/custom_message' returned '1': CMAKE_PREFIX_PATH=/home/cimi/Documents/Workspace/belajar_ros2/ProjectRos2XYolo/install/movement_package:/home/cimi/Documents/Workspace/belajar_ros2/ProjectRos2XYolo/install/master_package:/home/cimi/Documents/Workspace/belajar_ros2/ProjectRos2XYolo/install/cv_package:/opt/ros/foxy /usr/bin/cmake /home/cimi/Documents/Workspace/belajar_ros2/ProjectRos2XYolo/src/custom_message -DCMAKE_INSTALL_PREFIX=/home/cimi/Documents/Workspace/belajar_ros2/ProjectRos2XYolo/install/custom_message
