running develop
Removing /home/cimi/Documents/Workspace/ProjectRos2XYolo/install/cv_package/lib/python3.8/site-packages/cv-package.egg-link (link to .)
running egg_info
writing ../../build/cv_package/cv_package.egg-info/PKG-INFO
writing dependency_links to ../../build/cv_package/cv_package.egg-info/dependency_links.txt
writing entry points to ../../build/cv_package/cv_package.egg-info/entry_points.txt
writing requirements to ../../build/cv_package/cv_package.egg-info/requires.txt
writing top-level names to ../../build/cv_package/cv_package.egg-info/top_level.txt
reading manifest file '../../build/cv_package/cv_package.egg-info/SOURCES.txt'
writing manifest file '../../build/cv_package/cv_package.egg-info/SOURCES.txt'
running build
running build_py
running install
running install_lib
creating /home/cimi/Documents/Workspace/ProjectRos2XYolo/install/cv_package/lib/python3.8/site-packages/cv_package
copying /home/cimi/Documents/Workspace/ProjectRos2XYolo/build/cv_package/build/lib/cv_package/__init__.py -> /home/cimi/Documents/Workspace/ProjectRos2XYolo/install/cv_package/lib/python3.8/site-packages/cv_package
copying /home/cimi/Documents/Workspace/ProjectRos2XYolo/build/cv_package/build/lib/cv_package/subscriber.py -> /home/cimi/Documents/Workspace/ProjectRos2XYolo/install/cv_package/lib/python3.8/site-packages/cv_package
byte-compiling /home/cimi/Documents/Workspace/ProjectRos2XYolo/install/cv_package/lib/python3.8/site-packages/cv_package/__init__.py to __init__.cpython-38.pyc
byte-compiling /home/cimi/Documents/Workspace/ProjectRos2XYolo/install/cv_package/lib/python3.8/site-packages/cv_package/subscriber.py to subscriber.cpython-38.pyc
running install_data
running install_egg_info
Copying ../../build/cv_package/cv_package.egg-info to /home/cimi/Documents/Workspace/ProjectRos2XYolo/install/cv_package/lib/python3.8/site-packages/cv_package-0.0.0-py3.8.egg-info
running install_scripts
Installing eye script to /home/cimi/Documents/Workspace/ProjectRos2XYolo/install/cv_package/lib/cv_package
Installing yolo script to /home/cimi/Documents/Workspace/ProjectRos2XYolo/install/cv_package/lib/cv_package
writing list of installed files to '/home/cimi/Documents/Workspace/ProjectRos2XYolo/build/cv_package/install.log'
