[0.133s] DEBUG:colcon:Command line arguments: ['/usr/bin/colcon', 'build']
[0.133s] DEBUG:colcon:Parsed command line arguments: Namespace(allow_overriding=[], ament_cmake_args=None, base_paths=['.'], build_base='build', catkin_cmake_args=None, catkin_skip_building_tests=False, cmake_args=None, cmake_clean_cache=False, cmake_clean_first=False, cmake_force_configure=False, cmake_target=None, cmake_target_skip_unavailable=False, continue_on_error=False, event_handlers=None, executor='parallel', ignore_user_meta=False, install_base='install', log_base=None, log_level=None, main=<bound method BuildVerb.main of <colcon_core.verb.build.BuildVerb object at 0x7f4f4e7a6d30>>, merge_install=False, metas=['./colcon.meta'], packages_above=None, packages_above_and_dependencies=None, packages_above_depth=None, packages_end=None, packages_ignore=None, packages_ignore_regex=None, packages_select=None, packages_select_build_failed=False, packages_select_by_dep=None, packages_select_regex=None, packages_select_test_failures=False, packages_skip=None, packages_skip_build_finished=False, packages_skip_by_dep=None, packages_skip_regex=None, packages_skip_test_passed=False, packages_skip_up_to=None, packages_start=None, packages_up_to=None, packages_up_to_regex=None, parallel_workers=8, paths=None, symlink_install=False, test_result_base=None, verb_extension=<colcon_core.verb.build.BuildVerb object at 0x7f4f4e7a6d30>, verb_name='build', verb_parser=<colcon_defaults.argument_parser.defaults.DefaultArgumentsDecorator object at 0x7f4f4e7ae2e0>)
[0.155s] Level 1:colcon.colcon_core.package_discovery:discover_packages(colcon_meta) check parameters
[0.156s] Level 1:colcon.colcon_core.package_discovery:discover_packages(recursive) check parameters
[0.156s] Level 1:colcon.colcon_core.package_discovery:discover_packages(ignore) check parameters
[0.156s] Level 1:colcon.colcon_core.package_discovery:discover_packages(path) check parameters
[0.156s] Level 1:colcon.colcon_core.package_discovery:discover_packages(colcon_meta) discover
[0.156s] Level 1:colcon.colcon_core.package_discovery:discover_packages(recursive) discover
[0.156s] INFO:colcon.colcon_core.package_discovery:Crawling recursively for packages in '/home/cimi/Documents/Workspace/ProjectRos2XYolo'
[0.156s] Level 1:colcon.colcon_core.package_identification:_identify(.) by extensions ['ignore', 'ignore_ament_install']
[0.156s] Level 1:colcon.colcon_core.package_identification:_identify(.) by extension 'ignore'
[0.156s] Level 1:colcon.colcon_core.package_identification:_identify(.) by extension 'ignore_ament_install'
[0.156s] Level 1:colcon.colcon_core.package_identification:_identify(.) by extensions ['colcon_pkg']
[0.156s] Level 1:colcon.colcon_core.package_identification:_identify(.) by extension 'colcon_pkg'
[0.156s] Level 1:colcon.colcon_core.package_identification:_identify(.) by extensions ['colcon_meta']
[0.156s] Level 1:colcon.colcon_core.package_identification:_identify(.) by extension 'colcon_meta'
[0.156s] Level 1:colcon.colcon_core.package_identification:_identify(.) by extensions ['ros']
[0.156s] Level 1:colcon.colcon_core.package_identification:_identify(.) by extension 'ros'
[0.165s] Level 1:colcon.colcon_core.package_identification:_identify(.) by extensions ['cmake', 'python']
[0.165s] Level 1:colcon.colcon_core.package_identification:_identify(.) by extension 'cmake'
[0.165s] Level 1:colcon.colcon_core.package_identification:_identify(.) by extension 'python'
[0.165s] Level 1:colcon.colcon_core.package_identification:_identify(.) by extensions ['python_setup_py']
[0.165s] Level 1:colcon.colcon_core.package_identification:_identify(.) by extension 'python_setup_py'
[0.165s] Level 1:colcon.colcon_core.package_identification:_identify(build) by extensions ['ignore', 'ignore_ament_install']
[0.166s] Level 1:colcon.colcon_core.package_identification:_identify(build) by extension 'ignore'
[0.166s] Level 1:colcon.colcon_core.package_identification:_identify(build) ignored
[0.166s] Level 1:colcon.colcon_core.package_identification:_identify(install) by extensions ['ignore', 'ignore_ament_install']
[0.166s] Level 1:colcon.colcon_core.package_identification:_identify(install) by extension 'ignore'
[0.166s] Level 1:colcon.colcon_core.package_identification:_identify(install) ignored
[0.166s] Level 1:colcon.colcon_core.package_identification:_identify(log) by extensions ['ignore', 'ignore_ament_install']
[0.166s] Level 1:colcon.colcon_core.package_identification:_identify(log) by extension 'ignore'
[0.166s] Level 1:colcon.colcon_core.package_identification:_identify(log) ignored
[0.166s] Level 1:colcon.colcon_core.package_identification:_identify(src) by extensions ['ignore', 'ignore_ament_install']
[0.166s] Level 1:colcon.colcon_core.package_identification:_identify(src) by extension 'ignore'
[0.166s] Level 1:colcon.colcon_core.package_identification:_identify(src) by extension 'ignore_ament_install'
[0.166s] Level 1:colcon.colcon_core.package_identification:_identify(src) by extensions ['colcon_pkg']
[0.166s] Level 1:colcon.colcon_core.package_identification:_identify(src) by extension 'colcon_pkg'
[0.166s] Level 1:colcon.colcon_core.package_identification:_identify(src) by extensions ['colcon_meta']
[0.166s] Level 1:colcon.colcon_core.package_identification:_identify(src) by extension 'colcon_meta'
[0.166s] Level 1:colcon.colcon_core.package_identification:_identify(src) by extensions ['ros']
[0.166s] Level 1:colcon.colcon_core.package_identification:_identify(src) by extension 'ros'
[0.166s] Level 1:colcon.colcon_core.package_identification:_identify(src) by extensions ['cmake', 'python']
[0.167s] Level 1:colcon.colcon_core.package_identification:_identify(src) by extension 'cmake'
[0.167s] Level 1:colcon.colcon_core.package_identification:_identify(src) by extension 'python'
[0.167s] Level 1:colcon.colcon_core.package_identification:_identify(src) by extensions ['python_setup_py']
[0.167s] Level 1:colcon.colcon_core.package_identification:_identify(src) by extension 'python_setup_py'
[0.167s] Level 1:colcon.colcon_core.package_identification:_identify(src/custom_message) by extensions ['ignore', 'ignore_ament_install']
[0.167s] Level 1:colcon.colcon_core.package_identification:_identify(src/custom_message) by extension 'ignore'
[0.167s] Level 1:colcon.colcon_core.package_identification:_identify(src/custom_message) by extension 'ignore_ament_install'
[0.167s] Level 1:colcon.colcon_core.package_identification:_identify(src/custom_message) by extensions ['colcon_pkg']
[0.167s] Level 1:colcon.colcon_core.package_identification:_identify(src/custom_message) by extension 'colcon_pkg'
[0.167s] Level 1:colcon.colcon_core.package_identification:_identify(src/custom_message) by extensions ['colcon_meta']
[0.167s] Level 1:colcon.colcon_core.package_identification:_identify(src/custom_message) by extension 'colcon_meta'
[0.167s] Level 1:colcon.colcon_core.package_identification:_identify(src/custom_message) by extensions ['ros']
[0.167s] Level 1:colcon.colcon_core.package_identification:_identify(src/custom_message) by extension 'ros'
[0.170s] DEBUG:colcon.colcon_core.package_identification:Package 'src/custom_message' with type 'ros.ament_cmake' and name 'custom_message'
[0.170s] Level 1:colcon.colcon_core.package_identification:_identify(src/cv_package) by extensions ['ignore', 'ignore_ament_install']
[0.170s] Level 1:colcon.colcon_core.package_identification:_identify(src/cv_package) by extension 'ignore'
[0.170s] Level 1:colcon.colcon_core.package_identification:_identify(src/cv_package) by extension 'ignore_ament_install'
[0.170s] Level 1:colcon.colcon_core.package_identification:_identify(src/cv_package) by extensions ['colcon_pkg']
[0.170s] Level 1:colcon.colcon_core.package_identification:_identify(src/cv_package) by extension 'colcon_pkg'
[0.170s] Level 1:colcon.colcon_core.package_identification:_identify(src/cv_package) by extensions ['colcon_meta']
[0.170s] Level 1:colcon.colcon_core.package_identification:_identify(src/cv_package) by extension 'colcon_meta'
[0.170s] Level 1:colcon.colcon_core.package_identification:_identify(src/cv_package) by extensions ['ros']
[0.170s] Level 1:colcon.colcon_core.package_identification:_identify(src/cv_package) by extension 'ros'
[0.171s] DEBUG:colcon.colcon_core.package_identification:Package 'src/cv_package' with type 'ros.ament_python' and name 'cv_package'
[0.171s] Level 1:colcon.colcon_core.package_identification:_identify(src/movement_package) by extensions ['ignore', 'ignore_ament_install']
[0.171s] Level 1:colcon.colcon_core.package_identification:_identify(src/movement_package) by extension 'ignore'
[0.171s] Level 1:colcon.colcon_core.package_identification:_identify(src/movement_package) by extension 'ignore_ament_install'
[0.171s] Level 1:colcon.colcon_core.package_identification:_identify(src/movement_package) by extensions ['colcon_pkg']
[0.171s] Level 1:colcon.colcon_core.package_identification:_identify(src/movement_package) by extension 'colcon_pkg'
[0.171s] Level 1:colcon.colcon_core.package_identification:_identify(src/movement_package) by extensions ['colcon_meta']
[0.171s] Level 1:colcon.colcon_core.package_identification:_identify(src/movement_package) by extension 'colcon_meta'
[0.171s] Level 1:colcon.colcon_core.package_identification:_identify(src/movement_package) by extensions ['ros']
[0.171s] Level 1:colcon.colcon_core.package_identification:_identify(src/movement_package) by extension 'ros'
[0.172s] DEBUG:colcon.colcon_core.package_identification:Package 'src/movement_package' with type 'ros.ament_python' and name 'movement_package'
[0.172s] Level 1:colcon.colcon_core.package_identification:_identify(src/test_custom_msg) by extensions ['ignore', 'ignore_ament_install']
[0.172s] Level 1:colcon.colcon_core.package_identification:_identify(src/test_custom_msg) by extension 'ignore'
[0.172s] Level 1:colcon.colcon_core.package_identification:_identify(src/test_custom_msg) by extension 'ignore_ament_install'
[0.172s] Level 1:colcon.colcon_core.package_identification:_identify(src/test_custom_msg) by extensions ['colcon_pkg']
[0.172s] Level 1:colcon.colcon_core.package_identification:_identify(src/test_custom_msg) by extension 'colcon_pkg'
[0.172s] Level 1:colcon.colcon_core.package_identification:_identify(src/test_custom_msg) by extensions ['colcon_meta']
[0.172s] Level 1:colcon.colcon_core.package_identification:_identify(src/test_custom_msg) by extension 'colcon_meta'
[0.172s] Level 1:colcon.colcon_core.package_identification:_identify(src/test_custom_msg) by extensions ['ros']
[0.172s] Level 1:colcon.colcon_core.package_identification:_identify(src/test_custom_msg) by extension 'ros'
[0.173s] DEBUG:colcon.colcon_core.package_identification:Package 'src/test_custom_msg' with type 'ros.ament_python' and name 'test_custom_msg'
[0.173s] Level 1:colcon.colcon_core.package_discovery:discover_packages(recursive) using defaults
[0.173s] Level 1:colcon.colcon_core.package_discovery:discover_packages(ignore) discover
[0.173s] Level 1:colcon.colcon_core.package_discovery:discover_packages(ignore) using defaults
[0.173s] Level 1:colcon.colcon_core.package_discovery:discover_packages(path) discover
[0.173s] Level 1:colcon.colcon_core.package_discovery:discover_packages(path) using defaults
[0.198s] Level 1:colcon.colcon_core.package_discovery:discover_packages(prefix_path) check parameters
[0.198s] Level 1:colcon.colcon_core.package_discovery:discover_packages(prefix_path) discover
[0.201s] DEBUG:colcon.colcon_installed_package_information.package_discovery:Found 4 installed packages in /home/cimi/Documents/Workspace/ProjectRos2XYolo/install
[0.202s] DEBUG:colcon.colcon_installed_package_information.package_discovery:Found 256 installed packages in /opt/ros/foxy
[0.203s] Level 1:colcon.colcon_core.package_discovery:discover_packages(prefix_path) using defaults
[0.261s] Level 5:colcon.colcon_core.verb:set package 'custom_message' build argument 'cmake_args' from command line to 'None'
[0.261s] Level 5:colcon.colcon_core.verb:set package 'custom_message' build argument 'cmake_target' from command line to 'None'
[0.261s] Level 5:colcon.colcon_core.verb:set package 'custom_message' build argument 'cmake_target_skip_unavailable' from command line to 'False'
[0.261s] Level 5:colcon.colcon_core.verb:set package 'custom_message' build argument 'cmake_clean_cache' from command line to 'False'
[0.261s] Level 5:colcon.colcon_core.verb:set package 'custom_message' build argument 'cmake_clean_first' from command line to 'False'
[0.261s] Level 5:colcon.colcon_core.verb:set package 'custom_message' build argument 'cmake_force_configure' from command line to 'False'
[0.261s] Level 5:colcon.colcon_core.verb:set package 'custom_message' build argument 'ament_cmake_args' from command line to 'None'
[0.261s] Level 5:colcon.colcon_core.verb:set package 'custom_message' build argument 'catkin_cmake_args' from command line to 'None'
[0.261s] Level 5:colcon.colcon_core.verb:set package 'custom_message' build argument 'catkin_skip_building_tests' from command line to 'False'
[0.261s] DEBUG:colcon.colcon_core.verb:Building package 'custom_message' with the following arguments: {'ament_cmake_args': None, 'build_base': '/home/cimi/Documents/Workspace/ProjectRos2XYolo/build/custom_message', 'catkin_cmake_args': None, 'catkin_skip_building_tests': False, 'cmake_args': None, 'cmake_clean_cache': False, 'cmake_clean_first': False, 'cmake_force_configure': False, 'cmake_target': None, 'cmake_target_skip_unavailable': False, 'install_base': '/home/cimi/Documents/Workspace/ProjectRos2XYolo/install/custom_message', 'merge_install': False, 'path': '/home/cimi/Documents/Workspace/ProjectRos2XYolo/src/custom_message', 'symlink_install': False, 'test_result_base': None}
[0.262s] Level 5:colcon.colcon_core.verb:set package 'cv_package' build argument 'cmake_args' from command line to 'None'
[0.262s] Level 5:colcon.colcon_core.verb:set package 'cv_package' build argument 'cmake_target' from command line to 'None'
[0.262s] Level 5:colcon.colcon_core.verb:set package 'cv_package' build argument 'cmake_target_skip_unavailable' from command line to 'False'
[0.262s] Level 5:colcon.colcon_core.verb:set package 'cv_package' build argument 'cmake_clean_cache' from command line to 'False'
[0.262s] Level 5:colcon.colcon_core.verb:set package 'cv_package' build argument 'cmake_clean_first' from command line to 'False'
[0.262s] Level 5:colcon.colcon_core.verb:set package 'cv_package' build argument 'cmake_force_configure' from command line to 'False'
[0.262s] Level 5:colcon.colcon_core.verb:set package 'cv_package' build argument 'ament_cmake_args' from command line to 'None'
[0.262s] Level 5:colcon.colcon_core.verb:set package 'cv_package' build argument 'catkin_cmake_args' from command line to 'None'
[0.262s] Level 5:colcon.colcon_core.verb:set package 'cv_package' build argument 'catkin_skip_building_tests' from command line to 'False'
[0.262s] DEBUG:colcon.colcon_core.verb:Building package 'cv_package' with the following arguments: {'ament_cmake_args': None, 'build_base': '/home/cimi/Documents/Workspace/ProjectRos2XYolo/build/cv_package', 'catkin_cmake_args': None, 'catkin_skip_building_tests': False, 'cmake_args': None, 'cmake_clean_cache': False, 'cmake_clean_first': False, 'cmake_force_configure': False, 'cmake_target': None, 'cmake_target_skip_unavailable': False, 'install_base': '/home/cimi/Documents/Workspace/ProjectRos2XYolo/install/cv_package', 'merge_install': False, 'path': '/home/cimi/Documents/Workspace/ProjectRos2XYolo/src/cv_package', 'symlink_install': False, 'test_result_base': None}
[0.263s] Level 5:colcon.colcon_core.verb:set package 'movement_package' build argument 'cmake_args' from command line to 'None'
[0.263s] Level 5:colcon.colcon_core.verb:set package 'movement_package' build argument 'cmake_target' from command line to 'None'
[0.263s] Level 5:colcon.colcon_core.verb:set package 'movement_package' build argument 'cmake_target_skip_unavailable' from command line to 'False'
[0.263s] Level 5:colcon.colcon_core.verb:set package 'movement_package' build argument 'cmake_clean_cache' from command line to 'False'
[0.263s] Level 5:colcon.colcon_core.verb:set package 'movement_package' build argument 'cmake_clean_first' from command line to 'False'
[0.263s] Level 5:colcon.colcon_core.verb:set package 'movement_package' build argument 'cmake_force_configure' from command line to 'False'
[0.263s] Level 5:colcon.colcon_core.verb:set package 'movement_package' build argument 'ament_cmake_args' from command line to 'None'
[0.263s] Level 5:colcon.colcon_core.verb:set package 'movement_package' build argument 'catkin_cmake_args' from command line to 'None'
[0.263s] Level 5:colcon.colcon_core.verb:set package 'movement_package' build argument 'catkin_skip_building_tests' from command line to 'False'
[0.263s] DEBUG:colcon.colcon_core.verb:Building package 'movement_package' with the following arguments: {'ament_cmake_args': None, 'build_base': '/home/cimi/Documents/Workspace/ProjectRos2XYolo/build/movement_package', 'catkin_cmake_args': None, 'catkin_skip_building_tests': False, 'cmake_args': None, 'cmake_clean_cache': False, 'cmake_clean_first': False, 'cmake_force_configure': False, 'cmake_target': None, 'cmake_target_skip_unavailable': False, 'install_base': '/home/cimi/Documents/Workspace/ProjectRos2XYolo/install/movement_package', 'merge_install': False, 'path': '/home/cimi/Documents/Workspace/ProjectRos2XYolo/src/movement_package', 'symlink_install': False, 'test_result_base': None}
[0.264s] Level 5:colcon.colcon_core.verb:set package 'test_custom_msg' build argument 'cmake_args' from command line to 'None'
[0.264s] Level 5:colcon.colcon_core.verb:set package 'test_custom_msg' build argument 'cmake_target' from command line to 'None'
[0.264s] Level 5:colcon.colcon_core.verb:set package 'test_custom_msg' build argument 'cmake_target_skip_unavailable' from command line to 'False'
[0.264s] Level 5:colcon.colcon_core.verb:set package 'test_custom_msg' build argument 'cmake_clean_cache' from command line to 'False'
[0.264s] Level 5:colcon.colcon_core.verb:set package 'test_custom_msg' build argument 'cmake_clean_first' from command line to 'False'
[0.264s] Level 5:colcon.colcon_core.verb:set package 'test_custom_msg' build argument 'cmake_force_configure' from command line to 'False'
[0.264s] Level 5:colcon.colcon_core.verb:set package 'test_custom_msg' build argument 'ament_cmake_args' from command line to 'None'
[0.264s] Level 5:colcon.colcon_core.verb:set package 'test_custom_msg' build argument 'catkin_cmake_args' from command line to 'None'
[0.264s] Level 5:colcon.colcon_core.verb:set package 'test_custom_msg' build argument 'catkin_skip_building_tests' from command line to 'False'
[0.264s] DEBUG:colcon.colcon_core.verb:Building package 'test_custom_msg' with the following arguments: {'ament_cmake_args': None, 'build_base': '/home/cimi/Documents/Workspace/ProjectRos2XYolo/build/test_custom_msg', 'catkin_cmake_args': None, 'catkin_skip_building_tests': False, 'cmake_args': None, 'cmake_clean_cache': False, 'cmake_clean_first': False, 'cmake_force_configure': False, 'cmake_target': None, 'cmake_target_skip_unavailable': False, 'install_base': '/home/cimi/Documents/Workspace/ProjectRos2XYolo/install/test_custom_msg', 'merge_install': False, 'path': '/home/cimi/Documents/Workspace/ProjectRos2XYolo/src/test_custom_msg', 'symlink_install': False, 'test_result_base': None}
[0.265s] INFO:colcon.colcon_core.executor:Executing jobs using 'parallel' executor
[0.269s] DEBUG:colcon.colcon_parallel_executor.executor.parallel:run_until_complete
[0.269s] INFO:colcon.colcon_ros.task.ament_cmake.build:Building ROS package in '/home/cimi/Documents/Workspace/ProjectRos2XYolo/src/custom_message' with build type 'ament_cmake'
[0.269s] INFO:colcon.colcon_cmake.task.cmake.build:Building CMake package in '/home/cimi/Documents/Workspace/ProjectRos2XYolo/src/custom_message'
[0.273s] INFO:colcon.colcon_core.plugin_system:Skipping extension 'colcon_core.shell.bat': Not used on non-Windows systems
[0.273s] INFO:colcon.colcon_core.shell:Skip shell extension 'powershell' for command environment: Not usable outside of PowerShell
[0.273s] DEBUG:colcon.colcon_core.shell:Skip shell extension 'dsv' for command environment
[0.279s] INFO:colcon.colcon_ros.task.ament_python.build:Building ROS package in '/home/cimi/Documents/Workspace/ProjectRos2XYolo/src/cv_package' with build type 'ament_python'
[0.279s] Level 1:colcon.colcon_core.shell:create_environment_hook('cv_package', 'ament_prefix_path')
[0.280s] INFO:colcon.colcon_core.shell:Creating environment hook '/home/cimi/Documents/Workspace/ProjectRos2XYolo/install/cv_package/share/cv_package/hook/ament_prefix_path.ps1'
[0.282s] INFO:colcon.colcon_core.shell:Creating environment descriptor '/home/cimi/Documents/Workspace/ProjectRos2XYolo/install/cv_package/share/cv_package/hook/ament_prefix_path.dsv'
[0.282s] INFO:colcon.colcon_core.shell:Creating environment hook '/home/cimi/Documents/Workspace/ProjectRos2XYolo/install/cv_package/share/cv_package/hook/ament_prefix_path.sh'
[0.284s] INFO:colcon.colcon_core.shell:Skip shell extension 'powershell' for command environment: Not usable outside of PowerShell
[0.284s] DEBUG:colcon.colcon_core.shell:Skip shell extension 'dsv' for command environment
[0.289s] INFO:colcon.colcon_ros.task.ament_python.build:Building ROS package in '/home/cimi/Documents/Workspace/ProjectRos2XYolo/src/movement_package' with build type 'ament_python'
[0.290s] Level 1:colcon.colcon_core.shell:create_environment_hook('movement_package', 'ament_prefix_path')
[0.291s] INFO:colcon.colcon_core.shell:Creating environment hook '/home/cimi/Documents/Workspace/ProjectRos2XYolo/install/movement_package/share/movement_package/hook/ament_prefix_path.ps1'
[0.292s] INFO:colcon.colcon_core.shell:Creating environment descriptor '/home/cimi/Documents/Workspace/ProjectRos2XYolo/install/movement_package/share/movement_package/hook/ament_prefix_path.dsv'
[0.292s] INFO:colcon.colcon_core.shell:Creating environment hook '/home/cimi/Documents/Workspace/ProjectRos2XYolo/install/movement_package/share/movement_package/hook/ament_prefix_path.sh'
[0.294s] INFO:colcon.colcon_core.shell:Skip shell extension 'powershell' for command environment: Not usable outside of PowerShell
[0.294s] DEBUG:colcon.colcon_core.shell:Skip shell extension 'dsv' for command environment
[0.303s] DEBUG:colcon.colcon_core.event_handler.log_command:Invoking command in '/home/cimi/Documents/Workspace/ProjectRos2XYolo/build/custom_message': CMAKE_PREFIX_PATH=${CMAKE_PREFIX_PATH}:/home/cimi/Documents/Workspace/ProjectRos2XYolo/install/test_custom_msg:/home/cimi/Documents/Workspace/ProjectRos2XYolo/install/movement_package:/home/cimi/Documents/Workspace/ProjectRos2XYolo/install/cv_package:/opt/ros/foxy /usr/bin/cmake --build /home/cimi/Documents/Workspace/ProjectRos2XYolo/build/custom_message -- -j8 -l8
[0.580s] INFO:colcon.colcon_core.task.python.build:Building Python package in '/home/cimi/Documents/Workspace/ProjectRos2XYolo/src/cv_package'
[0.582s] INFO:colcon.colcon_core.shell:Skip shell extension 'powershell' for command environment: Not usable outside of PowerShell
[0.582s] DEBUG:colcon.colcon_core.shell:Skip shell extension 'dsv' for command environment
[0.823s] INFO:colcon.colcon_core.task.python.build:Building Python package in '/home/cimi/Documents/Workspace/ProjectRos2XYolo/src/movement_package'
[0.825s] INFO:colcon.colcon_core.shell:Skip shell extension 'powershell' for command environment: Not usable outside of PowerShell
[0.825s] DEBUG:colcon.colcon_core.shell:Skip shell extension 'dsv' for command environment
[0.831s] DEBUG:colcon.colcon_core.event_handler.log_command:Invoked command in '/home/cimi/Documents/Workspace/ProjectRos2XYolo/build/custom_message' returned '0': CMAKE_PREFIX_PATH=${CMAKE_PREFIX_PATH}:/home/cimi/Documents/Workspace/ProjectRos2XYolo/install/test_custom_msg:/home/cimi/Documents/Workspace/ProjectRos2XYolo/install/movement_package:/home/cimi/Documents/Workspace/ProjectRos2XYolo/install/cv_package:/opt/ros/foxy /usr/bin/cmake --build /home/cimi/Documents/Workspace/ProjectRos2XYolo/build/custom_message -- -j8 -l8
[0.910s] DEBUG:colcon.colcon_core.event_handler.log_command:Invoking command in '/home/cimi/Documents/Workspace/ProjectRos2XYolo/build/custom_message': CMAKE_PREFIX_PATH=${CMAKE_PREFIX_PATH}:/home/cimi/Documents/Workspace/ProjectRos2XYolo/install/test_custom_msg:/home/cimi/Documents/Workspace/ProjectRos2XYolo/install/movement_package:/home/cimi/Documents/Workspace/ProjectRos2XYolo/install/cv_package:/opt/ros/foxy /usr/bin/cmake --install /home/cimi/Documents/Workspace/ProjectRos2XYolo/build/custom_message
[0.980s] Level 1:colcon.colcon_core.environment:create_environment_scripts_only(custom_message)
[0.983s] DEBUG:colcon.colcon_core.event_handler.log_command:Invoked command in '/home/cimi/Documents/Workspace/ProjectRos2XYolo/build/custom_message' returned '0': CMAKE_PREFIX_PATH=${CMAKE_PREFIX_PATH}:/home/cimi/Documents/Workspace/ProjectRos2XYolo/install/test_custom_msg:/home/cimi/Documents/Workspace/ProjectRos2XYolo/install/movement_package:/home/cimi/Documents/Workspace/ProjectRos2XYolo/install/cv_package:/opt/ros/foxy /usr/bin/cmake --install /home/cimi/Documents/Workspace/ProjectRos2XYolo/build/custom_message
[0.988s] Level 1:colcon.colcon_core.environment:checking '/home/cimi/Documents/Workspace/ProjectRos2XYolo/install/custom_message' for CMake module files
[0.989s] Level 1:colcon.colcon_core.environment:checking '/home/cimi/Documents/Workspace/ProjectRos2XYolo/install/custom_message' for CMake config files
[0.989s] Level 1:colcon.colcon_core.shell:create_environment_hook('custom_message', 'cmake_prefix_path')
[0.991s] INFO:colcon.colcon_core.shell:Creating environment hook '/home/cimi/Documents/Workspace/ProjectRos2XYolo/install/custom_message/share/custom_message/hook/cmake_prefix_path.ps1'
[0.991s] INFO:colcon.colcon_core.shell:Creating environment descriptor '/home/cimi/Documents/Workspace/ProjectRos2XYolo/install/custom_message/share/custom_message/hook/cmake_prefix_path.dsv'
[0.991s] INFO:colcon.colcon_core.shell:Creating environment hook '/home/cimi/Documents/Workspace/ProjectRos2XYolo/install/custom_message/share/custom_message/hook/cmake_prefix_path.sh'
[0.992s] Level 1:colcon.colcon_core.environment:checking '/home/cimi/Documents/Workspace/ProjectRos2XYolo/install/custom_message/lib'
[0.992s] Level 1:colcon.colcon_core.shell:create_environment_hook('custom_message', 'ld_library_path_lib')
[0.994s] INFO:colcon.colcon_core.shell:Creating environment hook '/home/cimi/Documents/Workspace/ProjectRos2XYolo/install/custom_message/share/custom_message/hook/ld_library_path_lib.ps1'
[0.994s] INFO:colcon.colcon_core.shell:Creating environment descriptor '/home/cimi/Documents/Workspace/ProjectRos2XYolo/install/custom_message/share/custom_message/hook/ld_library_path_lib.dsv'
[0.994s] INFO:colcon.colcon_core.shell:Creating environment hook '/home/cimi/Documents/Workspace/ProjectRos2XYolo/install/custom_message/share/custom_message/hook/ld_library_path_lib.sh'
[0.995s] Level 1:colcon.colcon_core.environment:checking '/home/cimi/Documents/Workspace/ProjectRos2XYolo/install/custom_message/bin'
[0.995s] Level 1:colcon.colcon_core.environment:checking '/home/cimi/Documents/Workspace/ProjectRos2XYolo/install/custom_message/lib/pkgconfig/custom_message.pc'
[0.995s] Level 1:colcon.colcon_core.environment:checking '/home/cimi/Documents/Workspace/ProjectRos2XYolo/install/custom_message/lib/python3.8/site-packages'
[0.995s] Level 1:colcon.colcon_core.shell:create_environment_hook('custom_message', 'pythonpath')
[0.997s] INFO:colcon.colcon_core.shell:Creating environment hook '/home/cimi/Documents/Workspace/ProjectRos2XYolo/install/custom_message/share/custom_message/hook/pythonpath.ps1'
[0.997s] INFO:colcon.colcon_core.shell:Creating environment descriptor '/home/cimi/Documents/Workspace/ProjectRos2XYolo/install/custom_message/share/custom_message/hook/pythonpath.dsv'
[0.997s] INFO:colcon.colcon_core.shell:Creating environment hook '/home/cimi/Documents/Workspace/ProjectRos2XYolo/install/custom_message/share/custom_message/hook/pythonpath.sh'
[0.998s] Level 1:colcon.colcon_core.environment:checking '/home/cimi/Documents/Workspace/ProjectRos2XYolo/install/custom_message/bin'
[0.999s] INFO:colcon.colcon_core.shell:Creating package script '/home/cimi/Documents/Workspace/ProjectRos2XYolo/install/custom_message/share/custom_message/package.ps1'
[1.000s] INFO:colcon.colcon_core.shell:Creating package descriptor '/home/cimi/Documents/Workspace/ProjectRos2XYolo/install/custom_message/share/custom_message/package.dsv'
[1.001s] INFO:colcon.colcon_core.shell:Creating package script '/home/cimi/Documents/Workspace/ProjectRos2XYolo/install/custom_message/share/custom_message/package.sh'
[1.002s] INFO:colcon.colcon_core.shell:Creating package script '/home/cimi/Documents/Workspace/ProjectRos2XYolo/install/custom_message/share/custom_message/package.bash'
[1.002s] INFO:colcon.colcon_core.shell:Creating package script '/home/cimi/Documents/Workspace/ProjectRos2XYolo/install/custom_message/share/custom_message/package.zsh'
[1.003s] Level 1:colcon.colcon_core.environment:create_file_with_runtime_dependencies(/home/cimi/Documents/Workspace/ProjectRos2XYolo/install/custom_message/share/colcon-core/packages/custom_message)
[1.075s] Level 1:colcon.colcon_core.environment:create_environment_scripts_only(custom_message)
[1.078s] Level 1:colcon.colcon_core.environment:checking '/home/cimi/Documents/Workspace/ProjectRos2XYolo/install/custom_message' for CMake module files
[1.078s] Level 1:colcon.colcon_core.environment:checking '/home/cimi/Documents/Workspace/ProjectRos2XYolo/install/custom_message' for CMake config files
[1.079s] Level 1:colcon.colcon_core.shell:create_environment_hook('custom_message', 'cmake_prefix_path')
[1.080s] INFO:colcon.colcon_core.shell:Creating environment hook '/home/cimi/Documents/Workspace/ProjectRos2XYolo/install/custom_message/share/custom_message/hook/cmake_prefix_path.ps1'
[1.081s] INFO:colcon.colcon_core.shell:Creating environment descriptor '/home/cimi/Documents/Workspace/ProjectRos2XYolo/install/custom_message/share/custom_message/hook/cmake_prefix_path.dsv'
[1.081s] INFO:colcon.colcon_core.shell:Creating environment hook '/home/cimi/Documents/Workspace/ProjectRos2XYolo/install/custom_message/share/custom_message/hook/cmake_prefix_path.sh'
[1.082s] Level 1:colcon.colcon_core.environment:checking '/home/cimi/Documents/Workspace/ProjectRos2XYolo/install/custom_message/lib'
[1.082s] Level 1:colcon.colcon_core.shell:create_environment_hook('custom_message', 'ld_library_path_lib')
[1.084s] INFO:colcon.colcon_core.shell:Creating environment hook '/home/cimi/Documents/Workspace/ProjectRos2XYolo/install/custom_message/share/custom_message/hook/ld_library_path_lib.ps1'
[1.084s] INFO:colcon.colcon_core.shell:Creating environment descriptor '/home/cimi/Documents/Workspace/ProjectRos2XYolo/install/custom_message/share/custom_message/hook/ld_library_path_lib.dsv'
[1.084s] INFO:colcon.colcon_core.shell:Creating environment hook '/home/cimi/Documents/Workspace/ProjectRos2XYolo/install/custom_message/share/custom_message/hook/ld_library_path_lib.sh'
[1.085s] Level 1:colcon.colcon_core.environment:checking '/home/cimi/Documents/Workspace/ProjectRos2XYolo/install/custom_message/bin'
[1.085s] Level 1:colcon.colcon_core.environment:checking '/home/cimi/Documents/Workspace/ProjectRos2XYolo/install/custom_message/lib/pkgconfig/custom_message.pc'
[1.085s] Level 1:colcon.colcon_core.environment:checking '/home/cimi/Documents/Workspace/ProjectRos2XYolo/install/custom_message/lib/python3.8/site-packages'
[1.085s] Level 1:colcon.colcon_core.shell:create_environment_hook('custom_message', 'pythonpath')
[1.088s] INFO:colcon.colcon_core.shell:Creating environment hook '/home/cimi/Documents/Workspace/ProjectRos2XYolo/install/custom_message/share/custom_message/hook/pythonpath.ps1'
[1.088s] INFO:colcon.colcon_core.shell:Creating environment descriptor '/home/cimi/Documents/Workspace/ProjectRos2XYolo/install/custom_message/share/custom_message/hook/pythonpath.dsv'
[1.089s] INFO:colcon.colcon_core.shell:Creating environment hook '/home/cimi/Documents/Workspace/ProjectRos2XYolo/install/custom_message/share/custom_message/hook/pythonpath.sh'
[1.089s] Level 1:colcon.colcon_core.environment:checking '/home/cimi/Documents/Workspace/ProjectRos2XYolo/install/custom_message/bin'
[1.091s] INFO:colcon.colcon_core.shell:Creating package script '/home/cimi/Documents/Workspace/ProjectRos2XYolo/install/custom_message/share/custom_message/package.ps1'
[1.092s] INFO:colcon.colcon_core.shell:Creating package descriptor '/home/cimi/Documents/Workspace/ProjectRos2XYolo/install/custom_message/share/custom_message/package.dsv'
[1.092s] INFO:colcon.colcon_core.shell:Creating package script '/home/cimi/Documents/Workspace/ProjectRos2XYolo/install/custom_message/share/custom_message/package.sh'
[1.093s] INFO:colcon.colcon_core.shell:Creating package script '/home/cimi/Documents/Workspace/ProjectRos2XYolo/install/custom_message/share/custom_message/package.bash'
[1.093s] INFO:colcon.colcon_core.shell:Creating package script '/home/cimi/Documents/Workspace/ProjectRos2XYolo/install/custom_message/share/custom_message/package.zsh'
[1.094s] Level 1:colcon.colcon_core.environment:create_file_with_runtime_dependencies(/home/cimi/Documents/Workspace/ProjectRos2XYolo/install/custom_message/share/colcon-core/packages/custom_message)
[1.094s] INFO:colcon.colcon_ros.task.ament_python.build:Building ROS package in '/home/cimi/Documents/Workspace/ProjectRos2XYolo/src/test_custom_msg' with build type 'ament_python'
[1.094s] Level 1:colcon.colcon_core.shell:create_environment_hook('test_custom_msg', 'ament_prefix_path')
[1.096s] INFO:colcon.colcon_core.shell:Creating environment hook '/home/cimi/Documents/Workspace/ProjectRos2XYolo/install/test_custom_msg/share/test_custom_msg/hook/ament_prefix_path.ps1'
[1.097s] INFO:colcon.colcon_core.shell:Creating environment descriptor '/home/cimi/Documents/Workspace/ProjectRos2XYolo/install/test_custom_msg/share/test_custom_msg/hook/ament_prefix_path.dsv'
[1.097s] INFO:colcon.colcon_core.shell:Creating environment hook '/home/cimi/Documents/Workspace/ProjectRos2XYolo/install/test_custom_msg/share/test_custom_msg/hook/ament_prefix_path.sh'
[1.099s] INFO:colcon.colcon_core.shell:Skip shell extension 'powershell' for command environment: Not usable outside of PowerShell
[1.099s] DEBUG:colcon.colcon_core.shell:Skip shell extension 'dsv' for command environment
[1.382s] INFO:colcon.colcon_core.task.python.build:Building Python package in '/home/cimi/Documents/Workspace/ProjectRos2XYolo/src/test_custom_msg'
[1.385s] INFO:colcon.colcon_core.shell:Skip shell extension 'powershell' for command environment: Not usable outside of PowerShell
[1.385s] DEBUG:colcon.colcon_core.shell:Skip shell extension 'dsv' for command environment
[1.704s] DEBUG:colcon.colcon_core.event_handler.log_command:Invoking command in '/home/cimi/Documents/Workspace/ProjectRos2XYolo/src/movement_package': PYTHONPATH=/home/cimi/Documents/Workspace/ProjectRos2XYolo/install/movement_package/lib/python3.8/site-packages:${PYTHONPATH} /usr/bin/python3 setup.py egg_info --egg-base ../../build/movement_package build --build-base /home/cimi/Documents/Workspace/ProjectRos2XYolo/build/movement_package/build install --prefix /home/cimi/Documents/Workspace/ProjectRos2XYolo/install/movement_package --record /home/cimi/Documents/Workspace/ProjectRos2XYolo/build/movement_package/install.log --single-version-externally-managed
[1.722s] DEBUG:colcon.colcon_core.event_handler.log_command:Invoking command in '/home/cimi/Documents/Workspace/ProjectRos2XYolo/src/cv_package': PYTHONPATH=/home/cimi/Documents/Workspace/ProjectRos2XYolo/install/cv_package/lib/python3.8/site-packages:${PYTHONPATH} /usr/bin/python3 setup.py egg_info --egg-base ../../build/cv_package build --build-base /home/cimi/Documents/Workspace/ProjectRos2XYolo/build/cv_package/build install --prefix /home/cimi/Documents/Workspace/ProjectRos2XYolo/install/cv_package --record /home/cimi/Documents/Workspace/ProjectRos2XYolo/build/cv_package/install.log --single-version-externally-managed
[2.066s] Level 1:colcon.colcon_core.environment:checking '/home/cimi/Documents/Workspace/ProjectRos2XYolo/install/cv_package' for CMake module files
[2.067s] DEBUG:colcon.colcon_core.event_handler.log_command:Invoked command in '/home/cimi/Documents/Workspace/ProjectRos2XYolo/src/cv_package' returned '0': PYTHONPATH=/home/cimi/Documents/Workspace/ProjectRos2XYolo/install/cv_package/lib/python3.8/site-packages:${PYTHONPATH} /usr/bin/python3 setup.py egg_info --egg-base ../../build/cv_package build --build-base /home/cimi/Documents/Workspace/ProjectRos2XYolo/build/cv_package/build install --prefix /home/cimi/Documents/Workspace/ProjectRos2XYolo/install/cv_package --record /home/cimi/Documents/Workspace/ProjectRos2XYolo/build/cv_package/install.log --single-version-externally-managed
[2.067s] Level 1:colcon.colcon_core.environment:checking '/home/cimi/Documents/Workspace/ProjectRos2XYolo/install/cv_package' for CMake config files
[2.068s] Level 1:colcon.colcon_core.environment:checking '/home/cimi/Documents/Workspace/ProjectRos2XYolo/install/cv_package/lib'
[2.068s] Level 1:colcon.colcon_core.environment:checking '/home/cimi/Documents/Workspace/ProjectRos2XYolo/install/cv_package/bin'
[2.068s] Level 1:colcon.colcon_core.environment:checking '/home/cimi/Documents/Workspace/ProjectRos2XYolo/install/cv_package/lib/pkgconfig/cv_package.pc'
[2.068s] Level 1:colcon.colcon_core.environment:checking '/home/cimi/Documents/Workspace/ProjectRos2XYolo/install/cv_package/lib/python3.8/site-packages'
[2.069s] Level 1:colcon.colcon_core.shell:create_environment_hook('cv_package', 'pythonpath')
[2.070s] INFO:colcon.colcon_core.shell:Creating environment hook '/home/cimi/Documents/Workspace/ProjectRos2XYolo/install/cv_package/share/cv_package/hook/pythonpath.ps1'
[2.071s] INFO:colcon.colcon_core.shell:Creating environment descriptor '/home/cimi/Documents/Workspace/ProjectRos2XYolo/install/cv_package/share/cv_package/hook/pythonpath.dsv'
[2.071s] INFO:colcon.colcon_core.shell:Creating environment hook '/home/cimi/Documents/Workspace/ProjectRos2XYolo/install/cv_package/share/cv_package/hook/pythonpath.sh'
[2.072s] Level 1:colcon.colcon_core.environment:checking '/home/cimi/Documents/Workspace/ProjectRos2XYolo/install/cv_package/bin'
[2.072s] Level 1:colcon.colcon_core.environment:create_environment_scripts_only(cv_package)
[2.074s] INFO:colcon.colcon_core.shell:Creating package script '/home/cimi/Documents/Workspace/ProjectRos2XYolo/install/cv_package/share/cv_package/package.ps1'
[2.075s] INFO:colcon.colcon_core.shell:Creating package descriptor '/home/cimi/Documents/Workspace/ProjectRos2XYolo/install/cv_package/share/cv_package/package.dsv'
[2.075s] INFO:colcon.colcon_core.shell:Creating package script '/home/cimi/Documents/Workspace/ProjectRos2XYolo/install/cv_package/share/cv_package/package.sh'
[2.076s] INFO:colcon.colcon_core.shell:Creating package script '/home/cimi/Documents/Workspace/ProjectRos2XYolo/install/cv_package/share/cv_package/package.bash'
[2.076s] INFO:colcon.colcon_core.shell:Creating package script '/home/cimi/Documents/Workspace/ProjectRos2XYolo/install/cv_package/share/cv_package/package.zsh'
[2.076s] Level 1:colcon.colcon_core.environment:create_file_with_runtime_dependencies(/home/cimi/Documents/Workspace/ProjectRos2XYolo/install/cv_package/share/colcon-core/packages/cv_package)
[2.084s] Level 1:colcon.colcon_core.environment:checking '/home/cimi/Documents/Workspace/ProjectRos2XYolo/install/movement_package' for CMake module files
[2.085s] DEBUG:colcon.colcon_core.event_handler.log_command:Invoked command in '/home/cimi/Documents/Workspace/ProjectRos2XYolo/src/movement_package' returned '0': PYTHONPATH=/home/cimi/Documents/Workspace/ProjectRos2XYolo/install/movement_package/lib/python3.8/site-packages:${PYTHONPATH} /usr/bin/python3 setup.py egg_info --egg-base ../../build/movement_package build --build-base /home/cimi/Documents/Workspace/ProjectRos2XYolo/build/movement_package/build install --prefix /home/cimi/Documents/Workspace/ProjectRos2XYolo/install/movement_package --record /home/cimi/Documents/Workspace/ProjectRos2XYolo/build/movement_package/install.log --single-version-externally-managed
[2.085s] Level 1:colcon.colcon_core.environment:checking '/home/cimi/Documents/Workspace/ProjectRos2XYolo/install/movement_package' for CMake config files
[2.086s] Level 1:colcon.colcon_core.environment:checking '/home/cimi/Documents/Workspace/ProjectRos2XYolo/install/movement_package/lib'
[2.086s] Level 1:colcon.colcon_core.environment:checking '/home/cimi/Documents/Workspace/ProjectRos2XYolo/install/movement_package/bin'
[2.086s] Level 1:colcon.colcon_core.environment:checking '/home/cimi/Documents/Workspace/ProjectRos2XYolo/install/movement_package/lib/pkgconfig/movement_package.pc'
[2.086s] Level 1:colcon.colcon_core.environment:checking '/home/cimi/Documents/Workspace/ProjectRos2XYolo/install/movement_package/lib/python3.8/site-packages'
[2.086s] Level 1:colcon.colcon_core.shell:create_environment_hook('movement_package', 'pythonpath')
[2.088s] INFO:colcon.colcon_core.shell:Creating environment hook '/home/cimi/Documents/Workspace/ProjectRos2XYolo/install/movement_package/share/movement_package/hook/pythonpath.ps1'
[2.089s] INFO:colcon.colcon_core.shell:Creating environment descriptor '/home/cimi/Documents/Workspace/ProjectRos2XYolo/install/movement_package/share/movement_package/hook/pythonpath.dsv'
[2.089s] INFO:colcon.colcon_core.shell:Creating environment hook '/home/cimi/Documents/Workspace/ProjectRos2XYolo/install/movement_package/share/movement_package/hook/pythonpath.sh'
[2.090s] Level 1:colcon.colcon_core.environment:checking '/home/cimi/Documents/Workspace/ProjectRos2XYolo/install/movement_package/bin'
[2.090s] Level 1:colcon.colcon_core.environment:create_environment_scripts_only(movement_package)
[2.091s] INFO:colcon.colcon_core.shell:Creating package script '/home/cimi/Documents/Workspace/ProjectRos2XYolo/install/movement_package/share/movement_package/package.ps1'
[2.092s] INFO:colcon.colcon_core.shell:Creating package descriptor '/home/cimi/Documents/Workspace/ProjectRos2XYolo/install/movement_package/share/movement_package/package.dsv'
[2.092s] INFO:colcon.colcon_core.shell:Creating package script '/home/cimi/Documents/Workspace/ProjectRos2XYolo/install/movement_package/share/movement_package/package.sh'
[2.092s] INFO:colcon.colcon_core.shell:Creating package script '/home/cimi/Documents/Workspace/ProjectRos2XYolo/install/movement_package/share/movement_package/package.bash'
[2.093s] INFO:colcon.colcon_core.shell:Creating package script '/home/cimi/Documents/Workspace/ProjectRos2XYolo/install/movement_package/share/movement_package/package.zsh'
[2.093s] Level 1:colcon.colcon_core.environment:create_file_with_runtime_dependencies(/home/cimi/Documents/Workspace/ProjectRos2XYolo/install/movement_package/share/colcon-core/packages/movement_package)
[2.156s] DEBUG:colcon.colcon_core.event_handler.log_command:Invoking command in '/home/cimi/Documents/Workspace/ProjectRos2XYolo/src/test_custom_msg': PYTHONPATH=/home/cimi/Documents/Workspace/ProjectRos2XYolo/install/test_custom_msg/lib/python3.8/site-packages:/home/cimi/Documents/Workspace/ProjectRos2XYolo/install/custom_message/lib/python3.8/site-packages:/home/cimi/Documents/Workspace/ProjectRos2XYolo/install/test_custom_msg/lib/python3.8/site-packages:/home/cimi/Documents/Workspace/ProjectRos2XYolo/install/movement_package/lib/python3.8/site-packages:/home/cimi/Documents/Workspace/ProjectRos2XYolo/install/cv_package/lib/python3.8/site-packages:/opt/ros/foxy/lib/python3.8/site-packages /usr/bin/python3 setup.py egg_info --egg-base ../../build/test_custom_msg build --build-base /home/cimi/Documents/Workspace/ProjectRos2XYolo/build/test_custom_msg/build install --prefix /home/cimi/Documents/Workspace/ProjectRos2XYolo/install/test_custom_msg --record /home/cimi/Documents/Workspace/ProjectRos2XYolo/build/test_custom_msg/install.log --single-version-externally-managed
[3.993s] DEBUG:colcon.colcon_core.event_handler.log_command:Invoked command in '/home/cimi/Documents/Workspace/ProjectRos2XYolo/src/test_custom_msg' returned '0': PYTHONPATH=/home/cimi/Documents/Workspace/ProjectRos2XYolo/install/test_custom_msg/lib/python3.8/site-packages:/home/cimi/Documents/Workspace/ProjectRos2XYolo/install/custom_message/lib/python3.8/site-packages:/home/cimi/Documents/Workspace/ProjectRos2XYolo/install/test_custom_msg/lib/python3.8/site-packages:/home/cimi/Documents/Workspace/ProjectRos2XYolo/install/movement_package/lib/python3.8/site-packages:/home/cimi/Documents/Workspace/ProjectRos2XYolo/install/cv_package/lib/python3.8/site-packages:/opt/ros/foxy/lib/python3.8/site-packages /usr/bin/python3 setup.py egg_info --egg-base ../../build/test_custom_msg build --build-base /home/cimi/Documents/Workspace/ProjectRos2XYolo/build/test_custom_msg/build install --prefix /home/cimi/Documents/Workspace/ProjectRos2XYolo/install/test_custom_msg --record /home/cimi/Documents/Workspace/ProjectRos2XYolo/build/test_custom_msg/install.log --single-version-externally-managed
[4.010s] Level 1:colcon.colcon_core.environment:checking '/home/cimi/Documents/Workspace/ProjectRos2XYolo/install/test_custom_msg' for CMake module files
[4.013s] Level 1:colcon.colcon_core.environment:checking '/home/cimi/Documents/Workspace/ProjectRos2XYolo/install/test_custom_msg' for CMake config files
[4.017s] Level 1:colcon.colcon_core.environment:checking '/home/cimi/Documents/Workspace/ProjectRos2XYolo/install/test_custom_msg/lib'
[4.018s] Level 1:colcon.colcon_core.environment:checking '/home/cimi/Documents/Workspace/ProjectRos2XYolo/install/test_custom_msg/bin'
[4.019s] Level 1:colcon.colcon_core.environment:checking '/home/cimi/Documents/Workspace/ProjectRos2XYolo/install/test_custom_msg/lib/pkgconfig/test_custom_msg.pc'
[4.021s] Level 1:colcon.colcon_core.environment:checking '/home/cimi/Documents/Workspace/ProjectRos2XYolo/install/test_custom_msg/lib/python3.8/site-packages'
[4.021s] Level 1:colcon.colcon_core.shell:create_environment_hook('test_custom_msg', 'pythonpath')
[4.034s] INFO:colcon.colcon_core.shell:Creating environment hook '/home/cimi/Documents/Workspace/ProjectRos2XYolo/install/test_custom_msg/share/test_custom_msg/hook/pythonpath.ps1'
[4.038s] INFO:colcon.colcon_core.shell:Creating environment descriptor '/home/cimi/Documents/Workspace/ProjectRos2XYolo/install/test_custom_msg/share/test_custom_msg/hook/pythonpath.dsv'
[4.041s] INFO:colcon.colcon_core.shell:Creating environment hook '/home/cimi/Documents/Workspace/ProjectRos2XYolo/install/test_custom_msg/share/test_custom_msg/hook/pythonpath.sh'
[4.045s] Level 1:colcon.colcon_core.environment:checking '/home/cimi/Documents/Workspace/ProjectRos2XYolo/install/test_custom_msg/bin'
[4.046s] Level 1:colcon.colcon_core.environment:create_environment_scripts_only(test_custom_msg)
[4.058s] INFO:colcon.colcon_core.shell:Creating package script '/home/cimi/Documents/Workspace/ProjectRos2XYolo/install/test_custom_msg/share/test_custom_msg/package.ps1'
[4.062s] INFO:colcon.colcon_core.shell:Creating package descriptor '/home/cimi/Documents/Workspace/ProjectRos2XYolo/install/test_custom_msg/share/test_custom_msg/package.dsv'
[4.065s] INFO:colcon.colcon_core.shell:Creating package script '/home/cimi/Documents/Workspace/ProjectRos2XYolo/install/test_custom_msg/share/test_custom_msg/package.sh'
[4.068s] INFO:colcon.colcon_core.shell:Creating package script '/home/cimi/Documents/Workspace/ProjectRos2XYolo/install/test_custom_msg/share/test_custom_msg/package.bash'
[4.071s] INFO:colcon.colcon_core.shell:Creating package script '/home/cimi/Documents/Workspace/ProjectRos2XYolo/install/test_custom_msg/share/test_custom_msg/package.zsh'
[4.073s] Level 1:colcon.colcon_core.environment:create_file_with_runtime_dependencies(/home/cimi/Documents/Workspace/ProjectRos2XYolo/install/test_custom_msg/share/colcon-core/packages/test_custom_msg)
[4.076s] DEBUG:colcon.colcon_parallel_executor.executor.parallel:closing loop
[4.077s] DEBUG:colcon.colcon_parallel_executor.executor.parallel:loop closed
[4.078s] DEBUG:colcon.colcon_parallel_executor.executor.parallel:run_until_complete finished with '0'
[4.078s] DEBUG:colcon.colcon_core.event_reactor:joining thread
[4.138s] INFO:colcon.colcon_core.plugin_system:Skipping extension 'colcon_notification.desktop_notification.terminal_notifier': Not used on non-Darwin systems
[4.139s] INFO:colcon.colcon_core.plugin_system:Skipping extension 'colcon_notification.desktop_notification.win32': Not used on non-Windows systems
[4.140s] INFO:colcon.colcon_notification.desktop_notification:Sending desktop notification using 'notify2'
[4.240s] DEBUG:colcon.colcon_core.event_reactor:joined thread
[4.252s] INFO:colcon.colcon_core.shell:Creating prefix script '/home/cimi/Documents/Workspace/ProjectRos2XYolo/install/local_setup.ps1'
[4.260s] INFO:colcon.colcon_core.shell:Creating prefix util module '/home/cimi/Documents/Workspace/ProjectRos2XYolo/install/_local_setup_util_ps1.py'
[4.270s] INFO:colcon.colcon_core.shell:Creating prefix chain script '/home/cimi/Documents/Workspace/ProjectRos2XYolo/install/setup.ps1'
[4.281s] INFO:colcon.colcon_core.shell:Creating prefix script '/home/cimi/Documents/Workspace/ProjectRos2XYolo/install/local_setup.sh'
[4.285s] INFO:colcon.colcon_core.shell:Creating prefix util module '/home/cimi/Documents/Workspace/ProjectRos2XYolo/install/_local_setup_util_sh.py'
[4.289s] INFO:colcon.colcon_core.shell:Creating prefix chain script '/home/cimi/Documents/Workspace/ProjectRos2XYolo/install/setup.sh'
[4.307s] INFO:colcon.colcon_core.shell:Creating prefix script '/home/cimi/Documents/Workspace/ProjectRos2XYolo/install/local_setup.bash'
[4.311s] INFO:colcon.colcon_core.shell:Creating prefix chain script '/home/cimi/Documents/Workspace/ProjectRos2XYolo/install/setup.bash'
[4.322s] INFO:colcon.colcon_core.shell:Creating prefix script '/home/cimi/Documents/Workspace/ProjectRos2XYolo/install/local_setup.zsh'
[4.326s] INFO:colcon.colcon_core.shell:Creating prefix chain script '/home/cimi/Documents/Workspace/ProjectRos2XYolo/install/setup.zsh'
