[0.287s] DEBUG:colcon:Command line arguments: ['/usr/bin/colcon', 'build']
[0.287s] DEBUG:colcon:Parsed command line arguments: Namespace(allow_overriding=[], ament_cmake_args=None, base_paths=['.'], build_base='build', catkin_cmake_args=None, catkin_skip_building_tests=False, cmake_args=None, cmake_clean_cache=False, cmake_clean_first=False, cmake_force_configure=False, cmake_target=None, cmake_target_skip_unavailable=False, continue_on_error=False, event_handlers=None, executor='parallel', ignore_user_meta=False, install_base='install', log_base=None, log_level=None, main=<bound method BuildVerb.main of <colcon_core.verb.build.BuildVerb object at 0x7f25762f5be0>>, merge_install=False, metas=['./colcon.meta'], packages_above=None, packages_above_and_dependencies=None, packages_above_depth=None, packages_end=None, packages_ignore=None, packages_ignore_regex=None, packages_select=None, packages_select_build_failed=False, packages_select_by_dep=None, packages_select_regex=None, packages_select_test_failures=False, packages_skip=None, packages_skip_build_finished=False, packages_skip_by_dep=None, packages_skip_regex=None, packages_skip_test_passed=False, packages_skip_up_to=None, packages_start=None, packages_up_to=None, packages_up_to_regex=None, parallel_workers=8, paths=None, symlink_install=False, test_result_base=None, verb_extension=<colcon_core.verb.build.BuildVerb object at 0x7f25762f5be0>, verb_name='build', verb_parser=<colcon_defaults.argument_parser.defaults.DefaultArgumentsDecorator object at 0x7f2576300190>)
[0.332s] Level 1:colcon.colcon_core.package_discovery:discover_packages(colcon_meta) check parameters
[0.332s] Level 1:colcon.colcon_core.package_discovery:discover_packages(recursive) check parameters
[0.332s] Level 1:colcon.colcon_core.package_discovery:discover_packages(ignore) check parameters
[0.333s] Level 1:colcon.colcon_core.package_discovery:discover_packages(path) check parameters
[0.333s] Level 1:colcon.colcon_core.package_discovery:discover_packages(colcon_meta) discover
[0.333s] Level 1:colcon.colcon_core.package_discovery:discover_packages(recursive) discover
[0.333s] INFO:colcon.colcon_core.package_discovery:Crawling recursively for packages in '/home/hisan/Documents/Banyubramanta/ProjectRos2XYolo'
[0.333s] Level 1:colcon.colcon_core.package_identification:_identify(.) by extensions ['ignore', 'ignore_ament_install']
[0.333s] Level 1:colcon.colcon_core.package_identification:_identify(.) by extension 'ignore'
[0.333s] Level 1:colcon.colcon_core.package_identification:_identify(.) by extension 'ignore_ament_install'
[0.333s] Level 1:colcon.colcon_core.package_identification:_identify(.) by extensions ['colcon_pkg']
[0.333s] Level 1:colcon.colcon_core.package_identification:_identify(.) by extension 'colcon_pkg'
[0.333s] Level 1:colcon.colcon_core.package_identification:_identify(.) by extensions ['colcon_meta']
[0.334s] Level 1:colcon.colcon_core.package_identification:_identify(.) by extension 'colcon_meta'
[0.334s] Level 1:colcon.colcon_core.package_identification:_identify(.) by extensions ['ros']
[0.334s] Level 1:colcon.colcon_core.package_identification:_identify(.) by extension 'ros'
[0.375s] Level 1:colcon.colcon_core.package_identification:_identify(.) by extensions ['cmake', 'python']
[0.375s] Level 1:colcon.colcon_core.package_identification:_identify(.) by extension 'cmake'
[0.375s] Level 1:colcon.colcon_core.package_identification:_identify(.) by extension 'python'
[0.376s] Level 1:colcon.colcon_core.package_identification:_identify(.) by extensions ['python_setup_py']
[0.376s] Level 1:colcon.colcon_core.package_identification:_identify(.) by extension 'python_setup_py'
[0.376s] Level 1:colcon.colcon_core.package_identification:_identify(build) by extensions ['ignore', 'ignore_ament_install']
[0.376s] Level 1:colcon.colcon_core.package_identification:_identify(build) by extension 'ignore'
[0.376s] Level 1:colcon.colcon_core.package_identification:_identify(build) ignored
[0.376s] Level 1:colcon.colcon_core.package_identification:_identify(install) by extensions ['ignore', 'ignore_ament_install']
[0.376s] Level 1:colcon.colcon_core.package_identification:_identify(install) by extension 'ignore'
[0.377s] Level 1:colcon.colcon_core.package_identification:_identify(install) ignored
[0.377s] Level 1:colcon.colcon_core.package_identification:_identify(log) by extensions ['ignore', 'ignore_ament_install']
[0.377s] Level 1:colcon.colcon_core.package_identification:_identify(log) by extension 'ignore'
[0.377s] Level 1:colcon.colcon_core.package_identification:_identify(log) ignored
[0.377s] Level 1:colcon.colcon_core.package_identification:_identify(src) by extensions ['ignore', 'ignore_ament_install']
[0.377s] Level 1:colcon.colcon_core.package_identification:_identify(src) by extension 'ignore'
[0.377s] Level 1:colcon.colcon_core.package_identification:_identify(src) by extension 'ignore_ament_install'
[0.377s] Level 1:colcon.colcon_core.package_identification:_identify(src) by extensions ['colcon_pkg']
[0.377s] Level 1:colcon.colcon_core.package_identification:_identify(src) by extension 'colcon_pkg'
[0.377s] Level 1:colcon.colcon_core.package_identification:_identify(src) by extensions ['colcon_meta']
[0.377s] Level 1:colcon.colcon_core.package_identification:_identify(src) by extension 'colcon_meta'
[0.378s] Level 1:colcon.colcon_core.package_identification:_identify(src) by extensions ['ros']
[0.378s] Level 1:colcon.colcon_core.package_identification:_identify(src) by extension 'ros'
[0.378s] Level 1:colcon.colcon_core.package_identification:_identify(src) by extensions ['cmake', 'python']
[0.378s] Level 1:colcon.colcon_core.package_identification:_identify(src) by extension 'cmake'
[0.378s] Level 1:colcon.colcon_core.package_identification:_identify(src) by extension 'python'
[0.378s] Level 1:colcon.colcon_core.package_identification:_identify(src) by extensions ['python_setup_py']
[0.378s] Level 1:colcon.colcon_core.package_identification:_identify(src) by extension 'python_setup_py'
[0.378s] Level 1:colcon.colcon_core.package_identification:_identify(src/cv_package) by extensions ['ignore', 'ignore_ament_install']
[0.378s] Level 1:colcon.colcon_core.package_identification:_identify(src/cv_package) by extension 'ignore'
[0.378s] Level 1:colcon.colcon_core.package_identification:_identify(src/cv_package) by extension 'ignore_ament_install'
[0.378s] Level 1:colcon.colcon_core.package_identification:_identify(src/cv_package) by extensions ['colcon_pkg']
[0.378s] Level 1:colcon.colcon_core.package_identification:_identify(src/cv_package) by extension 'colcon_pkg'
[0.379s] Level 1:colcon.colcon_core.package_identification:_identify(src/cv_package) by extensions ['colcon_meta']
[0.379s] Level 1:colcon.colcon_core.package_identification:_identify(src/cv_package) by extension 'colcon_meta'
[0.379s] Level 1:colcon.colcon_core.package_identification:_identify(src/cv_package) by extensions ['ros']
[0.379s] Level 1:colcon.colcon_core.package_identification:_identify(src/cv_package) by extension 'ros'
[0.383s] DEBUG:colcon.colcon_core.package_identification:Package 'src/cv_package' with type 'ros.ament_python' and name 'cv_package'
[0.383s] Level 1:colcon.colcon_core.package_identification:_identify(src/movement_package) by extensions ['ignore', 'ignore_ament_install']
[0.383s] Level 1:colcon.colcon_core.package_identification:_identify(src/movement_package) by extension 'ignore'
[0.383s] Level 1:colcon.colcon_core.package_identification:_identify(src/movement_package) by extension 'ignore_ament_install'
[0.384s] Level 1:colcon.colcon_core.package_identification:_identify(src/movement_package) by extensions ['colcon_pkg']
[0.384s] Level 1:colcon.colcon_core.package_identification:_identify(src/movement_package) by extension 'colcon_pkg'
[0.384s] Level 1:colcon.colcon_core.package_identification:_identify(src/movement_package) by extensions ['colcon_meta']
[0.384s] Level 1:colcon.colcon_core.package_identification:_identify(src/movement_package) by extension 'colcon_meta'
[0.384s] Level 1:colcon.colcon_core.package_identification:_identify(src/movement_package) by extensions ['ros']
[0.384s] Level 1:colcon.colcon_core.package_identification:_identify(src/movement_package) by extension 'ros'
[0.385s] DEBUG:colcon.colcon_core.package_identification:Package 'src/movement_package' with type 'ros.ament_python' and name 'movement_package'
[0.385s] Level 1:colcon.colcon_core.package_discovery:discover_packages(recursive) using defaults
[0.385s] Level 1:colcon.colcon_core.package_discovery:discover_packages(ignore) discover
[0.385s] Level 1:colcon.colcon_core.package_discovery:discover_packages(ignore) using defaults
[0.385s] Level 1:colcon.colcon_core.package_discovery:discover_packages(path) discover
[0.385s] Level 1:colcon.colcon_core.package_discovery:discover_packages(path) using defaults
[0.425s] Level 1:colcon.colcon_core.package_discovery:discover_packages(prefix_path) check parameters
[0.425s] Level 1:colcon.colcon_core.package_discovery:discover_packages(prefix_path) discover
[0.431s] DEBUG:colcon.colcon_installed_package_information.package_discovery:Found 256 installed packages in /opt/ros/foxy
[0.436s] Level 1:colcon.colcon_core.package_discovery:discover_packages(prefix_path) using defaults
[0.542s] Level 5:colcon.colcon_core.verb:set package 'cv_package' build argument 'cmake_args' from command line to 'None'
[0.542s] Level 5:colcon.colcon_core.verb:set package 'cv_package' build argument 'cmake_target' from command line to 'None'
[0.542s] Level 5:colcon.colcon_core.verb:set package 'cv_package' build argument 'cmake_target_skip_unavailable' from command line to 'False'
[0.542s] Level 5:colcon.colcon_core.verb:set package 'cv_package' build argument 'cmake_clean_cache' from command line to 'False'
[0.542s] Level 5:colcon.colcon_core.verb:set package 'cv_package' build argument 'cmake_clean_first' from command line to 'False'
[0.542s] Level 5:colcon.colcon_core.verb:set package 'cv_package' build argument 'cmake_force_configure' from command line to 'False'
[0.542s] Level 5:colcon.colcon_core.verb:set package 'cv_package' build argument 'ament_cmake_args' from command line to 'None'
[0.542s] Level 5:colcon.colcon_core.verb:set package 'cv_package' build argument 'catkin_cmake_args' from command line to 'None'
[0.542s] Level 5:colcon.colcon_core.verb:set package 'cv_package' build argument 'catkin_skip_building_tests' from command line to 'False'
[0.542s] DEBUG:colcon.colcon_core.verb:Building package 'cv_package' with the following arguments: {'ament_cmake_args': None, 'build_base': '/home/hisan/Documents/Banyubramanta/ProjectRos2XYolo/build/cv_package', 'catkin_cmake_args': None, 'catkin_skip_building_tests': False, 'cmake_args': None, 'cmake_clean_cache': False, 'cmake_clean_first': False, 'cmake_force_configure': False, 'cmake_target': None, 'cmake_target_skip_unavailable': False, 'install_base': '/home/hisan/Documents/Banyubramanta/ProjectRos2XYolo/install/cv_package', 'merge_install': False, 'path': '/home/hisan/Documents/Banyubramanta/ProjectRos2XYolo/src/cv_package', 'symlink_install': False, 'test_result_base': None}
[0.545s] Level 5:colcon.colcon_core.verb:set package 'movement_package' build argument 'cmake_args' from command line to 'None'
[0.545s] Level 5:colcon.colcon_core.verb:set package 'movement_package' build argument 'cmake_target' from command line to 'None'
[0.545s] Level 5:colcon.colcon_core.verb:set package 'movement_package' build argument 'cmake_target_skip_unavailable' from command line to 'False'
[0.545s] Level 5:colcon.colcon_core.verb:set package 'movement_package' build argument 'cmake_clean_cache' from command line to 'False'
[0.545s] Level 5:colcon.colcon_core.verb:set package 'movement_package' build argument 'cmake_clean_first' from command line to 'False'
[0.545s] Level 5:colcon.colcon_core.verb:set package 'movement_package' build argument 'cmake_force_configure' from command line to 'False'
[0.545s] Level 5:colcon.colcon_core.verb:set package 'movement_package' build argument 'ament_cmake_args' from command line to 'None'
[0.545s] Level 5:colcon.colcon_core.verb:set package 'movement_package' build argument 'catkin_cmake_args' from command line to 'None'
[0.545s] Level 5:colcon.colcon_core.verb:set package 'movement_package' build argument 'catkin_skip_building_tests' from command line to 'False'
[0.545s] DEBUG:colcon.colcon_core.verb:Building package 'movement_package' with the following arguments: {'ament_cmake_args': None, 'build_base': '/home/hisan/Documents/Banyubramanta/ProjectRos2XYolo/build/movement_package', 'catkin_cmake_args': None, 'catkin_skip_building_tests': False, 'cmake_args': None, 'cmake_clean_cache': False, 'cmake_clean_first': False, 'cmake_force_configure': False, 'cmake_target': None, 'cmake_target_skip_unavailable': False, 'install_base': '/home/hisan/Documents/Banyubramanta/ProjectRos2XYolo/install/movement_package', 'merge_install': False, 'path': '/home/hisan/Documents/Banyubramanta/ProjectRos2XYolo/src/movement_package', 'symlink_install': False, 'test_result_base': None}
[0.548s] INFO:colcon.colcon_core.executor:Executing jobs using 'parallel' executor
[0.560s] DEBUG:colcon.colcon_parallel_executor.executor.parallel:run_until_complete
[0.561s] INFO:colcon.colcon_ros.task.ament_python.build:Building ROS package in '/home/hisan/Documents/Banyubramanta/ProjectRos2XYolo/src/cv_package' with build type 'ament_python'
[0.561s] Level 1:colcon.colcon_core.shell:create_environment_hook('cv_package', 'ament_prefix_path')
[0.570s] INFO:colcon.colcon_core.plugin_system:Skipping extension 'colcon_core.shell.bat': Not used on non-Windows systems
[0.571s] INFO:colcon.colcon_core.shell:Creating environment hook '/home/hisan/Documents/Banyubramanta/ProjectRos2XYolo/install/cv_package/share/cv_package/hook/ament_prefix_path.ps1'
[0.572s] INFO:colcon.colcon_core.shell:Creating environment descriptor '/home/hisan/Documents/Banyubramanta/ProjectRos2XYolo/install/cv_package/share/cv_package/hook/ament_prefix_path.dsv'
[0.573s] INFO:colcon.colcon_core.shell:Creating environment hook '/home/hisan/Documents/Banyubramanta/ProjectRos2XYolo/install/cv_package/share/cv_package/hook/ament_prefix_path.sh'
[0.578s] INFO:colcon.colcon_core.shell:Skip shell extension 'powershell' for command environment: Not usable outside of PowerShell
[0.578s] DEBUG:colcon.colcon_core.shell:Skip shell extension 'dsv' for command environment
[0.584s] DEBUG:colcon.colcon_core.shell:Ignoring prefix path '/opt/ros/noetic'
[0.590s] INFO:colcon.colcon_ros.task.ament_python.build:Building ROS package in '/home/hisan/Documents/Banyubramanta/ProjectRos2XYolo/src/movement_package' with build type 'ament_python'
[0.591s] Level 1:colcon.colcon_core.shell:create_environment_hook('movement_package', 'ament_prefix_path')
[0.598s] INFO:colcon.colcon_core.shell:Creating environment hook '/home/hisan/Documents/Banyubramanta/ProjectRos2XYolo/install/movement_package/share/movement_package/hook/ament_prefix_path.ps1'
[0.599s] INFO:colcon.colcon_core.shell:Creating environment descriptor '/home/hisan/Documents/Banyubramanta/ProjectRos2XYolo/install/movement_package/share/movement_package/hook/ament_prefix_path.dsv'
[0.600s] INFO:colcon.colcon_core.shell:Creating environment hook '/home/hisan/Documents/Banyubramanta/ProjectRos2XYolo/install/movement_package/share/movement_package/hook/ament_prefix_path.sh'
[0.608s] INFO:colcon.colcon_core.shell:Skip shell extension 'powershell' for command environment: Not usable outside of PowerShell
[0.608s] DEBUG:colcon.colcon_core.shell:Skip shell extension 'dsv' for command environment
[0.615s] DEBUG:colcon.colcon_core.shell:Ignoring prefix path '/opt/ros/noetic'
[1.100s] INFO:colcon.colcon_core.task.python.build:Building Python package in '/home/hisan/Documents/Banyubramanta/ProjectRos2XYolo/src/cv_package'
[1.107s] INFO:colcon.colcon_core.shell:Skip shell extension 'powershell' for command environment: Not usable outside of PowerShell
[1.107s] DEBUG:colcon.colcon_core.shell:Skip shell extension 'dsv' for command environment
[1.115s] DEBUG:colcon.colcon_core.shell:Ignoring prefix path '/opt/ros/noetic'
[1.560s] INFO:colcon.colcon_core.task.python.build:Building Python package in '/home/hisan/Documents/Banyubramanta/ProjectRos2XYolo/src/movement_package'
[1.568s] INFO:colcon.colcon_core.shell:Skip shell extension 'powershell' for command environment: Not usable outside of PowerShell
[1.568s] DEBUG:colcon.colcon_core.shell:Skip shell extension 'dsv' for command environment
[1.580s] DEBUG:colcon.colcon_core.shell:Ignoring prefix path '/opt/ros/noetic'
[2.463s] DEBUG:colcon.colcon_core.event_handler.log_command:Invoking command in '/home/hisan/Documents/Banyubramanta/ProjectRos2XYolo/src/movement_package': PYTHONPATH=/home/hisan/Documents/Banyubramanta/ProjectRos2XYolo/install/movement_package/lib/python3.8/site-packages:${PYTHONPATH} /usr/bin/python3 setup.py egg_info --egg-base ../../build/movement_package build --build-base /home/hisan/Documents/Banyubramanta/ProjectRos2XYolo/build/movement_package/build install --prefix /home/hisan/Documents/Banyubramanta/ProjectRos2XYolo/install/movement_package --record /home/hisan/Documents/Banyubramanta/ProjectRos2XYolo/build/movement_package/install.log --single-version-externally-managed
[2.477s] DEBUG:colcon.colcon_core.event_handler.log_command:Invoking command in '/home/hisan/Documents/Banyubramanta/ProjectRos2XYolo/src/cv_package': PYTHONPATH=/home/hisan/Documents/Banyubramanta/ProjectRos2XYolo/install/cv_package/lib/python3.8/site-packages:${PYTHONPATH} /usr/bin/python3 setup.py egg_info --egg-base ../../build/cv_package build --build-base /home/hisan/Documents/Banyubramanta/ProjectRos2XYolo/build/cv_package/build install --prefix /home/hisan/Documents/Banyubramanta/ProjectRos2XYolo/install/cv_package --record /home/hisan/Documents/Banyubramanta/ProjectRos2XYolo/build/cv_package/install.log --single-version-externally-managed
[3.105s] DEBUG:colcon.colcon_core.event_handler.log_command:Invoked command in '/home/hisan/Documents/Banyubramanta/ProjectRos2XYolo/src/movement_package' returned '0': PYTHONPATH=/home/hisan/Documents/Banyubramanta/ProjectRos2XYolo/install/movement_package/lib/python3.8/site-packages:${PYTHONPATH} /usr/bin/python3 setup.py egg_info --egg-base ../../build/movement_package build --build-base /home/hisan/Documents/Banyubramanta/ProjectRos2XYolo/build/movement_package/build install --prefix /home/hisan/Documents/Banyubramanta/ProjectRos2XYolo/install/movement_package --record /home/hisan/Documents/Banyubramanta/ProjectRos2XYolo/build/movement_package/install.log --single-version-externally-managed
[3.123s] Level 1:colcon.colcon_core.environment:checking '/home/hisan/Documents/Banyubramanta/ProjectRos2XYolo/install/movement_package' for CMake module files
[3.123s] Level 1:colcon.colcon_core.environment:checking '/home/hisan/Documents/Banyubramanta/ProjectRos2XYolo/install/movement_package' for CMake config files
[3.125s] Level 1:colcon.colcon_core.environment:checking '/home/hisan/Documents/Banyubramanta/ProjectRos2XYolo/install/movement_package/lib'
[3.125s] Level 1:colcon.colcon_core.environment:checking '/home/hisan/Documents/Banyubramanta/ProjectRos2XYolo/install/movement_package/bin'
[3.125s] Level 1:colcon.colcon_core.environment:checking '/home/hisan/Documents/Banyubramanta/ProjectRos2XYolo/install/movement_package/lib/pkgconfig/movement_package.pc'
[3.125s] Level 1:colcon.colcon_core.environment:checking '/home/hisan/Documents/Banyubramanta/ProjectRos2XYolo/install/movement_package/lib/python3.8/site-packages'
[3.126s] Level 1:colcon.colcon_core.shell:create_environment_hook('movement_package', 'pythonpath')
[3.130s] INFO:colcon.colcon_core.shell:Creating environment hook '/home/hisan/Documents/Banyubramanta/ProjectRos2XYolo/install/movement_package/share/movement_package/hook/pythonpath.ps1'
[3.131s] INFO:colcon.colcon_core.shell:Creating environment descriptor '/home/hisan/Documents/Banyubramanta/ProjectRos2XYolo/install/movement_package/share/movement_package/hook/pythonpath.dsv'
[3.132s] INFO:colcon.colcon_core.shell:Creating environment hook '/home/hisan/Documents/Banyubramanta/ProjectRos2XYolo/install/movement_package/share/movement_package/hook/pythonpath.sh'
[3.132s] Level 1:colcon.colcon_core.environment:checking '/home/hisan/Documents/Banyubramanta/ProjectRos2XYolo/install/movement_package/bin'
[3.133s] Level 1:colcon.colcon_core.environment:create_environment_scripts_only(movement_package)
[3.137s] INFO:colcon.colcon_core.shell:Creating package script '/home/hisan/Documents/Banyubramanta/ProjectRos2XYolo/install/movement_package/share/movement_package/package.ps1'
[3.139s] INFO:colcon.colcon_core.shell:Creating package descriptor '/home/hisan/Documents/Banyubramanta/ProjectRos2XYolo/install/movement_package/share/movement_package/package.dsv'
[3.140s] INFO:colcon.colcon_core.shell:Creating package script '/home/hisan/Documents/Banyubramanta/ProjectRos2XYolo/install/movement_package/share/movement_package/package.sh'
[3.141s] INFO:colcon.colcon_core.shell:Creating package script '/home/hisan/Documents/Banyubramanta/ProjectRos2XYolo/install/movement_package/share/movement_package/package.bash'
[3.142s] INFO:colcon.colcon_core.shell:Creating package script '/home/hisan/Documents/Banyubramanta/ProjectRos2XYolo/install/movement_package/share/movement_package/package.zsh'
[3.143s] Level 1:colcon.colcon_core.environment:create_file_with_runtime_dependencies(/home/hisan/Documents/Banyubramanta/ProjectRos2XYolo/install/movement_package/share/colcon-core/packages/movement_package)
[3.152s] Level 1:colcon.colcon_core.environment:checking '/home/hisan/Documents/Banyubramanta/ProjectRos2XYolo/install/cv_package' for CMake module files
[3.153s] Level 1:colcon.colcon_core.environment:checking '/home/hisan/Documents/Banyubramanta/ProjectRos2XYolo/install/cv_package' for CMake config files
[3.154s] DEBUG:colcon.colcon_core.event_handler.log_command:Invoked command in '/home/hisan/Documents/Banyubramanta/ProjectRos2XYolo/src/cv_package' returned '0': PYTHONPATH=/home/hisan/Documents/Banyubramanta/ProjectRos2XYolo/install/cv_package/lib/python3.8/site-packages:${PYTHONPATH} /usr/bin/python3 setup.py egg_info --egg-base ../../build/cv_package build --build-base /home/hisan/Documents/Banyubramanta/ProjectRos2XYolo/build/cv_package/build install --prefix /home/hisan/Documents/Banyubramanta/ProjectRos2XYolo/install/cv_package --record /home/hisan/Documents/Banyubramanta/ProjectRos2XYolo/build/cv_package/install.log --single-version-externally-managed
[3.155s] Level 1:colcon.colcon_core.environment:checking '/home/hisan/Documents/Banyubramanta/ProjectRos2XYolo/install/cv_package/lib'
[3.155s] Level 1:colcon.colcon_core.environment:checking '/home/hisan/Documents/Banyubramanta/ProjectRos2XYolo/install/cv_package/bin'
[3.155s] Level 1:colcon.colcon_core.environment:checking '/home/hisan/Documents/Banyubramanta/ProjectRos2XYolo/install/cv_package/lib/pkgconfig/cv_package.pc'
[3.156s] Level 1:colcon.colcon_core.environment:checking '/home/hisan/Documents/Banyubramanta/ProjectRos2XYolo/install/cv_package/lib/python3.8/site-packages'
[3.156s] Level 1:colcon.colcon_core.shell:create_environment_hook('cv_package', 'pythonpath')
[3.160s] INFO:colcon.colcon_core.shell:Creating environment hook '/home/hisan/Documents/Banyubramanta/ProjectRos2XYolo/install/cv_package/share/cv_package/hook/pythonpath.ps1'
[3.161s] INFO:colcon.colcon_core.shell:Creating environment descriptor '/home/hisan/Documents/Banyubramanta/ProjectRos2XYolo/install/cv_package/share/cv_package/hook/pythonpath.dsv'
[3.162s] INFO:colcon.colcon_core.shell:Creating environment hook '/home/hisan/Documents/Banyubramanta/ProjectRos2XYolo/install/cv_package/share/cv_package/hook/pythonpath.sh'
[3.163s] Level 1:colcon.colcon_core.environment:checking '/home/hisan/Documents/Banyubramanta/ProjectRos2XYolo/install/cv_package/bin'
[3.163s] Level 1:colcon.colcon_core.environment:create_environment_scripts_only(cv_package)
[3.167s] INFO:colcon.colcon_core.shell:Creating package script '/home/hisan/Documents/Banyubramanta/ProjectRos2XYolo/install/cv_package/share/cv_package/package.ps1'
[3.168s] INFO:colcon.colcon_core.shell:Creating package descriptor '/home/hisan/Documents/Banyubramanta/ProjectRos2XYolo/install/cv_package/share/cv_package/package.dsv'
[3.169s] INFO:colcon.colcon_core.shell:Creating package script '/home/hisan/Documents/Banyubramanta/ProjectRos2XYolo/install/cv_package/share/cv_package/package.sh'
[3.170s] INFO:colcon.colcon_core.shell:Creating package script '/home/hisan/Documents/Banyubramanta/ProjectRos2XYolo/install/cv_package/share/cv_package/package.bash'
[3.170s] INFO:colcon.colcon_core.shell:Creating package script '/home/hisan/Documents/Banyubramanta/ProjectRos2XYolo/install/cv_package/share/cv_package/package.zsh'
[3.171s] Level 1:colcon.colcon_core.environment:create_file_with_runtime_dependencies(/home/hisan/Documents/Banyubramanta/ProjectRos2XYolo/install/cv_package/share/colcon-core/packages/cv_package)
[3.171s] DEBUG:colcon.colcon_parallel_executor.executor.parallel:closing loop
[3.172s] DEBUG:colcon.colcon_parallel_executor.executor.parallel:loop closed
[3.172s] DEBUG:colcon.colcon_parallel_executor.executor.parallel:run_until_complete finished with '0'
[3.173s] DEBUG:colcon.colcon_core.event_reactor:joining thread
[3.189s] INFO:colcon.colcon_core.plugin_system:Skipping extension 'colcon_notification.desktop_notification.terminal_notifier': Not used on non-Darwin systems
[3.189s] INFO:colcon.colcon_core.plugin_system:Skipping extension 'colcon_notification.desktop_notification.win32': Not used on non-Windows systems
[3.189s] INFO:colcon.colcon_notification.desktop_notification:Sending desktop notification using 'notify2'
[3.228s] DEBUG:colcon.colcon_core.event_reactor:joined thread
[3.237s] INFO:colcon.colcon_core.shell:Creating prefix script '/home/hisan/Documents/Banyubramanta/ProjectRos2XYolo/install/local_setup.ps1'
[3.239s] INFO:colcon.colcon_core.shell:Creating prefix util module '/home/hisan/Documents/Banyubramanta/ProjectRos2XYolo/install/_local_setup_util_ps1.py'
[3.241s] INFO:colcon.colcon_core.shell:Creating prefix chain script '/home/hisan/Documents/Banyubramanta/ProjectRos2XYolo/install/setup.ps1'
[3.244s] INFO:colcon.colcon_core.shell:Creating prefix script '/home/hisan/Documents/Banyubramanta/ProjectRos2XYolo/install/local_setup.sh'
[3.245s] INFO:colcon.colcon_core.shell:Creating prefix util module '/home/hisan/Documents/Banyubramanta/ProjectRos2XYolo/install/_local_setup_util_sh.py'
[3.245s] INFO:colcon.colcon_core.shell:Creating prefix chain script '/home/hisan/Documents/Banyubramanta/ProjectRos2XYolo/install/setup.sh'
[3.249s] INFO:colcon.colcon_core.shell:Creating prefix script '/home/hisan/Documents/Banyubramanta/ProjectRos2XYolo/install/local_setup.bash'
[3.250s] INFO:colcon.colcon_core.shell:Creating prefix chain script '/home/hisan/Documents/Banyubramanta/ProjectRos2XYolo/install/setup.bash'
[3.254s] INFO:colcon.colcon_core.shell:Creating prefix script '/home/hisan/Documents/Banyubramanta/ProjectRos2XYolo/install/local_setup.zsh'
[3.255s] INFO:colcon.colcon_core.shell:Creating prefix chain script '/home/hisan/Documents/Banyubramanta/ProjectRos2XYolo/install/setup.zsh'
